[0.053s] Invoking command in '/home/dev/ros2_ws/ATech_ws/build/my_cpp_pkg': CMAKE_PREFIX_PATH=/opt/ros/humble /usr/bin/cmake /home/dev/ros2_ws/ATech_ws/src/my_cpp_pkg -DCMAKE_INSTALL_PREFIX=/home/dev/ros2_ws/ATech_ws/install/my_cpp_pkg
[0.425s] -- The C compiler identification is GNU 11.4.0
[0.827s] -- The CXX compiler identification is GNU 11.4.0
[0.875s] -- Detecting C compiler ABI info
[1.173s] -- Detecting C compiler ABI info - done
[1.227s] -- Check for working C compiler: /usr/bin/cc - skipped
[1.228s] -- Detecting C compile features
[1.230s] -- Detecting C compile features - done
[1.244s] -- Detecting CXX compiler ABI info
[1.565s] -- Detecting CXX compiler ABI info - done
[1.624s] -- Check for working CXX compiler: /usr/bin/c++ - skipped
[1.625s] -- Detecting CXX compile features
[1.627s] -- Detecting CXX compile features - done
[1.647s] -- Found ament_cmake: 1.3.10 (/opt/ros/humble/share/ament_cmake/cmake)
[2.290s] -- Found Python3: /usr/bin/python3 (found version "3.10.12") found components: Interpreter 
[2.692s] -- Found rclcpp: 16.0.10 (/opt/ros/humble/share/rclcpp/cmake)
[2.886s] -- Found rosidl_generator_c: 3.1.5 (/opt/ros/humble/share/rosidl_generator_c/cmake)
[2.908s] -- Found rosidl_adapter: 3.1.5 (/opt/ros/humble/share/rosidl_adapter/cmake)
[2.948s] -- Found rosidl_generator_cpp: 3.1.5 (/opt/ros/humble/share/rosidl_generator_cpp/cmake)
[3.013s] -- Using all available rosidl_typesupport_c: rosidl_typesupport_fastrtps_c;rosidl_typesupport_introspection_c
[3.095s] -- Using all available rosidl_typesupport_cpp: rosidl_typesupport_fastrtps_cpp;rosidl_typesupport_introspection_cpp
[3.308s] -- Found rmw_implementation_cmake: 6.1.2 (/opt/ros/humble/share/rmw_implementation_cmake/cmake)
[3.319s] -- Found rmw_fastrtps_cpp: 6.2.7 (/opt/ros/humble/share/rmw_fastrtps_cpp/cmake)
[3.683s] -- Found OpenSSL: /usr/lib/x86_64-linux-gnu/libcrypto.so (found version "3.0.2")  
[3.789s] -- Found FastRTPS: /opt/ros/humble/include  
[3.920s] -- Using RMW implementation 'rmw_fastrtps_cpp' as default
[3.955s] -- Looking for pthread.h
[4.245s] -- Looking for pthread.h - found
[4.248s] -- Performing Test CMAKE_HAVE_LIBC_PTHREAD
[4.545s] -- Performing Test CMAKE_HAVE_LIBC_PTHREAD - Success
[4.550s] -- Found Threads: TRUE  
[4.844s] -- Found ament_lint_auto: 0.12.11 (/opt/ros/humble/share/ament_lint_auto/cmake)
[5.216s] -- Added test 'lint_cmake' to check CMake code style
[5.224s] -- Added test 'xmllint' to check XML markup files
[5.231s] -- Configuring done
[5.251s] -- Generating done
[5.258s] -- Build files have been written to: /home/dev/ros2_ws/ATech_ws/build/my_cpp_pkg
[5.291s] Invoked command in '/home/dev/ros2_ws/ATech_ws/build/my_cpp_pkg' returned '0': CMAKE_PREFIX_PATH=/opt/ros/humble /usr/bin/cmake /home/dev/ros2_ws/ATech_ws/src/my_cpp_pkg -DCMAKE_INSTALL_PREFIX=/home/dev/ros2_ws/ATech_ws/install/my_cpp_pkg
[5.299s] Invoking command in '/home/dev/ros2_ws/ATech_ws/build/my_cpp_pkg': CMAKE_PREFIX_PATH=/opt/ros/humble /usr/bin/cmake --build /home/dev/ros2_ws/ATech_ws/build/my_cpp_pkg -- -j4 -l4
[5.453s] Invoked command in '/home/dev/ros2_ws/ATech_ws/build/my_cpp_pkg' returned '0': CMAKE_PREFIX_PATH=/opt/ros/humble /usr/bin/cmake --build /home/dev/ros2_ws/ATech_ws/build/my_cpp_pkg -- -j4 -l4
[5.575s] Invoking command in '/home/dev/ros2_ws/ATech_ws/build/my_cpp_pkg': CMAKE_PREFIX_PATH=/opt/ros/humble /usr/bin/cmake --install /home/dev/ros2_ws/ATech_ws/build/my_cpp_pkg
[5.606s] -- Install configuration: ""
[5.607s] -- Installing: /home/dev/ros2_ws/ATech_ws/install/my_cpp_pkg/share/ament_index/resource_index/package_run_dependencies/my_cpp_pkg
[5.607s] -- Installing: /home/dev/ros2_ws/ATech_ws/install/my_cpp_pkg/share/ament_index/resource_index/parent_prefix_path/my_cpp_pkg
[5.608s] -- Installing: /home/dev/ros2_ws/ATech_ws/install/my_cpp_pkg/share/my_cpp_pkg/environment/ament_prefix_path.sh
[5.609s] -- Installing: /home/dev/ros2_ws/ATech_ws/install/my_cpp_pkg/share/my_cpp_pkg/environment/ament_prefix_path.dsv
[5.610s] -- Installing: /home/dev/ros2_ws/ATech_ws/install/my_cpp_pkg/share/my_cpp_pkg/environment/path.sh
[5.610s] -- Installing: /home/dev/ros2_ws/ATech_ws/install/my_cpp_pkg/share/my_cpp_pkg/environment/path.dsv
[5.611s] -- Installing: /home/dev/ros2_ws/ATech_ws/install/my_cpp_pkg/share/my_cpp_pkg/local_setup.bash
[5.611s] -- Installing: /home/dev/ros2_ws/ATech_ws/install/my_cpp_pkg/share/my_cpp_pkg/local_setup.sh
[5.612s] -- Installing: /home/dev/ros2_ws/ATech_ws/install/my_cpp_pkg/share/my_cpp_pkg/local_setup.zsh
[5.613s] -- Installing: /home/dev/ros2_ws/ATech_ws/install/my_cpp_pkg/share/my_cpp_pkg/local_setup.dsv
[5.613s] -- Installing: /home/dev/ros2_ws/ATech_ws/install/my_cpp_pkg/share/my_cpp_pkg/package.dsv
[5.614s] -- Installing: /home/dev/ros2_ws/ATech_ws/install/my_cpp_pkg/share/ament_index/resource_index/packages/my_cpp_pkg
[5.615s] -- Installing: /home/dev/ros2_ws/ATech_ws/install/my_cpp_pkg/share/my_cpp_pkg/cmake/my_cpp_pkgConfig.cmake
[5.616s] -- Installing: /home/dev/ros2_ws/ATech_ws/install/my_cpp_pkg/share/my_cpp_pkg/cmake/my_cpp_pkgConfig-version.cmake
[5.616s] -- Installing: /home/dev/ros2_ws/ATech_ws/install/my_cpp_pkg/share/my_cpp_pkg/package.xml
[5.623s] Invoked command in '/home/dev/ros2_ws/ATech_ws/build/my_cpp_pkg' returned '0': CMAKE_PREFIX_PATH=/opt/ros/humble /usr/bin/cmake --install /home/dev/ros2_ws/ATech_ws/build/my_cpp_pkg
