[0.735s] DEBUG:colcon:Command line arguments: ['/usr/bin/colcon', 'build']
[0.735s] DEBUG:colcon:Parsed command line arguments: Namespace(log_base=None, log_level=None, verb_name='build', build_base='build', install_base='install', merge_install=False, symlink_install=False, test_result_base=None, continue_on_error=False, executor='parallel', parallel_workers=4, event_handlers=None, ignore_user_meta=False, metas=['./colcon.meta'], base_paths=['.'], packages_ignore=None, packages_ignore_regex=None, paths=None, packages_up_to=None, packages_up_to_regex=None, packages_above=None, packages_above_and_dependencies=None, packages_above_depth=None, packages_select_by_dep=None, packages_skip_by_dep=None, packages_skip_up_to=None, packages_select_build_failed=False, packages_skip_build_finished=False, packages_select_test_failures=False, packages_skip_test_passed=False, packages_select=None, packages_skip=None, packages_select_regex=None, packages_skip_regex=None, packages_start=None, packages_end=None, allow_overriding=[], cmake_args=None, cmake_target=None, cmake_target_skip_unavailable=False, cmake_clean_cache=False, cmake_clean_first=False, cmake_force_configure=False, ament_cmake_args=None, catkin_cmake_args=None, catkin_skip_building_tests=False, mixin_files=None, mixin=None, verb_parser=<colcon_mixin.mixin.mixin_argument.MixinArgumentDecorator object at 0x766c51498eb0>, verb_extension=<colcon_core.verb.build.BuildVerb object at 0x766c5149b040>, main=<bound method BuildVerb.main of <colcon_core.verb.build.BuildVerb object at 0x766c5149b040>>, mixin_verb=('build',))
[1.817s] Level 1:colcon.colcon_core.package_discovery:discover_packages(colcon_meta) check parameters
[1.817s] Level 1:colcon.colcon_core.package_discovery:discover_packages(recursive) check parameters
[1.817s] Level 1:colcon.colcon_core.package_discovery:discover_packages(ignore) check parameters
[1.817s] Level 1:colcon.colcon_core.package_discovery:discover_packages(path) check parameters
[1.818s] Level 1:colcon.colcon_core.package_discovery:discover_packages(colcon_meta) discover
[1.818s] Level 1:colcon.colcon_core.package_discovery:discover_packages(recursive) discover
[1.818s] INFO:colcon.colcon_core.package_discovery:Crawling recursively for packages in '/home/dev/ros2_ws/Self-Driving/Section7_Differential_Kinematics'
[1.818s] Level 1:colcon.colcon_core.package_identification:_identify(.) by extensions ['ignore', 'ignore_ament_install']
[1.819s] Level 1:colcon.colcon_core.package_identification:_identify(.) by extension 'ignore'
[1.819s] Level 1:colcon.colcon_core.package_identification:_identify(.) by extension 'ignore_ament_install'
[1.819s] Level 1:colcon.colcon_core.package_identification:_identify(.) by extensions ['colcon_pkg']
[1.819s] Level 1:colcon.colcon_core.package_identification:_identify(.) by extension 'colcon_pkg'
[1.819s] Level 1:colcon.colcon_core.package_identification:_identify(.) by extensions ['colcon_meta']
[1.820s] Level 1:colcon.colcon_core.package_identification:_identify(.) by extension 'colcon_meta'
[1.820s] Level 1:colcon.colcon_core.package_identification:_identify(.) by extensions ['ros']
[1.820s] Level 1:colcon.colcon_core.package_identification:_identify(.) by extension 'ros'
[1.896s] Level 1:colcon.colcon_core.package_identification:_identify(.) by extensions ['cmake', 'python']
[1.896s] Level 1:colcon.colcon_core.package_identification:_identify(.) by extension 'cmake'
[1.896s] Level 1:colcon.colcon_core.package_identification:_identify(.) by extension 'python'
[1.896s] Level 1:colcon.colcon_core.package_identification:_identify(.) by extensions ['python_setup_py']
[1.896s] Level 1:colcon.colcon_core.package_identification:_identify(.) by extension 'python_setup_py'
[1.897s] Level 1:colcon.colcon_core.package_identification:_identify(build) by extensions ['ignore', 'ignore_ament_install']
[1.897s] Level 1:colcon.colcon_core.package_identification:_identify(build) by extension 'ignore'
[1.897s] Level 1:colcon.colcon_core.package_identification:_identify(build) ignored
[1.898s] Level 1:colcon.colcon_core.package_identification:_identify(bumperbot_ws) by extensions ['ignore', 'ignore_ament_install']
[1.898s] Level 1:colcon.colcon_core.package_identification:_identify(bumperbot_ws) by extension 'ignore'
[1.899s] Level 1:colcon.colcon_core.package_identification:_identify(bumperbot_ws) by extension 'ignore_ament_install'
[1.899s] Level 1:colcon.colcon_core.package_identification:_identify(bumperbot_ws) by extensions ['colcon_pkg']
[1.899s] Level 1:colcon.colcon_core.package_identification:_identify(bumperbot_ws) by extension 'colcon_pkg'
[1.899s] Level 1:colcon.colcon_core.package_identification:_identify(bumperbot_ws) by extensions ['colcon_meta']
[1.899s] Level 1:colcon.colcon_core.package_identification:_identify(bumperbot_ws) by extension 'colcon_meta'
[1.900s] Level 1:colcon.colcon_core.package_identification:_identify(bumperbot_ws) by extensions ['ros']
[1.900s] Level 1:colcon.colcon_core.package_identification:_identify(bumperbot_ws) by extension 'ros'
[1.900s] Level 1:colcon.colcon_core.package_identification:_identify(bumperbot_ws) by extensions ['cmake', 'python']
[1.900s] Level 1:colcon.colcon_core.package_identification:_identify(bumperbot_ws) by extension 'cmake'
[1.901s] Level 1:colcon.colcon_core.package_identification:_identify(bumperbot_ws) by extension 'python'
[1.901s] Level 1:colcon.colcon_core.package_identification:_identify(bumperbot_ws) by extensions ['python_setup_py']
[1.901s] Level 1:colcon.colcon_core.package_identification:_identify(bumperbot_ws) by extension 'python_setup_py'
[1.901s] Level 1:colcon.colcon_core.package_identification:_identify(bumperbot_ws/src) by extensions ['ignore', 'ignore_ament_install']
[1.902s] Level 1:colcon.colcon_core.package_identification:_identify(bumperbot_ws/src) by extension 'ignore'
[1.902s] Level 1:colcon.colcon_core.package_identification:_identify(bumperbot_ws/src) by extension 'ignore_ament_install'
[1.902s] Level 1:colcon.colcon_core.package_identification:_identify(bumperbot_ws/src) by extensions ['colcon_pkg']
[1.902s] Level 1:colcon.colcon_core.package_identification:_identify(bumperbot_ws/src) by extension 'colcon_pkg'
[1.903s] Level 1:colcon.colcon_core.package_identification:_identify(bumperbot_ws/src) by extensions ['colcon_meta']
[1.903s] Level 1:colcon.colcon_core.package_identification:_identify(bumperbot_ws/src) by extension 'colcon_meta'
[1.903s] Level 1:colcon.colcon_core.package_identification:_identify(bumperbot_ws/src) by extensions ['ros']
[1.903s] Level 1:colcon.colcon_core.package_identification:_identify(bumperbot_ws/src) by extension 'ros'
[1.903s] Level 1:colcon.colcon_core.package_identification:_identify(bumperbot_ws/src) by extensions ['cmake', 'python']
[1.904s] Level 1:colcon.colcon_core.package_identification:_identify(bumperbot_ws/src) by extension 'cmake'
[1.904s] Level 1:colcon.colcon_core.package_identification:_identify(bumperbot_ws/src) by extension 'python'
[1.904s] Level 1:colcon.colcon_core.package_identification:_identify(bumperbot_ws/src) by extensions ['python_setup_py']
[1.904s] Level 1:colcon.colcon_core.package_identification:_identify(bumperbot_ws/src) by extension 'python_setup_py'
[1.905s] Level 1:colcon.colcon_core.package_identification:_identify(bumperbot_ws/src/bumperbot_controller) by extensions ['ignore', 'ignore_ament_install']
[1.905s] Level 1:colcon.colcon_core.package_identification:_identify(bumperbot_ws/src/bumperbot_controller) by extension 'ignore'
[1.905s] Level 1:colcon.colcon_core.package_identification:_identify(bumperbot_ws/src/bumperbot_controller) by extension 'ignore_ament_install'
[1.905s] Level 1:colcon.colcon_core.package_identification:_identify(bumperbot_ws/src/bumperbot_controller) by extensions ['colcon_pkg']
[1.906s] Level 1:colcon.colcon_core.package_identification:_identify(bumperbot_ws/src/bumperbot_controller) by extension 'colcon_pkg'
[1.906s] Level 1:colcon.colcon_core.package_identification:_identify(bumperbot_ws/src/bumperbot_controller) by extensions ['colcon_meta']
[1.906s] Level 1:colcon.colcon_core.package_identification:_identify(bumperbot_ws/src/bumperbot_controller) by extension 'colcon_meta'
[1.906s] Level 1:colcon.colcon_core.package_identification:_identify(bumperbot_ws/src/bumperbot_controller) by extensions ['ros']
[1.906s] Level 1:colcon.colcon_core.package_identification:_identify(bumperbot_ws/src/bumperbot_controller) by extension 'ros'
[1.922s] DEBUG:colcon.colcon_core.package_identification:Package 'bumperbot_ws/src/bumperbot_controller' with type 'ros.ament_cmake' and name 'bumperbot_controller'
[1.922s] Level 1:colcon.colcon_core.package_identification:_identify(bumperbot_ws/src/bumperbot_cpp_examples) by extensions ['ignore', 'ignore_ament_install']
[1.923s] Level 1:colcon.colcon_core.package_identification:_identify(bumperbot_ws/src/bumperbot_cpp_examples) by extension 'ignore'
[1.923s] Level 1:colcon.colcon_core.package_identification:_identify(bumperbot_ws/src/bumperbot_cpp_examples) by extension 'ignore_ament_install'
[1.923s] Level 1:colcon.colcon_core.package_identification:_identify(bumperbot_ws/src/bumperbot_cpp_examples) by extensions ['colcon_pkg']
[1.924s] Level 1:colcon.colcon_core.package_identification:_identify(bumperbot_ws/src/bumperbot_cpp_examples) by extension 'colcon_pkg'
[1.924s] Level 1:colcon.colcon_core.package_identification:_identify(bumperbot_ws/src/bumperbot_cpp_examples) by extensions ['colcon_meta']
[1.924s] Level 1:colcon.colcon_core.package_identification:_identify(bumperbot_ws/src/bumperbot_cpp_examples) by extension 'colcon_meta'
[1.924s] Level 1:colcon.colcon_core.package_identification:_identify(bumperbot_ws/src/bumperbot_cpp_examples) by extensions ['ros']
[1.924s] Level 1:colcon.colcon_core.package_identification:_identify(bumperbot_ws/src/bumperbot_cpp_examples) by extension 'ros'
[1.928s] DEBUG:colcon.colcon_core.package_identification:Package 'bumperbot_ws/src/bumperbot_cpp_examples' with type 'ros.ament_cmake' and name 'bumperbot_cpp_examples'
[1.929s] Level 1:colcon.colcon_core.package_identification:_identify(bumperbot_ws/src/bumperbot_description) by extensions ['ignore', 'ignore_ament_install']
[1.929s] Level 1:colcon.colcon_core.package_identification:_identify(bumperbot_ws/src/bumperbot_description) by extension 'ignore'
[1.929s] Level 1:colcon.colcon_core.package_identification:_identify(bumperbot_ws/src/bumperbot_description) by extension 'ignore_ament_install'
[1.930s] Level 1:colcon.colcon_core.package_identification:_identify(bumperbot_ws/src/bumperbot_description) by extensions ['colcon_pkg']
[1.930s] Level 1:colcon.colcon_core.package_identification:_identify(bumperbot_ws/src/bumperbot_description) by extension 'colcon_pkg'
[1.930s] Level 1:colcon.colcon_core.package_identification:_identify(bumperbot_ws/src/bumperbot_description) by extensions ['colcon_meta']
[1.930s] Level 1:colcon.colcon_core.package_identification:_identify(bumperbot_ws/src/bumperbot_description) by extension 'colcon_meta'
[1.930s] Level 1:colcon.colcon_core.package_identification:_identify(bumperbot_ws/src/bumperbot_description) by extensions ['ros']
[1.930s] Level 1:colcon.colcon_core.package_identification:_identify(bumperbot_ws/src/bumperbot_description) by extension 'ros'
[1.934s] DEBUG:colcon.colcon_core.package_identification:Package 'bumperbot_ws/src/bumperbot_description' with type 'ros.ament_cmake' and name 'bumperbot_description'
[1.934s] Level 1:colcon.colcon_core.package_identification:_identify(bumperbot_ws/src/bumperbot_py_examples) by extensions ['ignore', 'ignore_ament_install']
[1.935s] Level 1:colcon.colcon_core.package_identification:_identify(bumperbot_ws/src/bumperbot_py_examples) by extension 'ignore'
[1.935s] Level 1:colcon.colcon_core.package_identification:_identify(bumperbot_ws/src/bumperbot_py_examples) by extension 'ignore_ament_install'
[1.935s] Level 1:colcon.colcon_core.package_identification:_identify(bumperbot_ws/src/bumperbot_py_examples) by extensions ['colcon_pkg']
[1.935s] Level 1:colcon.colcon_core.package_identification:_identify(bumperbot_ws/src/bumperbot_py_examples) by extension 'colcon_pkg'
[1.935s] Level 1:colcon.colcon_core.package_identification:_identify(bumperbot_ws/src/bumperbot_py_examples) by extensions ['colcon_meta']
[1.936s] Level 1:colcon.colcon_core.package_identification:_identify(bumperbot_ws/src/bumperbot_py_examples) by extension 'colcon_meta'
[1.936s] Level 1:colcon.colcon_core.package_identification:_identify(bumperbot_ws/src/bumperbot_py_examples) by extensions ['ros']
[1.936s] Level 1:colcon.colcon_core.package_identification:_identify(bumperbot_ws/src/bumperbot_py_examples) by extension 'ros'
[1.940s] DEBUG:colcon.colcon_core.package_identification:Package 'bumperbot_ws/src/bumperbot_py_examples' with type 'ros.ament_python' and name 'bumperbot_py_examples'
[1.940s] Level 1:colcon.colcon_core.package_identification:_identify(install) by extensions ['ignore', 'ignore_ament_install']
[1.941s] Level 1:colcon.colcon_core.package_identification:_identify(install) by extension 'ignore'
[1.941s] Level 1:colcon.colcon_core.package_identification:_identify(install) ignored
[1.941s] Level 1:colcon.colcon_core.package_identification:_identify(log) by extensions ['ignore', 'ignore_ament_install']
[1.942s] Level 1:colcon.colcon_core.package_identification:_identify(log) by extension 'ignore'
[1.942s] Level 1:colcon.colcon_core.package_identification:_identify(log) ignored
[1.942s] Level 1:colcon.colcon_core.package_discovery:discover_packages(recursive) using defaults
[1.942s] Level 1:colcon.colcon_core.package_discovery:discover_packages(ignore) discover
[1.942s] Level 1:colcon.colcon_core.package_discovery:discover_packages(ignore) using defaults
[1.943s] Level 1:colcon.colcon_core.package_discovery:discover_packages(path) discover
[1.943s] Level 1:colcon.colcon_core.package_discovery:discover_packages(path) using defaults
[2.075s] Level 1:colcon.colcon_core.package_discovery:discover_packages(prefix_path) check parameters
[2.075s] Level 1:colcon.colcon_core.package_discovery:discover_packages(prefix_path) discover
[2.089s] DEBUG:colcon.colcon_installed_package_information.package_discovery:Found 2 installed packages in /home/dev/ros2_ws/ATech_ws/install
[2.098s] DEBUG:colcon.colcon_installed_package_information.package_discovery:Found 320 installed packages in /opt/ros/humble
[2.109s] Level 1:colcon.colcon_core.package_discovery:discover_packages(prefix_path) using defaults
[2.339s] Level 5:colcon.colcon_core.verb:set package 'bumperbot_controller' build argument 'cmake_args' from command line to 'None'
[2.340s] Level 5:colcon.colcon_core.verb:set package 'bumperbot_controller' build argument 'cmake_target' from command line to 'None'
[2.340s] Level 5:colcon.colcon_core.verb:set package 'bumperbot_controller' build argument 'cmake_target_skip_unavailable' from command line to 'False'
[2.340s] Level 5:colcon.colcon_core.verb:set package 'bumperbot_controller' build argument 'cmake_clean_cache' from command line to 'False'
[2.340s] Level 5:colcon.colcon_core.verb:set package 'bumperbot_controller' build argument 'cmake_clean_first' from command line to 'False'
[2.340s] Level 5:colcon.colcon_core.verb:set package 'bumperbot_controller' build argument 'cmake_force_configure' from command line to 'False'
[2.340s] Level 5:colcon.colcon_core.verb:set package 'bumperbot_controller' build argument 'ament_cmake_args' from command line to 'None'
[2.340s] Level 5:colcon.colcon_core.verb:set package 'bumperbot_controller' build argument 'catkin_cmake_args' from command line to 'None'
[2.340s] Level 5:colcon.colcon_core.verb:set package 'bumperbot_controller' build argument 'catkin_skip_building_tests' from command line to 'False'
[2.341s] DEBUG:colcon.colcon_core.verb:Building package 'bumperbot_controller' with the following arguments: {'ament_cmake_args': None, 'build_base': '/home/dev/ros2_ws/Self-Driving/Section7_Differential_Kinematics/build/bumperbot_controller', 'catkin_cmake_args': None, 'catkin_skip_building_tests': False, 'cmake_args': None, 'cmake_clean_cache': False, 'cmake_clean_first': False, 'cmake_force_configure': False, 'cmake_target': None, 'cmake_target_skip_unavailable': False, 'install_base': '/home/dev/ros2_ws/Self-Driving/Section7_Differential_Kinematics/install/bumperbot_controller', 'merge_install': False, 'path': '/home/dev/ros2_ws/Self-Driving/Section7_Differential_Kinematics/bumperbot_ws/src/bumperbot_controller', 'symlink_install': False, 'test_result_base': None}
[2.342s] Level 5:colcon.colcon_core.verb:set package 'bumperbot_cpp_examples' build argument 'cmake_args' from command line to 'None'
[2.343s] Level 5:colcon.colcon_core.verb:set package 'bumperbot_cpp_examples' build argument 'cmake_target' from command line to 'None'
[2.343s] Level 5:colcon.colcon_core.verb:set package 'bumperbot_cpp_examples' build argument 'cmake_target_skip_unavailable' from command line to 'False'
[2.343s] Level 5:colcon.colcon_core.verb:set package 'bumperbot_cpp_examples' build argument 'cmake_clean_cache' from command line to 'False'
[2.343s] Level 5:colcon.colcon_core.verb:set package 'bumperbot_cpp_examples' build argument 'cmake_clean_first' from command line to 'False'
[2.343s] Level 5:colcon.colcon_core.verb:set package 'bumperbot_cpp_examples' build argument 'cmake_force_configure' from command line to 'False'
[2.343s] Level 5:colcon.colcon_core.verb:set package 'bumperbot_cpp_examples' build argument 'ament_cmake_args' from command line to 'None'
[2.343s] Level 5:colcon.colcon_core.verb:set package 'bumperbot_cpp_examples' build argument 'catkin_cmake_args' from command line to 'None'
[2.343s] Level 5:colcon.colcon_core.verb:set package 'bumperbot_cpp_examples' build argument 'catkin_skip_building_tests' from command line to 'False'
[2.344s] DEBUG:colcon.colcon_core.verb:Building package 'bumperbot_cpp_examples' with the following arguments: {'ament_cmake_args': None, 'build_base': '/home/dev/ros2_ws/Self-Driving/Section7_Differential_Kinematics/build/bumperbot_cpp_examples', 'catkin_cmake_args': None, 'catkin_skip_building_tests': False, 'cmake_args': None, 'cmake_clean_cache': False, 'cmake_clean_first': False, 'cmake_force_configure': False, 'cmake_target': None, 'cmake_target_skip_unavailable': False, 'install_base': '/home/dev/ros2_ws/Self-Driving/Section7_Differential_Kinematics/install/bumperbot_cpp_examples', 'merge_install': False, 'path': '/home/dev/ros2_ws/Self-Driving/Section7_Differential_Kinematics/bumperbot_ws/src/bumperbot_cpp_examples', 'symlink_install': False, 'test_result_base': None}
[2.345s] Level 5:colcon.colcon_core.verb:set package 'bumperbot_description' build argument 'cmake_args' from command line to 'None'
[2.346s] Level 5:colcon.colcon_core.verb:set package 'bumperbot_description' build argument 'cmake_target' from command line to 'None'
[2.346s] Level 5:colcon.colcon_core.verb:set package 'bumperbot_description' build argument 'cmake_target_skip_unavailable' from command line to 'False'
[2.346s] Level 5:colcon.colcon_core.verb:set package 'bumperbot_description' build argument 'cmake_clean_cache' from command line to 'False'
[2.346s] Level 5:colcon.colcon_core.verb:set package 'bumperbot_description' build argument 'cmake_clean_first' from command line to 'False'
[2.346s] Level 5:colcon.colcon_core.verb:set package 'bumperbot_description' build argument 'cmake_force_configure' from command line to 'False'
[2.346s] Level 5:colcon.colcon_core.verb:set package 'bumperbot_description' build argument 'ament_cmake_args' from command line to 'None'
[2.346s] Level 5:colcon.colcon_core.verb:set package 'bumperbot_description' build argument 'catkin_cmake_args' from command line to 'None'
[2.346s] Level 5:colcon.colcon_core.verb:set package 'bumperbot_description' build argument 'catkin_skip_building_tests' from command line to 'False'
[2.347s] DEBUG:colcon.colcon_core.verb:Building package 'bumperbot_description' with the following arguments: {'ament_cmake_args': None, 'build_base': '/home/dev/ros2_ws/Self-Driving/Section7_Differential_Kinematics/build/bumperbot_description', 'catkin_cmake_args': None, 'catkin_skip_building_tests': False, 'cmake_args': None, 'cmake_clean_cache': False, 'cmake_clean_first': False, 'cmake_force_configure': False, 'cmake_target': None, 'cmake_target_skip_unavailable': False, 'install_base': '/home/dev/ros2_ws/Self-Driving/Section7_Differential_Kinematics/install/bumperbot_description', 'merge_install': False, 'path': '/home/dev/ros2_ws/Self-Driving/Section7_Differential_Kinematics/bumperbot_ws/src/bumperbot_description', 'symlink_install': False, 'test_result_base': None}
[2.348s] Level 5:colcon.colcon_core.verb:set package 'bumperbot_py_examples' build argument 'cmake_args' from command line to 'None'
[2.349s] Level 5:colcon.colcon_core.verb:set package 'bumperbot_py_examples' build argument 'cmake_target' from command line to 'None'
[2.349s] Level 5:colcon.colcon_core.verb:set package 'bumperbot_py_examples' build argument 'cmake_target_skip_unavailable' from command line to 'False'
[2.349s] Level 5:colcon.colcon_core.verb:set package 'bumperbot_py_examples' build argument 'cmake_clean_cache' from command line to 'False'
[2.349s] Level 5:colcon.colcon_core.verb:set package 'bumperbot_py_examples' build argument 'cmake_clean_first' from command line to 'False'
[2.349s] Level 5:colcon.colcon_core.verb:set package 'bumperbot_py_examples' build argument 'cmake_force_configure' from command line to 'False'
[2.349s] Level 5:colcon.colcon_core.verb:set package 'bumperbot_py_examples' build argument 'ament_cmake_args' from command line to 'None'
[2.349s] Level 5:colcon.colcon_core.verb:set package 'bumperbot_py_examples' build argument 'catkin_cmake_args' from command line to 'None'
[2.349s] Level 5:colcon.colcon_core.verb:set package 'bumperbot_py_examples' build argument 'catkin_skip_building_tests' from command line to 'False'
[2.350s] DEBUG:colcon.colcon_core.verb:Building package 'bumperbot_py_examples' with the following arguments: {'ament_cmake_args': None, 'build_base': '/home/dev/ros2_ws/Self-Driving/Section7_Differential_Kinematics/build/bumperbot_py_examples', 'catkin_cmake_args': None, 'catkin_skip_building_tests': False, 'cmake_args': None, 'cmake_clean_cache': False, 'cmake_clean_first': False, 'cmake_force_configure': False, 'cmake_target': None, 'cmake_target_skip_unavailable': False, 'install_base': '/home/dev/ros2_ws/Self-Driving/Section7_Differential_Kinematics/install/bumperbot_py_examples', 'merge_install': False, 'path': '/home/dev/ros2_ws/Self-Driving/Section7_Differential_Kinematics/bumperbot_ws/src/bumperbot_py_examples', 'symlink_install': False, 'test_result_base': None}
[2.350s] INFO:colcon.colcon_core.executor:Executing jobs using 'parallel' executor
[2.354s] DEBUG:colcon.colcon_parallel_executor.executor.parallel:run_until_complete
[2.356s] INFO:colcon.colcon_ros.task.ament_cmake.build:Building ROS package in '/home/dev/ros2_ws/Self-Driving/Section7_Differential_Kinematics/bumperbot_ws/src/bumperbot_controller' with build type 'ament_cmake'
[2.356s] INFO:colcon.colcon_cmake.task.cmake.build:Building CMake package in '/home/dev/ros2_ws/Self-Driving/Section7_Differential_Kinematics/bumperbot_ws/src/bumperbot_controller'
[2.371s] INFO:colcon.colcon_core.plugin_system:Skipping extension 'colcon_core.shell.bat': Not used on non-Windows systems
[2.372s] INFO:colcon.colcon_core.shell:Skip shell extension 'powershell' for command environment: Not usable outside of PowerShell
[2.372s] DEBUG:colcon.colcon_core.shell:Skip shell extension 'dsv' for command environment
[2.390s] INFO:colcon.colcon_ros.task.ament_cmake.build:Building ROS package in '/home/dev/ros2_ws/Self-Driving/Section7_Differential_Kinematics/bumperbot_ws/src/bumperbot_cpp_examples' with build type 'ament_cmake'
[2.391s] INFO:colcon.colcon_cmake.task.cmake.build:Building CMake package in '/home/dev/ros2_ws/Self-Driving/Section7_Differential_Kinematics/bumperbot_ws/src/bumperbot_cpp_examples'
[2.392s] INFO:colcon.colcon_core.shell:Skip shell extension 'powershell' for command environment: Not usable outside of PowerShell
[2.392s] DEBUG:colcon.colcon_core.shell:Skip shell extension 'dsv' for command environment
[2.408s] INFO:colcon.colcon_ros.task.ament_cmake.build:Building ROS package in '/home/dev/ros2_ws/Self-Driving/Section7_Differential_Kinematics/bumperbot_ws/src/bumperbot_description' with build type 'ament_cmake'
[2.409s] INFO:colcon.colcon_cmake.task.cmake.build:Building CMake package in '/home/dev/ros2_ws/Self-Driving/Section7_Differential_Kinematics/bumperbot_ws/src/bumperbot_description'
[2.410s] INFO:colcon.colcon_core.shell:Skip shell extension 'powershell' for command environment: Not usable outside of PowerShell
[2.411s] DEBUG:colcon.colcon_core.shell:Skip shell extension 'dsv' for command environment
[2.426s] INFO:colcon.colcon_ros.task.ament_python.build:Building ROS package in '/home/dev/ros2_ws/Self-Driving/Section7_Differential_Kinematics/bumperbot_ws/src/bumperbot_py_examples' with build type 'ament_python'
[2.427s] Level 1:colcon.colcon_core.shell:create_environment_hook('bumperbot_py_examples', 'ament_prefix_path')
[2.428s] INFO:colcon.colcon_core.shell:Creating environment hook '/home/dev/ros2_ws/Self-Driving/Section7_Differential_Kinematics/install/bumperbot_py_examples/share/bumperbot_py_examples/hook/ament_prefix_path.ps1'
[2.431s] INFO:colcon.colcon_core.shell:Creating environment descriptor '/home/dev/ros2_ws/Self-Driving/Section7_Differential_Kinematics/install/bumperbot_py_examples/share/bumperbot_py_examples/hook/ament_prefix_path.dsv'
[2.433s] INFO:colcon.colcon_core.shell:Creating environment hook '/home/dev/ros2_ws/Self-Driving/Section7_Differential_Kinematics/install/bumperbot_py_examples/share/bumperbot_py_examples/hook/ament_prefix_path.sh'
[2.437s] INFO:colcon.colcon_core.shell:Skip shell extension 'powershell' for command environment: Not usable outside of PowerShell
[2.438s] DEBUG:colcon.colcon_core.shell:Skip shell extension 'dsv' for command environment
[2.479s] DEBUG:colcon.colcon_core.event_handler.log_command:Invoking command in '/home/dev/ros2_ws/Self-Driving/Section7_Differential_Kinematics/build/bumperbot_controller': CMAKE_PREFIX_PATH=${CMAKE_PREFIX_PATH}:/opt/ros/humble /usr/bin/cmake /home/dev/ros2_ws/Self-Driving/Section7_Differential_Kinematics/bumperbot_ws/src/bumperbot_controller -DCMAKE_INSTALL_PREFIX=/home/dev/ros2_ws/Self-Driving/Section7_Differential_Kinematics/install/bumperbot_controller
[2.490s] DEBUG:colcon.colcon_core.event_handler.log_command:Invoking command in '/home/dev/ros2_ws/Self-Driving/Section7_Differential_Kinematics/build/bumperbot_cpp_examples': CMAKE_PREFIX_PATH=${CMAKE_PREFIX_PATH}:/opt/ros/humble /usr/bin/cmake /home/dev/ros2_ws/Self-Driving/Section7_Differential_Kinematics/bumperbot_ws/src/bumperbot_cpp_examples -DCMAKE_INSTALL_PREFIX=/home/dev/ros2_ws/Self-Driving/Section7_Differential_Kinematics/install/bumperbot_cpp_examples
[2.504s] DEBUG:colcon.colcon_core.event_handler.log_command:Invoking command in '/home/dev/ros2_ws/Self-Driving/Section7_Differential_Kinematics/build/bumperbot_description': CMAKE_PREFIX_PATH=${CMAKE_PREFIX_PATH}:/opt/ros/humble /usr/bin/cmake /home/dev/ros2_ws/Self-Driving/Section7_Differential_Kinematics/bumperbot_ws/src/bumperbot_description -DCMAKE_INSTALL_PREFIX=/home/dev/ros2_ws/Self-Driving/Section7_Differential_Kinematics/install/bumperbot_description
[4.522s] INFO:colcon.colcon_core.task.python.build:Building Python package in '/home/dev/ros2_ws/Self-Driving/Section7_Differential_Kinematics/bumperbot_ws/src/bumperbot_py_examples'
[4.523s] INFO:colcon.colcon_core.shell:Skip shell extension 'powershell' for command environment: Not usable outside of PowerShell
[4.524s] DEBUG:colcon.colcon_core.shell:Skip shell extension 'dsv' for command environment
[7.948s] DEBUG:colcon.colcon_core.event_handler.log_command:Invoked command in '/home/dev/ros2_ws/Self-Driving/Section7_Differential_Kinematics/build/bumperbot_description' returned '0': CMAKE_PREFIX_PATH=${CMAKE_PREFIX_PATH}:/opt/ros/humble /usr/bin/cmake /home/dev/ros2_ws/Self-Driving/Section7_Differential_Kinematics/bumperbot_ws/src/bumperbot_description -DCMAKE_INSTALL_PREFIX=/home/dev/ros2_ws/Self-Driving/Section7_Differential_Kinematics/install/bumperbot_description
[7.956s] DEBUG:colcon.colcon_core.event_handler.log_command:Invoking command in '/home/dev/ros2_ws/Self-Driving/Section7_Differential_Kinematics/build/bumperbot_description': CMAKE_PREFIX_PATH=${CMAKE_PREFIX_PATH}:/opt/ros/humble /usr/bin/cmake --build /home/dev/ros2_ws/Self-Driving/Section7_Differential_Kinematics/build/bumperbot_description -- -j4 -l4
[8.185s] DEBUG:colcon.colcon_core.event_handler.log_command:Invoking command in '/home/dev/ros2_ws/Self-Driving/Section7_Differential_Kinematics/bumperbot_ws/src/bumperbot_py_examples': PYTHONPATH=/home/dev/ros2_ws/Self-Driving/Section7_Differential_Kinematics/build/bumperbot_py_examples/prefix_override:/usr/lib/python3/dist-packages/colcon_core/task/python/colcon_distutils_commands:/home/dev/ros2_ws/Self-Driving/Section7_Differential_Kinematics/install/bumperbot_py_examples/lib/python3.10/site-packages:${PYTHONPATH} /usr/bin/python3 -W ignore:setup.py install is deprecated setup.py egg_info --egg-base ../../../build/bumperbot_py_examples build --build-base /home/dev/ros2_ws/Self-Driving/Section7_Differential_Kinematics/build/bumperbot_py_examples/build install --record /home/dev/ros2_ws/Self-Driving/Section7_Differential_Kinematics/build/bumperbot_py_examples/install.log --single-version-externally-managed install_data
[8.581s] DEBUG:colcon.colcon_core.event_handler.log_command:Invoked command in '/home/dev/ros2_ws/Self-Driving/Section7_Differential_Kinematics/build/bumperbot_description' returned '0': CMAKE_PREFIX_PATH=${CMAKE_PREFIX_PATH}:/opt/ros/humble /usr/bin/cmake --build /home/dev/ros2_ws/Self-Driving/Section7_Differential_Kinematics/build/bumperbot_description -- -j4 -l4
[8.966s] DEBUG:colcon.colcon_core.event_handler.log_command:Invoking command in '/home/dev/ros2_ws/Self-Driving/Section7_Differential_Kinematics/build/bumperbot_description': CMAKE_PREFIX_PATH=${CMAKE_PREFIX_PATH}:/opt/ros/humble /usr/bin/cmake --install /home/dev/ros2_ws/Self-Driving/Section7_Differential_Kinematics/build/bumperbot_description
[9.577s] Level 1:colcon.colcon_core.environment:create_environment_scripts_only(bumperbot_description)
[9.583s] DEBUG:colcon.colcon_core.event_handler.log_command:Invoked command in '/home/dev/ros2_ws/Self-Driving/Section7_Differential_Kinematics/build/bumperbot_description' returned '0': CMAKE_PREFIX_PATH=${CMAKE_PREFIX_PATH}:/opt/ros/humble /usr/bin/cmake --install /home/dev/ros2_ws/Self-Driving/Section7_Differential_Kinematics/build/bumperbot_description
[9.628s] Level 1:colcon.colcon_core.environment:checking '/home/dev/ros2_ws/Self-Driving/Section7_Differential_Kinematics/install/bumperbot_description' for CMake module files
[9.633s] Level 1:colcon.colcon_core.environment:checking '/home/dev/ros2_ws/Self-Driving/Section7_Differential_Kinematics/install/bumperbot_description' for CMake config files
[9.635s] Level 1:colcon.colcon_core.shell:create_environment_hook('bumperbot_description', 'cmake_prefix_path')
[9.636s] INFO:colcon.colcon_core.shell:Creating environment hook '/home/dev/ros2_ws/Self-Driving/Section7_Differential_Kinematics/install/bumperbot_description/share/bumperbot_description/hook/cmake_prefix_path.ps1'
[9.639s] INFO:colcon.colcon_core.shell:Creating environment descriptor '/home/dev/ros2_ws/Self-Driving/Section7_Differential_Kinematics/install/bumperbot_description/share/bumperbot_description/hook/cmake_prefix_path.dsv'
[9.641s] INFO:colcon.colcon_core.shell:Creating environment hook '/home/dev/ros2_ws/Self-Driving/Section7_Differential_Kinematics/install/bumperbot_description/share/bumperbot_description/hook/cmake_prefix_path.sh'
[9.649s] Level 1:colcon.colcon_core.environment:checking '/home/dev/ros2_ws/Self-Driving/Section7_Differential_Kinematics/install/bumperbot_description/bin'
[9.649s] Level 1:colcon.colcon_core.environment:checking '/home/dev/ros2_ws/Self-Driving/Section7_Differential_Kinematics/install/bumperbot_description/lib/pkgconfig/bumperbot_description.pc'
[9.650s] Level 1:colcon.colcon_core.environment:checking '/home/dev/ros2_ws/Self-Driving/Section7_Differential_Kinematics/install/bumperbot_description/lib/python3.10/site-packages'
[9.658s] Level 1:colcon.colcon_core.environment:checking '/home/dev/ros2_ws/Self-Driving/Section7_Differential_Kinematics/install/bumperbot_description/bin'
[9.660s] INFO:colcon.colcon_core.shell:Creating package script '/home/dev/ros2_ws/Self-Driving/Section7_Differential_Kinematics/install/bumperbot_description/share/bumperbot_description/package.ps1'
[9.677s] INFO:colcon.colcon_core.shell:Creating package descriptor '/home/dev/ros2_ws/Self-Driving/Section7_Differential_Kinematics/install/bumperbot_description/share/bumperbot_description/package.dsv'
[9.683s] INFO:colcon.colcon_core.shell:Creating package script '/home/dev/ros2_ws/Self-Driving/Section7_Differential_Kinematics/install/bumperbot_description/share/bumperbot_description/package.sh'
[9.692s] INFO:colcon.colcon_core.shell:Creating package script '/home/dev/ros2_ws/Self-Driving/Section7_Differential_Kinematics/install/bumperbot_description/share/bumperbot_description/package.bash'
[9.704s] INFO:colcon.colcon_core.shell:Creating package script '/home/dev/ros2_ws/Self-Driving/Section7_Differential_Kinematics/install/bumperbot_description/share/bumperbot_description/package.zsh'
[9.714s] Level 1:colcon.colcon_core.environment:create_file_with_runtime_dependencies(/home/dev/ros2_ws/Self-Driving/Section7_Differential_Kinematics/install/bumperbot_description/share/colcon-core/packages/bumperbot_description)
[9.932s] Level 1:colcon.colcon_core.environment:create_environment_scripts_only(bumperbot_description)
[9.937s] Level 1:colcon.colcon_core.environment:checking '/home/dev/ros2_ws/Self-Driving/Section7_Differential_Kinematics/install/bumperbot_description' for CMake module files
[9.942s] Level 1:colcon.colcon_core.environment:checking '/home/dev/ros2_ws/Self-Driving/Section7_Differential_Kinematics/install/bumperbot_description' for CMake config files
[9.946s] Level 1:colcon.colcon_core.shell:create_environment_hook('bumperbot_description', 'cmake_prefix_path')
[9.948s] INFO:colcon.colcon_core.shell:Creating environment hook '/home/dev/ros2_ws/Self-Driving/Section7_Differential_Kinematics/install/bumperbot_description/share/bumperbot_description/hook/cmake_prefix_path.ps1'
[9.952s] INFO:colcon.colcon_core.shell:Creating environment descriptor '/home/dev/ros2_ws/Self-Driving/Section7_Differential_Kinematics/install/bumperbot_description/share/bumperbot_description/hook/cmake_prefix_path.dsv'
[9.960s] INFO:colcon.colcon_core.shell:Creating environment hook '/home/dev/ros2_ws/Self-Driving/Section7_Differential_Kinematics/install/bumperbot_description/share/bumperbot_description/hook/cmake_prefix_path.sh'
[9.977s] Level 1:colcon.colcon_core.environment:checking '/home/dev/ros2_ws/Self-Driving/Section7_Differential_Kinematics/install/bumperbot_description/bin'
[9.977s] Level 1:colcon.colcon_core.environment:checking '/home/dev/ros2_ws/Self-Driving/Section7_Differential_Kinematics/install/bumperbot_description/lib/pkgconfig/bumperbot_description.pc'
[9.979s] Level 1:colcon.colcon_core.environment:checking '/home/dev/ros2_ws/Self-Driving/Section7_Differential_Kinematics/install/bumperbot_description/lib/python3.10/site-packages'
[9.980s] Level 1:colcon.colcon_core.environment:checking '/home/dev/ros2_ws/Self-Driving/Section7_Differential_Kinematics/install/bumperbot_description/bin'
[9.982s] INFO:colcon.colcon_core.shell:Creating package script '/home/dev/ros2_ws/Self-Driving/Section7_Differential_Kinematics/install/bumperbot_description/share/bumperbot_description/package.ps1'
[9.988s] INFO:colcon.colcon_core.shell:Creating package descriptor '/home/dev/ros2_ws/Self-Driving/Section7_Differential_Kinematics/install/bumperbot_description/share/bumperbot_description/package.dsv'
[10.001s] INFO:colcon.colcon_core.shell:Creating package script '/home/dev/ros2_ws/Self-Driving/Section7_Differential_Kinematics/install/bumperbot_description/share/bumperbot_description/package.sh'
[10.004s] INFO:colcon.colcon_core.shell:Creating package script '/home/dev/ros2_ws/Self-Driving/Section7_Differential_Kinematics/install/bumperbot_description/share/bumperbot_description/package.bash'
[10.011s] INFO:colcon.colcon_core.shell:Creating package script '/home/dev/ros2_ws/Self-Driving/Section7_Differential_Kinematics/install/bumperbot_description/share/bumperbot_description/package.zsh'
[10.020s] Level 1:colcon.colcon_core.environment:create_file_with_runtime_dependencies(/home/dev/ros2_ws/Self-Driving/Section7_Differential_Kinematics/install/bumperbot_description/share/colcon-core/packages/bumperbot_description)
[12.197s] Level 1:colcon.colcon_core.environment:checking '/home/dev/ros2_ws/Self-Driving/Section7_Differential_Kinematics/install/bumperbot_py_examples' for CMake module files
[12.200s] DEBUG:colcon.colcon_core.event_handler.log_command:Invoked command in '/home/dev/ros2_ws/Self-Driving/Section7_Differential_Kinematics/bumperbot_ws/src/bumperbot_py_examples' returned '0': PYTHONPATH=/home/dev/ros2_ws/Self-Driving/Section7_Differential_Kinematics/build/bumperbot_py_examples/prefix_override:/usr/lib/python3/dist-packages/colcon_core/task/python/colcon_distutils_commands:/home/dev/ros2_ws/Self-Driving/Section7_Differential_Kinematics/install/bumperbot_py_examples/lib/python3.10/site-packages:${PYTHONPATH} /usr/bin/python3 -W ignore:setup.py install is deprecated setup.py egg_info --egg-base ../../../build/bumperbot_py_examples build --build-base /home/dev/ros2_ws/Self-Driving/Section7_Differential_Kinematics/build/bumperbot_py_examples/build install --record /home/dev/ros2_ws/Self-Driving/Section7_Differential_Kinematics/build/bumperbot_py_examples/install.log --single-version-externally-managed install_data
[12.207s] Level 1:colcon.colcon_core.environment:checking '/home/dev/ros2_ws/Self-Driving/Section7_Differential_Kinematics/install/bumperbot_py_examples' for CMake config files
[12.216s] Level 1:colcon.colcon_core.environment:checking '/home/dev/ros2_ws/Self-Driving/Section7_Differential_Kinematics/install/bumperbot_py_examples/lib'
[12.217s] Level 1:colcon.colcon_core.environment:checking '/home/dev/ros2_ws/Self-Driving/Section7_Differential_Kinematics/install/bumperbot_py_examples/bin'
[12.217s] Level 1:colcon.colcon_core.environment:checking '/home/dev/ros2_ws/Self-Driving/Section7_Differential_Kinematics/install/bumperbot_py_examples/lib/pkgconfig/bumperbot_py_examples.pc'
[12.222s] Level 1:colcon.colcon_core.environment:checking '/home/dev/ros2_ws/Self-Driving/Section7_Differential_Kinematics/install/bumperbot_py_examples/lib/python3.10/site-packages'
[12.222s] Level 1:colcon.colcon_core.shell:create_environment_hook('bumperbot_py_examples', 'pythonpath')
[12.227s] INFO:colcon.colcon_core.shell:Creating environment hook '/home/dev/ros2_ws/Self-Driving/Section7_Differential_Kinematics/install/bumperbot_py_examples/share/bumperbot_py_examples/hook/pythonpath.ps1'
[12.233s] INFO:colcon.colcon_core.shell:Creating environment descriptor '/home/dev/ros2_ws/Self-Driving/Section7_Differential_Kinematics/install/bumperbot_py_examples/share/bumperbot_py_examples/hook/pythonpath.dsv'
[12.242s] INFO:colcon.colcon_core.shell:Creating environment hook '/home/dev/ros2_ws/Self-Driving/Section7_Differential_Kinematics/install/bumperbot_py_examples/share/bumperbot_py_examples/hook/pythonpath.sh'
[12.250s] Level 1:colcon.colcon_core.environment:checking '/home/dev/ros2_ws/Self-Driving/Section7_Differential_Kinematics/install/bumperbot_py_examples/bin'
[12.253s] Level 1:colcon.colcon_core.environment:create_environment_scripts_only(bumperbot_py_examples)
[12.257s] INFO:colcon.colcon_core.shell:Creating package script '/home/dev/ros2_ws/Self-Driving/Section7_Differential_Kinematics/install/bumperbot_py_examples/share/bumperbot_py_examples/package.ps1'
[12.268s] INFO:colcon.colcon_core.shell:Creating package descriptor '/home/dev/ros2_ws/Self-Driving/Section7_Differential_Kinematics/install/bumperbot_py_examples/share/bumperbot_py_examples/package.dsv'
[12.275s] INFO:colcon.colcon_core.shell:Creating package script '/home/dev/ros2_ws/Self-Driving/Section7_Differential_Kinematics/install/bumperbot_py_examples/share/bumperbot_py_examples/package.sh'
[12.281s] INFO:colcon.colcon_core.shell:Creating package script '/home/dev/ros2_ws/Self-Driving/Section7_Differential_Kinematics/install/bumperbot_py_examples/share/bumperbot_py_examples/package.bash'
[12.288s] INFO:colcon.colcon_core.shell:Creating package script '/home/dev/ros2_ws/Self-Driving/Section7_Differential_Kinematics/install/bumperbot_py_examples/share/bumperbot_py_examples/package.zsh'
[12.292s] Level 1:colcon.colcon_core.environment:create_file_with_runtime_dependencies(/home/dev/ros2_ws/Self-Driving/Section7_Differential_Kinematics/install/bumperbot_py_examples/share/colcon-core/packages/bumperbot_py_examples)
[13.626s] DEBUG:colcon.colcon_core.event_handler.log_command:Invoked command in '/home/dev/ros2_ws/Self-Driving/Section7_Differential_Kinematics/build/bumperbot_cpp_examples' returned '0': CMAKE_PREFIX_PATH=${CMAKE_PREFIX_PATH}:/opt/ros/humble /usr/bin/cmake /home/dev/ros2_ws/Self-Driving/Section7_Differential_Kinematics/bumperbot_ws/src/bumperbot_cpp_examples -DCMAKE_INSTALL_PREFIX=/home/dev/ros2_ws/Self-Driving/Section7_Differential_Kinematics/install/bumperbot_cpp_examples
[13.637s] DEBUG:colcon.colcon_core.event_handler.log_command:Invoking command in '/home/dev/ros2_ws/Self-Driving/Section7_Differential_Kinematics/build/bumperbot_cpp_examples': CMAKE_PREFIX_PATH=${CMAKE_PREFIX_PATH}:/opt/ros/humble /usr/bin/cmake --build /home/dev/ros2_ws/Self-Driving/Section7_Differential_Kinematics/build/bumperbot_cpp_examples -- -j4 -l4
[14.818s] DEBUG:colcon.colcon_core.event_handler.log_command:Invoked command in '/home/dev/ros2_ws/Self-Driving/Section7_Differential_Kinematics/build/bumperbot_controller' returned '0': CMAKE_PREFIX_PATH=${CMAKE_PREFIX_PATH}:/opt/ros/humble /usr/bin/cmake /home/dev/ros2_ws/Self-Driving/Section7_Differential_Kinematics/bumperbot_ws/src/bumperbot_controller -DCMAKE_INSTALL_PREFIX=/home/dev/ros2_ws/Self-Driving/Section7_Differential_Kinematics/install/bumperbot_controller
[14.823s] DEBUG:colcon.colcon_core.event_handler.log_command:Invoking command in '/home/dev/ros2_ws/Self-Driving/Section7_Differential_Kinematics/build/bumperbot_controller': CMAKE_PREFIX_PATH=${CMAKE_PREFIX_PATH}:/opt/ros/humble /usr/bin/cmake --build /home/dev/ros2_ws/Self-Driving/Section7_Differential_Kinematics/build/bumperbot_controller -- -j4 -l4
[71.277s] DEBUG:colcon.colcon_core.event_handler.log_command:Invoked command in '/home/dev/ros2_ws/Self-Driving/Section7_Differential_Kinematics/build/bumperbot_cpp_examples' returned '0': CMAKE_PREFIX_PATH=${CMAKE_PREFIX_PATH}:/opt/ros/humble /usr/bin/cmake --build /home/dev/ros2_ws/Self-Driving/Section7_Differential_Kinematics/build/bumperbot_cpp_examples -- -j4 -l4
[71.508s] DEBUG:colcon.colcon_core.event_handler.log_command:Invoking command in '/home/dev/ros2_ws/Self-Driving/Section7_Differential_Kinematics/build/bumperbot_cpp_examples': CMAKE_PREFIX_PATH=${CMAKE_PREFIX_PATH}:/opt/ros/humble /usr/bin/cmake --install /home/dev/ros2_ws/Self-Driving/Section7_Differential_Kinematics/build/bumperbot_cpp_examples
[71.608s] Level 1:colcon.colcon_core.environment:create_environment_scripts_only(bumperbot_cpp_examples)
[71.609s] Level 1:colcon.colcon_core.environment:checking '/home/dev/ros2_ws/Self-Driving/Section7_Differential_Kinematics/install/bumperbot_cpp_examples' for CMake module files
[71.612s] DEBUG:colcon.colcon_core.event_handler.log_command:Invoked command in '/home/dev/ros2_ws/Self-Driving/Section7_Differential_Kinematics/build/bumperbot_cpp_examples' returned '0': CMAKE_PREFIX_PATH=${CMAKE_PREFIX_PATH}:/opt/ros/humble /usr/bin/cmake --install /home/dev/ros2_ws/Self-Driving/Section7_Differential_Kinematics/build/bumperbot_cpp_examples
[71.614s] Level 1:colcon.colcon_core.environment:checking '/home/dev/ros2_ws/Self-Driving/Section7_Differential_Kinematics/install/bumperbot_cpp_examples' for CMake config files
[71.615s] Level 1:colcon.colcon_core.shell:create_environment_hook('bumperbot_cpp_examples', 'cmake_prefix_path')
[71.616s] INFO:colcon.colcon_core.shell:Creating environment hook '/home/dev/ros2_ws/Self-Driving/Section7_Differential_Kinematics/install/bumperbot_cpp_examples/share/bumperbot_cpp_examples/hook/cmake_prefix_path.ps1'
[71.618s] INFO:colcon.colcon_core.shell:Creating environment descriptor '/home/dev/ros2_ws/Self-Driving/Section7_Differential_Kinematics/install/bumperbot_cpp_examples/share/bumperbot_cpp_examples/hook/cmake_prefix_path.dsv'
[71.620s] INFO:colcon.colcon_core.shell:Creating environment hook '/home/dev/ros2_ws/Self-Driving/Section7_Differential_Kinematics/install/bumperbot_cpp_examples/share/bumperbot_cpp_examples/hook/cmake_prefix_path.sh'
[71.623s] Level 1:colcon.colcon_core.environment:checking '/home/dev/ros2_ws/Self-Driving/Section7_Differential_Kinematics/install/bumperbot_cpp_examples/lib'
[71.623s] Level 1:colcon.colcon_core.environment:checking '/home/dev/ros2_ws/Self-Driving/Section7_Differential_Kinematics/install/bumperbot_cpp_examples/bin'
[71.624s] Level 1:colcon.colcon_core.environment:checking '/home/dev/ros2_ws/Self-Driving/Section7_Differential_Kinematics/install/bumperbot_cpp_examples/lib/pkgconfig/bumperbot_cpp_examples.pc'
[71.625s] Level 1:colcon.colcon_core.environment:checking '/home/dev/ros2_ws/Self-Driving/Section7_Differential_Kinematics/install/bumperbot_cpp_examples/lib/python3.10/site-packages'
[71.626s] Level 1:colcon.colcon_core.environment:checking '/home/dev/ros2_ws/Self-Driving/Section7_Differential_Kinematics/install/bumperbot_cpp_examples/bin'
[71.627s] INFO:colcon.colcon_core.shell:Creating package script '/home/dev/ros2_ws/Self-Driving/Section7_Differential_Kinematics/install/bumperbot_cpp_examples/share/bumperbot_cpp_examples/package.ps1'
[71.629s] INFO:colcon.colcon_core.shell:Creating package descriptor '/home/dev/ros2_ws/Self-Driving/Section7_Differential_Kinematics/install/bumperbot_cpp_examples/share/bumperbot_cpp_examples/package.dsv'
[71.632s] INFO:colcon.colcon_core.shell:Creating package script '/home/dev/ros2_ws/Self-Driving/Section7_Differential_Kinematics/install/bumperbot_cpp_examples/share/bumperbot_cpp_examples/package.sh'
[71.634s] INFO:colcon.colcon_core.shell:Creating package script '/home/dev/ros2_ws/Self-Driving/Section7_Differential_Kinematics/install/bumperbot_cpp_examples/share/bumperbot_cpp_examples/package.bash'
[71.636s] INFO:colcon.colcon_core.shell:Creating package script '/home/dev/ros2_ws/Self-Driving/Section7_Differential_Kinematics/install/bumperbot_cpp_examples/share/bumperbot_cpp_examples/package.zsh'
[71.638s] Level 1:colcon.colcon_core.environment:create_file_with_runtime_dependencies(/home/dev/ros2_ws/Self-Driving/Section7_Differential_Kinematics/install/bumperbot_cpp_examples/share/colcon-core/packages/bumperbot_cpp_examples)
[71.822s] Level 1:colcon.colcon_core.environment:create_environment_scripts_only(bumperbot_cpp_examples)
[71.830s] Level 1:colcon.colcon_core.environment:checking '/home/dev/ros2_ws/Self-Driving/Section7_Differential_Kinematics/install/bumperbot_cpp_examples' for CMake module files
[71.836s] Level 1:colcon.colcon_core.environment:checking '/home/dev/ros2_ws/Self-Driving/Section7_Differential_Kinematics/install/bumperbot_cpp_examples' for CMake config files
[71.837s] Level 1:colcon.colcon_core.shell:create_environment_hook('bumperbot_cpp_examples', 'cmake_prefix_path')
[71.848s] INFO:colcon.colcon_core.shell:Creating environment hook '/home/dev/ros2_ws/Self-Driving/Section7_Differential_Kinematics/install/bumperbot_cpp_examples/share/bumperbot_cpp_examples/hook/cmake_prefix_path.ps1'
[71.854s] INFO:colcon.colcon_core.shell:Creating environment descriptor '/home/dev/ros2_ws/Self-Driving/Section7_Differential_Kinematics/install/bumperbot_cpp_examples/share/bumperbot_cpp_examples/hook/cmake_prefix_path.dsv'
[71.860s] INFO:colcon.colcon_core.shell:Creating environment hook '/home/dev/ros2_ws/Self-Driving/Section7_Differential_Kinematics/install/bumperbot_cpp_examples/share/bumperbot_cpp_examples/hook/cmake_prefix_path.sh'
[71.868s] Level 1:colcon.colcon_core.environment:checking '/home/dev/ros2_ws/Self-Driving/Section7_Differential_Kinematics/install/bumperbot_cpp_examples/lib'
[71.868s] Level 1:colcon.colcon_core.environment:checking '/home/dev/ros2_ws/Self-Driving/Section7_Differential_Kinematics/install/bumperbot_cpp_examples/bin'
[71.872s] Level 1:colcon.colcon_core.environment:checking '/home/dev/ros2_ws/Self-Driving/Section7_Differential_Kinematics/install/bumperbot_cpp_examples/lib/pkgconfig/bumperbot_cpp_examples.pc'
[71.873s] Level 1:colcon.colcon_core.environment:checking '/home/dev/ros2_ws/Self-Driving/Section7_Differential_Kinematics/install/bumperbot_cpp_examples/lib/python3.10/site-packages'
[71.874s] Level 1:colcon.colcon_core.environment:checking '/home/dev/ros2_ws/Self-Driving/Section7_Differential_Kinematics/install/bumperbot_cpp_examples/bin'
[71.877s] INFO:colcon.colcon_core.shell:Creating package script '/home/dev/ros2_ws/Self-Driving/Section7_Differential_Kinematics/install/bumperbot_cpp_examples/share/bumperbot_cpp_examples/package.ps1'
[71.887s] INFO:colcon.colcon_core.shell:Creating package descriptor '/home/dev/ros2_ws/Self-Driving/Section7_Differential_Kinematics/install/bumperbot_cpp_examples/share/bumperbot_cpp_examples/package.dsv'
[71.892s] INFO:colcon.colcon_core.shell:Creating package script '/home/dev/ros2_ws/Self-Driving/Section7_Differential_Kinematics/install/bumperbot_cpp_examples/share/bumperbot_cpp_examples/package.sh'
[71.899s] INFO:colcon.colcon_core.shell:Creating package script '/home/dev/ros2_ws/Self-Driving/Section7_Differential_Kinematics/install/bumperbot_cpp_examples/share/bumperbot_cpp_examples/package.bash'
[71.904s] INFO:colcon.colcon_core.shell:Creating package script '/home/dev/ros2_ws/Self-Driving/Section7_Differential_Kinematics/install/bumperbot_cpp_examples/share/bumperbot_cpp_examples/package.zsh'
[71.907s] Level 1:colcon.colcon_core.environment:create_file_with_runtime_dependencies(/home/dev/ros2_ws/Self-Driving/Section7_Differential_Kinematics/install/bumperbot_cpp_examples/share/colcon-core/packages/bumperbot_cpp_examples)
[76.637s] DEBUG:colcon.colcon_core.event_handler.log_command:Invoked command in '/home/dev/ros2_ws/Self-Driving/Section7_Differential_Kinematics/build/bumperbot_controller' returned '0': CMAKE_PREFIX_PATH=${CMAKE_PREFIX_PATH}:/opt/ros/humble /usr/bin/cmake --build /home/dev/ros2_ws/Self-Driving/Section7_Differential_Kinematics/build/bumperbot_controller -- -j4 -l4
[76.744s] DEBUG:colcon.colcon_core.event_handler.log_command:Invoking command in '/home/dev/ros2_ws/Self-Driving/Section7_Differential_Kinematics/build/bumperbot_controller': CMAKE_PREFIX_PATH=${CMAKE_PREFIX_PATH}:/opt/ros/humble /usr/bin/cmake --install /home/dev/ros2_ws/Self-Driving/Section7_Differential_Kinematics/build/bumperbot_controller
[76.986s] Level 1:colcon.colcon_core.environment:create_environment_scripts_only(bumperbot_controller)
[76.989s] Level 1:colcon.colcon_core.environment:checking '/home/dev/ros2_ws/Self-Driving/Section7_Differential_Kinematics/install/bumperbot_controller' for CMake module files
[76.993s] DEBUG:colcon.colcon_core.event_handler.log_command:Invoked command in '/home/dev/ros2_ws/Self-Driving/Section7_Differential_Kinematics/build/bumperbot_controller' returned '0': CMAKE_PREFIX_PATH=${CMAKE_PREFIX_PATH}:/opt/ros/humble /usr/bin/cmake --install /home/dev/ros2_ws/Self-Driving/Section7_Differential_Kinematics/build/bumperbot_controller
[76.996s] Level 1:colcon.colcon_core.environment:checking '/home/dev/ros2_ws/Self-Driving/Section7_Differential_Kinematics/install/bumperbot_controller' for CMake config files
[77.000s] Level 1:colcon.colcon_core.shell:create_environment_hook('bumperbot_controller', 'cmake_prefix_path')
[77.002s] INFO:colcon.colcon_core.shell:Creating environment hook '/home/dev/ros2_ws/Self-Driving/Section7_Differential_Kinematics/install/bumperbot_controller/share/bumperbot_controller/hook/cmake_prefix_path.ps1'
[77.005s] INFO:colcon.colcon_core.shell:Creating environment descriptor '/home/dev/ros2_ws/Self-Driving/Section7_Differential_Kinematics/install/bumperbot_controller/share/bumperbot_controller/hook/cmake_prefix_path.dsv'
[77.007s] INFO:colcon.colcon_core.shell:Creating environment hook '/home/dev/ros2_ws/Self-Driving/Section7_Differential_Kinematics/install/bumperbot_controller/share/bumperbot_controller/hook/cmake_prefix_path.sh'
[77.010s] Level 1:colcon.colcon_core.environment:checking '/home/dev/ros2_ws/Self-Driving/Section7_Differential_Kinematics/install/bumperbot_controller/lib'
[77.011s] Level 1:colcon.colcon_core.environment:checking '/home/dev/ros2_ws/Self-Driving/Section7_Differential_Kinematics/install/bumperbot_controller/bin'
[77.012s] Level 1:colcon.colcon_core.environment:checking '/home/dev/ros2_ws/Self-Driving/Section7_Differential_Kinematics/install/bumperbot_controller/lib/pkgconfig/bumperbot_controller.pc'
[77.013s] Level 1:colcon.colcon_core.environment:checking '/home/dev/ros2_ws/Self-Driving/Section7_Differential_Kinematics/install/bumperbot_controller/lib/python3.10/site-packages'
[77.015s] Level 1:colcon.colcon_core.environment:checking '/home/dev/ros2_ws/Self-Driving/Section7_Differential_Kinematics/install/bumperbot_controller/bin'
[77.017s] INFO:colcon.colcon_core.shell:Creating package script '/home/dev/ros2_ws/Self-Driving/Section7_Differential_Kinematics/install/bumperbot_controller/share/bumperbot_controller/package.ps1'
[77.020s] INFO:colcon.colcon_core.shell:Creating package descriptor '/home/dev/ros2_ws/Self-Driving/Section7_Differential_Kinematics/install/bumperbot_controller/share/bumperbot_controller/package.dsv'
[77.024s] INFO:colcon.colcon_core.shell:Creating package script '/home/dev/ros2_ws/Self-Driving/Section7_Differential_Kinematics/install/bumperbot_controller/share/bumperbot_controller/package.sh'
[77.028s] INFO:colcon.colcon_core.shell:Creating package script '/home/dev/ros2_ws/Self-Driving/Section7_Differential_Kinematics/install/bumperbot_controller/share/bumperbot_controller/package.bash'
[77.031s] INFO:colcon.colcon_core.shell:Creating package script '/home/dev/ros2_ws/Self-Driving/Section7_Differential_Kinematics/install/bumperbot_controller/share/bumperbot_controller/package.zsh'
[77.034s] Level 1:colcon.colcon_core.environment:create_file_with_runtime_dependencies(/home/dev/ros2_ws/Self-Driving/Section7_Differential_Kinematics/install/bumperbot_controller/share/colcon-core/packages/bumperbot_controller)
[77.139s] Level 1:colcon.colcon_core.environment:create_environment_scripts_only(bumperbot_controller)
[77.140s] Level 1:colcon.colcon_core.environment:checking '/home/dev/ros2_ws/Self-Driving/Section7_Differential_Kinematics/install/bumperbot_controller' for CMake module files
[77.143s] Level 1:colcon.colcon_core.environment:checking '/home/dev/ros2_ws/Self-Driving/Section7_Differential_Kinematics/install/bumperbot_controller' for CMake config files
[77.145s] Level 1:colcon.colcon_core.shell:create_environment_hook('bumperbot_controller', 'cmake_prefix_path')
[77.146s] INFO:colcon.colcon_core.shell:Creating environment hook '/home/dev/ros2_ws/Self-Driving/Section7_Differential_Kinematics/install/bumperbot_controller/share/bumperbot_controller/hook/cmake_prefix_path.ps1'
[77.148s] INFO:colcon.colcon_core.shell:Creating environment descriptor '/home/dev/ros2_ws/Self-Driving/Section7_Differential_Kinematics/install/bumperbot_controller/share/bumperbot_controller/hook/cmake_prefix_path.dsv'
[77.150s] INFO:colcon.colcon_core.shell:Creating environment hook '/home/dev/ros2_ws/Self-Driving/Section7_Differential_Kinematics/install/bumperbot_controller/share/bumperbot_controller/hook/cmake_prefix_path.sh'
[77.152s] Level 1:colcon.colcon_core.environment:checking '/home/dev/ros2_ws/Self-Driving/Section7_Differential_Kinematics/install/bumperbot_controller/lib'
[77.153s] Level 1:colcon.colcon_core.environment:checking '/home/dev/ros2_ws/Self-Driving/Section7_Differential_Kinematics/install/bumperbot_controller/bin'
[77.153s] Level 1:colcon.colcon_core.environment:checking '/home/dev/ros2_ws/Self-Driving/Section7_Differential_Kinematics/install/bumperbot_controller/lib/pkgconfig/bumperbot_controller.pc'
[77.154s] Level 1:colcon.colcon_core.environment:checking '/home/dev/ros2_ws/Self-Driving/Section7_Differential_Kinematics/install/bumperbot_controller/lib/python3.10/site-packages'
[77.155s] Level 1:colcon.colcon_core.environment:checking '/home/dev/ros2_ws/Self-Driving/Section7_Differential_Kinematics/install/bumperbot_controller/bin'
[77.156s] INFO:colcon.colcon_core.shell:Creating package script '/home/dev/ros2_ws/Self-Driving/Section7_Differential_Kinematics/install/bumperbot_controller/share/bumperbot_controller/package.ps1'
[77.158s] INFO:colcon.colcon_core.shell:Creating package descriptor '/home/dev/ros2_ws/Self-Driving/Section7_Differential_Kinematics/install/bumperbot_controller/share/bumperbot_controller/package.dsv'
[77.161s] INFO:colcon.colcon_core.shell:Creating package script '/home/dev/ros2_ws/Self-Driving/Section7_Differential_Kinematics/install/bumperbot_controller/share/bumperbot_controller/package.sh'
[77.163s] INFO:colcon.colcon_core.shell:Creating package script '/home/dev/ros2_ws/Self-Driving/Section7_Differential_Kinematics/install/bumperbot_controller/share/bumperbot_controller/package.bash'
[77.165s] INFO:colcon.colcon_core.shell:Creating package script '/home/dev/ros2_ws/Self-Driving/Section7_Differential_Kinematics/install/bumperbot_controller/share/bumperbot_controller/package.zsh'
[77.167s] Level 1:colcon.colcon_core.environment:create_file_with_runtime_dependencies(/home/dev/ros2_ws/Self-Driving/Section7_Differential_Kinematics/install/bumperbot_controller/share/colcon-core/packages/bumperbot_controller)
[77.168s] DEBUG:colcon.colcon_parallel_executor.executor.parallel:closing loop
[77.169s] DEBUG:colcon.colcon_parallel_executor.executor.parallel:loop closed
[77.170s] DEBUG:colcon.colcon_parallel_executor.executor.parallel:run_until_complete finished with '0'
[77.170s] DEBUG:colcon.colcon_core.event_reactor:joining thread
[77.212s] INFO:colcon.colcon_core.plugin_system:Skipping extension 'colcon_notification.desktop_notification.terminal_notifier': Not used on non-Darwin systems
[77.212s] INFO:colcon.colcon_core.plugin_system:Skipping extension 'colcon_notification.desktop_notification.win32': Not used on non-Windows systems
[77.212s] INFO:colcon.colcon_notification.desktop_notification:Sending desktop notification using 'notify2'
[77.335s] DEBUG:colcon.colcon_core.event_reactor:joined thread
[77.337s] INFO:colcon.colcon_core.shell:Creating prefix script '/home/dev/ros2_ws/Self-Driving/Section7_Differential_Kinematics/install/local_setup.ps1'
[77.342s] INFO:colcon.colcon_core.shell:Creating prefix util module '/home/dev/ros2_ws/Self-Driving/Section7_Differential_Kinematics/install/_local_setup_util_ps1.py'
[77.350s] INFO:colcon.colcon_core.shell:Creating prefix chain script '/home/dev/ros2_ws/Self-Driving/Section7_Differential_Kinematics/install/setup.ps1'
[77.356s] INFO:colcon.colcon_core.shell:Creating prefix script '/home/dev/ros2_ws/Self-Driving/Section7_Differential_Kinematics/install/local_setup.sh'
[77.359s] INFO:colcon.colcon_core.shell:Creating prefix util module '/home/dev/ros2_ws/Self-Driving/Section7_Differential_Kinematics/install/_local_setup_util_sh.py'
[77.363s] INFO:colcon.colcon_core.shell:Creating prefix chain script '/home/dev/ros2_ws/Self-Driving/Section7_Differential_Kinematics/install/setup.sh'
[77.370s] INFO:colcon.colcon_core.shell:Creating prefix script '/home/dev/ros2_ws/Self-Driving/Section7_Differential_Kinematics/install/local_setup.bash'
[77.373s] INFO:colcon.colcon_core.shell:Creating prefix chain script '/home/dev/ros2_ws/Self-Driving/Section7_Differential_Kinematics/install/setup.bash'
[77.380s] INFO:colcon.colcon_core.shell:Creating prefix script '/home/dev/ros2_ws/Self-Driving/Section7_Differential_Kinematics/install/local_setup.zsh'
[77.383s] INFO:colcon.colcon_core.shell:Creating prefix chain script '/home/dev/ros2_ws/Self-Driving/Section7_Differential_Kinematics/install/setup.zsh'
