[0.697s] DEBUG:colcon:Command line arguments: ['/usr/bin/colcon', 'build']
[0.698s] DEBUG:colcon:Parsed command line arguments: Namespace(log_base=None, log_level=None, verb_name='build', build_base='build', install_base='install', merge_install=False, symlink_install=False, test_result_base=None, continue_on_error=False, executor='parallel', parallel_workers=4, event_handlers=None, ignore_user_meta=False, metas=['./colcon.meta'], base_paths=['.'], packages_ignore=None, packages_ignore_regex=None, paths=None, packages_up_to=None, packages_up_to_regex=None, packages_above=None, packages_above_and_dependencies=None, packages_above_depth=None, packages_select_by_dep=None, packages_skip_by_dep=None, packages_skip_up_to=None, packages_select_build_failed=False, packages_skip_build_finished=False, packages_select_test_failures=False, packages_skip_test_passed=False, packages_select=None, packages_skip=None, packages_select_regex=None, packages_skip_regex=None, packages_start=None, packages_end=None, allow_overriding=[], cmake_args=None, cmake_target=None, cmake_target_skip_unavailable=False, cmake_clean_cache=False, cmake_clean_first=False, cmake_force_configure=False, ament_cmake_args=None, catkin_cmake_args=None, catkin_skip_building_tests=False, mixin_files=None, mixin=None, verb_parser=<colcon_mixin.mixin.mixin_argument.MixinArgumentDecorator object at 0x7f479953cc40>, verb_extension=<colcon_core.verb.build.BuildVerb object at 0x7f47993c76a0>, main=<bound method BuildVerb.main of <colcon_core.verb.build.BuildVerb object at 0x7f47993c76a0>>, mixin_verb=('build',))
[1.535s] Level 1:colcon.colcon_core.package_discovery:discover_packages(colcon_meta) check parameters
[1.536s] Level 1:colcon.colcon_core.package_discovery:discover_packages(recursive) check parameters
[1.536s] Level 1:colcon.colcon_core.package_discovery:discover_packages(ignore) check parameters
[1.536s] Level 1:colcon.colcon_core.package_discovery:discover_packages(path) check parameters
[1.536s] Level 1:colcon.colcon_core.package_discovery:discover_packages(colcon_meta) discover
[1.537s] Level 1:colcon.colcon_core.package_discovery:discover_packages(recursive) discover
[1.537s] INFO:colcon.colcon_core.package_discovery:Crawling recursively for packages in '/home/dev/ros2_ws/Self-Driving/Section4_Locomotion/bumperbot_ws'
[1.537s] Level 1:colcon.colcon_core.package_identification:_identify(.) by extensions ['ignore', 'ignore_ament_install']
[1.537s] Level 1:colcon.colcon_core.package_identification:_identify(.) by extension 'ignore'
[1.538s] Level 1:colcon.colcon_core.package_identification:_identify(.) by extension 'ignore_ament_install'
[1.538s] Level 1:colcon.colcon_core.package_identification:_identify(.) by extensions ['colcon_pkg']
[1.538s] Level 1:colcon.colcon_core.package_identification:_identify(.) by extension 'colcon_pkg'
[1.538s] Level 1:colcon.colcon_core.package_identification:_identify(.) by extensions ['colcon_meta']
[1.538s] Level 1:colcon.colcon_core.package_identification:_identify(.) by extension 'colcon_meta'
[1.539s] Level 1:colcon.colcon_core.package_identification:_identify(.) by extensions ['ros']
[1.539s] Level 1:colcon.colcon_core.package_identification:_identify(.) by extension 'ros'
[1.611s] Level 1:colcon.colcon_core.package_identification:_identify(.) by extensions ['cmake', 'python']
[1.611s] Level 1:colcon.colcon_core.package_identification:_identify(.) by extension 'cmake'
[1.612s] Level 1:colcon.colcon_core.package_identification:_identify(.) by extension 'python'
[1.612s] Level 1:colcon.colcon_core.package_identification:_identify(.) by extensions ['python_setup_py']
[1.612s] Level 1:colcon.colcon_core.package_identification:_identify(.) by extension 'python_setup_py'
[1.612s] Level 1:colcon.colcon_core.package_identification:_identify(build) by extensions ['ignore', 'ignore_ament_install']
[1.613s] Level 1:colcon.colcon_core.package_identification:_identify(build) by extension 'ignore'
[1.613s] Level 1:colcon.colcon_core.package_identification:_identify(build) ignored
[1.613s] Level 1:colcon.colcon_core.package_identification:_identify(install) by extensions ['ignore', 'ignore_ament_install']
[1.614s] Level 1:colcon.colcon_core.package_identification:_identify(install) by extension 'ignore'
[1.614s] Level 1:colcon.colcon_core.package_identification:_identify(install) ignored
[1.614s] Level 1:colcon.colcon_core.package_identification:_identify(log) by extensions ['ignore', 'ignore_ament_install']
[1.615s] Level 1:colcon.colcon_core.package_identification:_identify(log) by extension 'ignore'
[1.615s] Level 1:colcon.colcon_core.package_identification:_identify(log) ignored
[1.615s] Level 1:colcon.colcon_core.package_identification:_identify(src) by extensions ['ignore', 'ignore_ament_install']
[1.615s] Level 1:colcon.colcon_core.package_identification:_identify(src) by extension 'ignore'
[1.616s] Level 1:colcon.colcon_core.package_identification:_identify(src) by extension 'ignore_ament_install'
[1.616s] Level 1:colcon.colcon_core.package_identification:_identify(src) by extensions ['colcon_pkg']
[1.616s] Level 1:colcon.colcon_core.package_identification:_identify(src) by extension 'colcon_pkg'
[1.616s] Level 1:colcon.colcon_core.package_identification:_identify(src) by extensions ['colcon_meta']
[1.616s] Level 1:colcon.colcon_core.package_identification:_identify(src) by extension 'colcon_meta'
[1.616s] Level 1:colcon.colcon_core.package_identification:_identify(src) by extensions ['ros']
[1.617s] Level 1:colcon.colcon_core.package_identification:_identify(src) by extension 'ros'
[1.617s] Level 1:colcon.colcon_core.package_identification:_identify(src) by extensions ['cmake', 'python']
[1.617s] Level 1:colcon.colcon_core.package_identification:_identify(src) by extension 'cmake'
[1.617s] Level 1:colcon.colcon_core.package_identification:_identify(src) by extension 'python'
[1.617s] Level 1:colcon.colcon_core.package_identification:_identify(src) by extensions ['python_setup_py']
[1.618s] Level 1:colcon.colcon_core.package_identification:_identify(src) by extension 'python_setup_py'
[1.618s] Level 1:colcon.colcon_core.package_identification:_identify(src/bumperbot_cpp_examples) by extensions ['ignore', 'ignore_ament_install']
[1.618s] Level 1:colcon.colcon_core.package_identification:_identify(src/bumperbot_cpp_examples) by extension 'ignore'
[1.619s] Level 1:colcon.colcon_core.package_identification:_identify(src/bumperbot_cpp_examples) by extension 'ignore_ament_install'
[1.619s] Level 1:colcon.colcon_core.package_identification:_identify(src/bumperbot_cpp_examples) by extensions ['colcon_pkg']
[1.619s] Level 1:colcon.colcon_core.package_identification:_identify(src/bumperbot_cpp_examples) by extension 'colcon_pkg'
[1.619s] Level 1:colcon.colcon_core.package_identification:_identify(src/bumperbot_cpp_examples) by extensions ['colcon_meta']
[1.619s] Level 1:colcon.colcon_core.package_identification:_identify(src/bumperbot_cpp_examples) by extension 'colcon_meta'
[1.619s] Level 1:colcon.colcon_core.package_identification:_identify(src/bumperbot_cpp_examples) by extensions ['ros']
[1.620s] Level 1:colcon.colcon_core.package_identification:_identify(src/bumperbot_cpp_examples) by extension 'ros'
[1.632s] DEBUG:colcon.colcon_core.package_identification:Package 'src/bumperbot_cpp_examples' with type 'ros.ament_cmake' and name 'bumperbot_cpp_examples'
[1.632s] Level 1:colcon.colcon_core.package_identification:_identify(src/bumperbot_description) by extensions ['ignore', 'ignore_ament_install']
[1.633s] Level 1:colcon.colcon_core.package_identification:_identify(src/bumperbot_description) by extension 'ignore'
[1.633s] Level 1:colcon.colcon_core.package_identification:_identify(src/bumperbot_description) by extension 'ignore_ament_install'
[1.633s] Level 1:colcon.colcon_core.package_identification:_identify(src/bumperbot_description) by extensions ['colcon_pkg']
[1.633s] Level 1:colcon.colcon_core.package_identification:_identify(src/bumperbot_description) by extension 'colcon_pkg'
[1.633s] Level 1:colcon.colcon_core.package_identification:_identify(src/bumperbot_description) by extensions ['colcon_meta']
[1.634s] Level 1:colcon.colcon_core.package_identification:_identify(src/bumperbot_description) by extension 'colcon_meta'
[1.634s] Level 1:colcon.colcon_core.package_identification:_identify(src/bumperbot_description) by extensions ['ros']
[1.634s] Level 1:colcon.colcon_core.package_identification:_identify(src/bumperbot_description) by extension 'ros'
[1.637s] DEBUG:colcon.colcon_core.package_identification:Package 'src/bumperbot_description' with type 'ros.ament_cmake' and name 'bumperbot_description'
[1.637s] Level 1:colcon.colcon_core.package_identification:_identify(src/bumperbot_py_examples) by extensions ['ignore', 'ignore_ament_install']
[1.638s] Level 1:colcon.colcon_core.package_identification:_identify(src/bumperbot_py_examples) by extension 'ignore'
[1.638s] Level 1:colcon.colcon_core.package_identification:_identify(src/bumperbot_py_examples) by extension 'ignore_ament_install'
[1.638s] Level 1:colcon.colcon_core.package_identification:_identify(src/bumperbot_py_examples) by extensions ['colcon_pkg']
[1.638s] Level 1:colcon.colcon_core.package_identification:_identify(src/bumperbot_py_examples) by extension 'colcon_pkg'
[1.638s] Level 1:colcon.colcon_core.package_identification:_identify(src/bumperbot_py_examples) by extensions ['colcon_meta']
[1.638s] Level 1:colcon.colcon_core.package_identification:_identify(src/bumperbot_py_examples) by extension 'colcon_meta'
[1.639s] Level 1:colcon.colcon_core.package_identification:_identify(src/bumperbot_py_examples) by extensions ['ros']
[1.639s] Level 1:colcon.colcon_core.package_identification:_identify(src/bumperbot_py_examples) by extension 'ros'
[1.642s] DEBUG:colcon.colcon_core.package_identification:Package 'src/bumperbot_py_examples' with type 'ros.ament_python' and name 'bumperbot_py_examples'
[1.642s] Level 1:colcon.colcon_core.package_discovery:discover_packages(recursive) using defaults
[1.642s] Level 1:colcon.colcon_core.package_discovery:discover_packages(ignore) discover
[1.643s] Level 1:colcon.colcon_core.package_discovery:discover_packages(ignore) using defaults
[1.643s] Level 1:colcon.colcon_core.package_discovery:discover_packages(path) discover
[1.643s] Level 1:colcon.colcon_core.package_discovery:discover_packages(path) using defaults
[1.728s] Level 1:colcon.colcon_core.package_discovery:discover_packages(prefix_path) check parameters
[1.728s] Level 1:colcon.colcon_core.package_discovery:discover_packages(prefix_path) discover
[1.752s] DEBUG:colcon.colcon_installed_package_information.package_discovery:Found 320 installed packages in /opt/ros/humble
[1.793s] Level 1:colcon.colcon_core.package_discovery:discover_packages(prefix_path) using defaults
[2.012s] Level 5:colcon.colcon_core.verb:set package 'bumperbot_cpp_examples' build argument 'cmake_args' from command line to 'None'
[2.013s] Level 5:colcon.colcon_core.verb:set package 'bumperbot_cpp_examples' build argument 'cmake_target' from command line to 'None'
[2.013s] Level 5:colcon.colcon_core.verb:set package 'bumperbot_cpp_examples' build argument 'cmake_target_skip_unavailable' from command line to 'False'
[2.013s] Level 5:colcon.colcon_core.verb:set package 'bumperbot_cpp_examples' build argument 'cmake_clean_cache' from command line to 'False'
[2.013s] Level 5:colcon.colcon_core.verb:set package 'bumperbot_cpp_examples' build argument 'cmake_clean_first' from command line to 'False'
[2.013s] Level 5:colcon.colcon_core.verb:set package 'bumperbot_cpp_examples' build argument 'cmake_force_configure' from command line to 'False'
[2.013s] Level 5:colcon.colcon_core.verb:set package 'bumperbot_cpp_examples' build argument 'ament_cmake_args' from command line to 'None'
[2.013s] Level 5:colcon.colcon_core.verb:set package 'bumperbot_cpp_examples' build argument 'catkin_cmake_args' from command line to 'None'
[2.013s] Level 5:colcon.colcon_core.verb:set package 'bumperbot_cpp_examples' build argument 'catkin_skip_building_tests' from command line to 'False'
[2.014s] DEBUG:colcon.colcon_core.verb:Building package 'bumperbot_cpp_examples' with the following arguments: {'ament_cmake_args': None, 'build_base': '/home/dev/ros2_ws/Self-Driving/Section4_Locomotion/bumperbot_ws/build/bumperbot_cpp_examples', 'catkin_cmake_args': None, 'catkin_skip_building_tests': False, 'cmake_args': None, 'cmake_clean_cache': False, 'cmake_clean_first': False, 'cmake_force_configure': False, 'cmake_target': None, 'cmake_target_skip_unavailable': False, 'install_base': '/home/dev/ros2_ws/Self-Driving/Section4_Locomotion/bumperbot_ws/install/bumperbot_cpp_examples', 'merge_install': False, 'path': '/home/dev/ros2_ws/Self-Driving/Section4_Locomotion/bumperbot_ws/src/bumperbot_cpp_examples', 'symlink_install': False, 'test_result_base': None}
[2.015s] Level 5:colcon.colcon_core.verb:set package 'bumperbot_description' build argument 'cmake_args' from command line to 'None'
[2.016s] Level 5:colcon.colcon_core.verb:set package 'bumperbot_description' build argument 'cmake_target' from command line to 'None'
[2.016s] Level 5:colcon.colcon_core.verb:set package 'bumperbot_description' build argument 'cmake_target_skip_unavailable' from command line to 'False'
[2.016s] Level 5:colcon.colcon_core.verb:set package 'bumperbot_description' build argument 'cmake_clean_cache' from command line to 'False'
[2.016s] Level 5:colcon.colcon_core.verb:set package 'bumperbot_description' build argument 'cmake_clean_first' from command line to 'False'
[2.016s] Level 5:colcon.colcon_core.verb:set package 'bumperbot_description' build argument 'cmake_force_configure' from command line to 'False'
[2.016s] Level 5:colcon.colcon_core.verb:set package 'bumperbot_description' build argument 'ament_cmake_args' from command line to 'None'
[2.016s] Level 5:colcon.colcon_core.verb:set package 'bumperbot_description' build argument 'catkin_cmake_args' from command line to 'None'
[2.016s] Level 5:colcon.colcon_core.verb:set package 'bumperbot_description' build argument 'catkin_skip_building_tests' from command line to 'False'
[2.017s] DEBUG:colcon.colcon_core.verb:Building package 'bumperbot_description' with the following arguments: {'ament_cmake_args': None, 'build_base': '/home/dev/ros2_ws/Self-Driving/Section4_Locomotion/bumperbot_ws/build/bumperbot_description', 'catkin_cmake_args': None, 'catkin_skip_building_tests': False, 'cmake_args': None, 'cmake_clean_cache': False, 'cmake_clean_first': False, 'cmake_force_configure': False, 'cmake_target': None, 'cmake_target_skip_unavailable': False, 'install_base': '/home/dev/ros2_ws/Self-Driving/Section4_Locomotion/bumperbot_ws/install/bumperbot_description', 'merge_install': False, 'path': '/home/dev/ros2_ws/Self-Driving/Section4_Locomotion/bumperbot_ws/src/bumperbot_description', 'symlink_install': False, 'test_result_base': None}
[2.019s] Level 5:colcon.colcon_core.verb:set package 'bumperbot_py_examples' build argument 'cmake_args' from command line to 'None'
[2.019s] Level 5:colcon.colcon_core.verb:set package 'bumperbot_py_examples' build argument 'cmake_target' from command line to 'None'
[2.019s] Level 5:colcon.colcon_core.verb:set package 'bumperbot_py_examples' build argument 'cmake_target_skip_unavailable' from command line to 'False'
[2.019s] Level 5:colcon.colcon_core.verb:set package 'bumperbot_py_examples' build argument 'cmake_clean_cache' from command line to 'False'
[2.019s] Level 5:colcon.colcon_core.verb:set package 'bumperbot_py_examples' build argument 'cmake_clean_first' from command line to 'False'
[2.019s] Level 5:colcon.colcon_core.verb:set package 'bumperbot_py_examples' build argument 'cmake_force_configure' from command line to 'False'
[2.019s] Level 5:colcon.colcon_core.verb:set package 'bumperbot_py_examples' build argument 'ament_cmake_args' from command line to 'None'
[2.019s] Level 5:colcon.colcon_core.verb:set package 'bumperbot_py_examples' build argument 'catkin_cmake_args' from command line to 'None'
[2.020s] Level 5:colcon.colcon_core.verb:set package 'bumperbot_py_examples' build argument 'catkin_skip_building_tests' from command line to 'False'
[2.020s] DEBUG:colcon.colcon_core.verb:Building package 'bumperbot_py_examples' with the following arguments: {'ament_cmake_args': None, 'build_base': '/home/dev/ros2_ws/Self-Driving/Section4_Locomotion/bumperbot_ws/build/bumperbot_py_examples', 'catkin_cmake_args': None, 'catkin_skip_building_tests': False, 'cmake_args': None, 'cmake_clean_cache': False, 'cmake_clean_first': False, 'cmake_force_configure': False, 'cmake_target': None, 'cmake_target_skip_unavailable': False, 'install_base': '/home/dev/ros2_ws/Self-Driving/Section4_Locomotion/bumperbot_ws/install/bumperbot_py_examples', 'merge_install': False, 'path': '/home/dev/ros2_ws/Self-Driving/Section4_Locomotion/bumperbot_ws/src/bumperbot_py_examples', 'symlink_install': False, 'test_result_base': None}
[2.020s] INFO:colcon.colcon_core.executor:Executing jobs using 'parallel' executor
[2.024s] DEBUG:colcon.colcon_parallel_executor.executor.parallel:run_until_complete
[2.025s] INFO:colcon.colcon_ros.task.ament_cmake.build:Building ROS package in '/home/dev/ros2_ws/Self-Driving/Section4_Locomotion/bumperbot_ws/src/bumperbot_cpp_examples' with build type 'ament_cmake'
[2.026s] INFO:colcon.colcon_cmake.task.cmake.build:Building CMake package in '/home/dev/ros2_ws/Self-Driving/Section4_Locomotion/bumperbot_ws/src/bumperbot_cpp_examples'
[2.047s] INFO:colcon.colcon_core.plugin_system:Skipping extension 'colcon_core.shell.bat': Not used on non-Windows systems
[2.048s] INFO:colcon.colcon_core.shell:Skip shell extension 'powershell' for command environment: Not usable outside of PowerShell
[2.049s] DEBUG:colcon.colcon_core.shell:Skip shell extension 'dsv' for command environment
[2.063s] INFO:colcon.colcon_ros.task.ament_cmake.build:Building ROS package in '/home/dev/ros2_ws/Self-Driving/Section4_Locomotion/bumperbot_ws/src/bumperbot_description' with build type 'ament_cmake'
[2.064s] INFO:colcon.colcon_cmake.task.cmake.build:Building CMake package in '/home/dev/ros2_ws/Self-Driving/Section4_Locomotion/bumperbot_ws/src/bumperbot_description'
[2.065s] INFO:colcon.colcon_core.shell:Skip shell extension 'powershell' for command environment: Not usable outside of PowerShell
[2.066s] DEBUG:colcon.colcon_core.shell:Skip shell extension 'dsv' for command environment
[2.079s] INFO:colcon.colcon_ros.task.ament_python.build:Building ROS package in '/home/dev/ros2_ws/Self-Driving/Section4_Locomotion/bumperbot_ws/src/bumperbot_py_examples' with build type 'ament_python'
[2.080s] Level 1:colcon.colcon_core.shell:create_environment_hook('bumperbot_py_examples', 'ament_prefix_path')
[2.081s] INFO:colcon.colcon_core.shell:Creating environment hook '/home/dev/ros2_ws/Self-Driving/Section4_Locomotion/bumperbot_ws/install/bumperbot_py_examples/share/bumperbot_py_examples/hook/ament_prefix_path.ps1'
[2.084s] INFO:colcon.colcon_core.shell:Creating environment descriptor '/home/dev/ros2_ws/Self-Driving/Section4_Locomotion/bumperbot_ws/install/bumperbot_py_examples/share/bumperbot_py_examples/hook/ament_prefix_path.dsv'
[2.085s] INFO:colcon.colcon_core.shell:Creating environment hook '/home/dev/ros2_ws/Self-Driving/Section4_Locomotion/bumperbot_ws/install/bumperbot_py_examples/share/bumperbot_py_examples/hook/ament_prefix_path.sh'
[2.089s] INFO:colcon.colcon_core.shell:Skip shell extension 'powershell' for command environment: Not usable outside of PowerShell
[2.089s] DEBUG:colcon.colcon_core.shell:Skip shell extension 'dsv' for command environment
[2.116s] DEBUG:colcon.colcon_core.event_handler.log_command:Invoking command in '/home/dev/ros2_ws/Self-Driving/Section4_Locomotion/bumperbot_ws/build/bumperbot_cpp_examples': CMAKE_PREFIX_PATH=/opt/ros/humble /usr/bin/cmake /home/dev/ros2_ws/Self-Driving/Section4_Locomotion/bumperbot_ws/src/bumperbot_cpp_examples -DCMAKE_INSTALL_PREFIX=/home/dev/ros2_ws/Self-Driving/Section4_Locomotion/bumperbot_ws/install/bumperbot_cpp_examples
[2.127s] DEBUG:colcon.colcon_core.event_handler.log_command:Invoking command in '/home/dev/ros2_ws/Self-Driving/Section4_Locomotion/bumperbot_ws/build/bumperbot_description': CMAKE_PREFIX_PATH=/opt/ros/humble /usr/bin/cmake /home/dev/ros2_ws/Self-Driving/Section4_Locomotion/bumperbot_ws/src/bumperbot_description -DCMAKE_INSTALL_PREFIX=/home/dev/ros2_ws/Self-Driving/Section4_Locomotion/bumperbot_ws/install/bumperbot_description
[3.549s] INFO:colcon.colcon_core.task.python.build:Building Python package in '/home/dev/ros2_ws/Self-Driving/Section4_Locomotion/bumperbot_ws/src/bumperbot_py_examples'
[3.550s] INFO:colcon.colcon_core.shell:Skip shell extension 'powershell' for command environment: Not usable outside of PowerShell
[3.550s] DEBUG:colcon.colcon_core.shell:Skip shell extension 'dsv' for command environment
[5.555s] DEBUG:colcon.colcon_core.event_handler.log_command:Invoked command in '/home/dev/ros2_ws/Self-Driving/Section4_Locomotion/bumperbot_ws/build/bumperbot_description' returned '0': CMAKE_PREFIX_PATH=/opt/ros/humble /usr/bin/cmake /home/dev/ros2_ws/Self-Driving/Section4_Locomotion/bumperbot_ws/src/bumperbot_description -DCMAKE_INSTALL_PREFIX=/home/dev/ros2_ws/Self-Driving/Section4_Locomotion/bumperbot_ws/install/bumperbot_description
[5.557s] DEBUG:colcon.colcon_core.event_handler.log_command:Invoking command in '/home/dev/ros2_ws/Self-Driving/Section4_Locomotion/bumperbot_ws/build/bumperbot_description': CMAKE_PREFIX_PATH=/opt/ros/humble /usr/bin/cmake --build /home/dev/ros2_ws/Self-Driving/Section4_Locomotion/bumperbot_ws/build/bumperbot_description -- -j4 -l4
[5.573s] DEBUG:colcon.colcon_core.event_handler.log_command:Invoking command in '/home/dev/ros2_ws/Self-Driving/Section4_Locomotion/bumperbot_ws/src/bumperbot_py_examples': PYTHONPATH=/home/dev/ros2_ws/Self-Driving/Section4_Locomotion/bumperbot_ws/build/bumperbot_py_examples/prefix_override:/usr/lib/python3/dist-packages/colcon_core/task/python/colcon_distutils_commands:/home/dev/ros2_ws/Self-Driving/Section4_Locomotion/bumperbot_ws/install/bumperbot_py_examples/lib/python3.10/site-packages:${PYTHONPATH} /usr/bin/python3 -W ignore:setup.py install is deprecated setup.py egg_info --egg-base ../../build/bumperbot_py_examples build --build-base /home/dev/ros2_ws/Self-Driving/Section4_Locomotion/bumperbot_ws/build/bumperbot_py_examples/build install --record /home/dev/ros2_ws/Self-Driving/Section4_Locomotion/bumperbot_ws/build/bumperbot_py_examples/install.log --single-version-externally-managed install_data
[5.685s] DEBUG:colcon.colcon_core.event_handler.log_command:Invoked command in '/home/dev/ros2_ws/Self-Driving/Section4_Locomotion/bumperbot_ws/build/bumperbot_description' returned '0': CMAKE_PREFIX_PATH=/opt/ros/humble /usr/bin/cmake --build /home/dev/ros2_ws/Self-Driving/Section4_Locomotion/bumperbot_ws/build/bumperbot_description -- -j4 -l4
[5.801s] DEBUG:colcon.colcon_core.event_handler.log_command:Invoking command in '/home/dev/ros2_ws/Self-Driving/Section4_Locomotion/bumperbot_ws/build/bumperbot_description': CMAKE_PREFIX_PATH=/opt/ros/humble /usr/bin/cmake --install /home/dev/ros2_ws/Self-Driving/Section4_Locomotion/bumperbot_ws/build/bumperbot_description
[6.032s] Level 1:colcon.colcon_core.environment:create_environment_scripts_only(bumperbot_description)
[6.042s] DEBUG:colcon.colcon_core.event_handler.log_command:Invoked command in '/home/dev/ros2_ws/Self-Driving/Section4_Locomotion/bumperbot_ws/build/bumperbot_description' returned '0': CMAKE_PREFIX_PATH=/opt/ros/humble /usr/bin/cmake --install /home/dev/ros2_ws/Self-Driving/Section4_Locomotion/bumperbot_ws/build/bumperbot_description
[6.057s] Level 1:colcon.colcon_core.environment:checking '/home/dev/ros2_ws/Self-Driving/Section4_Locomotion/bumperbot_ws/install/bumperbot_description' for CMake module files
[6.060s] Level 1:colcon.colcon_core.environment:checking '/home/dev/ros2_ws/Self-Driving/Section4_Locomotion/bumperbot_ws/install/bumperbot_description' for CMake config files
[6.061s] Level 1:colcon.colcon_core.shell:create_environment_hook('bumperbot_description', 'cmake_prefix_path')
[6.062s] INFO:colcon.colcon_core.shell:Creating environment hook '/home/dev/ros2_ws/Self-Driving/Section4_Locomotion/bumperbot_ws/install/bumperbot_description/share/bumperbot_description/hook/cmake_prefix_path.ps1'
[6.064s] INFO:colcon.colcon_core.shell:Creating environment descriptor '/home/dev/ros2_ws/Self-Driving/Section4_Locomotion/bumperbot_ws/install/bumperbot_description/share/bumperbot_description/hook/cmake_prefix_path.dsv'
[6.066s] INFO:colcon.colcon_core.shell:Creating environment hook '/home/dev/ros2_ws/Self-Driving/Section4_Locomotion/bumperbot_ws/install/bumperbot_description/share/bumperbot_description/hook/cmake_prefix_path.sh'
[6.068s] Level 1:colcon.colcon_core.environment:checking '/home/dev/ros2_ws/Self-Driving/Section4_Locomotion/bumperbot_ws/install/bumperbot_description/bin'
[6.069s] Level 1:colcon.colcon_core.environment:checking '/home/dev/ros2_ws/Self-Driving/Section4_Locomotion/bumperbot_ws/install/bumperbot_description/lib/pkgconfig/bumperbot_description.pc'
[6.074s] Level 1:colcon.colcon_core.environment:checking '/home/dev/ros2_ws/Self-Driving/Section4_Locomotion/bumperbot_ws/install/bumperbot_description/lib/python3.10/site-packages'
[6.075s] Level 1:colcon.colcon_core.environment:checking '/home/dev/ros2_ws/Self-Driving/Section4_Locomotion/bumperbot_ws/install/bumperbot_description/bin'
[6.077s] INFO:colcon.colcon_core.shell:Creating package script '/home/dev/ros2_ws/Self-Driving/Section4_Locomotion/bumperbot_ws/install/bumperbot_description/share/bumperbot_description/package.ps1'
[6.080s] INFO:colcon.colcon_core.shell:Creating package descriptor '/home/dev/ros2_ws/Self-Driving/Section4_Locomotion/bumperbot_ws/install/bumperbot_description/share/bumperbot_description/package.dsv'
[6.083s] INFO:colcon.colcon_core.shell:Creating package script '/home/dev/ros2_ws/Self-Driving/Section4_Locomotion/bumperbot_ws/install/bumperbot_description/share/bumperbot_description/package.sh'
[6.087s] INFO:colcon.colcon_core.shell:Creating package script '/home/dev/ros2_ws/Self-Driving/Section4_Locomotion/bumperbot_ws/install/bumperbot_description/share/bumperbot_description/package.bash'
[6.090s] INFO:colcon.colcon_core.shell:Creating package script '/home/dev/ros2_ws/Self-Driving/Section4_Locomotion/bumperbot_ws/install/bumperbot_description/share/bumperbot_description/package.zsh'
[6.094s] Level 1:colcon.colcon_core.environment:create_file_with_runtime_dependencies(/home/dev/ros2_ws/Self-Driving/Section4_Locomotion/bumperbot_ws/install/bumperbot_description/share/colcon-core/packages/bumperbot_description)
[6.189s] Level 1:colcon.colcon_core.environment:create_environment_scripts_only(bumperbot_description)
[6.190s] Level 1:colcon.colcon_core.environment:checking '/home/dev/ros2_ws/Self-Driving/Section4_Locomotion/bumperbot_ws/install/bumperbot_description' for CMake module files
[6.193s] Level 1:colcon.colcon_core.environment:checking '/home/dev/ros2_ws/Self-Driving/Section4_Locomotion/bumperbot_ws/install/bumperbot_description' for CMake config files
[6.194s] Level 1:colcon.colcon_core.shell:create_environment_hook('bumperbot_description', 'cmake_prefix_path')
[6.195s] INFO:colcon.colcon_core.shell:Creating environment hook '/home/dev/ros2_ws/Self-Driving/Section4_Locomotion/bumperbot_ws/install/bumperbot_description/share/bumperbot_description/hook/cmake_prefix_path.ps1'
[6.197s] INFO:colcon.colcon_core.shell:Creating environment descriptor '/home/dev/ros2_ws/Self-Driving/Section4_Locomotion/bumperbot_ws/install/bumperbot_description/share/bumperbot_description/hook/cmake_prefix_path.dsv'
[6.199s] INFO:colcon.colcon_core.shell:Creating environment hook '/home/dev/ros2_ws/Self-Driving/Section4_Locomotion/bumperbot_ws/install/bumperbot_description/share/bumperbot_description/hook/cmake_prefix_path.sh'
[6.201s] Level 1:colcon.colcon_core.environment:checking '/home/dev/ros2_ws/Self-Driving/Section4_Locomotion/bumperbot_ws/install/bumperbot_description/bin'
[6.202s] Level 1:colcon.colcon_core.environment:checking '/home/dev/ros2_ws/Self-Driving/Section4_Locomotion/bumperbot_ws/install/bumperbot_description/lib/pkgconfig/bumperbot_description.pc'
[6.203s] Level 1:colcon.colcon_core.environment:checking '/home/dev/ros2_ws/Self-Driving/Section4_Locomotion/bumperbot_ws/install/bumperbot_description/lib/python3.10/site-packages'
[6.203s] Level 1:colcon.colcon_core.environment:checking '/home/dev/ros2_ws/Self-Driving/Section4_Locomotion/bumperbot_ws/install/bumperbot_description/bin'
[6.205s] INFO:colcon.colcon_core.shell:Creating package script '/home/dev/ros2_ws/Self-Driving/Section4_Locomotion/bumperbot_ws/install/bumperbot_description/share/bumperbot_description/package.ps1'
[6.207s] INFO:colcon.colcon_core.shell:Creating package descriptor '/home/dev/ros2_ws/Self-Driving/Section4_Locomotion/bumperbot_ws/install/bumperbot_description/share/bumperbot_description/package.dsv'
[6.209s] INFO:colcon.colcon_core.shell:Creating package script '/home/dev/ros2_ws/Self-Driving/Section4_Locomotion/bumperbot_ws/install/bumperbot_description/share/bumperbot_description/package.sh'
[6.211s] INFO:colcon.colcon_core.shell:Creating package script '/home/dev/ros2_ws/Self-Driving/Section4_Locomotion/bumperbot_ws/install/bumperbot_description/share/bumperbot_description/package.bash'
[6.213s] INFO:colcon.colcon_core.shell:Creating package script '/home/dev/ros2_ws/Self-Driving/Section4_Locomotion/bumperbot_ws/install/bumperbot_description/share/bumperbot_description/package.zsh'
[6.216s] Level 1:colcon.colcon_core.environment:create_file_with_runtime_dependencies(/home/dev/ros2_ws/Self-Driving/Section4_Locomotion/bumperbot_ws/install/bumperbot_description/share/colcon-core/packages/bumperbot_description)
[7.166s] Level 1:colcon.colcon_core.environment:checking '/home/dev/ros2_ws/Self-Driving/Section4_Locomotion/bumperbot_ws/install/bumperbot_py_examples' for CMake module files
[7.168s] DEBUG:colcon.colcon_core.event_handler.log_command:Invoked command in '/home/dev/ros2_ws/Self-Driving/Section4_Locomotion/bumperbot_ws/src/bumperbot_py_examples' returned '0': PYTHONPATH=/home/dev/ros2_ws/Self-Driving/Section4_Locomotion/bumperbot_ws/build/bumperbot_py_examples/prefix_override:/usr/lib/python3/dist-packages/colcon_core/task/python/colcon_distutils_commands:/home/dev/ros2_ws/Self-Driving/Section4_Locomotion/bumperbot_ws/install/bumperbot_py_examples/lib/python3.10/site-packages:${PYTHONPATH} /usr/bin/python3 -W ignore:setup.py install is deprecated setup.py egg_info --egg-base ../../build/bumperbot_py_examples build --build-base /home/dev/ros2_ws/Self-Driving/Section4_Locomotion/bumperbot_ws/build/bumperbot_py_examples/build install --record /home/dev/ros2_ws/Self-Driving/Section4_Locomotion/bumperbot_ws/build/bumperbot_py_examples/install.log --single-version-externally-managed install_data
[7.170s] Level 1:colcon.colcon_core.environment:checking '/home/dev/ros2_ws/Self-Driving/Section4_Locomotion/bumperbot_ws/install/bumperbot_py_examples' for CMake config files
[7.172s] Level 1:colcon.colcon_core.environment:checking '/home/dev/ros2_ws/Self-Driving/Section4_Locomotion/bumperbot_ws/install/bumperbot_py_examples/lib'
[7.173s] Level 1:colcon.colcon_core.environment:checking '/home/dev/ros2_ws/Self-Driving/Section4_Locomotion/bumperbot_ws/install/bumperbot_py_examples/bin'
[7.174s] Level 1:colcon.colcon_core.environment:checking '/home/dev/ros2_ws/Self-Driving/Section4_Locomotion/bumperbot_ws/install/bumperbot_py_examples/lib/pkgconfig/bumperbot_py_examples.pc'
[7.175s] Level 1:colcon.colcon_core.environment:checking '/home/dev/ros2_ws/Self-Driving/Section4_Locomotion/bumperbot_ws/install/bumperbot_py_examples/lib/python3.10/site-packages'
[7.175s] Level 1:colcon.colcon_core.shell:create_environment_hook('bumperbot_py_examples', 'pythonpath')
[7.176s] INFO:colcon.colcon_core.shell:Creating environment hook '/home/dev/ros2_ws/Self-Driving/Section4_Locomotion/bumperbot_ws/install/bumperbot_py_examples/share/bumperbot_py_examples/hook/pythonpath.ps1'
[7.185s] INFO:colcon.colcon_core.shell:Creating environment descriptor '/home/dev/ros2_ws/Self-Driving/Section4_Locomotion/bumperbot_ws/install/bumperbot_py_examples/share/bumperbot_py_examples/hook/pythonpath.dsv'
[7.186s] INFO:colcon.colcon_core.shell:Creating environment hook '/home/dev/ros2_ws/Self-Driving/Section4_Locomotion/bumperbot_ws/install/bumperbot_py_examples/share/bumperbot_py_examples/hook/pythonpath.sh'
[7.189s] Level 1:colcon.colcon_core.environment:checking '/home/dev/ros2_ws/Self-Driving/Section4_Locomotion/bumperbot_ws/install/bumperbot_py_examples/bin'
[7.189s] Level 1:colcon.colcon_core.environment:create_environment_scripts_only(bumperbot_py_examples)
[7.191s] INFO:colcon.colcon_core.shell:Creating package script '/home/dev/ros2_ws/Self-Driving/Section4_Locomotion/bumperbot_ws/install/bumperbot_py_examples/share/bumperbot_py_examples/package.ps1'
[7.193s] INFO:colcon.colcon_core.shell:Creating package descriptor '/home/dev/ros2_ws/Self-Driving/Section4_Locomotion/bumperbot_ws/install/bumperbot_py_examples/share/bumperbot_py_examples/package.dsv'
[7.195s] INFO:colcon.colcon_core.shell:Creating package script '/home/dev/ros2_ws/Self-Driving/Section4_Locomotion/bumperbot_ws/install/bumperbot_py_examples/share/bumperbot_py_examples/package.sh'
[7.198s] INFO:colcon.colcon_core.shell:Creating package script '/home/dev/ros2_ws/Self-Driving/Section4_Locomotion/bumperbot_ws/install/bumperbot_py_examples/share/bumperbot_py_examples/package.bash'
[7.200s] INFO:colcon.colcon_core.shell:Creating package script '/home/dev/ros2_ws/Self-Driving/Section4_Locomotion/bumperbot_ws/install/bumperbot_py_examples/share/bumperbot_py_examples/package.zsh'
[7.202s] Level 1:colcon.colcon_core.environment:create_file_with_runtime_dependencies(/home/dev/ros2_ws/Self-Driving/Section4_Locomotion/bumperbot_ws/install/bumperbot_py_examples/share/colcon-core/packages/bumperbot_py_examples)
[7.560s] DEBUG:colcon.colcon_core.event_handler.log_command:Invoked command in '/home/dev/ros2_ws/Self-Driving/Section4_Locomotion/bumperbot_ws/build/bumperbot_cpp_examples' returned '0': CMAKE_PREFIX_PATH=/opt/ros/humble /usr/bin/cmake /home/dev/ros2_ws/Self-Driving/Section4_Locomotion/bumperbot_ws/src/bumperbot_cpp_examples -DCMAKE_INSTALL_PREFIX=/home/dev/ros2_ws/Self-Driving/Section4_Locomotion/bumperbot_ws/install/bumperbot_cpp_examples
[7.566s] DEBUG:colcon.colcon_core.event_handler.log_command:Invoking command in '/home/dev/ros2_ws/Self-Driving/Section4_Locomotion/bumperbot_ws/build/bumperbot_cpp_examples': CMAKE_PREFIX_PATH=/opt/ros/humble /usr/bin/cmake --build /home/dev/ros2_ws/Self-Driving/Section4_Locomotion/bumperbot_ws/build/bumperbot_cpp_examples -- -j4 -l4
[49.960s] DEBUG:colcon.colcon_core.event_handler.log_command:Invoked command in '/home/dev/ros2_ws/Self-Driving/Section4_Locomotion/bumperbot_ws/build/bumperbot_cpp_examples' returned '0': CMAKE_PREFIX_PATH=/opt/ros/humble /usr/bin/cmake --build /home/dev/ros2_ws/Self-Driving/Section4_Locomotion/bumperbot_ws/build/bumperbot_cpp_examples -- -j4 -l4
[50.068s] DEBUG:colcon.colcon_core.event_handler.log_command:Invoking command in '/home/dev/ros2_ws/Self-Driving/Section4_Locomotion/bumperbot_ws/build/bumperbot_cpp_examples': CMAKE_PREFIX_PATH=/opt/ros/humble /usr/bin/cmake --install /home/dev/ros2_ws/Self-Driving/Section4_Locomotion/bumperbot_ws/build/bumperbot_cpp_examples
[50.153s] Level 1:colcon.colcon_core.environment:create_environment_scripts_only(bumperbot_cpp_examples)
[50.155s] Level 1:colcon.colcon_core.environment:checking '/home/dev/ros2_ws/Self-Driving/Section4_Locomotion/bumperbot_ws/install/bumperbot_cpp_examples' for CMake module files
[50.156s] DEBUG:colcon.colcon_core.event_handler.log_command:Invoked command in '/home/dev/ros2_ws/Self-Driving/Section4_Locomotion/bumperbot_ws/build/bumperbot_cpp_examples' returned '0': CMAKE_PREFIX_PATH=/opt/ros/humble /usr/bin/cmake --install /home/dev/ros2_ws/Self-Driving/Section4_Locomotion/bumperbot_ws/build/bumperbot_cpp_examples
[50.158s] Level 1:colcon.colcon_core.environment:checking '/home/dev/ros2_ws/Self-Driving/Section4_Locomotion/bumperbot_ws/install/bumperbot_cpp_examples' for CMake config files
[50.159s] Level 1:colcon.colcon_core.shell:create_environment_hook('bumperbot_cpp_examples', 'cmake_prefix_path')
[50.160s] INFO:colcon.colcon_core.shell:Creating environment hook '/home/dev/ros2_ws/Self-Driving/Section4_Locomotion/bumperbot_ws/install/bumperbot_cpp_examples/share/bumperbot_cpp_examples/hook/cmake_prefix_path.ps1'
[50.161s] INFO:colcon.colcon_core.shell:Creating environment descriptor '/home/dev/ros2_ws/Self-Driving/Section4_Locomotion/bumperbot_ws/install/bumperbot_cpp_examples/share/bumperbot_cpp_examples/hook/cmake_prefix_path.dsv'
[50.163s] INFO:colcon.colcon_core.shell:Creating environment hook '/home/dev/ros2_ws/Self-Driving/Section4_Locomotion/bumperbot_ws/install/bumperbot_cpp_examples/share/bumperbot_cpp_examples/hook/cmake_prefix_path.sh'
[50.165s] Level 1:colcon.colcon_core.environment:checking '/home/dev/ros2_ws/Self-Driving/Section4_Locomotion/bumperbot_ws/install/bumperbot_cpp_examples/lib'
[50.165s] Level 1:colcon.colcon_core.environment:checking '/home/dev/ros2_ws/Self-Driving/Section4_Locomotion/bumperbot_ws/install/bumperbot_cpp_examples/bin'
[50.166s] Level 1:colcon.colcon_core.environment:checking '/home/dev/ros2_ws/Self-Driving/Section4_Locomotion/bumperbot_ws/install/bumperbot_cpp_examples/lib/pkgconfig/bumperbot_cpp_examples.pc'
[50.166s] Level 1:colcon.colcon_core.environment:checking '/home/dev/ros2_ws/Self-Driving/Section4_Locomotion/bumperbot_ws/install/bumperbot_cpp_examples/lib/python3.10/site-packages'
[50.167s] Level 1:colcon.colcon_core.environment:checking '/home/dev/ros2_ws/Self-Driving/Section4_Locomotion/bumperbot_ws/install/bumperbot_cpp_examples/bin'
[50.169s] INFO:colcon.colcon_core.shell:Creating package script '/home/dev/ros2_ws/Self-Driving/Section4_Locomotion/bumperbot_ws/install/bumperbot_cpp_examples/share/bumperbot_cpp_examples/package.ps1'
[50.170s] INFO:colcon.colcon_core.shell:Creating package descriptor '/home/dev/ros2_ws/Self-Driving/Section4_Locomotion/bumperbot_ws/install/bumperbot_cpp_examples/share/bumperbot_cpp_examples/package.dsv'
[50.172s] INFO:colcon.colcon_core.shell:Creating package script '/home/dev/ros2_ws/Self-Driving/Section4_Locomotion/bumperbot_ws/install/bumperbot_cpp_examples/share/bumperbot_cpp_examples/package.sh'
[50.174s] INFO:colcon.colcon_core.shell:Creating package script '/home/dev/ros2_ws/Self-Driving/Section4_Locomotion/bumperbot_ws/install/bumperbot_cpp_examples/share/bumperbot_cpp_examples/package.bash'
[50.175s] INFO:colcon.colcon_core.shell:Creating package script '/home/dev/ros2_ws/Self-Driving/Section4_Locomotion/bumperbot_ws/install/bumperbot_cpp_examples/share/bumperbot_cpp_examples/package.zsh'
[50.177s] Level 1:colcon.colcon_core.environment:create_file_with_runtime_dependencies(/home/dev/ros2_ws/Self-Driving/Section4_Locomotion/bumperbot_ws/install/bumperbot_cpp_examples/share/colcon-core/packages/bumperbot_cpp_examples)
[50.281s] Level 1:colcon.colcon_core.environment:create_environment_scripts_only(bumperbot_cpp_examples)
[50.283s] Level 1:colcon.colcon_core.environment:checking '/home/dev/ros2_ws/Self-Driving/Section4_Locomotion/bumperbot_ws/install/bumperbot_cpp_examples' for CMake module files
[50.287s] Level 1:colcon.colcon_core.environment:checking '/home/dev/ros2_ws/Self-Driving/Section4_Locomotion/bumperbot_ws/install/bumperbot_cpp_examples' for CMake config files
[50.288s] Level 1:colcon.colcon_core.shell:create_environment_hook('bumperbot_cpp_examples', 'cmake_prefix_path')
[50.289s] INFO:colcon.colcon_core.shell:Creating environment hook '/home/dev/ros2_ws/Self-Driving/Section4_Locomotion/bumperbot_ws/install/bumperbot_cpp_examples/share/bumperbot_cpp_examples/hook/cmake_prefix_path.ps1'
[50.291s] INFO:colcon.colcon_core.shell:Creating environment descriptor '/home/dev/ros2_ws/Self-Driving/Section4_Locomotion/bumperbot_ws/install/bumperbot_cpp_examples/share/bumperbot_cpp_examples/hook/cmake_prefix_path.dsv'
[50.293s] INFO:colcon.colcon_core.shell:Creating environment hook '/home/dev/ros2_ws/Self-Driving/Section4_Locomotion/bumperbot_ws/install/bumperbot_cpp_examples/share/bumperbot_cpp_examples/hook/cmake_prefix_path.sh'
[50.296s] Level 1:colcon.colcon_core.environment:checking '/home/dev/ros2_ws/Self-Driving/Section4_Locomotion/bumperbot_ws/install/bumperbot_cpp_examples/lib'
[50.300s] Level 1:colcon.colcon_core.environment:checking '/home/dev/ros2_ws/Self-Driving/Section4_Locomotion/bumperbot_ws/install/bumperbot_cpp_examples/bin'
[50.300s] Level 1:colcon.colcon_core.environment:checking '/home/dev/ros2_ws/Self-Driving/Section4_Locomotion/bumperbot_ws/install/bumperbot_cpp_examples/lib/pkgconfig/bumperbot_cpp_examples.pc'
[50.301s] Level 1:colcon.colcon_core.environment:checking '/home/dev/ros2_ws/Self-Driving/Section4_Locomotion/bumperbot_ws/install/bumperbot_cpp_examples/lib/python3.10/site-packages'
[50.302s] Level 1:colcon.colcon_core.environment:checking '/home/dev/ros2_ws/Self-Driving/Section4_Locomotion/bumperbot_ws/install/bumperbot_cpp_examples/bin'
[50.304s] INFO:colcon.colcon_core.shell:Creating package script '/home/dev/ros2_ws/Self-Driving/Section4_Locomotion/bumperbot_ws/install/bumperbot_cpp_examples/share/bumperbot_cpp_examples/package.ps1'
[50.307s] INFO:colcon.colcon_core.shell:Creating package descriptor '/home/dev/ros2_ws/Self-Driving/Section4_Locomotion/bumperbot_ws/install/bumperbot_cpp_examples/share/bumperbot_cpp_examples/package.dsv'
[50.309s] INFO:colcon.colcon_core.shell:Creating package script '/home/dev/ros2_ws/Self-Driving/Section4_Locomotion/bumperbot_ws/install/bumperbot_cpp_examples/share/bumperbot_cpp_examples/package.sh'
[50.312s] INFO:colcon.colcon_core.shell:Creating package script '/home/dev/ros2_ws/Self-Driving/Section4_Locomotion/bumperbot_ws/install/bumperbot_cpp_examples/share/bumperbot_cpp_examples/package.bash'
[50.315s] INFO:colcon.colcon_core.shell:Creating package script '/home/dev/ros2_ws/Self-Driving/Section4_Locomotion/bumperbot_ws/install/bumperbot_cpp_examples/share/bumperbot_cpp_examples/package.zsh'
[50.319s] Level 1:colcon.colcon_core.environment:create_file_with_runtime_dependencies(/home/dev/ros2_ws/Self-Driving/Section4_Locomotion/bumperbot_ws/install/bumperbot_cpp_examples/share/colcon-core/packages/bumperbot_cpp_examples)
[50.324s] DEBUG:colcon.colcon_parallel_executor.executor.parallel:closing loop
[50.325s] DEBUG:colcon.colcon_parallel_executor.executor.parallel:loop closed
[50.331s] DEBUG:colcon.colcon_parallel_executor.executor.parallel:run_until_complete finished with '0'
[50.331s] DEBUG:colcon.colcon_core.event_reactor:joining thread
[50.399s] INFO:colcon.colcon_core.plugin_system:Skipping extension 'colcon_notification.desktop_notification.terminal_notifier': Not used on non-Darwin systems
[50.400s] INFO:colcon.colcon_core.plugin_system:Skipping extension 'colcon_notification.desktop_notification.win32': Not used on non-Windows systems
[50.400s] INFO:colcon.colcon_notification.desktop_notification:Sending desktop notification using 'notify2'
[50.464s] DEBUG:colcon.colcon_core.event_reactor:joined thread
[50.465s] INFO:colcon.colcon_core.shell:Creating prefix script '/home/dev/ros2_ws/Self-Driving/Section4_Locomotion/bumperbot_ws/install/local_setup.ps1'
[50.469s] INFO:colcon.colcon_core.shell:Creating prefix util module '/home/dev/ros2_ws/Self-Driving/Section4_Locomotion/bumperbot_ws/install/_local_setup_util_ps1.py'
[50.475s] INFO:colcon.colcon_core.shell:Creating prefix chain script '/home/dev/ros2_ws/Self-Driving/Section4_Locomotion/bumperbot_ws/install/setup.ps1'
[50.480s] INFO:colcon.colcon_core.shell:Creating prefix script '/home/dev/ros2_ws/Self-Driving/Section4_Locomotion/bumperbot_ws/install/local_setup.sh'
[50.485s] INFO:colcon.colcon_core.shell:Creating prefix util module '/home/dev/ros2_ws/Self-Driving/Section4_Locomotion/bumperbot_ws/install/_local_setup_util_sh.py'
[50.488s] INFO:colcon.colcon_core.shell:Creating prefix chain script '/home/dev/ros2_ws/Self-Driving/Section4_Locomotion/bumperbot_ws/install/setup.sh'
[50.493s] INFO:colcon.colcon_core.shell:Creating prefix script '/home/dev/ros2_ws/Self-Driving/Section4_Locomotion/bumperbot_ws/install/local_setup.bash'
[50.496s] INFO:colcon.colcon_core.shell:Creating prefix chain script '/home/dev/ros2_ws/Self-Driving/Section4_Locomotion/bumperbot_ws/install/setup.bash'
[50.501s] INFO:colcon.colcon_core.shell:Creating prefix script '/home/dev/ros2_ws/Self-Driving/Section4_Locomotion/bumperbot_ws/install/local_setup.zsh'
[50.504s] INFO:colcon.colcon_core.shell:Creating prefix chain script '/home/dev/ros2_ws/Self-Driving/Section4_Locomotion/bumperbot_ws/install/setup.zsh'
