[0.093s] Invoking command in '/home/dev/ros2_ws/Self-Driving/Section5_Control/bumperbot_ws/build/bumperbot_description': CMAKE_PREFIX_PATH=${CMAKE_PREFIX_PATH}:/opt/ros/humble /usr/bin/cmake --build /home/dev/ros2_ws/Self-Driving/Section5_Control/bumperbot_ws/build/bumperbot_description -- -j4 -l4
[1.534s] Invoked command in '/home/dev/ros2_ws/Self-Driving/Section5_Control/bumperbot_ws/build/bumperbot_description' returned '0': CMAKE_PREFIX_PATH=${CMAKE_PREFIX_PATH}:/opt/ros/humble /usr/bin/cmake --build /home/dev/ros2_ws/Self-Driving/Section5_Control/bumperbot_ws/build/bumperbot_description -- -j4 -l4
[1.780s] Invoking command in '/home/dev/ros2_ws/Self-Driving/Section5_Control/bumperbot_ws/build/bumperbot_description': CMAKE_PREFIX_PATH=${CMAKE_PREFIX_PATH}:/opt/ros/humble /usr/bin/cmake --install /home/dev/ros2_ws/Self-Driving/Section5_Control/bumperbot_ws/build/bumperbot_description
[1.903s] -- Install configuration: ""
[1.912s] -- Up-to-date: /home/dev/ros2_ws/Self-Driving/Section5_Control/bumperbot_ws/install/bumperbot_description/share/bumperbot_description/launch
[1.912s] -- Up-to-date: /home/dev/ros2_ws/Self-Driving/Section5_Control/bumperbot_ws/install/bumperbot_description/share/bumperbot_description/launch/display.launch.py
[1.913s] -- Up-to-date: /home/dev/ros2_ws/Self-Driving/Section5_Control/bumperbot_ws/install/bumperbot_description/share/bumperbot_description/launch/gazebo.launch.py
[1.918s] -- Up-to-date: /home/dev/ros2_ws/Self-Driving/Section5_Control/bumperbot_ws/install/bumperbot_description/share/bumperbot_description/meshes
[1.918s] -- Up-to-date: /home/dev/ros2_ws/Self-Driving/Section5_Control/bumperbot_ws/install/bumperbot_description/share/bumperbot_description/meshes/caster_rear_link.STL
[1.919s] -- Up-to-date: /home/dev/ros2_ws/Self-Driving/Section5_Control/bumperbot_ws/install/bumperbot_description/share/bumperbot_description/meshes/wheel_left_link.STL
[1.919s] -- Up-to-date: /home/dev/ros2_ws/Self-Driving/Section5_Control/bumperbot_ws/install/bumperbot_description/share/bumperbot_description/meshes/base_link.STL
[1.920s] -- Up-to-date: /home/dev/ros2_ws/Self-Driving/Section5_Control/bumperbot_ws/install/bumperbot_description/share/bumperbot_description/meshes/imu_link.STL
[1.927s] -- Up-to-date: /home/dev/ros2_ws/Self-Driving/Section5_Control/bumperbot_ws/install/bumperbot_description/share/bumperbot_description/meshes/wheel_right_link.STL
[1.930s] -- Up-to-date: /home/dev/ros2_ws/Self-Driving/Section5_Control/bumperbot_ws/install/bumperbot_description/share/bumperbot_description/meshes/caster_front_link.STL
[1.931s] -- Up-to-date: /home/dev/ros2_ws/Self-Driving/Section5_Control/bumperbot_ws/install/bumperbot_description/share/bumperbot_description/models
[1.931s] -- Up-to-date: /home/dev/ros2_ws/Self-Driving/Section5_Control/bumperbot_ws/install/bumperbot_description/share/bumperbot_description/models/ground_plane
[1.932s] -- Up-to-date: /home/dev/ros2_ws/Self-Driving/Section5_Control/bumperbot_ws/install/bumperbot_description/share/bumperbot_description/models/ground_plane/model-1_4.sdf
[1.933s] -- Up-to-date: /home/dev/ros2_ws/Self-Driving/Section5_Control/bumperbot_ws/install/bumperbot_description/share/bumperbot_description/models/ground_plane/model-1_2.sdf
[1.934s] -- Up-to-date: /home/dev/ros2_ws/Self-Driving/Section5_Control/bumperbot_ws/install/bumperbot_description/share/bumperbot_description/models/ground_plane/model.config
[1.938s] -- Up-to-date: /home/dev/ros2_ws/Self-Driving/Section5_Control/bumperbot_ws/install/bumperbot_description/share/bumperbot_description/models/ground_plane/model-1_3.sdf
[1.939s] -- Up-to-date: /home/dev/ros2_ws/Self-Driving/Section5_Control/bumperbot_ws/install/bumperbot_description/share/bumperbot_description/models/ground_plane/model.sdf
[1.939s] -- Up-to-date: /home/dev/ros2_ws/Self-Driving/Section5_Control/bumperbot_ws/install/bumperbot_description/share/bumperbot_description/models/sun
[1.940s] -- Up-to-date: /home/dev/ros2_ws/Self-Driving/Section5_Control/bumperbot_ws/install/bumperbot_description/share/bumperbot_description/models/sun/model-1_4.sdf
[1.940s] -- Up-to-date: /home/dev/ros2_ws/Self-Driving/Section5_Control/bumperbot_ws/install/bumperbot_description/share/bumperbot_description/models/sun/model-1_2.sdf
[1.941s] -- Up-to-date: /home/dev/ros2_ws/Self-Driving/Section5_Control/bumperbot_ws/install/bumperbot_description/share/bumperbot_description/models/sun/model.config
[1.943s] -- Up-to-date: /home/dev/ros2_ws/Self-Driving/Section5_Control/bumperbot_ws/install/bumperbot_description/share/bumperbot_description/models/sun/model-1_3.sdf
[1.944s] -- Up-to-date: /home/dev/ros2_ws/Self-Driving/Section5_Control/bumperbot_ws/install/bumperbot_description/share/bumperbot_description/models/sun/model.sdf
[1.944s] -- Up-to-date: /home/dev/ros2_ws/Self-Driving/Section5_Control/bumperbot_ws/install/bumperbot_description/share/bumperbot_description/urdf
[1.945s] -- Up-to-date: /home/dev/ros2_ws/Self-Driving/Section5_Control/bumperbot_ws/install/bumperbot_description/share/bumperbot_description/urdf/bumperbot_gazebo.xacro
[1.945s] -- Up-to-date: /home/dev/ros2_ws/Self-Driving/Section5_Control/bumperbot_ws/install/bumperbot_description/share/bumperbot_description/urdf/bumperbot.urdf.xacro
[1.945s] -- Up-to-date: /home/dev/ros2_ws/Self-Driving/Section5_Control/bumperbot_ws/install/bumperbot_description/share/bumperbot_description/urdf/bumperbot_ros2_control.xacro
[1.946s] -- Up-to-date: /home/dev/ros2_ws/Self-Driving/Section5_Control/bumperbot_ws/install/bumperbot_description/share/bumperbot_description/rviz
[1.949s] -- Up-to-date: /home/dev/ros2_ws/Self-Driving/Section5_Control/bumperbot_ws/install/bumperbot_description/share/bumperbot_description/rviz/display.rviz
[1.950s] -- Up-to-date: /home/dev/ros2_ws/Self-Driving/Section5_Control/bumperbot_ws/install/bumperbot_description/share/ament_index/resource_index/package_run_dependencies/bumperbot_description
[1.950s] -- Up-to-date: /home/dev/ros2_ws/Self-Driving/Section5_Control/bumperbot_ws/install/bumperbot_description/share/ament_index/resource_index/parent_prefix_path/bumperbot_description
[1.951s] -- Up-to-date: /home/dev/ros2_ws/Self-Driving/Section5_Control/bumperbot_ws/install/bumperbot_description/share/bumperbot_description/environment/ament_prefix_path.sh
[1.951s] -- Up-to-date: /home/dev/ros2_ws/Self-Driving/Section5_Control/bumperbot_ws/install/bumperbot_description/share/bumperbot_description/environment/ament_prefix_path.dsv
[1.952s] -- Up-to-date: /home/dev/ros2_ws/Self-Driving/Section5_Control/bumperbot_ws/install/bumperbot_description/share/bumperbot_description/environment/path.sh
[1.957s] -- Up-to-date: /home/dev/ros2_ws/Self-Driving/Section5_Control/bumperbot_ws/install/bumperbot_description/share/bumperbot_description/environment/path.dsv
[1.958s] -- Up-to-date: /home/dev/ros2_ws/Self-Driving/Section5_Control/bumperbot_ws/install/bumperbot_description/share/bumperbot_description/local_setup.bash
[1.958s] -- Up-to-date: /home/dev/ros2_ws/Self-Driving/Section5_Control/bumperbot_ws/install/bumperbot_description/share/bumperbot_description/local_setup.sh
[1.959s] -- Up-to-date: /home/dev/ros2_ws/Self-Driving/Section5_Control/bumperbot_ws/install/bumperbot_description/share/bumperbot_description/local_setup.zsh
[1.959s] -- Up-to-date: /home/dev/ros2_ws/Self-Driving/Section5_Control/bumperbot_ws/install/bumperbot_description/share/bumperbot_description/local_setup.dsv
[1.959s] -- Installing: /home/dev/ros2_ws/Self-Driving/Section5_Control/bumperbot_ws/install/bumperbot_description/share/bumperbot_description/package.dsv
[1.964s] -- Up-to-date: /home/dev/ros2_ws/Self-Driving/Section5_Control/bumperbot_ws/install/bumperbot_description/share/ament_index/resource_index/packages/bumperbot_description
[1.964s] -- Up-to-date: /home/dev/ros2_ws/Self-Driving/Section5_Control/bumperbot_ws/install/bumperbot_description/share/bumperbot_description/cmake/bumperbot_descriptionConfig.cmake
[1.965s] -- Up-to-date: /home/dev/ros2_ws/Self-Driving/Section5_Control/bumperbot_ws/install/bumperbot_description/share/bumperbot_description/cmake/bumperbot_descriptionConfig-version.cmake
[1.965s] -- Up-to-date: /home/dev/ros2_ws/Self-Driving/Section5_Control/bumperbot_ws/install/bumperbot_description/share/bumperbot_description/package.xml
[2.031s] Invoked command in '/home/dev/ros2_ws/Self-Driving/Section5_Control/bumperbot_ws/build/bumperbot_description' returned '0': CMAKE_PREFIX_PATH=${CMAKE_PREFIX_PATH}:/opt/ros/humble /usr/bin/cmake --install /home/dev/ros2_ws/Self-Driving/Section5_Control/bumperbot_ws/build/bumperbot_description
