[0.099s] Invoking command in '/home/dev/ros2_ws/Self-Driving/Section7_Differential_Kinematics/build/bumperbot_cpp_examples': CMAKE_PREFIX_PATH=${CMAKE_PREFIX_PATH}:/opt/ros/humble /usr/bin/cmake /home/dev/ros2_ws/Self-Driving/Section7_Differential_Kinematics/bumperbot_ws/src/bumperbot_cpp_examples -DCMAKE_INSTALL_PREFIX=/home/dev/ros2_ws/Self-Driving/Section7_Differential_Kinematics/install/bumperbot_cpp_examples
[0.623s] -- The C compiler identification is GNU 11.4.0
[1.108s] -- The CXX compiler identification is GNU 11.4.0
[1.167s] -- Detecting C compiler ABI info
[1.640s] -- Detecting C compiler ABI info - done
[1.685s] -- Check for working C compiler: /usr/bin/cc - skipped
[1.686s] -- Detecting C compile features
[1.688s] -- Detecting C compile features - done
[1.704s] -- Detecting CXX compiler ABI info
[2.488s] -- Detecting CXX compiler ABI info - done
[2.555s] -- Check for working CXX compiler: /usr/bin/c++ - skipped
[2.566s] -- Detecting CXX compile features
[2.567s] -- Detecting CXX compile features - done
[2.585s] -- Found ament_cmake: 1.3.10 (/opt/ros/humble/share/ament_cmake/cmake)
[3.800s] -- Found Python3: /usr/bin/python3 (found version "3.10.12") found components: Interpreter 
[4.433s] -- Found rclcpp: 16.0.10 (/opt/ros/humble/share/rclcpp/cmake)
[4.701s] -- Found rosidl_generator_c: 3.1.5 (/opt/ros/humble/share/rosidl_generator_c/cmake)
[4.742s] -- Found rosidl_adapter: 3.1.5 (/opt/ros/humble/share/rosidl_adapter/cmake)
[4.812s] -- Found rosidl_generator_cpp: 3.1.5 (/opt/ros/humble/share/rosidl_generator_cpp/cmake)
[4.963s] -- Using all available rosidl_typesupport_c: rosidl_typesupport_fastrtps_c;rosidl_typesupport_introspection_c
[5.154s] -- Using all available rosidl_typesupport_cpp: rosidl_typesupport_fastrtps_cpp;rosidl_typesupport_introspection_cpp
[5.717s] -- Found rmw_implementation_cmake: 6.1.2 (/opt/ros/humble/share/rmw_implementation_cmake/cmake)
[5.800s] -- Found rmw_fastrtps_cpp: 6.2.7 (/opt/ros/humble/share/rmw_fastrtps_cpp/cmake)
[7.028s] -- Found OpenSSL: /usr/lib/x86_64-linux-gnu/libcrypto.so (found version "3.0.2")  
[7.207s] -- Found FastRTPS: /opt/ros/humble/include  
[7.535s] -- Using RMW implementation 'rmw_fastrtps_cpp' as default
[7.629s] -- Looking for pthread.h
[8.518s] -- Looking for pthread.h - found
[8.521s] -- Performing Test CMAKE_HAVE_LIBC_PTHREAD
[9.385s] -- Performing Test CMAKE_HAVE_LIBC_PTHREAD - Success
[9.391s] -- Found Threads: TRUE  
[10.040s] -- Found turtlesim: 1.4.2 (/opt/ros/humble/share/turtlesim/cmake)
[10.963s] -- Configuring done
[11.141s] -- Generating done
[11.156s] -- Build files have been written to: /home/dev/ros2_ws/Self-Driving/Section7_Differential_Kinematics/build/bumperbot_cpp_examples
[11.235s] Invoked command in '/home/dev/ros2_ws/Self-Driving/Section7_Differential_Kinematics/build/bumperbot_cpp_examples' returned '0': CMAKE_PREFIX_PATH=${CMAKE_PREFIX_PATH}:/opt/ros/humble /usr/bin/cmake /home/dev/ros2_ws/Self-Driving/Section7_Differential_Kinematics/bumperbot_ws/src/bumperbot_cpp_examples -DCMAKE_INSTALL_PREFIX=/home/dev/ros2_ws/Self-Driving/Section7_Differential_Kinematics/install/bumperbot_cpp_examples
[11.246s] Invoking command in '/home/dev/ros2_ws/Self-Driving/Section7_Differential_Kinematics/build/bumperbot_cpp_examples': CMAKE_PREFIX_PATH=${CMAKE_PREFIX_PATH}:/opt/ros/humble /usr/bin/cmake --build /home/dev/ros2_ws/Self-Driving/Section7_Differential_Kinematics/build/bumperbot_cpp_examples -- -j4 -l4
[11.718s] [ 12%] [32mBuilding CXX object CMakeFiles/simple_subscriber.dir/src/simple_subscriber.cpp.o[0m
[11.798s] [ 25%] [32mBuilding CXX object CMakeFiles/simple_publisher.dir/src/simple_publisher.cpp.o[0m
[11.815s] [ 37%] [32mBuilding CXX object CMakeFiles/simple_turtlesim_kinematics.dir/src/simple_turtlesim_kinematics.cpp.o[0m
[11.815s] [ 50%] [32mBuilding CXX object CMakeFiles/simple_parameter.dir/src/simple_parameter.cpp.o[0m
[40.442s] [ 62%] [32m[1mLinking CXX executable simple_parameter[0m
[41.755s] [ 62%] Built target simple_parameter
[46.725s] [ 75%] [32m[1mLinking CXX executable simple_publisher[0m
[48.256s] [ 75%] Built target simple_publisher
[63.640s] [ 87%] [32m[1mLinking CXX executable simple_subscriber[0m
[65.780s] [ 87%] Built target simple_subscriber
[66.694s] [100%] [32m[1mLinking CXX executable simple_turtlesim_kinematics[0m
[68.836s] [100%] Built target simple_turtlesim_kinematics
[68.885s] Invoked command in '/home/dev/ros2_ws/Self-Driving/Section7_Differential_Kinematics/build/bumperbot_cpp_examples' returned '0': CMAKE_PREFIX_PATH=${CMAKE_PREFIX_PATH}:/opt/ros/humble /usr/bin/cmake --build /home/dev/ros2_ws/Self-Driving/Section7_Differential_Kinematics/build/bumperbot_cpp_examples -- -j4 -l4
[69.115s] Invoking command in '/home/dev/ros2_ws/Self-Driving/Section7_Differential_Kinematics/build/bumperbot_cpp_examples': CMAKE_PREFIX_PATH=${CMAKE_PREFIX_PATH}:/opt/ros/humble /usr/bin/cmake --install /home/dev/ros2_ws/Self-Driving/Section7_Differential_Kinematics/build/bumperbot_cpp_examples
[69.147s] -- Install configuration: ""
[69.147s] -- Installing: /home/dev/ros2_ws/Self-Driving/Section7_Differential_Kinematics/install/bumperbot_cpp_examples/include/include
[69.148s] -- Installing: /home/dev/ros2_ws/Self-Driving/Section7_Differential_Kinematics/install/bumperbot_cpp_examples/include/include/bumperbot_cpp_examples
[69.149s] -- Installing: /home/dev/ros2_ws/Self-Driving/Section7_Differential_Kinematics/install/bumperbot_cpp_examples/include/include/bumperbot_cpp_examples/simple_turtlesim_kinematics.hpp
[69.150s] -- Installing: /home/dev/ros2_ws/Self-Driving/Section7_Differential_Kinematics/install/bumperbot_cpp_examples/lib/bumperbot_cpp_examples/simple_publisher
[69.156s] -- Set runtime path of "/home/dev/ros2_ws/Self-Driving/Section7_Differential_Kinematics/install/bumperbot_cpp_examples/lib/bumperbot_cpp_examples/simple_publisher" to ""
[69.157s] -- Installing: /home/dev/ros2_ws/Self-Driving/Section7_Differential_Kinematics/install/bumperbot_cpp_examples/lib/bumperbot_cpp_examples/simple_subscriber
[69.173s] -- Set runtime path of "/home/dev/ros2_ws/Self-Driving/Section7_Differential_Kinematics/install/bumperbot_cpp_examples/lib/bumperbot_cpp_examples/simple_subscriber" to ""
[69.173s] -- Installing: /home/dev/ros2_ws/Self-Driving/Section7_Differential_Kinematics/install/bumperbot_cpp_examples/lib/bumperbot_cpp_examples/simple_parameter
[69.177s] -- Set runtime path of "/home/dev/ros2_ws/Self-Driving/Section7_Differential_Kinematics/install/bumperbot_cpp_examples/lib/bumperbot_cpp_examples/simple_parameter" to ""
[69.178s] -- Installing: /home/dev/ros2_ws/Self-Driving/Section7_Differential_Kinematics/install/bumperbot_cpp_examples/lib/bumperbot_cpp_examples/simple_turtlesim_kinematics
[69.195s] -- Set runtime path of "/home/dev/ros2_ws/Self-Driving/Section7_Differential_Kinematics/install/bumperbot_cpp_examples/lib/bumperbot_cpp_examples/simple_turtlesim_kinematics" to ""
[69.197s] -- Installing: /home/dev/ros2_ws/Self-Driving/Section7_Differential_Kinematics/install/bumperbot_cpp_examples/share/ament_index/resource_index/package_run_dependencies/bumperbot_cpp_examples
[69.198s] -- Installing: /home/dev/ros2_ws/Self-Driving/Section7_Differential_Kinematics/install/bumperbot_cpp_examples/share/ament_index/resource_index/parent_prefix_path/bumperbot_cpp_examples
[69.200s] -- Installing: /home/dev/ros2_ws/Self-Driving/Section7_Differential_Kinematics/install/bumperbot_cpp_examples/share/bumperbot_cpp_examples/environment/ament_prefix_path.sh
[69.200s] -- Installing: /home/dev/ros2_ws/Self-Driving/Section7_Differential_Kinematics/install/bumperbot_cpp_examples/share/bumperbot_cpp_examples/environment/ament_prefix_path.dsv
[69.201s] -- Installing: /home/dev/ros2_ws/Self-Driving/Section7_Differential_Kinematics/install/bumperbot_cpp_examples/share/bumperbot_cpp_examples/environment/path.sh
[69.202s] -- Installing: /home/dev/ros2_ws/Self-Driving/Section7_Differential_Kinematics/install/bumperbot_cpp_examples/share/bumperbot_cpp_examples/environment/path.dsv
[69.204s] -- Installing: /home/dev/ros2_ws/Self-Driving/Section7_Differential_Kinematics/install/bumperbot_cpp_examples/share/bumperbot_cpp_examples/local_setup.bash
[69.205s] -- Installing: /home/dev/ros2_ws/Self-Driving/Section7_Differential_Kinematics/install/bumperbot_cpp_examples/share/bumperbot_cpp_examples/local_setup.sh
[69.206s] -- Installing: /home/dev/ros2_ws/Self-Driving/Section7_Differential_Kinematics/install/bumperbot_cpp_examples/share/bumperbot_cpp_examples/local_setup.zsh
[69.207s] -- Installing: /home/dev/ros2_ws/Self-Driving/Section7_Differential_Kinematics/install/bumperbot_cpp_examples/share/bumperbot_cpp_examples/local_setup.dsv
[69.208s] -- Installing: /home/dev/ros2_ws/Self-Driving/Section7_Differential_Kinematics/install/bumperbot_cpp_examples/share/bumperbot_cpp_examples/package.dsv
[69.209s] -- Installing: /home/dev/ros2_ws/Self-Driving/Section7_Differential_Kinematics/install/bumperbot_cpp_examples/share/ament_index/resource_index/packages/bumperbot_cpp_examples
[69.209s] -- Installing: /home/dev/ros2_ws/Self-Driving/Section7_Differential_Kinematics/install/bumperbot_cpp_examples/share/bumperbot_cpp_examples/cmake/bumperbot_cpp_examplesConfig.cmake
[69.210s] -- Installing: /home/dev/ros2_ws/Self-Driving/Section7_Differential_Kinematics/install/bumperbot_cpp_examples/share/bumperbot_cpp_examples/cmake/bumperbot_cpp_examplesConfig-version.cmake
[69.211s] -- Installing: /home/dev/ros2_ws/Self-Driving/Section7_Differential_Kinematics/install/bumperbot_cpp_examples/share/bumperbot_cpp_examples/package.xml
[69.221s] Invoked command in '/home/dev/ros2_ws/Self-Driving/Section7_Differential_Kinematics/build/bumperbot_cpp_examples' returned '0': CMAKE_PREFIX_PATH=${CMAKE_PREFIX_PATH}:/opt/ros/humble /usr/bin/cmake --install /home/dev/ros2_ws/Self-Driving/Section7_Differential_Kinematics/build/bumperbot_cpp_examples
