[0.065s] Invoking command in '/home/dev/ros2_ws/ATech_ws/build/Agrisentenel_Description': CMAKE_PREFIX_PATH=/opt/ros/humble /usr/bin/cmake --build /home/dev/ros2_ws/ATech_ws/build/Agrisentenel_Description -- -j4 -l4
[0.208s] Invoked command in '/home/dev/ros2_ws/ATech_ws/build/Agrisentenel_Description' returned '0': CMAKE_PREFIX_PATH=/opt/ros/humble /usr/bin/cmake --build /home/dev/ros2_ws/ATech_ws/build/Agrisentenel_Description -- -j4 -l4
[0.360s] Invoking command in '/home/dev/ros2_ws/ATech_ws/build/Agrisentenel_Description': CMAKE_PREFIX_PATH=/opt/ros/humble /usr/bin/cmake --install /home/dev/ros2_ws/ATech_ws/build/Agrisentenel_Description
[0.387s] -- Install configuration: ""
[0.388s] -- Up-to-date: /home/dev/ros2_ws/ATech_ws/install/Agrisentenel_Description/share/Agrisentenel_Description/launch
[0.389s] -- Installing: /home/dev/ros2_ws/ATech_ws/install/Agrisentenel_Description/share/Agrisentenel_Description/launch/test.launch.py
[0.389s] -- Up-to-date: /home/dev/ros2_ws/ATech_ws/install/Agrisentenel_Description/share/Agrisentenel_Description/meshes
[0.390s] -- Up-to-date: /home/dev/ros2_ws/ATech_ws/install/Agrisentenel_Description/share/Agrisentenel_Description/models
[0.391s] -- Up-to-date: /home/dev/ros2_ws/ATech_ws/install/Agrisentenel_Description/share/Agrisentenel_Description/urdf
[0.392s] -- Up-to-date: /home/dev/ros2_ws/ATech_ws/install/Agrisentenel_Description/share/Agrisentenel_Description/rviz
[0.392s] -- Up-to-date: /home/dev/ros2_ws/ATech_ws/install/Agrisentenel_Description/share/Agrisentenel_Description/src
[0.393s] -- Up-to-date: /home/dev/ros2_ws/ATech_ws/install/Agrisentenel_Description/share/Agrisentenel_Description/include
[0.394s] -- Up-to-date: /home/dev/ros2_ws/ATech_ws/install/Agrisentenel_Description/share/Agrisentenel_Description/include/Agrisentenel_Description
[0.394s] -- Up-to-date: /home/dev/ros2_ws/ATech_ws/install/Agrisentenel_Description/share/ament_index/resource_index/package_run_dependencies/Agrisentenel_Description
[0.394s] -- Up-to-date: /home/dev/ros2_ws/ATech_ws/install/Agrisentenel_Description/share/ament_index/resource_index/parent_prefix_path/Agrisentenel_Description
[0.395s] -- Up-to-date: /home/dev/ros2_ws/ATech_ws/install/Agrisentenel_Description/share/Agrisentenel_Description/environment/ament_prefix_path.sh
[0.395s] -- Up-to-date: /home/dev/ros2_ws/ATech_ws/install/Agrisentenel_Description/share/Agrisentenel_Description/environment/ament_prefix_path.dsv
[0.398s] -- Up-to-date: /home/dev/ros2_ws/ATech_ws/install/Agrisentenel_Description/share/Agrisentenel_Description/environment/path.sh
[0.401s] -- Up-to-date: /home/dev/ros2_ws/ATech_ws/install/Agrisentenel_Description/share/Agrisentenel_Description/environment/path.dsv
[0.402s] -- Up-to-date: /home/dev/ros2_ws/ATech_ws/install/Agrisentenel_Description/share/Agrisentenel_Description/local_setup.bash
[0.403s] -- Up-to-date: /home/dev/ros2_ws/ATech_ws/install/Agrisentenel_Description/share/Agrisentenel_Description/local_setup.sh
[0.404s] -- Up-to-date: /home/dev/ros2_ws/ATech_ws/install/Agrisentenel_Description/share/Agrisentenel_Description/local_setup.zsh
[0.404s] -- Up-to-date: /home/dev/ros2_ws/ATech_ws/install/Agrisentenel_Description/share/Agrisentenel_Description/local_setup.dsv
[0.405s] -- Installing: /home/dev/ros2_ws/ATech_ws/install/Agrisentenel_Description/share/Agrisentenel_Description/package.dsv
[0.406s] -- Up-to-date: /home/dev/ros2_ws/ATech_ws/install/Agrisentenel_Description/share/ament_index/resource_index/packages/Agrisentenel_Description
[0.407s] -- Up-to-date: /home/dev/ros2_ws/ATech_ws/install/Agrisentenel_Description/share/Agrisentenel_Description/cmake/Agrisentenel_DescriptionConfig.cmake
[0.407s] -- Up-to-date: /home/dev/ros2_ws/ATech_ws/install/Agrisentenel_Description/share/Agrisentenel_Description/cmake/Agrisentenel_DescriptionConfig-version.cmake
[0.408s] -- Up-to-date: /home/dev/ros2_ws/ATech_ws/install/Agrisentenel_Description/share/Agrisentenel_Description/package.xml
[0.409s] Invoked command in '/home/dev/ros2_ws/ATech_ws/build/Agrisentenel_Description' returned '0': CMAKE_PREFIX_PATH=/opt/ros/humble /usr/bin/cmake --install /home/dev/ros2_ws/ATech_ws/build/Agrisentenel_Description
