[0.062s] Invoking command in '/home/dev/ros2_ws/Self-Driving/Section4_Locomotion/bumperbot_ws/build/bumperbot_description': CMAKE_PREFIX_PATH=/opt/ros/humble /usr/bin/cmake /home/dev/ros2_ws/Self-Driving/Section4_Locomotion/bumperbot_ws/src/bumperbot_description -DCMAKE_INSTALL_PREFIX=/home/dev/ros2_ws/Self-Driving/Section4_Locomotion/bumperbot_ws/install/bumperbot_description
[0.460s] -- The C compiler identification is GNU 11.4.0
[0.841s] -- The CXX compiler identification is GNU 11.4.0
[0.873s] -- Detecting C compiler ABI info
[1.162s] -- Detecting C compiler ABI info - done
[1.212s] -- Check for working C compiler: /usr/bin/cc - skipped
[1.229s] -- Detecting C compile features
[1.234s] -- Detecting C compile features - done
[1.251s] -- Detecting CXX compiler ABI info
[1.613s] -- Detecting CXX compiler ABI info - done
[1.660s] -- Check for working CXX compiler: /usr/bin/c++ - skipped
[1.662s] -- Detecting CXX compile features
[1.668s] -- Detecting CXX compile features - done
[1.679s] -- Found ament_cmake: 1.3.10 (/opt/ros/humble/share/ament_cmake/cmake)
[2.305s] -- Found Python3: /usr/bin/python3 (found version "3.10.12") found components: Interpreter 
[2.684s] -- Found urdf: 2.6.1 (/opt/ros/humble/share/urdf/cmake)
[2.907s] -- Found ament_lint_auto: 0.12.11 (/opt/ros/humble/share/ament_lint_auto/cmake)
[3.373s] -- Added test 'copyright' to check source files copyright and LICENSE
[3.396s] -- Added test 'flake8' to check Python code syntax and style conventions
[3.400s] -- Added test 'lint_cmake' to check CMake code style
[3.408s] -- Added test 'pep257' to check Python code against some of the docstring style conventions in PEP 257
[3.419s] -- Added test 'xmllint' to check XML markup files
[3.426s] -- Configuring done
[3.444s] -- Generating done
[3.451s] -- Build files have been written to: /home/dev/ros2_ws/Self-Driving/Section4_Locomotion/bumperbot_ws/build/bumperbot_description
[3.490s] Invoked command in '/home/dev/ros2_ws/Self-Driving/Section4_Locomotion/bumperbot_ws/build/bumperbot_description' returned '0': CMAKE_PREFIX_PATH=/opt/ros/humble /usr/bin/cmake /home/dev/ros2_ws/Self-Driving/Section4_Locomotion/bumperbot_ws/src/bumperbot_description -DCMAKE_INSTALL_PREFIX=/home/dev/ros2_ws/Self-Driving/Section4_Locomotion/bumperbot_ws/install/bumperbot_description
[3.492s] Invoking command in '/home/dev/ros2_ws/Self-Driving/Section4_Locomotion/bumperbot_ws/build/bumperbot_description': CMAKE_PREFIX_PATH=/opt/ros/humble /usr/bin/cmake --build /home/dev/ros2_ws/Self-Driving/Section4_Locomotion/bumperbot_ws/build/bumperbot_description -- -j4 -l4
[3.620s] Invoked command in '/home/dev/ros2_ws/Self-Driving/Section4_Locomotion/bumperbot_ws/build/bumperbot_description' returned '0': CMAKE_PREFIX_PATH=/opt/ros/humble /usr/bin/cmake --build /home/dev/ros2_ws/Self-Driving/Section4_Locomotion/bumperbot_ws/build/bumperbot_description -- -j4 -l4
[3.736s] Invoking command in '/home/dev/ros2_ws/Self-Driving/Section4_Locomotion/bumperbot_ws/build/bumperbot_description': CMAKE_PREFIX_PATH=/opt/ros/humble /usr/bin/cmake --install /home/dev/ros2_ws/Self-Driving/Section4_Locomotion/bumperbot_ws/build/bumperbot_description
[3.765s] -- Install configuration: ""
[3.766s] -- Installing: /home/dev/ros2_ws/Self-Driving/Section4_Locomotion/bumperbot_ws/install/bumperbot_description/share/bumperbot_description/launch
[3.767s] -- Installing: /home/dev/ros2_ws/Self-Driving/Section4_Locomotion/bumperbot_ws/install/bumperbot_description/share/bumperbot_description/launch/display.launch.py
[3.769s] -- Installing: /home/dev/ros2_ws/Self-Driving/Section4_Locomotion/bumperbot_ws/install/bumperbot_description/share/bumperbot_description/launch/gazebo.launch.py
[3.771s] -- Installing: /home/dev/ros2_ws/Self-Driving/Section4_Locomotion/bumperbot_ws/install/bumperbot_description/share/bumperbot_description/meshes
[3.772s] -- Installing: /home/dev/ros2_ws/Self-Driving/Section4_Locomotion/bumperbot_ws/install/bumperbot_description/share/bumperbot_description/meshes/caster_rear_link.STL
[3.777s] -- Installing: /home/dev/ros2_ws/Self-Driving/Section4_Locomotion/bumperbot_ws/install/bumperbot_description/share/bumperbot_description/meshes/wheel_left_link.STL
[3.788s] -- Installing: /home/dev/ros2_ws/Self-Driving/Section4_Locomotion/bumperbot_ws/install/bumperbot_description/share/bumperbot_description/meshes/base_link.STL
[3.888s] -- Installing: /home/dev/ros2_ws/Self-Driving/Section4_Locomotion/bumperbot_ws/install/bumperbot_description/share/bumperbot_description/meshes/imu_link.STL
[3.892s] -- Installing: /home/dev/ros2_ws/Self-Driving/Section4_Locomotion/bumperbot_ws/install/bumperbot_description/share/bumperbot_description/meshes/wheel_right_link.STL
[3.902s] -- Installing: /home/dev/ros2_ws/Self-Driving/Section4_Locomotion/bumperbot_ws/install/bumperbot_description/share/bumperbot_description/meshes/caster_front_link.STL
[3.907s] -- Installing: /home/dev/ros2_ws/Self-Driving/Section4_Locomotion/bumperbot_ws/install/bumperbot_description/share/bumperbot_description/models
[3.908s] -- Installing: /home/dev/ros2_ws/Self-Driving/Section4_Locomotion/bumperbot_ws/install/bumperbot_description/share/bumperbot_description/models/ground_plane
[3.910s] -- Installing: /home/dev/ros2_ws/Self-Driving/Section4_Locomotion/bumperbot_ws/install/bumperbot_description/share/bumperbot_description/models/ground_plane/model-1_4.sdf
[3.911s] -- Installing: /home/dev/ros2_ws/Self-Driving/Section4_Locomotion/bumperbot_ws/install/bumperbot_description/share/bumperbot_description/models/ground_plane/model-1_2.sdf
[3.913s] -- Installing: /home/dev/ros2_ws/Self-Driving/Section4_Locomotion/bumperbot_ws/install/bumperbot_description/share/bumperbot_description/models/ground_plane/model.config
[3.915s] -- Installing: /home/dev/ros2_ws/Self-Driving/Section4_Locomotion/bumperbot_ws/install/bumperbot_description/share/bumperbot_description/models/ground_plane/model-1_3.sdf
[3.917s] -- Installing: /home/dev/ros2_ws/Self-Driving/Section4_Locomotion/bumperbot_ws/install/bumperbot_description/share/bumperbot_description/models/ground_plane/model.sdf
[3.920s] -- Installing: /home/dev/ros2_ws/Self-Driving/Section4_Locomotion/bumperbot_ws/install/bumperbot_description/share/bumperbot_description/models/sun
[3.921s] -- Installing: /home/dev/ros2_ws/Self-Driving/Section4_Locomotion/bumperbot_ws/install/bumperbot_description/share/bumperbot_description/models/sun/model-1_4.sdf
[3.923s] -- Installing: /home/dev/ros2_ws/Self-Driving/Section4_Locomotion/bumperbot_ws/install/bumperbot_description/share/bumperbot_description/models/sun/model-1_2.sdf
[3.925s] -- Installing: /home/dev/ros2_ws/Self-Driving/Section4_Locomotion/bumperbot_ws/install/bumperbot_description/share/bumperbot_description/models/sun/model.config
[3.927s] -- Installing: /home/dev/ros2_ws/Self-Driving/Section4_Locomotion/bumperbot_ws/install/bumperbot_description/share/bumperbot_description/models/sun/model-1_3.sdf
[3.928s] -- Installing: /home/dev/ros2_ws/Self-Driving/Section4_Locomotion/bumperbot_ws/install/bumperbot_description/share/bumperbot_description/models/sun/model.sdf
[3.930s] -- Installing: /home/dev/ros2_ws/Self-Driving/Section4_Locomotion/bumperbot_ws/install/bumperbot_description/share/bumperbot_description/urdf
[3.931s] -- Installing: /home/dev/ros2_ws/Self-Driving/Section4_Locomotion/bumperbot_ws/install/bumperbot_description/share/bumperbot_description/urdf/bumperbot_gazebo.xacro
[3.933s] -- Installing: /home/dev/ros2_ws/Self-Driving/Section4_Locomotion/bumperbot_ws/install/bumperbot_description/share/bumperbot_description/urdf/bumperbot.urdf.xacro
[3.935s] -- Installing: /home/dev/ros2_ws/Self-Driving/Section4_Locomotion/bumperbot_ws/install/bumperbot_description/share/bumperbot_description/rviz
[3.936s] -- Installing: /home/dev/ros2_ws/Self-Driving/Section4_Locomotion/bumperbot_ws/install/bumperbot_description/share/bumperbot_description/rviz/display.rviz
[3.938s] -- Installing: /home/dev/ros2_ws/Self-Driving/Section4_Locomotion/bumperbot_ws/install/bumperbot_description/share/ament_index/resource_index/package_run_dependencies/bumperbot_description
[3.940s] -- Installing: /home/dev/ros2_ws/Self-Driving/Section4_Locomotion/bumperbot_ws/install/bumperbot_description/share/ament_index/resource_index/parent_prefix_path/bumperbot_description
[3.943s] -- Installing: /home/dev/ros2_ws/Self-Driving/Section4_Locomotion/bumperbot_ws/install/bumperbot_description/share/bumperbot_description/environment/ament_prefix_path.sh
[3.944s] -- Installing: /home/dev/ros2_ws/Self-Driving/Section4_Locomotion/bumperbot_ws/install/bumperbot_description/share/bumperbot_description/environment/ament_prefix_path.dsv
[3.946s] -- Installing: /home/dev/ros2_ws/Self-Driving/Section4_Locomotion/bumperbot_ws/install/bumperbot_description/share/bumperbot_description/environment/path.sh
[3.948s] -- Installing: /home/dev/ros2_ws/Self-Driving/Section4_Locomotion/bumperbot_ws/install/bumperbot_description/share/bumperbot_description/environment/path.dsv
[3.949s] -- Installing: /home/dev/ros2_ws/Self-Driving/Section4_Locomotion/bumperbot_ws/install/bumperbot_description/share/bumperbot_description/local_setup.bash
[3.951s] -- Installing: /home/dev/ros2_ws/Self-Driving/Section4_Locomotion/bumperbot_ws/install/bumperbot_description/share/bumperbot_description/local_setup.sh
[3.952s] -- Installing: /home/dev/ros2_ws/Self-Driving/Section4_Locomotion/bumperbot_ws/install/bumperbot_description/share/bumperbot_description/local_setup.zsh
[3.954s] -- Installing: /home/dev/ros2_ws/Self-Driving/Section4_Locomotion/bumperbot_ws/install/bumperbot_description/share/bumperbot_description/local_setup.dsv
[3.956s] -- Installing: /home/dev/ros2_ws/Self-Driving/Section4_Locomotion/bumperbot_ws/install/bumperbot_description/share/bumperbot_description/package.dsv
[3.958s] -- Installing: /home/dev/ros2_ws/Self-Driving/Section4_Locomotion/bumperbot_ws/install/bumperbot_description/share/ament_index/resource_index/packages/bumperbot_description
[3.959s] -- Installing: /home/dev/ros2_ws/Self-Driving/Section4_Locomotion/bumperbot_ws/install/bumperbot_description/share/bumperbot_description/cmake/bumperbot_descriptionConfig.cmake
[3.961s] -- Installing: /home/dev/ros2_ws/Self-Driving/Section4_Locomotion/bumperbot_ws/install/bumperbot_description/share/bumperbot_description/cmake/bumperbot_descriptionConfig-version.cmake
[3.962s] -- Installing: /home/dev/ros2_ws/Self-Driving/Section4_Locomotion/bumperbot_ws/install/bumperbot_description/share/bumperbot_description/package.xml
[3.977s] Invoked command in '/home/dev/ros2_ws/Self-Driving/Section4_Locomotion/bumperbot_ws/build/bumperbot_description' returned '0': CMAKE_PREFIX_PATH=/opt/ros/humble /usr/bin/cmake --install /home/dev/ros2_ws/Self-Driving/Section4_Locomotion/bumperbot_ws/build/bumperbot_description
