[0.066s] Invoking command in '/home/dev/ros2_ws/ATech_ws/build/Agrisentenel_Description': CMAKE_PREFIX_PATH=/opt/ros/humble /usr/bin/cmake --build /home/dev/ros2_ws/ATech_ws/build/Agrisentenel_Description -- -j4 -l4
[0.220s] Invoked command in '/home/dev/ros2_ws/ATech_ws/build/Agrisentenel_Description' returned '0': CMAKE_PREFIX_PATH=/opt/ros/humble /usr/bin/cmake --build /home/dev/ros2_ws/ATech_ws/build/Agrisentenel_Description -- -j4 -l4
[0.373s] Invoking command in '/home/dev/ros2_ws/ATech_ws/build/Agrisentenel_Description': CMAKE_PREFIX_PATH=/opt/ros/humble /usr/bin/cmake --install /home/dev/ros2_ws/ATech_ws/build/Agrisentenel_Description
[0.405s] -- Install configuration: ""
[0.408s] -- Up-to-date: /home/dev/ros2_ws/ATech_ws/install/Agrisentenel_Description/share/Agrisentenel_Description/launch
[0.409s] -- Installing: /home/dev/ros2_ws/ATech_ws/install/Agrisentenel_Description/share/Agrisentenel_Description/launch/test.launch.py
[0.409s] -- Up-to-date: /home/dev/ros2_ws/ATech_ws/install/Agrisentenel_Description/share/Agrisentenel_Description/meshes
[0.410s] -- Up-to-date: /home/dev/ros2_ws/ATech_ws/install/Agrisentenel_Description/share/Agrisentenel_Description/models
[0.410s] -- Up-to-date: /home/dev/ros2_ws/ATech_ws/install/Agrisentenel_Description/share/Agrisentenel_Description/urdf
[0.412s] -- Up-to-date: /home/dev/ros2_ws/ATech_ws/install/Agrisentenel_Description/share/Agrisentenel_Description/rviz
[0.415s] -- Up-to-date: /home/dev/ros2_ws/ATech_ws/install/Agrisentenel_Description/share/Agrisentenel_Description/src
[0.416s] -- Up-to-date: /home/dev/ros2_ws/ATech_ws/install/Agrisentenel_Description/share/Agrisentenel_Description/include
[0.417s] -- Up-to-date: /home/dev/ros2_ws/ATech_ws/install/Agrisentenel_Description/share/Agrisentenel_Description/include/Agrisentenel_Description
[0.417s] -- Up-to-date: /home/dev/ros2_ws/ATech_ws/install/Agrisentenel_Description/share/ament_index/resource_index/package_run_dependencies/Agrisentenel_Description
[0.418s] -- Up-to-date: /home/dev/ros2_ws/ATech_ws/install/Agrisentenel_Description/share/ament_index/resource_index/parent_prefix_path/Agrisentenel_Description
[0.418s] -- Up-to-date: /home/dev/ros2_ws/ATech_ws/install/Agrisentenel_Description/share/Agrisentenel_Description/environment/ament_prefix_path.sh
[0.419s] -- Up-to-date: /home/dev/ros2_ws/ATech_ws/install/Agrisentenel_Description/share/Agrisentenel_Description/environment/ament_prefix_path.dsv
[0.423s] -- Up-to-date: /home/dev/ros2_ws/ATech_ws/install/Agrisentenel_Description/share/Agrisentenel_Description/environment/path.sh
[0.423s] -- Up-to-date: /home/dev/ros2_ws/ATech_ws/install/Agrisentenel_Description/share/Agrisentenel_Description/environment/path.dsv
[0.424s] -- Up-to-date: /home/dev/ros2_ws/ATech_ws/install/Agrisentenel_Description/share/Agrisentenel_Description/local_setup.bash
[0.425s] -- Up-to-date: /home/dev/ros2_ws/ATech_ws/install/Agrisentenel_Description/share/Agrisentenel_Description/local_setup.sh
[0.425s] -- Up-to-date: /home/dev/ros2_ws/ATech_ws/install/Agrisentenel_Description/share/Agrisentenel_Description/local_setup.zsh
[0.426s] -- Up-to-date: /home/dev/ros2_ws/ATech_ws/install/Agrisentenel_Description/share/Agrisentenel_Description/local_setup.dsv
[0.427s] -- Up-to-date: /home/dev/ros2_ws/ATech_ws/install/Agrisentenel_Description/share/Agrisentenel_Description/package.dsv
[0.431s] -- Up-to-date: /home/dev/ros2_ws/ATech_ws/install/Agrisentenel_Description/share/ament_index/resource_index/packages/Agrisentenel_Description
[0.432s] -- Up-to-date: /home/dev/ros2_ws/ATech_ws/install/Agrisentenel_Description/share/Agrisentenel_Description/cmake/Agrisentenel_DescriptionConfig.cmake
[0.432s] -- Up-to-date: /home/dev/ros2_ws/ATech_ws/install/Agrisentenel_Description/share/Agrisentenel_Description/cmake/Agrisentenel_DescriptionConfig-version.cmake
[0.433s] -- Up-to-date: /home/dev/ros2_ws/ATech_ws/install/Agrisentenel_Description/share/Agrisentenel_Description/package.xml
[0.437s] Invoked command in '/home/dev/ros2_ws/ATech_ws/build/Agrisentenel_Description' returned '0': CMAKE_PREFIX_PATH=/opt/ros/humble /usr/bin/cmake --install /home/dev/ros2_ws/ATech_ws/build/Agrisentenel_Description
