[0.094s] Invoking command in '/home/dev/ros2_ws/Self-Driving/Section7_Differential_Kinematics/build/bumperbot_description': CMAKE_PREFIX_PATH=${CMAKE_PREFIX_PATH}:/opt/ros/humble /usr/bin/cmake /home/dev/ros2_ws/Self-Driving/Section7_Differential_Kinematics/bumperbot_ws/src/bumperbot_description -DCMAKE_INSTALL_PREFIX=/home/dev/ros2_ws/Self-Driving/Section7_Differential_Kinematics/install/bumperbot_description
[0.582s] -- The C compiler identification is GNU 11.4.0
[1.105s] -- The CXX compiler identification is GNU 11.4.0
[1.166s] -- Detecting C compiler ABI info
[1.698s] -- Detecting C compiler ABI info - done
[1.752s] -- Check for working C compiler: /usr/bin/cc - skipped
[1.752s] -- Detecting C compile features
[1.759s] -- Detecting C compile features - done
[1.785s] -- Detecting CXX compiler ABI info
[2.334s] -- Detecting CXX compiler ABI info - done
[2.399s] -- Check for working CXX compiler: /usr/bin/c++ - skipped
[2.400s] -- Detecting CXX compile features
[2.402s] -- Detecting CXX compile features - done
[2.441s] -- Found ament_cmake: 1.3.10 (/opt/ros/humble/share/ament_cmake/cmake)
[3.438s] -- Found Python3: /usr/bin/python3 (found version "3.10.12") found components: Interpreter 
[4.172s] -- Found urdf: 2.6.1 (/opt/ros/humble/share/urdf/cmake)
[4.705s] -- Found ament_lint_auto: 0.12.11 (/opt/ros/humble/share/ament_lint_auto/cmake)
[5.403s] -- Added test 'copyright' to check source files copyright and LICENSE
[5.446s] -- Added test 'flake8' to check Python code syntax and style conventions
[5.450s] -- Added test 'lint_cmake' to check CMake code style
[5.451s] -- Added test 'pep257' to check Python code against some of the docstring style conventions in PEP 257
[5.469s] -- Added test 'xmllint' to check XML markup files
[5.481s] -- Configuring done
[5.502s] -- Generating done
[5.508s] -- Build files have been written to: /home/dev/ros2_ws/Self-Driving/Section7_Differential_Kinematics/build/bumperbot_description
[5.538s] Invoked command in '/home/dev/ros2_ws/Self-Driving/Section7_Differential_Kinematics/build/bumperbot_description' returned '0': CMAKE_PREFIX_PATH=${CMAKE_PREFIX_PATH}:/opt/ros/humble /usr/bin/cmake /home/dev/ros2_ws/Self-Driving/Section7_Differential_Kinematics/bumperbot_ws/src/bumperbot_description -DCMAKE_INSTALL_PREFIX=/home/dev/ros2_ws/Self-Driving/Section7_Differential_Kinematics/install/bumperbot_description
[5.546s] Invoking command in '/home/dev/ros2_ws/Self-Driving/Section7_Differential_Kinematics/build/bumperbot_description': CMAKE_PREFIX_PATH=${CMAKE_PREFIX_PATH}:/opt/ros/humble /usr/bin/cmake --build /home/dev/ros2_ws/Self-Driving/Section7_Differential_Kinematics/build/bumperbot_description -- -j4 -l4
[6.169s] Invoked command in '/home/dev/ros2_ws/Self-Driving/Section7_Differential_Kinematics/build/bumperbot_description' returned '0': CMAKE_PREFIX_PATH=${CMAKE_PREFIX_PATH}:/opt/ros/humble /usr/bin/cmake --build /home/dev/ros2_ws/Self-Driving/Section7_Differential_Kinematics/build/bumperbot_description -- -j4 -l4
[6.556s] Invoking command in '/home/dev/ros2_ws/Self-Driving/Section7_Differential_Kinematics/build/bumperbot_description': CMAKE_PREFIX_PATH=${CMAKE_PREFIX_PATH}:/opt/ros/humble /usr/bin/cmake --install /home/dev/ros2_ws/Self-Driving/Section7_Differential_Kinematics/build/bumperbot_description
[6.644s] -- Install configuration: ""
[6.646s] -- Installing: /home/dev/ros2_ws/Self-Driving/Section7_Differential_Kinematics/install/bumperbot_description/share/bumperbot_description/launch
[6.648s] -- Installing: /home/dev/ros2_ws/Self-Driving/Section7_Differential_Kinematics/install/bumperbot_description/share/bumperbot_description/launch/display.launch.py
[6.652s] -- Installing: /home/dev/ros2_ws/Self-Driving/Section7_Differential_Kinematics/install/bumperbot_description/share/bumperbot_description/launch/gazebo.launch.py
[6.653s] -- Installing: /home/dev/ros2_ws/Self-Driving/Section7_Differential_Kinematics/install/bumperbot_description/share/bumperbot_description/meshes
[6.659s] -- Installing: /home/dev/ros2_ws/Self-Driving/Section7_Differential_Kinematics/install/bumperbot_description/share/bumperbot_description/meshes/caster_rear_link.STL
[6.674s] -- Installing: /home/dev/ros2_ws/Self-Driving/Section7_Differential_Kinematics/install/bumperbot_description/share/bumperbot_description/meshes/wheel_left_link.STL
[6.691s] -- Installing: /home/dev/ros2_ws/Self-Driving/Section7_Differential_Kinematics/install/bumperbot_description/share/bumperbot_description/meshes/base_link.STL
[7.037s] -- Installing: /home/dev/ros2_ws/Self-Driving/Section7_Differential_Kinematics/install/bumperbot_description/share/bumperbot_description/meshes/imu_link.STL
[7.040s] -- Installing: /home/dev/ros2_ws/Self-Driving/Section7_Differential_Kinematics/install/bumperbot_description/share/bumperbot_description/meshes/wheel_right_link.STL
[7.052s] -- Installing: /home/dev/ros2_ws/Self-Driving/Section7_Differential_Kinematics/install/bumperbot_description/share/bumperbot_description/meshes/caster_front_link.STL
[7.059s] -- Installing: /home/dev/ros2_ws/Self-Driving/Section7_Differential_Kinematics/install/bumperbot_description/share/bumperbot_description/models
[7.060s] -- Installing: /home/dev/ros2_ws/Self-Driving/Section7_Differential_Kinematics/install/bumperbot_description/share/bumperbot_description/models/ground_plane
[7.061s] -- Installing: /home/dev/ros2_ws/Self-Driving/Section7_Differential_Kinematics/install/bumperbot_description/share/bumperbot_description/models/ground_plane/model-1_4.sdf
[7.062s] -- Installing: /home/dev/ros2_ws/Self-Driving/Section7_Differential_Kinematics/install/bumperbot_description/share/bumperbot_description/models/ground_plane/model-1_2.sdf
[7.064s] -- Installing: /home/dev/ros2_ws/Self-Driving/Section7_Differential_Kinematics/install/bumperbot_description/share/bumperbot_description/models/ground_plane/model.config
[7.065s] -- Installing: /home/dev/ros2_ws/Self-Driving/Section7_Differential_Kinematics/install/bumperbot_description/share/bumperbot_description/models/ground_plane/model-1_3.sdf
[7.070s] -- Installing: /home/dev/ros2_ws/Self-Driving/Section7_Differential_Kinematics/install/bumperbot_description/share/bumperbot_description/models/ground_plane/model.sdf
[7.071s] -- Installing: /home/dev/ros2_ws/Self-Driving/Section7_Differential_Kinematics/install/bumperbot_description/share/bumperbot_description/models/sun
[7.071s] -- Installing: /home/dev/ros2_ws/Self-Driving/Section7_Differential_Kinematics/install/bumperbot_description/share/bumperbot_description/models/sun/model-1_4.sdf
[7.073s] -- Installing: /home/dev/ros2_ws/Self-Driving/Section7_Differential_Kinematics/install/bumperbot_description/share/bumperbot_description/models/sun/model-1_2.sdf
[7.076s] -- Installing: /home/dev/ros2_ws/Self-Driving/Section7_Differential_Kinematics/install/bumperbot_description/share/bumperbot_description/models/sun/model.config
[7.077s] -- Installing: /home/dev/ros2_ws/Self-Driving/Section7_Differential_Kinematics/install/bumperbot_description/share/bumperbot_description/models/sun/model-1_3.sdf
[7.079s] -- Installing: /home/dev/ros2_ws/Self-Driving/Section7_Differential_Kinematics/install/bumperbot_description/share/bumperbot_description/models/sun/model.sdf
[7.081s] -- Installing: /home/dev/ros2_ws/Self-Driving/Section7_Differential_Kinematics/install/bumperbot_description/share/bumperbot_description/urdf
[7.081s] -- Installing: /home/dev/ros2_ws/Self-Driving/Section7_Differential_Kinematics/install/bumperbot_description/share/bumperbot_description/urdf/bumperbot_gazebo.xacro
[7.086s] -- Installing: /home/dev/ros2_ws/Self-Driving/Section7_Differential_Kinematics/install/bumperbot_description/share/bumperbot_description/urdf/bumperbot.urdf.xacro
[7.086s] -- Installing: /home/dev/ros2_ws/Self-Driving/Section7_Differential_Kinematics/install/bumperbot_description/share/bumperbot_description/urdf/bumperbot_ros2_control.xacro
[7.089s] -- Installing: /home/dev/ros2_ws/Self-Driving/Section7_Differential_Kinematics/install/bumperbot_description/share/bumperbot_description/rviz
[7.090s] -- Installing: /home/dev/ros2_ws/Self-Driving/Section7_Differential_Kinematics/install/bumperbot_description/share/bumperbot_description/rviz/display.rviz
[7.099s] -- Installing: /home/dev/ros2_ws/Self-Driving/Section7_Differential_Kinematics/install/bumperbot_description/share/ament_index/resource_index/package_run_dependencies/bumperbot_description
[7.099s] -- Installing: /home/dev/ros2_ws/Self-Driving/Section7_Differential_Kinematics/install/bumperbot_description/share/ament_index/resource_index/parent_prefix_path/bumperbot_description
[7.101s] -- Installing: /home/dev/ros2_ws/Self-Driving/Section7_Differential_Kinematics/install/bumperbot_description/share/bumperbot_description/environment/ament_prefix_path.sh
[7.112s] -- Installing: /home/dev/ros2_ws/Self-Driving/Section7_Differential_Kinematics/install/bumperbot_description/share/bumperbot_description/environment/ament_prefix_path.dsv
[7.117s] -- Installing: /home/dev/ros2_ws/Self-Driving/Section7_Differential_Kinematics/install/bumperbot_description/share/bumperbot_description/environment/path.sh
[7.117s] -- Installing: /home/dev/ros2_ws/Self-Driving/Section7_Differential_Kinematics/install/bumperbot_description/share/bumperbot_description/environment/path.dsv
[7.128s] -- Installing: /home/dev/ros2_ws/Self-Driving/Section7_Differential_Kinematics/install/bumperbot_description/share/bumperbot_description/local_setup.bash
[7.131s] -- Installing: /home/dev/ros2_ws/Self-Driving/Section7_Differential_Kinematics/install/bumperbot_description/share/bumperbot_description/local_setup.sh
[7.135s] -- Installing: /home/dev/ros2_ws/Self-Driving/Section7_Differential_Kinematics/install/bumperbot_description/share/bumperbot_description/local_setup.zsh
[7.136s] -- Installing: /home/dev/ros2_ws/Self-Driving/Section7_Differential_Kinematics/install/bumperbot_description/share/bumperbot_description/local_setup.dsv
[7.136s] -- Installing: /home/dev/ros2_ws/Self-Driving/Section7_Differential_Kinematics/install/bumperbot_description/share/bumperbot_description/package.dsv
[7.142s] -- Installing: /home/dev/ros2_ws/Self-Driving/Section7_Differential_Kinematics/install/bumperbot_description/share/ament_index/resource_index/packages/bumperbot_description
[7.148s] -- Installing: /home/dev/ros2_ws/Self-Driving/Section7_Differential_Kinematics/install/bumperbot_description/share/bumperbot_description/cmake/bumperbot_descriptionConfig.cmake
[7.150s] -- Installing: /home/dev/ros2_ws/Self-Driving/Section7_Differential_Kinematics/install/bumperbot_description/share/bumperbot_description/cmake/bumperbot_descriptionConfig-version.cmake
[7.156s] -- Installing: /home/dev/ros2_ws/Self-Driving/Section7_Differential_Kinematics/install/bumperbot_description/share/bumperbot_description/package.xml
[7.174s] Invoked command in '/home/dev/ros2_ws/Self-Driving/Section7_Differential_Kinematics/build/bumperbot_description' returned '0': CMAKE_PREFIX_PATH=${CMAKE_PREFIX_PATH}:/opt/ros/humble /usr/bin/cmake --install /home/dev/ros2_ws/Self-Driving/Section7_Differential_Kinematics/build/bumperbot_description
