[0.608s] DEBUG:colcon:Command line arguments: ['/usr/bin/colcon', 'build']
[0.608s] DEBUG:colcon:Parsed command line arguments: Namespace(log_base=None, log_level=None, verb_name='build', build_base='build', install_base='install', merge_install=False, symlink_install=False, test_result_base=None, continue_on_error=False, executor='parallel', parallel_workers=4, event_handlers=None, ignore_user_meta=False, metas=['./colcon.meta'], base_paths=['.'], packages_ignore=None, packages_ignore_regex=None, paths=None, packages_up_to=None, packages_up_to_regex=None, packages_above=None, packages_above_and_dependencies=None, packages_above_depth=None, packages_select_by_dep=None, packages_skip_by_dep=None, packages_skip_up_to=None, packages_select_build_failed=False, packages_skip_build_finished=False, packages_select_test_failures=False, packages_skip_test_passed=False, packages_select=None, packages_skip=None, packages_select_regex=None, packages_skip_regex=None, packages_start=None, packages_end=None, allow_overriding=[], cmake_args=None, cmake_target=None, cmake_target_skip_unavailable=False, cmake_clean_cache=False, cmake_clean_first=False, cmake_force_configure=False, ament_cmake_args=None, catkin_cmake_args=None, catkin_skip_building_tests=False, mixin_files=None, mixin=None, verb_parser=<colcon_mixin.mixin.mixin_argument.MixinArgumentDecorator object at 0x7a1d86088eb0>, verb_extension=<colcon_core.verb.build.BuildVerb object at 0x7a1d8608b040>, main=<bound method BuildVerb.main of <colcon_core.verb.build.BuildVerb object at 0x7a1d8608b040>>, mixin_verb=('build',))
[1.515s] Level 1:colcon.colcon_core.package_discovery:discover_packages(colcon_meta) check parameters
[1.516s] Level 1:colcon.colcon_core.package_discovery:discover_packages(recursive) check parameters
[1.516s] Level 1:colcon.colcon_core.package_discovery:discover_packages(ignore) check parameters
[1.516s] Level 1:colcon.colcon_core.package_discovery:discover_packages(path) check parameters
[1.516s] Level 1:colcon.colcon_core.package_discovery:discover_packages(colcon_meta) discover
[1.516s] Level 1:colcon.colcon_core.package_discovery:discover_packages(recursive) discover
[1.516s] INFO:colcon.colcon_core.package_discovery:Crawling recursively for packages in '/home/dev/ros2_ws/ATech_ws'
[1.517s] Level 1:colcon.colcon_core.package_identification:_identify(.) by extensions ['ignore', 'ignore_ament_install']
[1.517s] Level 1:colcon.colcon_core.package_identification:_identify(.) by extension 'ignore'
[1.517s] Level 1:colcon.colcon_core.package_identification:_identify(.) by extension 'ignore_ament_install'
[1.518s] Level 1:colcon.colcon_core.package_identification:_identify(.) by extensions ['colcon_pkg']
[1.518s] Level 1:colcon.colcon_core.package_identification:_identify(.) by extension 'colcon_pkg'
[1.518s] Level 1:colcon.colcon_core.package_identification:_identify(.) by extensions ['colcon_meta']
[1.518s] Level 1:colcon.colcon_core.package_identification:_identify(.) by extension 'colcon_meta'
[1.518s] Level 1:colcon.colcon_core.package_identification:_identify(.) by extensions ['ros']
[1.519s] Level 1:colcon.colcon_core.package_identification:_identify(.) by extension 'ros'
[1.589s] Level 1:colcon.colcon_core.package_identification:_identify(.) by extensions ['cmake', 'python']
[1.590s] Level 1:colcon.colcon_core.package_identification:_identify(.) by extension 'cmake'
[1.590s] Level 1:colcon.colcon_core.package_identification:_identify(.) by extension 'python'
[1.590s] Level 1:colcon.colcon_core.package_identification:_identify(.) by extensions ['python_setup_py']
[1.590s] Level 1:colcon.colcon_core.package_identification:_identify(.) by extension 'python_setup_py'
[1.591s] Level 1:colcon.colcon_core.package_identification:_identify(build) by extensions ['ignore', 'ignore_ament_install']
[1.591s] Level 1:colcon.colcon_core.package_identification:_identify(build) by extension 'ignore'
[1.591s] Level 1:colcon.colcon_core.package_identification:_identify(build) ignored
[1.592s] Level 1:colcon.colcon_core.package_identification:_identify(install) by extensions ['ignore', 'ignore_ament_install']
[1.592s] Level 1:colcon.colcon_core.package_identification:_identify(install) by extension 'ignore'
[1.593s] Level 1:colcon.colcon_core.package_identification:_identify(install) ignored
[1.593s] Level 1:colcon.colcon_core.package_identification:_identify(log) by extensions ['ignore', 'ignore_ament_install']
[1.594s] Level 1:colcon.colcon_core.package_identification:_identify(log) by extension 'ignore'
[1.594s] Level 1:colcon.colcon_core.package_identification:_identify(log) ignored
[1.594s] Level 1:colcon.colcon_core.package_identification:_identify(src) by extensions ['ignore', 'ignore_ament_install']
[1.595s] Level 1:colcon.colcon_core.package_identification:_identify(src) by extension 'ignore'
[1.595s] Level 1:colcon.colcon_core.package_identification:_identify(src) by extension 'ignore_ament_install'
[1.595s] Level 1:colcon.colcon_core.package_identification:_identify(src) by extensions ['colcon_pkg']
[1.595s] Level 1:colcon.colcon_core.package_identification:_identify(src) by extension 'colcon_pkg'
[1.595s] Level 1:colcon.colcon_core.package_identification:_identify(src) by extensions ['colcon_meta']
[1.596s] Level 1:colcon.colcon_core.package_identification:_identify(src) by extension 'colcon_meta'
[1.596s] Level 1:colcon.colcon_core.package_identification:_identify(src) by extensions ['ros']
[1.596s] Level 1:colcon.colcon_core.package_identification:_identify(src) by extension 'ros'
[1.596s] Level 1:colcon.colcon_core.package_identification:_identify(src) by extensions ['cmake', 'python']
[1.596s] Level 1:colcon.colcon_core.package_identification:_identify(src) by extension 'cmake'
[1.597s] Level 1:colcon.colcon_core.package_identification:_identify(src) by extension 'python'
[1.597s] Level 1:colcon.colcon_core.package_identification:_identify(src) by extensions ['python_setup_py']
[1.597s] Level 1:colcon.colcon_core.package_identification:_identify(src) by extension 'python_setup_py'
[1.597s] Level 1:colcon.colcon_core.package_identification:_identify(src/Agrisentenel_Description) by extensions ['ignore', 'ignore_ament_install']
[1.598s] Level 1:colcon.colcon_core.package_identification:_identify(src/Agrisentenel_Description) by extension 'ignore'
[1.598s] Level 1:colcon.colcon_core.package_identification:_identify(src/Agrisentenel_Description) by extension 'ignore_ament_install'
[1.598s] Level 1:colcon.colcon_core.package_identification:_identify(src/Agrisentenel_Description) by extensions ['colcon_pkg']
[1.599s] Level 1:colcon.colcon_core.package_identification:_identify(src/Agrisentenel_Description) by extension 'colcon_pkg'
[1.599s] Level 1:colcon.colcon_core.package_identification:_identify(src/Agrisentenel_Description) by extensions ['colcon_meta']
[1.599s] Level 1:colcon.colcon_core.package_identification:_identify(src/Agrisentenel_Description) by extension 'colcon_meta'
[1.599s] Level 1:colcon.colcon_core.package_identification:_identify(src/Agrisentenel_Description) by extensions ['ros']
[1.599s] Level 1:colcon.colcon_core.package_identification:_identify(src/Agrisentenel_Description) by extension 'ros'
[1.611s] DEBUG:colcon.colcon_core.package_identification:Package 'src/Agrisentenel_Description' with type 'ros.ament_cmake' and name 'Agrisentenel_Description'
[1.612s] Level 1:colcon.colcon_core.package_identification:_identify(src/my_cpp_pkg) by extensions ['ignore', 'ignore_ament_install']
[1.612s] Level 1:colcon.colcon_core.package_identification:_identify(src/my_cpp_pkg) by extension 'ignore'
[1.612s] Level 1:colcon.colcon_core.package_identification:_identify(src/my_cpp_pkg) by extension 'ignore_ament_install'
[1.613s] Level 1:colcon.colcon_core.package_identification:_identify(src/my_cpp_pkg) by extensions ['colcon_pkg']
[1.613s] Level 1:colcon.colcon_core.package_identification:_identify(src/my_cpp_pkg) by extension 'colcon_pkg'
[1.613s] Level 1:colcon.colcon_core.package_identification:_identify(src/my_cpp_pkg) by extensions ['colcon_meta']
[1.613s] Level 1:colcon.colcon_core.package_identification:_identify(src/my_cpp_pkg) by extension 'colcon_meta'
[1.613s] Level 1:colcon.colcon_core.package_identification:_identify(src/my_cpp_pkg) by extensions ['ros']
[1.613s] Level 1:colcon.colcon_core.package_identification:_identify(src/my_cpp_pkg) by extension 'ros'
[1.617s] DEBUG:colcon.colcon_core.package_identification:Package 'src/my_cpp_pkg' with type 'ros.ament_cmake' and name 'my_cpp_pkg'
[1.617s] Level 1:colcon.colcon_core.package_discovery:discover_packages(recursive) using defaults
[1.617s] Level 1:colcon.colcon_core.package_discovery:discover_packages(ignore) discover
[1.618s] Level 1:colcon.colcon_core.package_discovery:discover_packages(ignore) using defaults
[1.618s] Level 1:colcon.colcon_core.package_discovery:discover_packages(path) discover
[1.618s] Level 1:colcon.colcon_core.package_discovery:discover_packages(path) using defaults
[1.739s] Level 1:colcon.colcon_core.package_discovery:discover_packages(prefix_path) check parameters
[1.739s] Level 1:colcon.colcon_core.package_discovery:discover_packages(prefix_path) discover
[1.757s] DEBUG:colcon.colcon_installed_package_information.package_discovery:Found 320 installed packages in /opt/ros/humble
[1.768s] Level 1:colcon.colcon_core.package_discovery:discover_packages(prefix_path) using defaults
[1.990s] Level 5:colcon.colcon_core.verb:set package 'Agrisentenel_Description' build argument 'cmake_args' from command line to 'None'
[1.991s] Level 5:colcon.colcon_core.verb:set package 'Agrisentenel_Description' build argument 'cmake_target' from command line to 'None'
[1.991s] Level 5:colcon.colcon_core.verb:set package 'Agrisentenel_Description' build argument 'cmake_target_skip_unavailable' from command line to 'False'
[1.991s] Level 5:colcon.colcon_core.verb:set package 'Agrisentenel_Description' build argument 'cmake_clean_cache' from command line to 'False'
[1.991s] Level 5:colcon.colcon_core.verb:set package 'Agrisentenel_Description' build argument 'cmake_clean_first' from command line to 'False'
[1.991s] Level 5:colcon.colcon_core.verb:set package 'Agrisentenel_Description' build argument 'cmake_force_configure' from command line to 'False'
[1.991s] Level 5:colcon.colcon_core.verb:set package 'Agrisentenel_Description' build argument 'ament_cmake_args' from command line to 'None'
[1.991s] Level 5:colcon.colcon_core.verb:set package 'Agrisentenel_Description' build argument 'catkin_cmake_args' from command line to 'None'
[1.991s] Level 5:colcon.colcon_core.verb:set package 'Agrisentenel_Description' build argument 'catkin_skip_building_tests' from command line to 'False'
[1.992s] DEBUG:colcon.colcon_core.verb:Building package 'Agrisentenel_Description' with the following arguments: {'ament_cmake_args': None, 'build_base': '/home/dev/ros2_ws/ATech_ws/build/Agrisentenel_Description', 'catkin_cmake_args': None, 'catkin_skip_building_tests': False, 'cmake_args': None, 'cmake_clean_cache': False, 'cmake_clean_first': False, 'cmake_force_configure': False, 'cmake_target': None, 'cmake_target_skip_unavailable': False, 'install_base': '/home/dev/ros2_ws/ATech_ws/install/Agrisentenel_Description', 'merge_install': False, 'path': '/home/dev/ros2_ws/ATech_ws/src/Agrisentenel_Description', 'symlink_install': False, 'test_result_base': None}
[1.994s] Level 5:colcon.colcon_core.verb:set package 'my_cpp_pkg' build argument 'cmake_args' from command line to 'None'
[1.994s] Level 5:colcon.colcon_core.verb:set package 'my_cpp_pkg' build argument 'cmake_target' from command line to 'None'
[1.994s] Level 5:colcon.colcon_core.verb:set package 'my_cpp_pkg' build argument 'cmake_target_skip_unavailable' from command line to 'False'
[1.994s] Level 5:colcon.colcon_core.verb:set package 'my_cpp_pkg' build argument 'cmake_clean_cache' from command line to 'False'
[1.994s] Level 5:colcon.colcon_core.verb:set package 'my_cpp_pkg' build argument 'cmake_clean_first' from command line to 'False'
[1.994s] Level 5:colcon.colcon_core.verb:set package 'my_cpp_pkg' build argument 'cmake_force_configure' from command line to 'False'
[1.994s] Level 5:colcon.colcon_core.verb:set package 'my_cpp_pkg' build argument 'ament_cmake_args' from command line to 'None'
[1.995s] Level 5:colcon.colcon_core.verb:set package 'my_cpp_pkg' build argument 'catkin_cmake_args' from command line to 'None'
[1.995s] Level 5:colcon.colcon_core.verb:set package 'my_cpp_pkg' build argument 'catkin_skip_building_tests' from command line to 'False'
[1.995s] DEBUG:colcon.colcon_core.verb:Building package 'my_cpp_pkg' with the following arguments: {'ament_cmake_args': None, 'build_base': '/home/dev/ros2_ws/ATech_ws/build/my_cpp_pkg', 'catkin_cmake_args': None, 'catkin_skip_building_tests': False, 'cmake_args': None, 'cmake_clean_cache': False, 'cmake_clean_first': False, 'cmake_force_configure': False, 'cmake_target': None, 'cmake_target_skip_unavailable': False, 'install_base': '/home/dev/ros2_ws/ATech_ws/install/my_cpp_pkg', 'merge_install': False, 'path': '/home/dev/ros2_ws/ATech_ws/src/my_cpp_pkg', 'symlink_install': False, 'test_result_base': None}
[1.995s] INFO:colcon.colcon_core.executor:Executing jobs using 'parallel' executor
[1.999s] DEBUG:colcon.colcon_parallel_executor.executor.parallel:run_until_complete
[2.000s] INFO:colcon.colcon_ros.task.ament_cmake.build:Building ROS package in '/home/dev/ros2_ws/ATech_ws/src/Agrisentenel_Description' with build type 'ament_cmake'
[2.001s] INFO:colcon.colcon_cmake.task.cmake.build:Building CMake package in '/home/dev/ros2_ws/ATech_ws/src/Agrisentenel_Description'
[2.014s] INFO:colcon.colcon_core.plugin_system:Skipping extension 'colcon_core.shell.bat': Not used on non-Windows systems
[2.015s] INFO:colcon.colcon_core.shell:Skip shell extension 'powershell' for command environment: Not usable outside of PowerShell
[2.015s] DEBUG:colcon.colcon_core.shell:Skip shell extension 'dsv' for command environment
[2.030s] INFO:colcon.colcon_ros.task.ament_cmake.build:Building ROS package in '/home/dev/ros2_ws/ATech_ws/src/my_cpp_pkg' with build type 'ament_cmake'
[2.032s] INFO:colcon.colcon_cmake.task.cmake.build:Building CMake package in '/home/dev/ros2_ws/ATech_ws/src/my_cpp_pkg'
[2.033s] INFO:colcon.colcon_core.shell:Skip shell extension 'powershell' for command environment: Not usable outside of PowerShell
[2.033s] DEBUG:colcon.colcon_core.shell:Skip shell extension 'dsv' for command environment
[2.067s] DEBUG:colcon.colcon_core.event_handler.log_command:Invoking command in '/home/dev/ros2_ws/ATech_ws/build/Agrisentenel_Description': CMAKE_PREFIX_PATH=/opt/ros/humble /usr/bin/cmake --build /home/dev/ros2_ws/ATech_ws/build/Agrisentenel_Description -- -j4 -l4
[2.089s] DEBUG:colcon.colcon_core.event_handler.log_command:Invoking command in '/home/dev/ros2_ws/ATech_ws/build/my_cpp_pkg': CMAKE_PREFIX_PATH=/opt/ros/humble /usr/bin/cmake --build /home/dev/ros2_ws/ATech_ws/build/my_cpp_pkg -- -j4 -l4
[2.209s] DEBUG:colcon.colcon_core.event_handler.log_command:Invoked command in '/home/dev/ros2_ws/ATech_ws/build/Agrisentenel_Description' returned '0': CMAKE_PREFIX_PATH=/opt/ros/humble /usr/bin/cmake --build /home/dev/ros2_ws/ATech_ws/build/Agrisentenel_Description -- -j4 -l4
[2.365s] DEBUG:colcon.colcon_core.event_handler.log_command:Invoking command in '/home/dev/ros2_ws/ATech_ws/build/Agrisentenel_Description': CMAKE_PREFIX_PATH=/opt/ros/humble /usr/bin/cmake --install /home/dev/ros2_ws/ATech_ws/build/Agrisentenel_Description
[2.369s] DEBUG:colcon.colcon_core.event_handler.log_command:Invoked command in '/home/dev/ros2_ws/ATech_ws/build/my_cpp_pkg' returned '0': CMAKE_PREFIX_PATH=/opt/ros/humble /usr/bin/cmake --build /home/dev/ros2_ws/ATech_ws/build/my_cpp_pkg -- -j4 -l4
[2.402s] Level 1:colcon.colcon_core.environment:create_environment_scripts_only(Agrisentenel_Description)
[2.414s] DEBUG:colcon.colcon_core.event_handler.log_command:Invoked command in '/home/dev/ros2_ws/ATech_ws/build/Agrisentenel_Description' returned '0': CMAKE_PREFIX_PATH=/opt/ros/humble /usr/bin/cmake --install /home/dev/ros2_ws/ATech_ws/build/Agrisentenel_Description
[2.428s] Level 1:colcon.colcon_core.environment:checking '/home/dev/ros2_ws/ATech_ws/install/Agrisentenel_Description' for CMake module files
[2.432s] Level 1:colcon.colcon_core.environment:checking '/home/dev/ros2_ws/ATech_ws/install/Agrisentenel_Description' for CMake config files
[2.434s] Level 1:colcon.colcon_core.shell:create_environment_hook('Agrisentenel_Description', 'cmake_prefix_path')
[2.435s] INFO:colcon.colcon_core.shell:Creating environment hook '/home/dev/ros2_ws/ATech_ws/install/Agrisentenel_Description/share/Agrisentenel_Description/hook/cmake_prefix_path.ps1'
[2.438s] INFO:colcon.colcon_core.shell:Creating environment descriptor '/home/dev/ros2_ws/ATech_ws/install/Agrisentenel_Description/share/Agrisentenel_Description/hook/cmake_prefix_path.dsv'
[2.440s] INFO:colcon.colcon_core.shell:Creating environment hook '/home/dev/ros2_ws/ATech_ws/install/Agrisentenel_Description/share/Agrisentenel_Description/hook/cmake_prefix_path.sh'
[2.444s] Level 1:colcon.colcon_core.environment:checking '/home/dev/ros2_ws/ATech_ws/install/Agrisentenel_Description/bin'
[2.444s] Level 1:colcon.colcon_core.environment:checking '/home/dev/ros2_ws/ATech_ws/install/Agrisentenel_Description/lib/pkgconfig/Agrisentenel_Description.pc'
[2.445s] Level 1:colcon.colcon_core.environment:checking '/home/dev/ros2_ws/ATech_ws/install/Agrisentenel_Description/lib/python3.10/site-packages'
[2.446s] Level 1:colcon.colcon_core.environment:checking '/home/dev/ros2_ws/ATech_ws/install/Agrisentenel_Description/bin'
[2.447s] INFO:colcon.colcon_core.shell:Creating package script '/home/dev/ros2_ws/ATech_ws/install/Agrisentenel_Description/share/Agrisentenel_Description/package.ps1'
[2.451s] INFO:colcon.colcon_core.shell:Creating package descriptor '/home/dev/ros2_ws/ATech_ws/install/Agrisentenel_Description/share/Agrisentenel_Description/package.dsv'
[2.454s] INFO:colcon.colcon_core.shell:Creating package script '/home/dev/ros2_ws/ATech_ws/install/Agrisentenel_Description/share/Agrisentenel_Description/package.sh'
[2.457s] INFO:colcon.colcon_core.shell:Creating package script '/home/dev/ros2_ws/ATech_ws/install/Agrisentenel_Description/share/Agrisentenel_Description/package.bash'
[2.461s] INFO:colcon.colcon_core.shell:Creating package script '/home/dev/ros2_ws/ATech_ws/install/Agrisentenel_Description/share/Agrisentenel_Description/package.zsh'
[2.464s] Level 1:colcon.colcon_core.environment:create_file_with_runtime_dependencies(/home/dev/ros2_ws/ATech_ws/install/Agrisentenel_Description/share/colcon-core/packages/Agrisentenel_Description)
[2.497s] DEBUG:colcon.colcon_core.event_handler.log_command:Invoking command in '/home/dev/ros2_ws/ATech_ws/build/my_cpp_pkg': CMAKE_PREFIX_PATH=/opt/ros/humble /usr/bin/cmake --install /home/dev/ros2_ws/ATech_ws/build/my_cpp_pkg
[2.541s] Level 1:colcon.colcon_core.environment:create_environment_scripts_only(my_cpp_pkg)
[2.542s] Level 1:colcon.colcon_core.environment:checking '/home/dev/ros2_ws/ATech_ws/install/my_cpp_pkg' for CMake module files
[2.545s] DEBUG:colcon.colcon_core.event_handler.log_command:Invoked command in '/home/dev/ros2_ws/ATech_ws/build/my_cpp_pkg' returned '0': CMAKE_PREFIX_PATH=/opt/ros/humble /usr/bin/cmake --install /home/dev/ros2_ws/ATech_ws/build/my_cpp_pkg
[2.547s] Level 1:colcon.colcon_core.environment:checking '/home/dev/ros2_ws/ATech_ws/install/my_cpp_pkg' for CMake config files
[2.548s] Level 1:colcon.colcon_core.shell:create_environment_hook('my_cpp_pkg', 'cmake_prefix_path')
[2.550s] INFO:colcon.colcon_core.shell:Creating environment hook '/home/dev/ros2_ws/ATech_ws/install/my_cpp_pkg/share/my_cpp_pkg/hook/cmake_prefix_path.ps1'
[2.553s] INFO:colcon.colcon_core.shell:Creating environment descriptor '/home/dev/ros2_ws/ATech_ws/install/my_cpp_pkg/share/my_cpp_pkg/hook/cmake_prefix_path.dsv'
[2.554s] INFO:colcon.colcon_core.shell:Creating environment hook '/home/dev/ros2_ws/ATech_ws/install/my_cpp_pkg/share/my_cpp_pkg/hook/cmake_prefix_path.sh'
[2.557s] Level 1:colcon.colcon_core.environment:checking '/home/dev/ros2_ws/ATech_ws/install/my_cpp_pkg/lib'
[2.558s] Level 1:colcon.colcon_core.environment:checking '/home/dev/ros2_ws/ATech_ws/install/my_cpp_pkg/bin'
[2.558s] Level 1:colcon.colcon_core.environment:checking '/home/dev/ros2_ws/ATech_ws/install/my_cpp_pkg/lib/pkgconfig/my_cpp_pkg.pc'
[2.559s] Level 1:colcon.colcon_core.environment:checking '/home/dev/ros2_ws/ATech_ws/install/my_cpp_pkg/lib/python3.10/site-packages'
[2.560s] Level 1:colcon.colcon_core.environment:checking '/home/dev/ros2_ws/ATech_ws/install/my_cpp_pkg/bin'
[2.561s] INFO:colcon.colcon_core.shell:Creating package script '/home/dev/ros2_ws/ATech_ws/install/my_cpp_pkg/share/my_cpp_pkg/package.ps1'
[2.563s] INFO:colcon.colcon_core.shell:Creating package descriptor '/home/dev/ros2_ws/ATech_ws/install/my_cpp_pkg/share/my_cpp_pkg/package.dsv'
[2.565s] INFO:colcon.colcon_core.shell:Creating package script '/home/dev/ros2_ws/ATech_ws/install/my_cpp_pkg/share/my_cpp_pkg/package.sh'
[2.567s] INFO:colcon.colcon_core.shell:Creating package script '/home/dev/ros2_ws/ATech_ws/install/my_cpp_pkg/share/my_cpp_pkg/package.bash'
[2.569s] INFO:colcon.colcon_core.shell:Creating package script '/home/dev/ros2_ws/ATech_ws/install/my_cpp_pkg/share/my_cpp_pkg/package.zsh'
[2.571s] Level 1:colcon.colcon_core.environment:create_file_with_runtime_dependencies(/home/dev/ros2_ws/ATech_ws/install/my_cpp_pkg/share/colcon-core/packages/my_cpp_pkg)
[2.577s] Level 1:colcon.colcon_core.environment:create_environment_scripts_only(Agrisentenel_Description)
[2.578s] Level 1:colcon.colcon_core.environment:checking '/home/dev/ros2_ws/ATech_ws/install/Agrisentenel_Description' for CMake module files
[2.581s] Level 1:colcon.colcon_core.environment:checking '/home/dev/ros2_ws/ATech_ws/install/Agrisentenel_Description' for CMake config files
[2.582s] Level 1:colcon.colcon_core.shell:create_environment_hook('Agrisentenel_Description', 'cmake_prefix_path')
[2.583s] INFO:colcon.colcon_core.shell:Creating environment hook '/home/dev/ros2_ws/ATech_ws/install/Agrisentenel_Description/share/Agrisentenel_Description/hook/cmake_prefix_path.ps1'
[2.585s] INFO:colcon.colcon_core.shell:Creating environment descriptor '/home/dev/ros2_ws/ATech_ws/install/Agrisentenel_Description/share/Agrisentenel_Description/hook/cmake_prefix_path.dsv'
[2.587s] INFO:colcon.colcon_core.shell:Creating environment hook '/home/dev/ros2_ws/ATech_ws/install/Agrisentenel_Description/share/Agrisentenel_Description/hook/cmake_prefix_path.sh'
[2.590s] Level 1:colcon.colcon_core.environment:checking '/home/dev/ros2_ws/ATech_ws/install/Agrisentenel_Description/bin'
[2.591s] Level 1:colcon.colcon_core.environment:checking '/home/dev/ros2_ws/ATech_ws/install/Agrisentenel_Description/lib/pkgconfig/Agrisentenel_Description.pc'
[2.592s] Level 1:colcon.colcon_core.environment:checking '/home/dev/ros2_ws/ATech_ws/install/Agrisentenel_Description/lib/python3.10/site-packages'
[2.593s] Level 1:colcon.colcon_core.environment:checking '/home/dev/ros2_ws/ATech_ws/install/Agrisentenel_Description/bin'
[2.594s] INFO:colcon.colcon_core.shell:Creating package script '/home/dev/ros2_ws/ATech_ws/install/Agrisentenel_Description/share/Agrisentenel_Description/package.ps1'
[2.597s] INFO:colcon.colcon_core.shell:Creating package descriptor '/home/dev/ros2_ws/ATech_ws/install/Agrisentenel_Description/share/Agrisentenel_Description/package.dsv'
[2.600s] INFO:colcon.colcon_core.shell:Creating package script '/home/dev/ros2_ws/ATech_ws/install/Agrisentenel_Description/share/Agrisentenel_Description/package.sh'
[2.602s] INFO:colcon.colcon_core.shell:Creating package script '/home/dev/ros2_ws/ATech_ws/install/Agrisentenel_Description/share/Agrisentenel_Description/package.bash'
[2.605s] INFO:colcon.colcon_core.shell:Creating package script '/home/dev/ros2_ws/ATech_ws/install/Agrisentenel_Description/share/Agrisentenel_Description/package.zsh'
[2.607s] Level 1:colcon.colcon_core.environment:create_file_with_runtime_dependencies(/home/dev/ros2_ws/ATech_ws/install/Agrisentenel_Description/share/colcon-core/packages/Agrisentenel_Description)
[2.691s] Level 1:colcon.colcon_core.environment:create_environment_scripts_only(my_cpp_pkg)
[2.692s] Level 1:colcon.colcon_core.environment:checking '/home/dev/ros2_ws/ATech_ws/install/my_cpp_pkg' for CMake module files
[2.695s] Level 1:colcon.colcon_core.environment:checking '/home/dev/ros2_ws/ATech_ws/install/my_cpp_pkg' for CMake config files
[2.695s] Level 1:colcon.colcon_core.shell:create_environment_hook('my_cpp_pkg', 'cmake_prefix_path')
[2.696s] INFO:colcon.colcon_core.shell:Creating environment hook '/home/dev/ros2_ws/ATech_ws/install/my_cpp_pkg/share/my_cpp_pkg/hook/cmake_prefix_path.ps1'
[2.698s] INFO:colcon.colcon_core.shell:Creating environment descriptor '/home/dev/ros2_ws/ATech_ws/install/my_cpp_pkg/share/my_cpp_pkg/hook/cmake_prefix_path.dsv'
[2.700s] INFO:colcon.colcon_core.shell:Creating environment hook '/home/dev/ros2_ws/ATech_ws/install/my_cpp_pkg/share/my_cpp_pkg/hook/cmake_prefix_path.sh'
[2.702s] Level 1:colcon.colcon_core.environment:checking '/home/dev/ros2_ws/ATech_ws/install/my_cpp_pkg/lib'
[2.703s] Level 1:colcon.colcon_core.environment:checking '/home/dev/ros2_ws/ATech_ws/install/my_cpp_pkg/bin'
[2.704s] Level 1:colcon.colcon_core.environment:checking '/home/dev/ros2_ws/ATech_ws/install/my_cpp_pkg/lib/pkgconfig/my_cpp_pkg.pc'
[2.705s] Level 1:colcon.colcon_core.environment:checking '/home/dev/ros2_ws/ATech_ws/install/my_cpp_pkg/lib/python3.10/site-packages'
[2.705s] Level 1:colcon.colcon_core.environment:checking '/home/dev/ros2_ws/ATech_ws/install/my_cpp_pkg/bin'
[2.707s] INFO:colcon.colcon_core.shell:Creating package script '/home/dev/ros2_ws/ATech_ws/install/my_cpp_pkg/share/my_cpp_pkg/package.ps1'
[2.709s] INFO:colcon.colcon_core.shell:Creating package descriptor '/home/dev/ros2_ws/ATech_ws/install/my_cpp_pkg/share/my_cpp_pkg/package.dsv'
[2.711s] INFO:colcon.colcon_core.shell:Creating package script '/home/dev/ros2_ws/ATech_ws/install/my_cpp_pkg/share/my_cpp_pkg/package.sh'
[2.713s] INFO:colcon.colcon_core.shell:Creating package script '/home/dev/ros2_ws/ATech_ws/install/my_cpp_pkg/share/my_cpp_pkg/package.bash'
[2.716s] INFO:colcon.colcon_core.shell:Creating package script '/home/dev/ros2_ws/ATech_ws/install/my_cpp_pkg/share/my_cpp_pkg/package.zsh'
[2.718s] Level 1:colcon.colcon_core.environment:create_file_with_runtime_dependencies(/home/dev/ros2_ws/ATech_ws/install/my_cpp_pkg/share/colcon-core/packages/my_cpp_pkg)
[2.719s] DEBUG:colcon.colcon_parallel_executor.executor.parallel:closing loop
[2.721s] DEBUG:colcon.colcon_parallel_executor.executor.parallel:loop closed
[2.722s] DEBUG:colcon.colcon_parallel_executor.executor.parallel:run_until_complete finished with '0'
[2.722s] DEBUG:colcon.colcon_core.event_reactor:joining thread
[2.777s] INFO:colcon.colcon_core.plugin_system:Skipping extension 'colcon_notification.desktop_notification.terminal_notifier': Not used on non-Darwin systems
[2.778s] INFO:colcon.colcon_core.plugin_system:Skipping extension 'colcon_notification.desktop_notification.win32': Not used on non-Windows systems
[2.778s] INFO:colcon.colcon_notification.desktop_notification:Sending desktop notification using 'notify2'
[2.829s] DEBUG:colcon.colcon_core.event_reactor:joined thread
[2.831s] INFO:colcon.colcon_core.shell:Creating prefix script '/home/dev/ros2_ws/ATech_ws/install/local_setup.ps1'
[2.836s] INFO:colcon.colcon_core.shell:Creating prefix util module '/home/dev/ros2_ws/ATech_ws/install/_local_setup_util_ps1.py'
[2.844s] INFO:colcon.colcon_core.shell:Creating prefix chain script '/home/dev/ros2_ws/ATech_ws/install/setup.ps1'
[2.850s] INFO:colcon.colcon_core.shell:Creating prefix script '/home/dev/ros2_ws/ATech_ws/install/local_setup.sh'
[2.853s] INFO:colcon.colcon_core.shell:Creating prefix util module '/home/dev/ros2_ws/ATech_ws/install/_local_setup_util_sh.py'
[2.858s] INFO:colcon.colcon_core.shell:Creating prefix chain script '/home/dev/ros2_ws/ATech_ws/install/setup.sh'
[2.864s] INFO:colcon.colcon_core.shell:Creating prefix script '/home/dev/ros2_ws/ATech_ws/install/local_setup.bash'
[2.868s] INFO:colcon.colcon_core.shell:Creating prefix chain script '/home/dev/ros2_ws/ATech_ws/install/setup.bash'
[2.873s] INFO:colcon.colcon_core.shell:Creating prefix script '/home/dev/ros2_ws/ATech_ws/install/local_setup.zsh'
[2.878s] INFO:colcon.colcon_core.shell:Creating prefix chain script '/home/dev/ros2_ws/ATech_ws/install/setup.zsh'
