[0.078s] Invoking command in '/home/dev/ros2_ws/ATech_ws/build/Agrisentenel_Description': CMAKE_PREFIX_PATH=/opt/ros/humble /usr/bin/cmake --build /home/dev/ros2_ws/ATech_ws/build/Agrisentenel_Description -- -j4 -l4
[0.282s] Invoked command in '/home/dev/ros2_ws/ATech_ws/build/Agrisentenel_Description' returned '0': CMAKE_PREFIX_PATH=/opt/ros/humble /usr/bin/cmake --build /home/dev/ros2_ws/ATech_ws/build/Agrisentenel_Description -- -j4 -l4
[0.481s] Invoking command in '/home/dev/ros2_ws/ATech_ws/build/Agrisentenel_Description': CMAKE_PREFIX_PATH=/opt/ros/humble /usr/bin/cmake --install /home/dev/ros2_ws/ATech_ws/build/Agrisentenel_Description
[0.515s] -- Install configuration: ""
[0.515s] -- Up-to-date: /home/dev/ros2_ws/ATech_ws/install/Agrisentenel_Description/share/Agrisentenel_Description/launch
[0.516s] -- Installing: /home/dev/ros2_ws/ATech_ws/install/Agrisentenel_Description/share/Agrisentenel_Description/launch/test.launch.py
[0.523s] -- Up-to-date: /home/dev/ros2_ws/ATech_ws/install/Agrisentenel_Description/share/Agrisentenel_Description/meshes
[0.524s] -- Up-to-date: /home/dev/ros2_ws/ATech_ws/install/Agrisentenel_Description/share/Agrisentenel_Description/models
[0.528s] -- Up-to-date: /home/dev/ros2_ws/ATech_ws/install/Agrisentenel_Description/share/Agrisentenel_Description/urdf
[0.529s] -- Up-to-date: /home/dev/ros2_ws/ATech_ws/install/Agrisentenel_Description/share/Agrisentenel_Description/rviz
[0.529s] -- Up-to-date: /home/dev/ros2_ws/ATech_ws/install/Agrisentenel_Description/share/Agrisentenel_Description/src
[0.530s] -- Up-to-date: /home/dev/ros2_ws/ATech_ws/install/Agrisentenel_Description/share/Agrisentenel_Description/include
[0.530s] -- Up-to-date: /home/dev/ros2_ws/ATech_ws/install/Agrisentenel_Description/share/Agrisentenel_Description/include/Agrisentenel_Description
[0.533s] -- Up-to-date: /home/dev/ros2_ws/ATech_ws/install/Agrisentenel_Description/share/ament_index/resource_index/package_run_dependencies/Agrisentenel_Description
[0.537s] -- Up-to-date: /home/dev/ros2_ws/ATech_ws/install/Agrisentenel_Description/share/ament_index/resource_index/parent_prefix_path/Agrisentenel_Description
[0.537s] -- Up-to-date: /home/dev/ros2_ws/ATech_ws/install/Agrisentenel_Description/share/Agrisentenel_Description/environment/ament_prefix_path.sh
[0.538s] -- Up-to-date: /home/dev/ros2_ws/ATech_ws/install/Agrisentenel_Description/share/Agrisentenel_Description/environment/ament_prefix_path.dsv
[0.538s] -- Up-to-date: /home/dev/ros2_ws/ATech_ws/install/Agrisentenel_Description/share/Agrisentenel_Description/environment/path.sh
[0.539s] -- Up-to-date: /home/dev/ros2_ws/ATech_ws/install/Agrisentenel_Description/share/Agrisentenel_Description/environment/path.dsv
[0.539s] -- Up-to-date: /home/dev/ros2_ws/ATech_ws/install/Agrisentenel_Description/share/Agrisentenel_Description/local_setup.bash
[0.540s] -- Up-to-date: /home/dev/ros2_ws/ATech_ws/install/Agrisentenel_Description/share/Agrisentenel_Description/local_setup.sh
[0.541s] -- Up-to-date: /home/dev/ros2_ws/ATech_ws/install/Agrisentenel_Description/share/Agrisentenel_Description/local_setup.zsh
[0.541s] -- Up-to-date: /home/dev/ros2_ws/ATech_ws/install/Agrisentenel_Description/share/Agrisentenel_Description/local_setup.dsv
[0.542s] -- Installing: /home/dev/ros2_ws/ATech_ws/install/Agrisentenel_Description/share/Agrisentenel_Description/package.dsv
[0.547s] -- Up-to-date: /home/dev/ros2_ws/ATech_ws/install/Agrisentenel_Description/share/ament_index/resource_index/packages/Agrisentenel_Description
[0.548s] -- Up-to-date: /home/dev/ros2_ws/ATech_ws/install/Agrisentenel_Description/share/Agrisentenel_Description/cmake/Agrisentenel_DescriptionConfig.cmake
[0.548s] -- Up-to-date: /home/dev/ros2_ws/ATech_ws/install/Agrisentenel_Description/share/Agrisentenel_Description/cmake/Agrisentenel_DescriptionConfig-version.cmake
[0.550s] -- Up-to-date: /home/dev/ros2_ws/ATech_ws/install/Agrisentenel_Description/share/Agrisentenel_Description/package.xml
[0.554s] Invoked command in '/home/dev/ros2_ws/ATech_ws/build/Agrisentenel_Description' returned '0': CMAKE_PREFIX_PATH=/opt/ros/humble /usr/bin/cmake --install /home/dev/ros2_ws/ATech_ws/build/Agrisentenel_Description
