[0.054s] Invoking command in '/home/dev/ros2_ws/ATech_ws/build/my_cpp_pkg': CMAKE_PREFIX_PATH=/opt/ros/humble /usr/bin/cmake --build /home/dev/ros2_ws/ATech_ws/build/my_cpp_pkg -- -j4 -l4
[0.292s] [ 33%] Built target hello_subscriber_node
[0.303s] [ 66%] Built target hello_publisher_node
[0.318s] [100%] Built target Template
[0.382s] Invoked command in '/home/dev/ros2_ws/ATech_ws/build/my_cpp_pkg' returned '0': CMAKE_PREFIX_PATH=/opt/ros/humble /usr/bin/cmake --build /home/dev/ros2_ws/ATech_ws/build/my_cpp_pkg -- -j4 -l4
[0.555s] Invoking command in '/home/dev/ros2_ws/ATech_ws/build/my_cpp_pkg': CMAKE_PREFIX_PATH=/opt/ros/humble /usr/bin/cmake --install /home/dev/ros2_ws/ATech_ws/build/my_cpp_pkg
[0.583s] -- Install configuration: ""
[0.584s] -- Up-to-date: /home/dev/ros2_ws/ATech_ws/install/my_cpp_pkg/lib/my_cpp_pkg/Template
[0.586s] -- Up-to-date: /home/dev/ros2_ws/ATech_ws/install/my_cpp_pkg/lib/my_cpp_pkg/hello_publisher_node
[0.587s] -- Up-to-date: /home/dev/ros2_ws/ATech_ws/install/my_cpp_pkg/lib/my_cpp_pkg/hello_subscriber_node
[0.592s] -- Up-to-date: /home/dev/ros2_ws/ATech_ws/install/my_cpp_pkg/share/ament_index/resource_index/package_run_dependencies/my_cpp_pkg
[0.593s] -- Up-to-date: /home/dev/ros2_ws/ATech_ws/install/my_cpp_pkg/share/ament_index/resource_index/parent_prefix_path/my_cpp_pkg
[0.593s] -- Up-to-date: /home/dev/ros2_ws/ATech_ws/install/my_cpp_pkg/share/my_cpp_pkg/environment/ament_prefix_path.sh
[0.594s] -- Up-to-date: /home/dev/ros2_ws/ATech_ws/install/my_cpp_pkg/share/my_cpp_pkg/environment/ament_prefix_path.dsv
[0.597s] -- Up-to-date: /home/dev/ros2_ws/ATech_ws/install/my_cpp_pkg/share/my_cpp_pkg/environment/path.sh
[0.598s] -- Up-to-date: /home/dev/ros2_ws/ATech_ws/install/my_cpp_pkg/share/my_cpp_pkg/environment/path.dsv
[0.598s] -- Up-to-date: /home/dev/ros2_ws/ATech_ws/install/my_cpp_pkg/share/my_cpp_pkg/local_setup.bash
[0.599s] -- Up-to-date: /home/dev/ros2_ws/ATech_ws/install/my_cpp_pkg/share/my_cpp_pkg/local_setup.sh
[0.600s] -- Up-to-date: /home/dev/ros2_ws/ATech_ws/install/my_cpp_pkg/share/my_cpp_pkg/local_setup.zsh
[0.600s] -- Up-to-date: /home/dev/ros2_ws/ATech_ws/install/my_cpp_pkg/share/my_cpp_pkg/local_setup.dsv
[0.601s] -- Installing: /home/dev/ros2_ws/ATech_ws/install/my_cpp_pkg/share/my_cpp_pkg/package.dsv
[0.601s] -- Up-to-date: /home/dev/ros2_ws/ATech_ws/install/my_cpp_pkg/share/ament_index/resource_index/packages/my_cpp_pkg
[0.602s] -- Up-to-date: /home/dev/ros2_ws/ATech_ws/install/my_cpp_pkg/share/my_cpp_pkg/cmake/my_cpp_pkgConfig.cmake
[0.603s] -- Up-to-date: /home/dev/ros2_ws/ATech_ws/install/my_cpp_pkg/share/my_cpp_pkg/cmake/my_cpp_pkgConfig-version.cmake
[0.604s] -- Up-to-date: /home/dev/ros2_ws/ATech_ws/install/my_cpp_pkg/share/my_cpp_pkg/package.xml
[0.636s] Invoked command in '/home/dev/ros2_ws/ATech_ws/build/my_cpp_pkg' returned '0': CMAKE_PREFIX_PATH=/opt/ros/humble /usr/bin/cmake --install /home/dev/ros2_ws/ATech_ws/build/my_cpp_pkg
