[0.116s] Invoking command in '/home/dev/ros2_ws/Self-Driving-and-ROS-2-Learn-by-Doing-Odometry-Control/Section5_Control/bumperbot_ws/build/bumperbot_description': CMAKE_PREFIX_PATH=${CMAKE_PREFIX_PATH}:/home/dev/ros2_ws/Self-Driving-and-ROS-2-Learn-by-Doing-Odometry-Control/Section5_Control/bumperbot_ws/install/bumperbot_py_examples:/opt/ros/humble /usr/bin/cmake --build /home/dev/ros2_ws/Self-Driving-and-ROS-2-Learn-by-Doing-Odometry-Control/Section5_Control/bumperbot_ws/build/bumperbot_description -- -j4 -l4
[1.493s] Invoked command in '/home/dev/ros2_ws/Self-Driving-and-ROS-2-Learn-by-Doing-Odometry-Control/Section5_Control/bumperbot_ws/build/bumperbot_description' returned '0': CMAKE_PREFIX_PATH=${CMAKE_PREFIX_PATH}:/home/dev/ros2_ws/Self-Driving-and-ROS-2-Learn-by-Doing-Odometry-Control/Section5_Control/bumperbot_ws/install/bumperbot_py_examples:/opt/ros/humble /usr/bin/cmake --build /home/dev/ros2_ws/Self-Driving-and-ROS-2-Learn-by-Doing-Odometry-Control/Section5_Control/bumperbot_ws/build/bumperbot_description -- -j4 -l4
[1.654s] Invoking command in '/home/dev/ros2_ws/Self-Driving-and-ROS-2-Learn-by-Doing-Odometry-Control/Section5_Control/bumperbot_ws/build/bumperbot_description': CMAKE_PREFIX_PATH=${CMAKE_PREFIX_PATH}:/home/dev/ros2_ws/Self-Driving-and-ROS-2-Learn-by-Doing-Odometry-Control/Section5_Control/bumperbot_ws/install/bumperbot_py_examples:/opt/ros/humble /usr/bin/cmake --install /home/dev/ros2_ws/Self-Driving-and-ROS-2-Learn-by-Doing-Odometry-Control/Section5_Control/bumperbot_ws/build/bumperbot_description
[1.712s] -- Install configuration: ""
[1.713s] -- Up-to-date: /home/dev/ros2_ws/Self-Driving-and-ROS-2-Learn-by-Doing-Odometry-Control/Section5_Control/bumperbot_ws/install/bumperbot_description/share/bumperbot_description/launch
[1.713s] -- Up-to-date: /home/dev/ros2_ws/Self-Driving-and-ROS-2-Learn-by-Doing-Odometry-Control/Section5_Control/bumperbot_ws/install/bumperbot_description/share/bumperbot_description/launch/display.launch.py
[1.714s] -- Up-to-date: /home/dev/ros2_ws/Self-Driving-and-ROS-2-Learn-by-Doing-Odometry-Control/Section5_Control/bumperbot_ws/install/bumperbot_description/share/bumperbot_description/launch/gazebo.launch.py
[1.714s] -- Up-to-date: /home/dev/ros2_ws/Self-Driving-and-ROS-2-Learn-by-Doing-Odometry-Control/Section5_Control/bumperbot_ws/install/bumperbot_description/share/bumperbot_description/meshes
[1.714s] -- Up-to-date: /home/dev/ros2_ws/Self-Driving-and-ROS-2-Learn-by-Doing-Odometry-Control/Section5_Control/bumperbot_ws/install/bumperbot_description/share/bumperbot_description/meshes/caster_rear_link.STL
[1.715s] -- Up-to-date: /home/dev/ros2_ws/Self-Driving-and-ROS-2-Learn-by-Doing-Odometry-Control/Section5_Control/bumperbot_ws/install/bumperbot_description/share/bumperbot_description/meshes/wheel_left_link.STL
[1.715s] -- Up-to-date: /home/dev/ros2_ws/Self-Driving-and-ROS-2-Learn-by-Doing-Odometry-Control/Section5_Control/bumperbot_ws/install/bumperbot_description/share/bumperbot_description/meshes/base_link.STL
[1.716s] -- Up-to-date: /home/dev/ros2_ws/Self-Driving-and-ROS-2-Learn-by-Doing-Odometry-Control/Section5_Control/bumperbot_ws/install/bumperbot_description/share/bumperbot_description/meshes/imu_link.STL
[1.724s] -- Up-to-date: /home/dev/ros2_ws/Self-Driving-and-ROS-2-Learn-by-Doing-Odometry-Control/Section5_Control/bumperbot_ws/install/bumperbot_description/share/bumperbot_description/meshes/wheel_right_link.STL
[1.725s] -- Up-to-date: /home/dev/ros2_ws/Self-Driving-and-ROS-2-Learn-by-Doing-Odometry-Control/Section5_Control/bumperbot_ws/install/bumperbot_description/share/bumperbot_description/meshes/caster_front_link.STL
[1.725s] -- Up-to-date: /home/dev/ros2_ws/Self-Driving-and-ROS-2-Learn-by-Doing-Odometry-Control/Section5_Control/bumperbot_ws/install/bumperbot_description/share/bumperbot_description/models
[1.726s] -- Up-to-date: /home/dev/ros2_ws/Self-Driving-and-ROS-2-Learn-by-Doing-Odometry-Control/Section5_Control/bumperbot_ws/install/bumperbot_description/share/bumperbot_description/models/ground_plane
[1.726s] -- Up-to-date: /home/dev/ros2_ws/Self-Driving-and-ROS-2-Learn-by-Doing-Odometry-Control/Section5_Control/bumperbot_ws/install/bumperbot_description/share/bumperbot_description/models/ground_plane/model-1_4.sdf
[1.727s] -- Up-to-date: /home/dev/ros2_ws/Self-Driving-and-ROS-2-Learn-by-Doing-Odometry-Control/Section5_Control/bumperbot_ws/install/bumperbot_description/share/bumperbot_description/models/ground_plane/model-1_2.sdf
[1.727s] -- Up-to-date: /home/dev/ros2_ws/Self-Driving-and-ROS-2-Learn-by-Doing-Odometry-Control/Section5_Control/bumperbot_ws/install/bumperbot_description/share/bumperbot_description/models/ground_plane/model.config
[1.728s] -- Up-to-date: /home/dev/ros2_ws/Self-Driving-and-ROS-2-Learn-by-Doing-Odometry-Control/Section5_Control/bumperbot_ws/install/bumperbot_description/share/bumperbot_description/models/ground_plane/model-1_3.sdf
[1.728s] -- Up-to-date: /home/dev/ros2_ws/Self-Driving-and-ROS-2-Learn-by-Doing-Odometry-Control/Section5_Control/bumperbot_ws/install/bumperbot_description/share/bumperbot_description/models/ground_plane/model.sdf
[1.729s] -- Up-to-date: /home/dev/ros2_ws/Self-Driving-and-ROS-2-Learn-by-Doing-Odometry-Control/Section5_Control/bumperbot_ws/install/bumperbot_description/share/bumperbot_description/models/sun
[1.733s] -- Up-to-date: /home/dev/ros2_ws/Self-Driving-and-ROS-2-Learn-by-Doing-Odometry-Control/Section5_Control/bumperbot_ws/install/bumperbot_description/share/bumperbot_description/models/sun/model-1_4.sdf
[1.734s] -- Up-to-date: /home/dev/ros2_ws/Self-Driving-and-ROS-2-Learn-by-Doing-Odometry-Control/Section5_Control/bumperbot_ws/install/bumperbot_description/share/bumperbot_description/models/sun/model-1_2.sdf
[1.734s] -- Up-to-date: /home/dev/ros2_ws/Self-Driving-and-ROS-2-Learn-by-Doing-Odometry-Control/Section5_Control/bumperbot_ws/install/bumperbot_description/share/bumperbot_description/models/sun/model.config
[1.735s] -- Up-to-date: /home/dev/ros2_ws/Self-Driving-and-ROS-2-Learn-by-Doing-Odometry-Control/Section5_Control/bumperbot_ws/install/bumperbot_description/share/bumperbot_description/models/sun/model-1_3.sdf
[1.735s] -- Up-to-date: /home/dev/ros2_ws/Self-Driving-and-ROS-2-Learn-by-Doing-Odometry-Control/Section5_Control/bumperbot_ws/install/bumperbot_description/share/bumperbot_description/models/sun/model.sdf
[1.736s] -- Up-to-date: /home/dev/ros2_ws/Self-Driving-and-ROS-2-Learn-by-Doing-Odometry-Control/Section5_Control/bumperbot_ws/install/bumperbot_description/share/bumperbot_description/urdf
[1.742s] -- Up-to-date: /home/dev/ros2_ws/Self-Driving-and-ROS-2-Learn-by-Doing-Odometry-Control/Section5_Control/bumperbot_ws/install/bumperbot_description/share/bumperbot_description/urdf/bumperbot_gazebo.xacro
[1.742s] -- Up-to-date: /home/dev/ros2_ws/Self-Driving-and-ROS-2-Learn-by-Doing-Odometry-Control/Section5_Control/bumperbot_ws/install/bumperbot_description/share/bumperbot_description/urdf/bumperbot.urdf.xacro
[1.743s] -- Up-to-date: /home/dev/ros2_ws/Self-Driving-and-ROS-2-Learn-by-Doing-Odometry-Control/Section5_Control/bumperbot_ws/install/bumperbot_description/share/bumperbot_description/urdf/bumperbot_ros2_control.xacro
[1.743s] -- Up-to-date: /home/dev/ros2_ws/Self-Driving-and-ROS-2-Learn-by-Doing-Odometry-Control/Section5_Control/bumperbot_ws/install/bumperbot_description/share/bumperbot_description/rviz
[1.746s] -- Up-to-date: /home/dev/ros2_ws/Self-Driving-and-ROS-2-Learn-by-Doing-Odometry-Control/Section5_Control/bumperbot_ws/install/bumperbot_description/share/bumperbot_description/rviz/display.rviz
[1.747s] -- Up-to-date: /home/dev/ros2_ws/Self-Driving-and-ROS-2-Learn-by-Doing-Odometry-Control/Section5_Control/bumperbot_ws/install/bumperbot_description/share/ament_index/resource_index/package_run_dependencies/bumperbot_description
[1.748s] -- Up-to-date: /home/dev/ros2_ws/Self-Driving-and-ROS-2-Learn-by-Doing-Odometry-Control/Section5_Control/bumperbot_ws/install/bumperbot_description/share/ament_index/resource_index/parent_prefix_path/bumperbot_description
[1.749s] -- Up-to-date: /home/dev/ros2_ws/Self-Driving-and-ROS-2-Learn-by-Doing-Odometry-Control/Section5_Control/bumperbot_ws/install/bumperbot_description/share/bumperbot_description/environment/ament_prefix_path.sh
[1.750s] -- Up-to-date: /home/dev/ros2_ws/Self-Driving-and-ROS-2-Learn-by-Doing-Odometry-Control/Section5_Control/bumperbot_ws/install/bumperbot_description/share/bumperbot_description/environment/ament_prefix_path.dsv
[1.751s] -- Up-to-date: /home/dev/ros2_ws/Self-Driving-and-ROS-2-Learn-by-Doing-Odometry-Control/Section5_Control/bumperbot_ws/install/bumperbot_description/share/bumperbot_description/environment/path.sh
[1.752s] -- Up-to-date: /home/dev/ros2_ws/Self-Driving-and-ROS-2-Learn-by-Doing-Odometry-Control/Section5_Control/bumperbot_ws/install/bumperbot_description/share/bumperbot_description/environment/path.dsv
[1.753s] -- Up-to-date: /home/dev/ros2_ws/Self-Driving-and-ROS-2-Learn-by-Doing-Odometry-Control/Section5_Control/bumperbot_ws/install/bumperbot_description/share/bumperbot_description/local_setup.bash
[1.753s] -- Up-to-date: /home/dev/ros2_ws/Self-Driving-and-ROS-2-Learn-by-Doing-Odometry-Control/Section5_Control/bumperbot_ws/install/bumperbot_description/share/bumperbot_description/local_setup.sh
[1.754s] -- Up-to-date: /home/dev/ros2_ws/Self-Driving-and-ROS-2-Learn-by-Doing-Odometry-Control/Section5_Control/bumperbot_ws/install/bumperbot_description/share/bumperbot_description/local_setup.zsh
[1.755s] -- Up-to-date: /home/dev/ros2_ws/Self-Driving-and-ROS-2-Learn-by-Doing-Odometry-Control/Section5_Control/bumperbot_ws/install/bumperbot_description/share/bumperbot_description/local_setup.dsv
[1.755s] -- Installing: /home/dev/ros2_ws/Self-Driving-and-ROS-2-Learn-by-Doing-Odometry-Control/Section5_Control/bumperbot_ws/install/bumperbot_description/share/bumperbot_description/package.dsv
[1.756s] -- Up-to-date: /home/dev/ros2_ws/Self-Driving-and-ROS-2-Learn-by-Doing-Odometry-Control/Section5_Control/bumperbot_ws/install/bumperbot_description/share/ament_index/resource_index/packages/bumperbot_description
[1.756s] -- Up-to-date: /home/dev/ros2_ws/Self-Driving-and-ROS-2-Learn-by-Doing-Odometry-Control/Section5_Control/bumperbot_ws/install/bumperbot_description/share/bumperbot_description/cmake/bumperbot_descriptionConfig.cmake
[1.757s] -- Up-to-date: /home/dev/ros2_ws/Self-Driving-and-ROS-2-Learn-by-Doing-Odometry-Control/Section5_Control/bumperbot_ws/install/bumperbot_description/share/bumperbot_description/cmake/bumperbot_descriptionConfig-version.cmake
[1.757s] -- Up-to-date: /home/dev/ros2_ws/Self-Driving-and-ROS-2-Learn-by-Doing-Odometry-Control/Section5_Control/bumperbot_ws/install/bumperbot_description/share/bumperbot_description/package.xml
[1.821s] Invoked command in '/home/dev/ros2_ws/Self-Driving-and-ROS-2-Learn-by-Doing-Odometry-Control/Section5_Control/bumperbot_ws/build/bumperbot_description' returned '0': CMAKE_PREFIX_PATH=${CMAKE_PREFIX_PATH}:/home/dev/ros2_ws/Self-Driving-and-ROS-2-Learn-by-Doing-Odometry-Control/Section5_Control/bumperbot_ws/install/bumperbot_py_examples:/opt/ros/humble /usr/bin/cmake --install /home/dev/ros2_ws/Self-Driving-and-ROS-2-Learn-by-Doing-Odometry-Control/Section5_Control/bumperbot_ws/build/bumperbot_description
