[0.062s] Invoking command in '/home/dev/ros2_ws/Self-Driving-and-ROS-2-Learn-by-Doing-Odometry-Control/Section4_Locomotion/bumperbot_ws/build/bumperbot_description': CMAKE_PREFIX_PATH=/opt/ros/humble /usr/bin/cmake /home/dev/ros2_ws/Self-Driving-and-ROS-2-Learn-by-Doing-Odometry-Control/Section4_Locomotion/bumperbot_ws/src/bumperbot_description -DCMAKE_INSTALL_PREFIX=/home/dev/ros2_ws/Self-Driving-and-ROS-2-Learn-by-Doing-Odometry-Control/Section4_Locomotion/bumperbot_ws/install/bumperbot_description
[0.389s] -- The C compiler identification is GNU 11.4.0
[0.767s] -- The CXX compiler identification is GNU 11.4.0
[0.805s] -- Detecting C compiler ABI info
[1.125s] -- Detecting C compiler ABI info - done
[1.153s] -- Check for working C compiler: /usr/bin/cc - skipped
[1.154s] -- Detecting C compile features
[1.156s] -- Detecting C compile features - done
[1.177s] -- Detecting CXX compiler ABI info
[1.525s] -- Detecting CXX compiler ABI info - done
[1.569s] -- Check for working CXX compiler: /usr/bin/c++ - skipped
[1.570s] -- Detecting CXX compile features
[1.573s] -- Detecting CXX compile features - done
[1.590s] -- Found ament_cmake: 1.3.10 (/opt/ros/humble/share/ament_cmake/cmake)
[2.263s] -- Found Python3: /usr/bin/python3 (found version "3.10.12") found components: Interpreter 
[2.649s] -- Found urdf: 2.6.1 (/opt/ros/humble/share/urdf/cmake)
[2.842s] -- Found ament_lint_auto: 0.12.11 (/opt/ros/humble/share/ament_lint_auto/cmake)
[3.241s] -- Added test 'copyright' to check source files copyright and LICENSE
[3.264s] -- Added test 'flake8' to check Python code syntax and style conventions
[3.268s] -- Added test 'lint_cmake' to check CMake code style
[3.271s] -- Added test 'pep257' to check Python code against some of the docstring style conventions in PEP 257
[3.284s] -- Added test 'xmllint' to check XML markup files
[3.292s] -- Configuring done
[3.303s] -- Generating done
[3.308s] -- Build files have been written to: /home/dev/ros2_ws/Self-Driving-and-ROS-2-Learn-by-Doing-Odometry-Control/Section4_Locomotion/bumperbot_ws/build/bumperbot_description
[3.336s] Invoked command in '/home/dev/ros2_ws/Self-Driving-and-ROS-2-Learn-by-Doing-Odometry-Control/Section4_Locomotion/bumperbot_ws/build/bumperbot_description' returned '0': CMAKE_PREFIX_PATH=/opt/ros/humble /usr/bin/cmake /home/dev/ros2_ws/Self-Driving-and-ROS-2-Learn-by-Doing-Odometry-Control/Section4_Locomotion/bumperbot_ws/src/bumperbot_description -DCMAKE_INSTALL_PREFIX=/home/dev/ros2_ws/Self-Driving-and-ROS-2-Learn-by-Doing-Odometry-Control/Section4_Locomotion/bumperbot_ws/install/bumperbot_description
[3.338s] Invoking command in '/home/dev/ros2_ws/Self-Driving-and-ROS-2-Learn-by-Doing-Odometry-Control/Section4_Locomotion/bumperbot_ws/build/bumperbot_description': CMAKE_PREFIX_PATH=/opt/ros/humble /usr/bin/cmake --build /home/dev/ros2_ws/Self-Driving-and-ROS-2-Learn-by-Doing-Odometry-Control/Section4_Locomotion/bumperbot_ws/build/bumperbot_description -- -j4 -l4
[3.460s] Invoked command in '/home/dev/ros2_ws/Self-Driving-and-ROS-2-Learn-by-Doing-Odometry-Control/Section4_Locomotion/bumperbot_ws/build/bumperbot_description' returned '0': CMAKE_PREFIX_PATH=/opt/ros/humble /usr/bin/cmake --build /home/dev/ros2_ws/Self-Driving-and-ROS-2-Learn-by-Doing-Odometry-Control/Section4_Locomotion/bumperbot_ws/build/bumperbot_description -- -j4 -l4
[3.565s] Invoking command in '/home/dev/ros2_ws/Self-Driving-and-ROS-2-Learn-by-Doing-Odometry-Control/Section4_Locomotion/bumperbot_ws/build/bumperbot_description': CMAKE_PREFIX_PATH=/opt/ros/humble /usr/bin/cmake --install /home/dev/ros2_ws/Self-Driving-and-ROS-2-Learn-by-Doing-Odometry-Control/Section4_Locomotion/bumperbot_ws/build/bumperbot_description
[3.593s] -- Install configuration: ""
[3.594s] -- Installing: /home/dev/ros2_ws/Self-Driving-and-ROS-2-Learn-by-Doing-Odometry-Control/Section4_Locomotion/bumperbot_ws/install/bumperbot_description/share/bumperbot_description/launch
[3.595s] -- Installing: /home/dev/ros2_ws/Self-Driving-and-ROS-2-Learn-by-Doing-Odometry-Control/Section4_Locomotion/bumperbot_ws/install/bumperbot_description/share/bumperbot_description/launch/display.launch.py
[3.596s] -- Installing: /home/dev/ros2_ws/Self-Driving-and-ROS-2-Learn-by-Doing-Odometry-Control/Section4_Locomotion/bumperbot_ws/install/bumperbot_description/share/bumperbot_description/launch/gazebo.launch.py
[3.596s] -- Installing: /home/dev/ros2_ws/Self-Driving-and-ROS-2-Learn-by-Doing-Odometry-Control/Section4_Locomotion/bumperbot_ws/install/bumperbot_description/share/bumperbot_description/meshes
[3.597s] -- Installing: /home/dev/ros2_ws/Self-Driving-and-ROS-2-Learn-by-Doing-Odometry-Control/Section4_Locomotion/bumperbot_ws/install/bumperbot_description/share/bumperbot_description/meshes/caster_rear_link.STL
[3.599s] -- Installing: /home/dev/ros2_ws/Self-Driving-and-ROS-2-Learn-by-Doing-Odometry-Control/Section4_Locomotion/bumperbot_ws/install/bumperbot_description/share/bumperbot_description/meshes/wheel_left_link.STL
[3.606s] -- Installing: /home/dev/ros2_ws/Self-Driving-and-ROS-2-Learn-by-Doing-Odometry-Control/Section4_Locomotion/bumperbot_ws/install/bumperbot_description/share/bumperbot_description/meshes/base_link.STL
[3.695s] -- Installing: /home/dev/ros2_ws/Self-Driving-and-ROS-2-Learn-by-Doing-Odometry-Control/Section4_Locomotion/bumperbot_ws/install/bumperbot_description/share/bumperbot_description/meshes/imu_link.STL
[3.697s] -- Installing: /home/dev/ros2_ws/Self-Driving-and-ROS-2-Learn-by-Doing-Odometry-Control/Section4_Locomotion/bumperbot_ws/install/bumperbot_description/share/bumperbot_description/meshes/wheel_right_link.STL
[3.705s] -- Installing: /home/dev/ros2_ws/Self-Driving-and-ROS-2-Learn-by-Doing-Odometry-Control/Section4_Locomotion/bumperbot_ws/install/bumperbot_description/share/bumperbot_description/meshes/caster_front_link.STL
[3.708s] -- Installing: /home/dev/ros2_ws/Self-Driving-and-ROS-2-Learn-by-Doing-Odometry-Control/Section4_Locomotion/bumperbot_ws/install/bumperbot_description/share/bumperbot_description/models
[3.708s] -- Installing: /home/dev/ros2_ws/Self-Driving-and-ROS-2-Learn-by-Doing-Odometry-Control/Section4_Locomotion/bumperbot_ws/install/bumperbot_description/share/bumperbot_description/models/ground_plane
[3.709s] -- Installing: /home/dev/ros2_ws/Self-Driving-and-ROS-2-Learn-by-Doing-Odometry-Control/Section4_Locomotion/bumperbot_ws/install/bumperbot_description/share/bumperbot_description/models/ground_plane/model-1_4.sdf
[3.710s] -- Installing: /home/dev/ros2_ws/Self-Driving-and-ROS-2-Learn-by-Doing-Odometry-Control/Section4_Locomotion/bumperbot_ws/install/bumperbot_description/share/bumperbot_description/models/ground_plane/model-1_2.sdf
[3.712s] -- Installing: /home/dev/ros2_ws/Self-Driving-and-ROS-2-Learn-by-Doing-Odometry-Control/Section4_Locomotion/bumperbot_ws/install/bumperbot_description/share/bumperbot_description/models/ground_plane/model.config
[3.713s] -- Installing: /home/dev/ros2_ws/Self-Driving-and-ROS-2-Learn-by-Doing-Odometry-Control/Section4_Locomotion/bumperbot_ws/install/bumperbot_description/share/bumperbot_description/models/ground_plane/model-1_3.sdf
[3.713s] -- Installing: /home/dev/ros2_ws/Self-Driving-and-ROS-2-Learn-by-Doing-Odometry-Control/Section4_Locomotion/bumperbot_ws/install/bumperbot_description/share/bumperbot_description/models/ground_plane/model.sdf
[3.717s] -- Installing: /home/dev/ros2_ws/Self-Driving-and-ROS-2-Learn-by-Doing-Odometry-Control/Section4_Locomotion/bumperbot_ws/install/bumperbot_description/share/bumperbot_description/models/sun
[3.718s] -- Installing: /home/dev/ros2_ws/Self-Driving-and-ROS-2-Learn-by-Doing-Odometry-Control/Section4_Locomotion/bumperbot_ws/install/bumperbot_description/share/bumperbot_description/models/sun/model-1_4.sdf
[3.718s] -- Installing: /home/dev/ros2_ws/Self-Driving-and-ROS-2-Learn-by-Doing-Odometry-Control/Section4_Locomotion/bumperbot_ws/install/bumperbot_description/share/bumperbot_description/models/sun/model-1_2.sdf
[3.719s] -- Installing: /home/dev/ros2_ws/Self-Driving-and-ROS-2-Learn-by-Doing-Odometry-Control/Section4_Locomotion/bumperbot_ws/install/bumperbot_description/share/bumperbot_description/models/sun/model.config
[3.719s] -- Installing: /home/dev/ros2_ws/Self-Driving-and-ROS-2-Learn-by-Doing-Odometry-Control/Section4_Locomotion/bumperbot_ws/install/bumperbot_description/share/bumperbot_description/models/sun/model-1_3.sdf
[3.721s] -- Installing: /home/dev/ros2_ws/Self-Driving-and-ROS-2-Learn-by-Doing-Odometry-Control/Section4_Locomotion/bumperbot_ws/install/bumperbot_description/share/bumperbot_description/models/sun/model.sdf
[3.723s] -- Installing: /home/dev/ros2_ws/Self-Driving-and-ROS-2-Learn-by-Doing-Odometry-Control/Section4_Locomotion/bumperbot_ws/install/bumperbot_description/share/bumperbot_description/urdf
[3.727s] -- Installing: /home/dev/ros2_ws/Self-Driving-and-ROS-2-Learn-by-Doing-Odometry-Control/Section4_Locomotion/bumperbot_ws/install/bumperbot_description/share/bumperbot_description/urdf/bumperbot_gazebo.xacro
[3.727s] -- Installing: /home/dev/ros2_ws/Self-Driving-and-ROS-2-Learn-by-Doing-Odometry-Control/Section4_Locomotion/bumperbot_ws/install/bumperbot_description/share/bumperbot_description/urdf/bumperbot.urdf.xacro
[3.728s] -- Installing: /home/dev/ros2_ws/Self-Driving-and-ROS-2-Learn-by-Doing-Odometry-Control/Section4_Locomotion/bumperbot_ws/install/bumperbot_description/share/bumperbot_description/rviz
[3.730s] -- Installing: /home/dev/ros2_ws/Self-Driving-and-ROS-2-Learn-by-Doing-Odometry-Control/Section4_Locomotion/bumperbot_ws/install/bumperbot_description/share/bumperbot_description/rviz/display.rviz
[3.731s] -- Installing: /home/dev/ros2_ws/Self-Driving-and-ROS-2-Learn-by-Doing-Odometry-Control/Section4_Locomotion/bumperbot_ws/install/bumperbot_description/share/ament_index/resource_index/package_run_dependencies/bumperbot_description
[3.732s] -- Installing: /home/dev/ros2_ws/Self-Driving-and-ROS-2-Learn-by-Doing-Odometry-Control/Section4_Locomotion/bumperbot_ws/install/bumperbot_description/share/ament_index/resource_index/parent_prefix_path/bumperbot_description
[3.732s] -- Installing: /home/dev/ros2_ws/Self-Driving-and-ROS-2-Learn-by-Doing-Odometry-Control/Section4_Locomotion/bumperbot_ws/install/bumperbot_description/share/bumperbot_description/environment/ament_prefix_path.sh
[3.733s] -- Installing: /home/dev/ros2_ws/Self-Driving-and-ROS-2-Learn-by-Doing-Odometry-Control/Section4_Locomotion/bumperbot_ws/install/bumperbot_description/share/bumperbot_description/environment/ament_prefix_path.dsv
[3.734s] -- Installing: /home/dev/ros2_ws/Self-Driving-and-ROS-2-Learn-by-Doing-Odometry-Control/Section4_Locomotion/bumperbot_ws/install/bumperbot_description/share/bumperbot_description/environment/path.sh
[3.734s] -- Installing: /home/dev/ros2_ws/Self-Driving-and-ROS-2-Learn-by-Doing-Odometry-Control/Section4_Locomotion/bumperbot_ws/install/bumperbot_description/share/bumperbot_description/environment/path.dsv
[3.735s] -- Installing: /home/dev/ros2_ws/Self-Driving-and-ROS-2-Learn-by-Doing-Odometry-Control/Section4_Locomotion/bumperbot_ws/install/bumperbot_description/share/bumperbot_description/local_setup.bash
[3.735s] -- Installing: /home/dev/ros2_ws/Self-Driving-and-ROS-2-Learn-by-Doing-Odometry-Control/Section4_Locomotion/bumperbot_ws/install/bumperbot_description/share/bumperbot_description/local_setup.sh
[3.736s] -- Installing: /home/dev/ros2_ws/Self-Driving-and-ROS-2-Learn-by-Doing-Odometry-Control/Section4_Locomotion/bumperbot_ws/install/bumperbot_description/share/bumperbot_description/local_setup.zsh
[3.736s] -- Installing: /home/dev/ros2_ws/Self-Driving-and-ROS-2-Learn-by-Doing-Odometry-Control/Section4_Locomotion/bumperbot_ws/install/bumperbot_description/share/bumperbot_description/local_setup.dsv
[3.737s] -- Installing: /home/dev/ros2_ws/Self-Driving-and-ROS-2-Learn-by-Doing-Odometry-Control/Section4_Locomotion/bumperbot_ws/install/bumperbot_description/share/bumperbot_description/package.dsv
[3.737s] -- Installing: /home/dev/ros2_ws/Self-Driving-and-ROS-2-Learn-by-Doing-Odometry-Control/Section4_Locomotion/bumperbot_ws/install/bumperbot_description/share/ament_index/resource_index/packages/bumperbot_description
[3.739s] -- Installing: /home/dev/ros2_ws/Self-Driving-and-ROS-2-Learn-by-Doing-Odometry-Control/Section4_Locomotion/bumperbot_ws/install/bumperbot_description/share/bumperbot_description/cmake/bumperbot_descriptionConfig.cmake
[3.741s] -- Installing: /home/dev/ros2_ws/Self-Driving-and-ROS-2-Learn-by-Doing-Odometry-Control/Section4_Locomotion/bumperbot_ws/install/bumperbot_description/share/bumperbot_description/cmake/bumperbot_descriptionConfig-version.cmake
[3.743s] -- Installing: /home/dev/ros2_ws/Self-Driving-and-ROS-2-Learn-by-Doing-Odometry-Control/Section4_Locomotion/bumperbot_ws/install/bumperbot_description/share/bumperbot_description/package.xml
[3.757s] Invoked command in '/home/dev/ros2_ws/Self-Driving-and-ROS-2-Learn-by-Doing-Odometry-Control/Section4_Locomotion/bumperbot_ws/build/bumperbot_description' returned '0': CMAKE_PREFIX_PATH=/opt/ros/humble /usr/bin/cmake --install /home/dev/ros2_ws/Self-Driving-and-ROS-2-Learn-by-Doing-Odometry-Control/Section4_Locomotion/bumperbot_ws/build/bumperbot_description
