[0.098s] Invoking command in '/home/dev/ros2_ws/Self-Driving/Section8_TF2_Library/bumperbot_ws/build/bumperbot_description': CMAKE_PREFIX_PATH=${CMAKE_PREFIX_PATH}:/opt/ros/humble /usr/bin/cmake /home/dev/ros2_ws/Self-Driving/Section8_TF2_Library/bumperbot_ws/src/bumperbot_description -DCMAKE_INSTALL_PREFIX=/home/dev/ros2_ws/Self-Driving/Section8_TF2_Library/bumperbot_ws/install/bumperbot_description
[0.515s] -- The C compiler identification is GNU 11.4.0
[1.089s] -- The CXX compiler identification is GNU 11.4.0
[1.177s] -- Detecting C compiler ABI info
[1.728s] -- Detecting C compiler ABI info - done
[1.795s] -- Check for working C compiler: /usr/bin/cc - skipped
[1.799s] -- Detecting C compile features
[1.806s] -- Detecting C compile features - done
[1.820s] -- Detecting CXX compiler ABI info
[2.652s] -- Detecting CXX compiler ABI info - done
[2.741s] -- Check for working CXX compiler: /usr/bin/c++ - skipped
[2.741s] -- Detecting CXX compile features
[2.752s] -- Detecting CXX compile features - done
[2.756s] -- Found ament_cmake: 1.3.10 (/opt/ros/humble/share/ament_cmake/cmake)
[3.816s] -- Found Python3: /usr/bin/python3 (found version "3.10.12") found components: Interpreter 
[4.388s] -- Found urdf: 2.6.1 (/opt/ros/humble/share/urdf/cmake)
[4.669s] -- Found ament_lint_auto: 0.12.11 (/opt/ros/humble/share/ament_lint_auto/cmake)
[5.264s] -- Added test 'copyright' to check source files copyright and LICENSE
[5.284s] -- Added test 'flake8' to check Python code syntax and style conventions
[5.290s] -- Added test 'lint_cmake' to check CMake code style
[5.296s] -- Added test 'pep257' to check Python code against some of the docstring style conventions in PEP 257
[5.310s] -- Added test 'xmllint' to check XML markup files
[5.322s] -- Configuring done
[5.338s] -- Generating done
[5.343s] -- Build files have been written to: /home/dev/ros2_ws/Self-Driving/Section8_TF2_Library/bumperbot_ws/build/bumperbot_description
[5.401s] Invoked command in '/home/dev/ros2_ws/Self-Driving/Section8_TF2_Library/bumperbot_ws/build/bumperbot_description' returned '0': CMAKE_PREFIX_PATH=${CMAKE_PREFIX_PATH}:/opt/ros/humble /usr/bin/cmake /home/dev/ros2_ws/Self-Driving/Section8_TF2_Library/bumperbot_ws/src/bumperbot_description -DCMAKE_INSTALL_PREFIX=/home/dev/ros2_ws/Self-Driving/Section8_TF2_Library/bumperbot_ws/install/bumperbot_description
[5.407s] Invoking command in '/home/dev/ros2_ws/Self-Driving/Section8_TF2_Library/bumperbot_ws/build/bumperbot_description': CMAKE_PREFIX_PATH=${CMAKE_PREFIX_PATH}:/opt/ros/humble /usr/bin/cmake --build /home/dev/ros2_ws/Self-Driving/Section8_TF2_Library/bumperbot_ws/build/bumperbot_description -- -j4 -l4
[5.678s] Invoked command in '/home/dev/ros2_ws/Self-Driving/Section8_TF2_Library/bumperbot_ws/build/bumperbot_description' returned '0': CMAKE_PREFIX_PATH=${CMAKE_PREFIX_PATH}:/opt/ros/humble /usr/bin/cmake --build /home/dev/ros2_ws/Self-Driving/Section8_TF2_Library/bumperbot_ws/build/bumperbot_description -- -j4 -l4
[5.841s] Invoking command in '/home/dev/ros2_ws/Self-Driving/Section8_TF2_Library/bumperbot_ws/build/bumperbot_description': CMAKE_PREFIX_PATH=${CMAKE_PREFIX_PATH}:/opt/ros/humble /usr/bin/cmake --install /home/dev/ros2_ws/Self-Driving/Section8_TF2_Library/bumperbot_ws/build/bumperbot_description
[5.877s] -- Install configuration: ""
[5.880s] -- Installing: /home/dev/ros2_ws/Self-Driving/Section8_TF2_Library/bumperbot_ws/install/bumperbot_description/share/bumperbot_description/launch
[5.885s] -- Installing: /home/dev/ros2_ws/Self-Driving/Section8_TF2_Library/bumperbot_ws/install/bumperbot_description/share/bumperbot_description/launch/display.launch.py
[5.888s] -- Installing: /home/dev/ros2_ws/Self-Driving/Section8_TF2_Library/bumperbot_ws/install/bumperbot_description/share/bumperbot_description/launch/gazebo.launch.py
[5.888s] -- Installing: /home/dev/ros2_ws/Self-Driving/Section8_TF2_Library/bumperbot_ws/install/bumperbot_description/share/bumperbot_description/meshes
[5.893s] -- Installing: /home/dev/ros2_ws/Self-Driving/Section8_TF2_Library/bumperbot_ws/install/bumperbot_description/share/bumperbot_description/meshes/caster_rear_link.STL
[5.904s] -- Installing: /home/dev/ros2_ws/Self-Driving/Section8_TF2_Library/bumperbot_ws/install/bumperbot_description/share/bumperbot_description/meshes/wheel_left_link.STL
[5.933s] -- Installing: /home/dev/ros2_ws/Self-Driving/Section8_TF2_Library/bumperbot_ws/install/bumperbot_description/share/bumperbot_description/meshes/base_link.STL
[6.111s] -- Installing: /home/dev/ros2_ws/Self-Driving/Section8_TF2_Library/bumperbot_ws/install/bumperbot_description/share/bumperbot_description/meshes/imu_link.STL
[6.119s] -- Installing: /home/dev/ros2_ws/Self-Driving/Section8_TF2_Library/bumperbot_ws/install/bumperbot_description/share/bumperbot_description/meshes/wheel_right_link.STL
[6.141s] -- Installing: /home/dev/ros2_ws/Self-Driving/Section8_TF2_Library/bumperbot_ws/install/bumperbot_description/share/bumperbot_description/meshes/caster_front_link.STL
[6.161s] -- Installing: /home/dev/ros2_ws/Self-Driving/Section8_TF2_Library/bumperbot_ws/install/bumperbot_description/share/bumperbot_description/models
[6.162s] -- Installing: /home/dev/ros2_ws/Self-Driving/Section8_TF2_Library/bumperbot_ws/install/bumperbot_description/share/bumperbot_description/models/ground_plane
[6.163s] -- Installing: /home/dev/ros2_ws/Self-Driving/Section8_TF2_Library/bumperbot_ws/install/bumperbot_description/share/bumperbot_description/models/ground_plane/model-1_4.sdf
[6.170s] -- Installing: /home/dev/ros2_ws/Self-Driving/Section8_TF2_Library/bumperbot_ws/install/bumperbot_description/share/bumperbot_description/models/ground_plane/model-1_2.sdf
[6.172s] -- Installing: /home/dev/ros2_ws/Self-Driving/Section8_TF2_Library/bumperbot_ws/install/bumperbot_description/share/bumperbot_description/models/ground_plane/model.config
[6.175s] -- Installing: /home/dev/ros2_ws/Self-Driving/Section8_TF2_Library/bumperbot_ws/install/bumperbot_description/share/bumperbot_description/models/ground_plane/model-1_3.sdf
[6.179s] -- Installing: /home/dev/ros2_ws/Self-Driving/Section8_TF2_Library/bumperbot_ws/install/bumperbot_description/share/bumperbot_description/models/ground_plane/model.sdf
[6.179s] -- Installing: /home/dev/ros2_ws/Self-Driving/Section8_TF2_Library/bumperbot_ws/install/bumperbot_description/share/bumperbot_description/models/sun
[6.182s] -- Installing: /home/dev/ros2_ws/Self-Driving/Section8_TF2_Library/bumperbot_ws/install/bumperbot_description/share/bumperbot_description/models/sun/model-1_4.sdf
[6.183s] -- Installing: /home/dev/ros2_ws/Self-Driving/Section8_TF2_Library/bumperbot_ws/install/bumperbot_description/share/bumperbot_description/models/sun/model-1_2.sdf
[6.188s] -- Installing: /home/dev/ros2_ws/Self-Driving/Section8_TF2_Library/bumperbot_ws/install/bumperbot_description/share/bumperbot_description/models/sun/model.config
[6.191s] -- Installing: /home/dev/ros2_ws/Self-Driving/Section8_TF2_Library/bumperbot_ws/install/bumperbot_description/share/bumperbot_description/models/sun/model-1_3.sdf
[6.191s] -- Installing: /home/dev/ros2_ws/Self-Driving/Section8_TF2_Library/bumperbot_ws/install/bumperbot_description/share/bumperbot_description/models/sun/model.sdf
[6.193s] -- Installing: /home/dev/ros2_ws/Self-Driving/Section8_TF2_Library/bumperbot_ws/install/bumperbot_description/share/bumperbot_description/urdf
[6.195s] -- Installing: /home/dev/ros2_ws/Self-Driving/Section8_TF2_Library/bumperbot_ws/install/bumperbot_description/share/bumperbot_description/urdf/bumperbot_gazebo.xacro
[6.199s] -- Installing: /home/dev/ros2_ws/Self-Driving/Section8_TF2_Library/bumperbot_ws/install/bumperbot_description/share/bumperbot_description/urdf/bumperbot.urdf.xacro
[6.205s] -- Installing: /home/dev/ros2_ws/Self-Driving/Section8_TF2_Library/bumperbot_ws/install/bumperbot_description/share/bumperbot_description/urdf/bumperbot_ros2_control.xacro
[6.206s] -- Installing: /home/dev/ros2_ws/Self-Driving/Section8_TF2_Library/bumperbot_ws/install/bumperbot_description/share/bumperbot_description/rviz
[6.209s] -- Installing: /home/dev/ros2_ws/Self-Driving/Section8_TF2_Library/bumperbot_ws/install/bumperbot_description/share/bumperbot_description/rviz/display.rviz
[6.212s] -- Installing: /home/dev/ros2_ws/Self-Driving/Section8_TF2_Library/bumperbot_ws/install/bumperbot_description/share/ament_index/resource_index/package_run_dependencies/bumperbot_description
[6.212s] -- Installing: /home/dev/ros2_ws/Self-Driving/Section8_TF2_Library/bumperbot_ws/install/bumperbot_description/share/ament_index/resource_index/parent_prefix_path/bumperbot_description
[6.213s] -- Installing: /home/dev/ros2_ws/Self-Driving/Section8_TF2_Library/bumperbot_ws/install/bumperbot_description/share/bumperbot_description/environment/ament_prefix_path.sh
[6.213s] -- Installing: /home/dev/ros2_ws/Self-Driving/Section8_TF2_Library/bumperbot_ws/install/bumperbot_description/share/bumperbot_description/environment/ament_prefix_path.dsv
[6.214s] -- Installing: /home/dev/ros2_ws/Self-Driving/Section8_TF2_Library/bumperbot_ws/install/bumperbot_description/share/bumperbot_description/environment/path.sh
[6.221s] -- Installing: /home/dev/ros2_ws/Self-Driving/Section8_TF2_Library/bumperbot_ws/install/bumperbot_description/share/bumperbot_description/environment/path.dsv
[6.222s] -- Installing: /home/dev/ros2_ws/Self-Driving/Section8_TF2_Library/bumperbot_ws/install/bumperbot_description/share/bumperbot_description/local_setup.bash
[6.222s] -- Installing: /home/dev/ros2_ws/Self-Driving/Section8_TF2_Library/bumperbot_ws/install/bumperbot_description/share/bumperbot_description/local_setup.sh
[6.225s] -- Installing: /home/dev/ros2_ws/Self-Driving/Section8_TF2_Library/bumperbot_ws/install/bumperbot_description/share/bumperbot_description/local_setup.zsh
[6.225s] -- Installing: /home/dev/ros2_ws/Self-Driving/Section8_TF2_Library/bumperbot_ws/install/bumperbot_description/share/bumperbot_description/local_setup.dsv
[6.226s] -- Installing: /home/dev/ros2_ws/Self-Driving/Section8_TF2_Library/bumperbot_ws/install/bumperbot_description/share/bumperbot_description/package.dsv
[6.226s] -- Installing: /home/dev/ros2_ws/Self-Driving/Section8_TF2_Library/bumperbot_ws/install/bumperbot_description/share/ament_index/resource_index/packages/bumperbot_description
[6.226s] -- Installing: /home/dev/ros2_ws/Self-Driving/Section8_TF2_Library/bumperbot_ws/install/bumperbot_description/share/bumperbot_description/cmake/bumperbot_descriptionConfig.cmake
[6.227s] -- Installing: /home/dev/ros2_ws/Self-Driving/Section8_TF2_Library/bumperbot_ws/install/bumperbot_description/share/bumperbot_description/cmake/bumperbot_descriptionConfig-version.cmake
[6.227s] -- Installing: /home/dev/ros2_ws/Self-Driving/Section8_TF2_Library/bumperbot_ws/install/bumperbot_description/share/bumperbot_description/package.xml
[6.231s] Invoked command in '/home/dev/ros2_ws/Self-Driving/Section8_TF2_Library/bumperbot_ws/build/bumperbot_description' returned '0': CMAKE_PREFIX_PATH=${CMAKE_PREFIX_PATH}:/opt/ros/humble /usr/bin/cmake --install /home/dev/ros2_ws/Self-Driving/Section8_TF2_Library/bumperbot_ws/build/bumperbot_description
