-- The C compiler identification is GNU 11.4.0
-- The CXX compiler identification is GNU 11.4.0
-- Detecting C compiler ABI info
-- Detecting C compiler ABI info - done
-- Check for working C compiler: /usr/bin/cc - skipped
-- Detecting C compile features
-- Detecting C compile features - done
-- Detecting CXX compiler ABI info
-- Detecting CXX compiler ABI info - done
-- Check for working CXX compiler: /usr/bin/c++ - skipped
-- Detecting CXX compile features
-- Detecting CXX compile features - done
-- Found ament_cmake: 1.3.10 (/opt/ros/humble/share/ament_cmake/cmake)
-- Found Python3: /usr/bin/python3 (found version "3.10.12") found components: Interpreter 
-- Found ament_lint_auto: 0.12.11 (/opt/ros/humble/share/ament_lint_auto/cmake)
WARNING: Package name "Agrisentenel_Description" does not follow the naming conventions. It should start with a lower case letter and only contain lower case letters, digits, underscores, and dashes.
-- Added test 'lint_cmake' to check CMake code style
-- Added test 'xmllint' to check XML markup files
-- Configuring done
-- Generating done
-- Build files have been written to: /home/dev/ros2_ws/ATech_ws/build/Agrisentenel_Description
-- Install configuration: ""
-- Installing: /home/dev/ros2_ws/ATech_ws/install/Agrisentenel_Description/share/ament_index/resource_index/package_run_dependencies/Agrisentenel_Description
-- Installing: /home/dev/ros2_ws/ATech_ws/install/Agrisentenel_Description/share/ament_index/resource_index/parent_prefix_path/Agrisentenel_Description
-- Installing: /home/dev/ros2_ws/ATech_ws/install/Agrisentenel_Description/share/Agrisentenel_Description/environment/ament_prefix_path.sh
-- Installing: /home/dev/ros2_ws/ATech_ws/install/Agrisentenel_Description/share/Agrisentenel_Description/environment/ament_prefix_path.dsv
-- Installing: /home/dev/ros2_ws/ATech_ws/install/Agrisentenel_Description/share/Agrisentenel_Description/environment/path.sh
-- Installing: /home/dev/ros2_ws/ATech_ws/install/Agrisentenel_Description/share/Agrisentenel_Description/environment/path.dsv
-- Installing: /home/dev/ros2_ws/ATech_ws/install/Agrisentenel_Description/share/Agrisentenel_Description/local_setup.bash
-- Installing: /home/dev/ros2_ws/ATech_ws/install/Agrisentenel_Description/share/Agrisentenel_Description/local_setup.sh
-- Installing: /home/dev/ros2_ws/ATech_ws/install/Agrisentenel_Description/share/Agrisentenel_Description/local_setup.zsh
-- Installing: /home/dev/ros2_ws/ATech_ws/install/Agrisentenel_Description/share/Agrisentenel_Description/local_setup.dsv
-- Installing: /home/dev/ros2_ws/ATech_ws/install/Agrisentenel_Description/share/Agrisentenel_Description/package.dsv
-- Installing: /home/dev/ros2_ws/ATech_ws/install/Agrisentenel_Description/share/ament_index/resource_index/packages/Agrisentenel_Description
-- Installing: /home/dev/ros2_ws/ATech_ws/install/Agrisentenel_Description/share/Agrisentenel_Description/cmake/Agrisentenel_DescriptionConfig.cmake
-- Installing: /home/dev/ros2_ws/ATech_ws/install/Agrisentenel_Description/share/Agrisentenel_Description/cmake/Agrisentenel_DescriptionConfig-version.cmake
-- Installing: /home/dev/ros2_ws/ATech_ws/install/Agrisentenel_Description/share/Agrisentenel_Description/package.xml
