[0.113s] Invoking command in '/home/dev/ros2_ws/Self-Driving/Section5_Control/bumperbot_ws/build/bumperbot_description': CMAKE_PREFIX_PATH=${CMAKE_PREFIX_PATH}:/opt/ros/humble /usr/bin/cmake --build /home/dev/ros2_ws/Self-Driving/Section5_Control/bumperbot_ws/build/bumperbot_description -- -j4 -l4
[1.400s] Invoked command in '/home/dev/ros2_ws/Self-Driving/Section5_Control/bumperbot_ws/build/bumperbot_description' returned '0': CMAKE_PREFIX_PATH=${CMAKE_PREFIX_PATH}:/opt/ros/humble /usr/bin/cmake --build /home/dev/ros2_ws/Self-Driving/Section5_Control/bumperbot_ws/build/bumperbot_description -- -j4 -l4
[1.536s] Invoking command in '/home/dev/ros2_ws/Self-Driving/Section5_Control/bumperbot_ws/build/bumperbot_description': CMAKE_PREFIX_PATH=${CMAKE_PREFIX_PATH}:/opt/ros/humble /usr/bin/cmake --install /home/dev/ros2_ws/Self-Driving/Section5_Control/bumperbot_ws/build/bumperbot_description
[1.581s] -- Install configuration: ""
[1.587s] -- Up-to-date: /home/dev/ros2_ws/Self-Driving/Section5_Control/bumperbot_ws/install/bumperbot_description/share/bumperbot_description/launch
[1.588s] -- Up-to-date: /home/dev/ros2_ws/Self-Driving/Section5_Control/bumperbot_ws/install/bumperbot_description/share/bumperbot_description/launch/display.launch.py
[1.588s] -- Installing: /home/dev/ros2_ws/Self-Driving/Section5_Control/bumperbot_ws/install/bumperbot_description/share/bumperbot_description/launch/gazebo.launch.py
[1.589s] -- Up-to-date: /home/dev/ros2_ws/Self-Driving/Section5_Control/bumperbot_ws/install/bumperbot_description/share/bumperbot_description/meshes
[1.590s] -- Up-to-date: /home/dev/ros2_ws/Self-Driving/Section5_Control/bumperbot_ws/install/bumperbot_description/share/bumperbot_description/meshes/caster_rear_link.STL
[1.594s] -- Up-to-date: /home/dev/ros2_ws/Self-Driving/Section5_Control/bumperbot_ws/install/bumperbot_description/share/bumperbot_description/meshes/wheel_left_link.STL
[1.595s] -- Up-to-date: /home/dev/ros2_ws/Self-Driving/Section5_Control/bumperbot_ws/install/bumperbot_description/share/bumperbot_description/meshes/base_link.STL
[1.622s] -- Up-to-date: /home/dev/ros2_ws/Self-Driving/Section5_Control/bumperbot_ws/install/bumperbot_description/share/bumperbot_description/meshes/imu_link.STL
[1.622s] -- Up-to-date: /home/dev/ros2_ws/Self-Driving/Section5_Control/bumperbot_ws/install/bumperbot_description/share/bumperbot_description/meshes/wheel_right_link.STL
[1.625s] -- Up-to-date: /home/dev/ros2_ws/Self-Driving/Section5_Control/bumperbot_ws/install/bumperbot_description/share/bumperbot_description/meshes/caster_front_link.STL
[1.626s] -- Up-to-date: /home/dev/ros2_ws/Self-Driving/Section5_Control/bumperbot_ws/install/bumperbot_description/share/bumperbot_description/models
[1.627s] -- Up-to-date: /home/dev/ros2_ws/Self-Driving/Section5_Control/bumperbot_ws/install/bumperbot_description/share/bumperbot_description/models/ground_plane
[1.627s] -- Up-to-date: /home/dev/ros2_ws/Self-Driving/Section5_Control/bumperbot_ws/install/bumperbot_description/share/bumperbot_description/models/ground_plane/model-1_4.sdf
[1.628s] -- Up-to-date: /home/dev/ros2_ws/Self-Driving/Section5_Control/bumperbot_ws/install/bumperbot_description/share/bumperbot_description/models/ground_plane/model-1_2.sdf
[1.629s] -- Up-to-date: /home/dev/ros2_ws/Self-Driving/Section5_Control/bumperbot_ws/install/bumperbot_description/share/bumperbot_description/models/ground_plane/model.config
[1.630s] -- Up-to-date: /home/dev/ros2_ws/Self-Driving/Section5_Control/bumperbot_ws/install/bumperbot_description/share/bumperbot_description/models/ground_plane/model-1_3.sdf
[1.631s] -- Up-to-date: /home/dev/ros2_ws/Self-Driving/Section5_Control/bumperbot_ws/install/bumperbot_description/share/bumperbot_description/models/ground_plane/model.sdf
[1.632s] -- Up-to-date: /home/dev/ros2_ws/Self-Driving/Section5_Control/bumperbot_ws/install/bumperbot_description/share/bumperbot_description/models/sun
[1.634s] -- Up-to-date: /home/dev/ros2_ws/Self-Driving/Section5_Control/bumperbot_ws/install/bumperbot_description/share/bumperbot_description/models/sun/model-1_4.sdf
[1.635s] -- Up-to-date: /home/dev/ros2_ws/Self-Driving/Section5_Control/bumperbot_ws/install/bumperbot_description/share/bumperbot_description/models/sun/model-1_2.sdf
[1.636s] -- Up-to-date: /home/dev/ros2_ws/Self-Driving/Section5_Control/bumperbot_ws/install/bumperbot_description/share/bumperbot_description/models/sun/model.config
[1.637s] -- Up-to-date: /home/dev/ros2_ws/Self-Driving/Section5_Control/bumperbot_ws/install/bumperbot_description/share/bumperbot_description/models/sun/model-1_3.sdf
[1.637s] -- Up-to-date: /home/dev/ros2_ws/Self-Driving/Section5_Control/bumperbot_ws/install/bumperbot_description/share/bumperbot_description/models/sun/model.sdf
[1.638s] -- Up-to-date: /home/dev/ros2_ws/Self-Driving/Section5_Control/bumperbot_ws/install/bumperbot_description/share/bumperbot_description/urdf
[1.638s] -- Installing: /home/dev/ros2_ws/Self-Driving/Section5_Control/bumperbot_ws/install/bumperbot_description/share/bumperbot_description/urdf/bumperbot_gazebo.xacro
[1.639s] -- Up-to-date: /home/dev/ros2_ws/Self-Driving/Section5_Control/bumperbot_ws/install/bumperbot_description/share/bumperbot_description/urdf/bumperbot.urdf.xacro
[1.640s] -- Up-to-date: /home/dev/ros2_ws/Self-Driving/Section5_Control/bumperbot_ws/install/bumperbot_description/share/bumperbot_description/urdf/bumperbot_ros2_control.xacro
[1.640s] -- Up-to-date: /home/dev/ros2_ws/Self-Driving/Section5_Control/bumperbot_ws/install/bumperbot_description/share/bumperbot_description/rviz
[1.641s] -- Up-to-date: /home/dev/ros2_ws/Self-Driving/Section5_Control/bumperbot_ws/install/bumperbot_description/share/bumperbot_description/rviz/display.rviz
[1.641s] -- Up-to-date: /home/dev/ros2_ws/Self-Driving/Section5_Control/bumperbot_ws/install/bumperbot_description/share/ament_index/resource_index/package_run_dependencies/bumperbot_description
[1.642s] -- Up-to-date: /home/dev/ros2_ws/Self-Driving/Section5_Control/bumperbot_ws/install/bumperbot_description/share/ament_index/resource_index/parent_prefix_path/bumperbot_description
[1.642s] -- Up-to-date: /home/dev/ros2_ws/Self-Driving/Section5_Control/bumperbot_ws/install/bumperbot_description/share/bumperbot_description/environment/ament_prefix_path.sh
[1.647s] -- Up-to-date: /home/dev/ros2_ws/Self-Driving/Section5_Control/bumperbot_ws/install/bumperbot_description/share/bumperbot_description/environment/ament_prefix_path.dsv
[1.648s] -- Up-to-date: /home/dev/ros2_ws/Self-Driving/Section5_Control/bumperbot_ws/install/bumperbot_description/share/bumperbot_description/environment/path.sh
[1.648s] -- Up-to-date: /home/dev/ros2_ws/Self-Driving/Section5_Control/bumperbot_ws/install/bumperbot_description/share/bumperbot_description/environment/path.dsv
[1.648s] -- Up-to-date: /home/dev/ros2_ws/Self-Driving/Section5_Control/bumperbot_ws/install/bumperbot_description/share/bumperbot_description/local_setup.bash
[1.654s] -- Up-to-date: /home/dev/ros2_ws/Self-Driving/Section5_Control/bumperbot_ws/install/bumperbot_description/share/bumperbot_description/local_setup.sh
[1.655s] -- Up-to-date: /home/dev/ros2_ws/Self-Driving/Section5_Control/bumperbot_ws/install/bumperbot_description/share/bumperbot_description/local_setup.zsh
[1.659s] -- Up-to-date: /home/dev/ros2_ws/Self-Driving/Section5_Control/bumperbot_ws/install/bumperbot_description/share/bumperbot_description/local_setup.dsv
[1.659s] -- Installing: /home/dev/ros2_ws/Self-Driving/Section5_Control/bumperbot_ws/install/bumperbot_description/share/bumperbot_description/package.dsv
[1.660s] -- Up-to-date: /home/dev/ros2_ws/Self-Driving/Section5_Control/bumperbot_ws/install/bumperbot_description/share/ament_index/resource_index/packages/bumperbot_description
[1.664s] -- Up-to-date: /home/dev/ros2_ws/Self-Driving/Section5_Control/bumperbot_ws/install/bumperbot_description/share/bumperbot_description/cmake/bumperbot_descriptionConfig.cmake
[1.665s] -- Up-to-date: /home/dev/ros2_ws/Self-Driving/Section5_Control/bumperbot_ws/install/bumperbot_description/share/bumperbot_description/cmake/bumperbot_descriptionConfig-version.cmake
[1.666s] -- Up-to-date: /home/dev/ros2_ws/Self-Driving/Section5_Control/bumperbot_ws/install/bumperbot_description/share/bumperbot_description/package.xml
[1.729s] Invoked command in '/home/dev/ros2_ws/Self-Driving/Section5_Control/bumperbot_ws/build/bumperbot_description' returned '0': CMAKE_PREFIX_PATH=${CMAKE_PREFIX_PATH}:/opt/ros/humble /usr/bin/cmake --install /home/dev/ros2_ws/Self-Driving/Section5_Control/bumperbot_ws/build/bumperbot_description
