[0.798s] DEBUG:colcon:Command line arguments: ['/usr/bin/colcon', 'build']
[0.799s] DEBUG:colcon:Parsed command line arguments: Namespace(log_base=None, log_level=None, verb_name='build', build_base='build', install_base='install', merge_install=False, symlink_install=False, test_result_base=None, continue_on_error=False, executor='parallel', parallel_workers=4, event_handlers=None, ignore_user_meta=False, metas=['./colcon.meta'], base_paths=['.'], packages_ignore=None, packages_ignore_regex=None, paths=None, packages_up_to=None, packages_up_to_regex=None, packages_above=None, packages_above_and_dependencies=None, packages_above_depth=None, packages_select_by_dep=None, packages_skip_by_dep=None, packages_skip_up_to=None, packages_select_build_failed=False, packages_skip_build_finished=False, packages_select_test_failures=False, packages_skip_test_passed=False, packages_select=None, packages_skip=None, packages_select_regex=None, packages_skip_regex=None, packages_start=None, packages_end=None, allow_overriding=[], cmake_args=None, cmake_target=None, cmake_target_skip_unavailable=False, cmake_clean_cache=False, cmake_clean_first=False, cmake_force_configure=False, ament_cmake_args=None, catkin_cmake_args=None, catkin_skip_building_tests=False, mixin_files=None, mixin=None, verb_parser=<colcon_mixin.mixin.mixin_argument.MixinArgumentDecorator object at 0x7fd709860430>, verb_extension=<colcon_core.verb.build.BuildVerb object at 0x7fd709831d80>, main=<bound method BuildVerb.main of <colcon_core.verb.build.BuildVerb object at 0x7fd709831d80>>, mixin_verb=('build',))
[1.762s] Level 1:colcon.colcon_core.package_discovery:discover_packages(colcon_meta) check parameters
[1.762s] Level 1:colcon.colcon_core.package_discovery:discover_packages(recursive) check parameters
[1.762s] Level 1:colcon.colcon_core.package_discovery:discover_packages(ignore) check parameters
[1.762s] Level 1:colcon.colcon_core.package_discovery:discover_packages(path) check parameters
[1.763s] Level 1:colcon.colcon_core.package_discovery:discover_packages(colcon_meta) discover
[1.763s] Level 1:colcon.colcon_core.package_discovery:discover_packages(recursive) discover
[1.763s] INFO:colcon.colcon_core.package_discovery:Crawling recursively for packages in '/home/dev/ros2_ws/Self-Driving-and-ROS-2-Learn-by-Doing-Odometry-Control/Section4_Locomotion/bumperbot_ws'
[1.763s] Level 1:colcon.colcon_core.package_identification:_identify(.) by extensions ['ignore', 'ignore_ament_install']
[1.764s] Level 1:colcon.colcon_core.package_identification:_identify(.) by extension 'ignore'
[1.764s] Level 1:colcon.colcon_core.package_identification:_identify(.) by extension 'ignore_ament_install'
[1.764s] Level 1:colcon.colcon_core.package_identification:_identify(.) by extensions ['colcon_pkg']
[1.764s] Level 1:colcon.colcon_core.package_identification:_identify(.) by extension 'colcon_pkg'
[1.765s] Level 1:colcon.colcon_core.package_identification:_identify(.) by extensions ['colcon_meta']
[1.765s] Level 1:colcon.colcon_core.package_identification:_identify(.) by extension 'colcon_meta'
[1.765s] Level 1:colcon.colcon_core.package_identification:_identify(.) by extensions ['ros']
[1.765s] Level 1:colcon.colcon_core.package_identification:_identify(.) by extension 'ros'
[1.841s] Level 1:colcon.colcon_core.package_identification:_identify(.) by extensions ['cmake', 'python']
[1.841s] Level 1:colcon.colcon_core.package_identification:_identify(.) by extension 'cmake'
[1.841s] Level 1:colcon.colcon_core.package_identification:_identify(.) by extension 'python'
[1.842s] Level 1:colcon.colcon_core.package_identification:_identify(.) by extensions ['python_setup_py']
[1.842s] Level 1:colcon.colcon_core.package_identification:_identify(.) by extension 'python_setup_py'
[1.842s] Level 1:colcon.colcon_core.package_identification:_identify(build) by extensions ['ignore', 'ignore_ament_install']
[1.842s] Level 1:colcon.colcon_core.package_identification:_identify(build) by extension 'ignore'
[1.843s] Level 1:colcon.colcon_core.package_identification:_identify(build) ignored
[1.843s] Level 1:colcon.colcon_core.package_identification:_identify(install) by extensions ['ignore', 'ignore_ament_install']
[1.844s] Level 1:colcon.colcon_core.package_identification:_identify(install) by extension 'ignore'
[1.844s] Level 1:colcon.colcon_core.package_identification:_identify(install) ignored
[1.844s] Level 1:colcon.colcon_core.package_identification:_identify(log) by extensions ['ignore', 'ignore_ament_install']
[1.844s] Level 1:colcon.colcon_core.package_identification:_identify(log) by extension 'ignore'
[1.845s] Level 1:colcon.colcon_core.package_identification:_identify(log) ignored
[1.845s] Level 1:colcon.colcon_core.package_identification:_identify(src) by extensions ['ignore', 'ignore_ament_install']
[1.845s] Level 1:colcon.colcon_core.package_identification:_identify(src) by extension 'ignore'
[1.845s] Level 1:colcon.colcon_core.package_identification:_identify(src) by extension 'ignore_ament_install'
[1.846s] Level 1:colcon.colcon_core.package_identification:_identify(src) by extensions ['colcon_pkg']
[1.846s] Level 1:colcon.colcon_core.package_identification:_identify(src) by extension 'colcon_pkg'
[1.846s] Level 1:colcon.colcon_core.package_identification:_identify(src) by extensions ['colcon_meta']
[1.846s] Level 1:colcon.colcon_core.package_identification:_identify(src) by extension 'colcon_meta'
[1.846s] Level 1:colcon.colcon_core.package_identification:_identify(src) by extensions ['ros']
[1.847s] Level 1:colcon.colcon_core.package_identification:_identify(src) by extension 'ros'
[1.847s] Level 1:colcon.colcon_core.package_identification:_identify(src) by extensions ['cmake', 'python']
[1.847s] Level 1:colcon.colcon_core.package_identification:_identify(src) by extension 'cmake'
[1.847s] Level 1:colcon.colcon_core.package_identification:_identify(src) by extension 'python'
[1.847s] Level 1:colcon.colcon_core.package_identification:_identify(src) by extensions ['python_setup_py']
[1.848s] Level 1:colcon.colcon_core.package_identification:_identify(src) by extension 'python_setup_py'
[1.848s] Level 1:colcon.colcon_core.package_identification:_identify(src/bumperbot_cpp_examples) by extensions ['ignore', 'ignore_ament_install']
[1.848s] Level 1:colcon.colcon_core.package_identification:_identify(src/bumperbot_cpp_examples) by extension 'ignore'
[1.849s] Level 1:colcon.colcon_core.package_identification:_identify(src/bumperbot_cpp_examples) by extension 'ignore_ament_install'
[1.849s] Level 1:colcon.colcon_core.package_identification:_identify(src/bumperbot_cpp_examples) by extensions ['colcon_pkg']
[1.849s] Level 1:colcon.colcon_core.package_identification:_identify(src/bumperbot_cpp_examples) by extension 'colcon_pkg'
[1.849s] Level 1:colcon.colcon_core.package_identification:_identify(src/bumperbot_cpp_examples) by extensions ['colcon_meta']
[1.849s] Level 1:colcon.colcon_core.package_identification:_identify(src/bumperbot_cpp_examples) by extension 'colcon_meta'
[1.849s] Level 1:colcon.colcon_core.package_identification:_identify(src/bumperbot_cpp_examples) by extensions ['ros']
[1.850s] Level 1:colcon.colcon_core.package_identification:_identify(src/bumperbot_cpp_examples) by extension 'ros'
[1.863s] DEBUG:colcon.colcon_core.package_identification:Package 'src/bumperbot_cpp_examples' with type 'ros.ament_cmake' and name 'bumperbot_cpp_examples'
[1.864s] Level 1:colcon.colcon_core.package_identification:_identify(src/bumperbot_description) by extensions ['ignore', 'ignore_ament_install']
[1.864s] Level 1:colcon.colcon_core.package_identification:_identify(src/bumperbot_description) by extension 'ignore'
[1.864s] Level 1:colcon.colcon_core.package_identification:_identify(src/bumperbot_description) by extension 'ignore_ament_install'
[1.864s] Level 1:colcon.colcon_core.package_identification:_identify(src/bumperbot_description) by extensions ['colcon_pkg']
[1.865s] Level 1:colcon.colcon_core.package_identification:_identify(src/bumperbot_description) by extension 'colcon_pkg'
[1.865s] Level 1:colcon.colcon_core.package_identification:_identify(src/bumperbot_description) by extensions ['colcon_meta']
[1.865s] Level 1:colcon.colcon_core.package_identification:_identify(src/bumperbot_description) by extension 'colcon_meta'
[1.865s] Level 1:colcon.colcon_core.package_identification:_identify(src/bumperbot_description) by extensions ['ros']
[1.865s] Level 1:colcon.colcon_core.package_identification:_identify(src/bumperbot_description) by extension 'ros'
[1.868s] DEBUG:colcon.colcon_core.package_identification:Package 'src/bumperbot_description' with type 'ros.ament_cmake' and name 'bumperbot_description'
[1.869s] Level 1:colcon.colcon_core.package_identification:_identify(src/bumperbot_py_examples) by extensions ['ignore', 'ignore_ament_install']
[1.869s] Level 1:colcon.colcon_core.package_identification:_identify(src/bumperbot_py_examples) by extension 'ignore'
[1.869s] Level 1:colcon.colcon_core.package_identification:_identify(src/bumperbot_py_examples) by extension 'ignore_ament_install'
[1.869s] Level 1:colcon.colcon_core.package_identification:_identify(src/bumperbot_py_examples) by extensions ['colcon_pkg']
[1.869s] Level 1:colcon.colcon_core.package_identification:_identify(src/bumperbot_py_examples) by extension 'colcon_pkg'
[1.870s] Level 1:colcon.colcon_core.package_identification:_identify(src/bumperbot_py_examples) by extensions ['colcon_meta']
[1.870s] Level 1:colcon.colcon_core.package_identification:_identify(src/bumperbot_py_examples) by extension 'colcon_meta'
[1.870s] Level 1:colcon.colcon_core.package_identification:_identify(src/bumperbot_py_examples) by extensions ['ros']
[1.870s] Level 1:colcon.colcon_core.package_identification:_identify(src/bumperbot_py_examples) by extension 'ros'
[1.873s] DEBUG:colcon.colcon_core.package_identification:Package 'src/bumperbot_py_examples' with type 'ros.ament_python' and name 'bumperbot_py_examples'
[1.874s] Level 1:colcon.colcon_core.package_discovery:discover_packages(recursive) using defaults
[1.874s] Level 1:colcon.colcon_core.package_discovery:discover_packages(ignore) discover
[1.874s] Level 1:colcon.colcon_core.package_discovery:discover_packages(ignore) using defaults
[1.874s] Level 1:colcon.colcon_core.package_discovery:discover_packages(path) discover
[1.874s] Level 1:colcon.colcon_core.package_discovery:discover_packages(path) using defaults
[1.971s] Level 1:colcon.colcon_core.package_discovery:discover_packages(prefix_path) check parameters
[1.971s] Level 1:colcon.colcon_core.package_discovery:discover_packages(prefix_path) discover
[1.992s] DEBUG:colcon.colcon_installed_package_information.package_discovery:Found 275 installed packages in /opt/ros/humble
[2.004s] Level 1:colcon.colcon_core.package_discovery:discover_packages(prefix_path) using defaults
[2.231s] Level 5:colcon.colcon_core.verb:set package 'bumperbot_cpp_examples' build argument 'cmake_args' from command line to 'None'
[2.231s] Level 5:colcon.colcon_core.verb:set package 'bumperbot_cpp_examples' build argument 'cmake_target' from command line to 'None'
[2.232s] Level 5:colcon.colcon_core.verb:set package 'bumperbot_cpp_examples' build argument 'cmake_target_skip_unavailable' from command line to 'False'
[2.232s] Level 5:colcon.colcon_core.verb:set package 'bumperbot_cpp_examples' build argument 'cmake_clean_cache' from command line to 'False'
[2.232s] Level 5:colcon.colcon_core.verb:set package 'bumperbot_cpp_examples' build argument 'cmake_clean_first' from command line to 'False'
[2.232s] Level 5:colcon.colcon_core.verb:set package 'bumperbot_cpp_examples' build argument 'cmake_force_configure' from command line to 'False'
[2.232s] Level 5:colcon.colcon_core.verb:set package 'bumperbot_cpp_examples' build argument 'ament_cmake_args' from command line to 'None'
[2.232s] Level 5:colcon.colcon_core.verb:set package 'bumperbot_cpp_examples' build argument 'catkin_cmake_args' from command line to 'None'
[2.232s] Level 5:colcon.colcon_core.verb:set package 'bumperbot_cpp_examples' build argument 'catkin_skip_building_tests' from command line to 'False'
[2.232s] DEBUG:colcon.colcon_core.verb:Building package 'bumperbot_cpp_examples' with the following arguments: {'ament_cmake_args': None, 'build_base': '/home/dev/ros2_ws/Self-Driving-and-ROS-2-Learn-by-Doing-Odometry-Control/Section4_Locomotion/bumperbot_ws/build/bumperbot_cpp_examples', 'catkin_cmake_args': None, 'catkin_skip_building_tests': False, 'cmake_args': None, 'cmake_clean_cache': False, 'cmake_clean_first': False, 'cmake_force_configure': False, 'cmake_target': None, 'cmake_target_skip_unavailable': False, 'install_base': '/home/dev/ros2_ws/Self-Driving-and-ROS-2-Learn-by-Doing-Odometry-Control/Section4_Locomotion/bumperbot_ws/install/bumperbot_cpp_examples', 'merge_install': False, 'path': '/home/dev/ros2_ws/Self-Driving-and-ROS-2-Learn-by-Doing-Odometry-Control/Section4_Locomotion/bumperbot_ws/src/bumperbot_cpp_examples', 'symlink_install': False, 'test_result_base': None}
[2.234s] Level 5:colcon.colcon_core.verb:set package 'bumperbot_description' build argument 'cmake_args' from command line to 'None'
[2.234s] Level 5:colcon.colcon_core.verb:set package 'bumperbot_description' build argument 'cmake_target' from command line to 'None'
[2.235s] Level 5:colcon.colcon_core.verb:set package 'bumperbot_description' build argument 'cmake_target_skip_unavailable' from command line to 'False'
[2.235s] Level 5:colcon.colcon_core.verb:set package 'bumperbot_description' build argument 'cmake_clean_cache' from command line to 'False'
[2.235s] Level 5:colcon.colcon_core.verb:set package 'bumperbot_description' build argument 'cmake_clean_first' from command line to 'False'
[2.235s] Level 5:colcon.colcon_core.verb:set package 'bumperbot_description' build argument 'cmake_force_configure' from command line to 'False'
[2.235s] Level 5:colcon.colcon_core.verb:set package 'bumperbot_description' build argument 'ament_cmake_args' from command line to 'None'
[2.235s] Level 5:colcon.colcon_core.verb:set package 'bumperbot_description' build argument 'catkin_cmake_args' from command line to 'None'
[2.235s] Level 5:colcon.colcon_core.verb:set package 'bumperbot_description' build argument 'catkin_skip_building_tests' from command line to 'False'
[2.235s] DEBUG:colcon.colcon_core.verb:Building package 'bumperbot_description' with the following arguments: {'ament_cmake_args': None, 'build_base': '/home/dev/ros2_ws/Self-Driving-and-ROS-2-Learn-by-Doing-Odometry-Control/Section4_Locomotion/bumperbot_ws/build/bumperbot_description', 'catkin_cmake_args': None, 'catkin_skip_building_tests': False, 'cmake_args': None, 'cmake_clean_cache': False, 'cmake_clean_first': False, 'cmake_force_configure': False, 'cmake_target': None, 'cmake_target_skip_unavailable': False, 'install_base': '/home/dev/ros2_ws/Self-Driving-and-ROS-2-Learn-by-Doing-Odometry-Control/Section4_Locomotion/bumperbot_ws/install/bumperbot_description', 'merge_install': False, 'path': '/home/dev/ros2_ws/Self-Driving-and-ROS-2-Learn-by-Doing-Odometry-Control/Section4_Locomotion/bumperbot_ws/src/bumperbot_description', 'symlink_install': False, 'test_result_base': None}
[2.237s] Level 5:colcon.colcon_core.verb:set package 'bumperbot_py_examples' build argument 'cmake_args' from command line to 'None'
[2.237s] Level 5:colcon.colcon_core.verb:set package 'bumperbot_py_examples' build argument 'cmake_target' from command line to 'None'
[2.238s] Level 5:colcon.colcon_core.verb:set package 'bumperbot_py_examples' build argument 'cmake_target_skip_unavailable' from command line to 'False'
[2.238s] Level 5:colcon.colcon_core.verb:set package 'bumperbot_py_examples' build argument 'cmake_clean_cache' from command line to 'False'
[2.238s] Level 5:colcon.colcon_core.verb:set package 'bumperbot_py_examples' build argument 'cmake_clean_first' from command line to 'False'
[2.238s] Level 5:colcon.colcon_core.verb:set package 'bumperbot_py_examples' build argument 'cmake_force_configure' from command line to 'False'
[2.238s] Level 5:colcon.colcon_core.verb:set package 'bumperbot_py_examples' build argument 'ament_cmake_args' from command line to 'None'
[2.238s] Level 5:colcon.colcon_core.verb:set package 'bumperbot_py_examples' build argument 'catkin_cmake_args' from command line to 'None'
[2.238s] Level 5:colcon.colcon_core.verb:set package 'bumperbot_py_examples' build argument 'catkin_skip_building_tests' from command line to 'False'
[2.238s] DEBUG:colcon.colcon_core.verb:Building package 'bumperbot_py_examples' with the following arguments: {'ament_cmake_args': None, 'build_base': '/home/dev/ros2_ws/Self-Driving-and-ROS-2-Learn-by-Doing-Odometry-Control/Section4_Locomotion/bumperbot_ws/build/bumperbot_py_examples', 'catkin_cmake_args': None, 'catkin_skip_building_tests': False, 'cmake_args': None, 'cmake_clean_cache': False, 'cmake_clean_first': False, 'cmake_force_configure': False, 'cmake_target': None, 'cmake_target_skip_unavailable': False, 'install_base': '/home/dev/ros2_ws/Self-Driving-and-ROS-2-Learn-by-Doing-Odometry-Control/Section4_Locomotion/bumperbot_ws/install/bumperbot_py_examples', 'merge_install': False, 'path': '/home/dev/ros2_ws/Self-Driving-and-ROS-2-Learn-by-Doing-Odometry-Control/Section4_Locomotion/bumperbot_ws/src/bumperbot_py_examples', 'symlink_install': False, 'test_result_base': None}
[2.239s] INFO:colcon.colcon_core.executor:Executing jobs using 'parallel' executor
[2.242s] DEBUG:colcon.colcon_parallel_executor.executor.parallel:run_until_complete
[2.243s] INFO:colcon.colcon_ros.task.ament_cmake.build:Building ROS package in '/home/dev/ros2_ws/Self-Driving-and-ROS-2-Learn-by-Doing-Odometry-Control/Section4_Locomotion/bumperbot_ws/src/bumperbot_cpp_examples' with build type 'ament_cmake'
[2.244s] INFO:colcon.colcon_cmake.task.cmake.build:Building CMake package in '/home/dev/ros2_ws/Self-Driving-and-ROS-2-Learn-by-Doing-Odometry-Control/Section4_Locomotion/bumperbot_ws/src/bumperbot_cpp_examples'
[2.268s] INFO:colcon.colcon_core.plugin_system:Skipping extension 'colcon_core.shell.bat': Not used on non-Windows systems
[2.269s] INFO:colcon.colcon_core.shell:Skip shell extension 'powershell' for command environment: Not usable outside of PowerShell
[2.269s] DEBUG:colcon.colcon_core.shell:Skip shell extension 'dsv' for command environment
[2.282s] INFO:colcon.colcon_ros.task.ament_cmake.build:Building ROS package in '/home/dev/ros2_ws/Self-Driving-and-ROS-2-Learn-by-Doing-Odometry-Control/Section4_Locomotion/bumperbot_ws/src/bumperbot_description' with build type 'ament_cmake'
[2.283s] INFO:colcon.colcon_cmake.task.cmake.build:Building CMake package in '/home/dev/ros2_ws/Self-Driving-and-ROS-2-Learn-by-Doing-Odometry-Control/Section4_Locomotion/bumperbot_ws/src/bumperbot_description'
[2.284s] INFO:colcon.colcon_core.shell:Skip shell extension 'powershell' for command environment: Not usable outside of PowerShell
[2.285s] DEBUG:colcon.colcon_core.shell:Skip shell extension 'dsv' for command environment
[2.296s] INFO:colcon.colcon_ros.task.ament_python.build:Building ROS package in '/home/dev/ros2_ws/Self-Driving-and-ROS-2-Learn-by-Doing-Odometry-Control/Section4_Locomotion/bumperbot_ws/src/bumperbot_py_examples' with build type 'ament_python'
[2.297s] Level 1:colcon.colcon_core.shell:create_environment_hook('bumperbot_py_examples', 'ament_prefix_path')
[2.298s] INFO:colcon.colcon_core.shell:Creating environment hook '/home/dev/ros2_ws/Self-Driving-and-ROS-2-Learn-by-Doing-Odometry-Control/Section4_Locomotion/bumperbot_ws/install/bumperbot_py_examples/share/bumperbot_py_examples/hook/ament_prefix_path.ps1'
[2.301s] INFO:colcon.colcon_core.shell:Creating environment descriptor '/home/dev/ros2_ws/Self-Driving-and-ROS-2-Learn-by-Doing-Odometry-Control/Section4_Locomotion/bumperbot_ws/install/bumperbot_py_examples/share/bumperbot_py_examples/hook/ament_prefix_path.dsv'
[2.303s] INFO:colcon.colcon_core.shell:Creating environment hook '/home/dev/ros2_ws/Self-Driving-and-ROS-2-Learn-by-Doing-Odometry-Control/Section4_Locomotion/bumperbot_ws/install/bumperbot_py_examples/share/bumperbot_py_examples/hook/ament_prefix_path.sh'
[2.307s] INFO:colcon.colcon_core.shell:Skip shell extension 'powershell' for command environment: Not usable outside of PowerShell
[2.307s] DEBUG:colcon.colcon_core.shell:Skip shell extension 'dsv' for command environment
[2.340s] DEBUG:colcon.colcon_core.event_handler.log_command:Invoking command in '/home/dev/ros2_ws/Self-Driving-and-ROS-2-Learn-by-Doing-Odometry-Control/Section4_Locomotion/bumperbot_ws/build/bumperbot_cpp_examples': CMAKE_PREFIX_PATH=/opt/ros/humble /usr/bin/cmake /home/dev/ros2_ws/Self-Driving-and-ROS-2-Learn-by-Doing-Odometry-Control/Section4_Locomotion/bumperbot_ws/src/bumperbot_cpp_examples -DCMAKE_INSTALL_PREFIX=/home/dev/ros2_ws/Self-Driving-and-ROS-2-Learn-by-Doing-Odometry-Control/Section4_Locomotion/bumperbot_ws/install/bumperbot_cpp_examples
[2.346s] DEBUG:colcon.colcon_core.event_handler.log_command:Invoking command in '/home/dev/ros2_ws/Self-Driving-and-ROS-2-Learn-by-Doing-Odometry-Control/Section4_Locomotion/bumperbot_ws/build/bumperbot_description': CMAKE_PREFIX_PATH=/opt/ros/humble /usr/bin/cmake /home/dev/ros2_ws/Self-Driving-and-ROS-2-Learn-by-Doing-Odometry-Control/Section4_Locomotion/bumperbot_ws/src/bumperbot_description -DCMAKE_INSTALL_PREFIX=/home/dev/ros2_ws/Self-Driving-and-ROS-2-Learn-by-Doing-Odometry-Control/Section4_Locomotion/bumperbot_ws/install/bumperbot_description
[3.701s] INFO:colcon.colcon_core.task.python.build:Building Python package in '/home/dev/ros2_ws/Self-Driving-and-ROS-2-Learn-by-Doing-Odometry-Control/Section4_Locomotion/bumperbot_ws/src/bumperbot_py_examples'
[3.702s] INFO:colcon.colcon_core.shell:Skip shell extension 'powershell' for command environment: Not usable outside of PowerShell
[3.703s] DEBUG:colcon.colcon_core.shell:Skip shell extension 'dsv' for command environment
[5.378s] DEBUG:colcon.colcon_core.event_handler.log_command:Invoking command in '/home/dev/ros2_ws/Self-Driving-and-ROS-2-Learn-by-Doing-Odometry-Control/Section4_Locomotion/bumperbot_ws/src/bumperbot_py_examples': PYTHONPATH=/home/dev/ros2_ws/Self-Driving-and-ROS-2-Learn-by-Doing-Odometry-Control/Section4_Locomotion/bumperbot_ws/build/bumperbot_py_examples/prefix_override:/usr/lib/python3/dist-packages/colcon_core/task/python/colcon_distutils_commands:/home/dev/ros2_ws/Self-Driving-and-ROS-2-Learn-by-Doing-Odometry-Control/Section4_Locomotion/bumperbot_ws/install/bumperbot_py_examples/lib/python3.10/site-packages:${PYTHONPATH} /usr/bin/python3 -W ignore:setup.py install is deprecated setup.py egg_info --egg-base ../../build/bumperbot_py_examples build --build-base /home/dev/ros2_ws/Self-Driving-and-ROS-2-Learn-by-Doing-Odometry-Control/Section4_Locomotion/bumperbot_ws/build/bumperbot_py_examples/build install --record /home/dev/ros2_ws/Self-Driving-and-ROS-2-Learn-by-Doing-Odometry-Control/Section4_Locomotion/bumperbot_ws/build/bumperbot_py_examples/install.log --single-version-externally-managed install_data
[5.619s] DEBUG:colcon.colcon_core.event_handler.log_command:Invoked command in '/home/dev/ros2_ws/Self-Driving-and-ROS-2-Learn-by-Doing-Odometry-Control/Section4_Locomotion/bumperbot_ws/build/bumperbot_description' returned '0': CMAKE_PREFIX_PATH=/opt/ros/humble /usr/bin/cmake /home/dev/ros2_ws/Self-Driving-and-ROS-2-Learn-by-Doing-Odometry-Control/Section4_Locomotion/bumperbot_ws/src/bumperbot_description -DCMAKE_INSTALL_PREFIX=/home/dev/ros2_ws/Self-Driving-and-ROS-2-Learn-by-Doing-Odometry-Control/Section4_Locomotion/bumperbot_ws/install/bumperbot_description
[5.621s] DEBUG:colcon.colcon_core.event_handler.log_command:Invoking command in '/home/dev/ros2_ws/Self-Driving-and-ROS-2-Learn-by-Doing-Odometry-Control/Section4_Locomotion/bumperbot_ws/build/bumperbot_description': CMAKE_PREFIX_PATH=/opt/ros/humble /usr/bin/cmake --build /home/dev/ros2_ws/Self-Driving-and-ROS-2-Learn-by-Doing-Odometry-Control/Section4_Locomotion/bumperbot_ws/build/bumperbot_description -- -j4 -l4
[5.744s] DEBUG:colcon.colcon_core.event_handler.log_command:Invoked command in '/home/dev/ros2_ws/Self-Driving-and-ROS-2-Learn-by-Doing-Odometry-Control/Section4_Locomotion/bumperbot_ws/build/bumperbot_description' returned '0': CMAKE_PREFIX_PATH=/opt/ros/humble /usr/bin/cmake --build /home/dev/ros2_ws/Self-Driving-and-ROS-2-Learn-by-Doing-Odometry-Control/Section4_Locomotion/bumperbot_ws/build/bumperbot_description -- -j4 -l4
[5.849s] DEBUG:colcon.colcon_core.event_handler.log_command:Invoking command in '/home/dev/ros2_ws/Self-Driving-and-ROS-2-Learn-by-Doing-Odometry-Control/Section4_Locomotion/bumperbot_ws/build/bumperbot_description': CMAKE_PREFIX_PATH=/opt/ros/humble /usr/bin/cmake --install /home/dev/ros2_ws/Self-Driving-and-ROS-2-Learn-by-Doing-Odometry-Control/Section4_Locomotion/bumperbot_ws/build/bumperbot_description
[6.031s] Level 1:colcon.colcon_core.environment:create_environment_scripts_only(bumperbot_description)
[6.041s] DEBUG:colcon.colcon_core.event_handler.log_command:Invoked command in '/home/dev/ros2_ws/Self-Driving-and-ROS-2-Learn-by-Doing-Odometry-Control/Section4_Locomotion/bumperbot_ws/build/bumperbot_description' returned '0': CMAKE_PREFIX_PATH=/opt/ros/humble /usr/bin/cmake --install /home/dev/ros2_ws/Self-Driving-and-ROS-2-Learn-by-Doing-Odometry-Control/Section4_Locomotion/bumperbot_ws/build/bumperbot_description
[6.059s] Level 1:colcon.colcon_core.environment:checking '/home/dev/ros2_ws/Self-Driving-and-ROS-2-Learn-by-Doing-Odometry-Control/Section4_Locomotion/bumperbot_ws/install/bumperbot_description' for CMake module files
[6.062s] Level 1:colcon.colcon_core.environment:checking '/home/dev/ros2_ws/Self-Driving-and-ROS-2-Learn-by-Doing-Odometry-Control/Section4_Locomotion/bumperbot_ws/install/bumperbot_description' for CMake config files
[6.064s] Level 1:colcon.colcon_core.shell:create_environment_hook('bumperbot_description', 'cmake_prefix_path')
[6.065s] INFO:colcon.colcon_core.shell:Creating environment hook '/home/dev/ros2_ws/Self-Driving-and-ROS-2-Learn-by-Doing-Odometry-Control/Section4_Locomotion/bumperbot_ws/install/bumperbot_description/share/bumperbot_description/hook/cmake_prefix_path.ps1'
[6.069s] INFO:colcon.colcon_core.shell:Creating environment descriptor '/home/dev/ros2_ws/Self-Driving-and-ROS-2-Learn-by-Doing-Odometry-Control/Section4_Locomotion/bumperbot_ws/install/bumperbot_description/share/bumperbot_description/hook/cmake_prefix_path.dsv'
[6.070s] INFO:colcon.colcon_core.shell:Creating environment hook '/home/dev/ros2_ws/Self-Driving-and-ROS-2-Learn-by-Doing-Odometry-Control/Section4_Locomotion/bumperbot_ws/install/bumperbot_description/share/bumperbot_description/hook/cmake_prefix_path.sh'
[6.074s] Level 1:colcon.colcon_core.environment:checking '/home/dev/ros2_ws/Self-Driving-and-ROS-2-Learn-by-Doing-Odometry-Control/Section4_Locomotion/bumperbot_ws/install/bumperbot_description/bin'
[6.074s] Level 1:colcon.colcon_core.environment:checking '/home/dev/ros2_ws/Self-Driving-and-ROS-2-Learn-by-Doing-Odometry-Control/Section4_Locomotion/bumperbot_ws/install/bumperbot_description/lib/pkgconfig/bumperbot_description.pc'
[6.075s] Level 1:colcon.colcon_core.environment:checking '/home/dev/ros2_ws/Self-Driving-and-ROS-2-Learn-by-Doing-Odometry-Control/Section4_Locomotion/bumperbot_ws/install/bumperbot_description/lib/python3.10/site-packages'
[6.076s] Level 1:colcon.colcon_core.environment:checking '/home/dev/ros2_ws/Self-Driving-and-ROS-2-Learn-by-Doing-Odometry-Control/Section4_Locomotion/bumperbot_ws/install/bumperbot_description/bin'
[6.078s] INFO:colcon.colcon_core.shell:Creating package script '/home/dev/ros2_ws/Self-Driving-and-ROS-2-Learn-by-Doing-Odometry-Control/Section4_Locomotion/bumperbot_ws/install/bumperbot_description/share/bumperbot_description/package.ps1'
[6.082s] INFO:colcon.colcon_core.shell:Creating package descriptor '/home/dev/ros2_ws/Self-Driving-and-ROS-2-Learn-by-Doing-Odometry-Control/Section4_Locomotion/bumperbot_ws/install/bumperbot_description/share/bumperbot_description/package.dsv'
[6.084s] INFO:colcon.colcon_core.shell:Creating package script '/home/dev/ros2_ws/Self-Driving-and-ROS-2-Learn-by-Doing-Odometry-Control/Section4_Locomotion/bumperbot_ws/install/bumperbot_description/share/bumperbot_description/package.sh'
[6.088s] INFO:colcon.colcon_core.shell:Creating package script '/home/dev/ros2_ws/Self-Driving-and-ROS-2-Learn-by-Doing-Odometry-Control/Section4_Locomotion/bumperbot_ws/install/bumperbot_description/share/bumperbot_description/package.bash'
[6.092s] INFO:colcon.colcon_core.shell:Creating package script '/home/dev/ros2_ws/Self-Driving-and-ROS-2-Learn-by-Doing-Odometry-Control/Section4_Locomotion/bumperbot_ws/install/bumperbot_description/share/bumperbot_description/package.zsh'
[6.095s] Level 1:colcon.colcon_core.environment:create_file_with_runtime_dependencies(/home/dev/ros2_ws/Self-Driving-and-ROS-2-Learn-by-Doing-Odometry-Control/Section4_Locomotion/bumperbot_ws/install/bumperbot_description/share/colcon-core/packages/bumperbot_description)
[6.177s] Level 1:colcon.colcon_core.environment:create_environment_scripts_only(bumperbot_description)
[6.179s] Level 1:colcon.colcon_core.environment:checking '/home/dev/ros2_ws/Self-Driving-and-ROS-2-Learn-by-Doing-Odometry-Control/Section4_Locomotion/bumperbot_ws/install/bumperbot_description' for CMake module files
[6.181s] Level 1:colcon.colcon_core.environment:checking '/home/dev/ros2_ws/Self-Driving-and-ROS-2-Learn-by-Doing-Odometry-Control/Section4_Locomotion/bumperbot_ws/install/bumperbot_description' for CMake config files
[6.183s] Level 1:colcon.colcon_core.shell:create_environment_hook('bumperbot_description', 'cmake_prefix_path')
[6.184s] INFO:colcon.colcon_core.shell:Creating environment hook '/home/dev/ros2_ws/Self-Driving-and-ROS-2-Learn-by-Doing-Odometry-Control/Section4_Locomotion/bumperbot_ws/install/bumperbot_description/share/bumperbot_description/hook/cmake_prefix_path.ps1'
[6.186s] INFO:colcon.colcon_core.shell:Creating environment descriptor '/home/dev/ros2_ws/Self-Driving-and-ROS-2-Learn-by-Doing-Odometry-Control/Section4_Locomotion/bumperbot_ws/install/bumperbot_description/share/bumperbot_description/hook/cmake_prefix_path.dsv'
[6.189s] INFO:colcon.colcon_core.shell:Creating environment hook '/home/dev/ros2_ws/Self-Driving-and-ROS-2-Learn-by-Doing-Odometry-Control/Section4_Locomotion/bumperbot_ws/install/bumperbot_description/share/bumperbot_description/hook/cmake_prefix_path.sh'
[6.191s] Level 1:colcon.colcon_core.environment:checking '/home/dev/ros2_ws/Self-Driving-and-ROS-2-Learn-by-Doing-Odometry-Control/Section4_Locomotion/bumperbot_ws/install/bumperbot_description/bin'
[6.191s] Level 1:colcon.colcon_core.environment:checking '/home/dev/ros2_ws/Self-Driving-and-ROS-2-Learn-by-Doing-Odometry-Control/Section4_Locomotion/bumperbot_ws/install/bumperbot_description/lib/pkgconfig/bumperbot_description.pc'
[6.193s] Level 1:colcon.colcon_core.environment:checking '/home/dev/ros2_ws/Self-Driving-and-ROS-2-Learn-by-Doing-Odometry-Control/Section4_Locomotion/bumperbot_ws/install/bumperbot_description/lib/python3.10/site-packages'
[6.198s] Level 1:colcon.colcon_core.environment:checking '/home/dev/ros2_ws/Self-Driving-and-ROS-2-Learn-by-Doing-Odometry-Control/Section4_Locomotion/bumperbot_ws/install/bumperbot_description/bin'
[6.200s] INFO:colcon.colcon_core.shell:Creating package script '/home/dev/ros2_ws/Self-Driving-and-ROS-2-Learn-by-Doing-Odometry-Control/Section4_Locomotion/bumperbot_ws/install/bumperbot_description/share/bumperbot_description/package.ps1'
[6.202s] INFO:colcon.colcon_core.shell:Creating package descriptor '/home/dev/ros2_ws/Self-Driving-and-ROS-2-Learn-by-Doing-Odometry-Control/Section4_Locomotion/bumperbot_ws/install/bumperbot_description/share/bumperbot_description/package.dsv'
[6.204s] INFO:colcon.colcon_core.shell:Creating package script '/home/dev/ros2_ws/Self-Driving-and-ROS-2-Learn-by-Doing-Odometry-Control/Section4_Locomotion/bumperbot_ws/install/bumperbot_description/share/bumperbot_description/package.sh'
[6.207s] INFO:colcon.colcon_core.shell:Creating package script '/home/dev/ros2_ws/Self-Driving-and-ROS-2-Learn-by-Doing-Odometry-Control/Section4_Locomotion/bumperbot_ws/install/bumperbot_description/share/bumperbot_description/package.bash'
[6.209s] INFO:colcon.colcon_core.shell:Creating package script '/home/dev/ros2_ws/Self-Driving-and-ROS-2-Learn-by-Doing-Odometry-Control/Section4_Locomotion/bumperbot_ws/install/bumperbot_description/share/bumperbot_description/package.zsh'
[6.211s] Level 1:colcon.colcon_core.environment:create_file_with_runtime_dependencies(/home/dev/ros2_ws/Self-Driving-and-ROS-2-Learn-by-Doing-Odometry-Control/Section4_Locomotion/bumperbot_ws/install/bumperbot_description/share/colcon-core/packages/bumperbot_description)
[6.820s] Level 1:colcon.colcon_core.environment:checking '/home/dev/ros2_ws/Self-Driving-and-ROS-2-Learn-by-Doing-Odometry-Control/Section4_Locomotion/bumperbot_ws/install/bumperbot_py_examples' for CMake module files
[6.823s] DEBUG:colcon.colcon_core.event_handler.log_command:Invoked command in '/home/dev/ros2_ws/Self-Driving-and-ROS-2-Learn-by-Doing-Odometry-Control/Section4_Locomotion/bumperbot_ws/src/bumperbot_py_examples' returned '0': PYTHONPATH=/home/dev/ros2_ws/Self-Driving-and-ROS-2-Learn-by-Doing-Odometry-Control/Section4_Locomotion/bumperbot_ws/build/bumperbot_py_examples/prefix_override:/usr/lib/python3/dist-packages/colcon_core/task/python/colcon_distutils_commands:/home/dev/ros2_ws/Self-Driving-and-ROS-2-Learn-by-Doing-Odometry-Control/Section4_Locomotion/bumperbot_ws/install/bumperbot_py_examples/lib/python3.10/site-packages:${PYTHONPATH} /usr/bin/python3 -W ignore:setup.py install is deprecated setup.py egg_info --egg-base ../../build/bumperbot_py_examples build --build-base /home/dev/ros2_ws/Self-Driving-and-ROS-2-Learn-by-Doing-Odometry-Control/Section4_Locomotion/bumperbot_ws/build/bumperbot_py_examples/build install --record /home/dev/ros2_ws/Self-Driving-and-ROS-2-Learn-by-Doing-Odometry-Control/Section4_Locomotion/bumperbot_ws/build/bumperbot_py_examples/install.log --single-version-externally-managed install_data
[6.824s] Level 1:colcon.colcon_core.environment:checking '/home/dev/ros2_ws/Self-Driving-and-ROS-2-Learn-by-Doing-Odometry-Control/Section4_Locomotion/bumperbot_ws/install/bumperbot_py_examples' for CMake config files
[6.827s] Level 1:colcon.colcon_core.environment:checking '/home/dev/ros2_ws/Self-Driving-and-ROS-2-Learn-by-Doing-Odometry-Control/Section4_Locomotion/bumperbot_ws/install/bumperbot_py_examples/lib'
[6.827s] Level 1:colcon.colcon_core.environment:checking '/home/dev/ros2_ws/Self-Driving-and-ROS-2-Learn-by-Doing-Odometry-Control/Section4_Locomotion/bumperbot_ws/install/bumperbot_py_examples/bin'
[6.828s] Level 1:colcon.colcon_core.environment:checking '/home/dev/ros2_ws/Self-Driving-and-ROS-2-Learn-by-Doing-Odometry-Control/Section4_Locomotion/bumperbot_ws/install/bumperbot_py_examples/lib/pkgconfig/bumperbot_py_examples.pc'
[6.829s] Level 1:colcon.colcon_core.environment:checking '/home/dev/ros2_ws/Self-Driving-and-ROS-2-Learn-by-Doing-Odometry-Control/Section4_Locomotion/bumperbot_ws/install/bumperbot_py_examples/lib/python3.10/site-packages'
[6.829s] Level 1:colcon.colcon_core.shell:create_environment_hook('bumperbot_py_examples', 'pythonpath')
[6.830s] INFO:colcon.colcon_core.shell:Creating environment hook '/home/dev/ros2_ws/Self-Driving-and-ROS-2-Learn-by-Doing-Odometry-Control/Section4_Locomotion/bumperbot_ws/install/bumperbot_py_examples/share/bumperbot_py_examples/hook/pythonpath.ps1'
[6.831s] INFO:colcon.colcon_core.shell:Creating environment descriptor '/home/dev/ros2_ws/Self-Driving-and-ROS-2-Learn-by-Doing-Odometry-Control/Section4_Locomotion/bumperbot_ws/install/bumperbot_py_examples/share/bumperbot_py_examples/hook/pythonpath.dsv'
[6.833s] INFO:colcon.colcon_core.shell:Creating environment hook '/home/dev/ros2_ws/Self-Driving-and-ROS-2-Learn-by-Doing-Odometry-Control/Section4_Locomotion/bumperbot_ws/install/bumperbot_py_examples/share/bumperbot_py_examples/hook/pythonpath.sh'
[6.835s] Level 1:colcon.colcon_core.environment:checking '/home/dev/ros2_ws/Self-Driving-and-ROS-2-Learn-by-Doing-Odometry-Control/Section4_Locomotion/bumperbot_ws/install/bumperbot_py_examples/bin'
[6.835s] Level 1:colcon.colcon_core.environment:create_environment_scripts_only(bumperbot_py_examples)
[6.837s] INFO:colcon.colcon_core.shell:Creating package script '/home/dev/ros2_ws/Self-Driving-and-ROS-2-Learn-by-Doing-Odometry-Control/Section4_Locomotion/bumperbot_ws/install/bumperbot_py_examples/share/bumperbot_py_examples/package.ps1'
[6.839s] INFO:colcon.colcon_core.shell:Creating package descriptor '/home/dev/ros2_ws/Self-Driving-and-ROS-2-Learn-by-Doing-Odometry-Control/Section4_Locomotion/bumperbot_ws/install/bumperbot_py_examples/share/bumperbot_py_examples/package.dsv'
[6.841s] INFO:colcon.colcon_core.shell:Creating package script '/home/dev/ros2_ws/Self-Driving-and-ROS-2-Learn-by-Doing-Odometry-Control/Section4_Locomotion/bumperbot_ws/install/bumperbot_py_examples/share/bumperbot_py_examples/package.sh'
[6.843s] INFO:colcon.colcon_core.shell:Creating package script '/home/dev/ros2_ws/Self-Driving-and-ROS-2-Learn-by-Doing-Odometry-Control/Section4_Locomotion/bumperbot_ws/install/bumperbot_py_examples/share/bumperbot_py_examples/package.bash'
[6.844s] INFO:colcon.colcon_core.shell:Creating package script '/home/dev/ros2_ws/Self-Driving-and-ROS-2-Learn-by-Doing-Odometry-Control/Section4_Locomotion/bumperbot_ws/install/bumperbot_py_examples/share/bumperbot_py_examples/package.zsh'
[6.846s] Level 1:colcon.colcon_core.environment:create_file_with_runtime_dependencies(/home/dev/ros2_ws/Self-Driving-and-ROS-2-Learn-by-Doing-Odometry-Control/Section4_Locomotion/bumperbot_ws/install/bumperbot_py_examples/share/colcon-core/packages/bumperbot_py_examples)
[7.604s] DEBUG:colcon.colcon_core.event_handler.log_command:Invoked command in '/home/dev/ros2_ws/Self-Driving-and-ROS-2-Learn-by-Doing-Odometry-Control/Section4_Locomotion/bumperbot_ws/build/bumperbot_cpp_examples' returned '0': CMAKE_PREFIX_PATH=/opt/ros/humble /usr/bin/cmake /home/dev/ros2_ws/Self-Driving-and-ROS-2-Learn-by-Doing-Odometry-Control/Section4_Locomotion/bumperbot_ws/src/bumperbot_cpp_examples -DCMAKE_INSTALL_PREFIX=/home/dev/ros2_ws/Self-Driving-and-ROS-2-Learn-by-Doing-Odometry-Control/Section4_Locomotion/bumperbot_ws/install/bumperbot_cpp_examples
[7.610s] DEBUG:colcon.colcon_core.event_handler.log_command:Invoking command in '/home/dev/ros2_ws/Self-Driving-and-ROS-2-Learn-by-Doing-Odometry-Control/Section4_Locomotion/bumperbot_ws/build/bumperbot_cpp_examples': CMAKE_PREFIX_PATH=/opt/ros/humble /usr/bin/cmake --build /home/dev/ros2_ws/Self-Driving-and-ROS-2-Learn-by-Doing-Odometry-Control/Section4_Locomotion/bumperbot_ws/build/bumperbot_cpp_examples -- -j4 -l4
[44.656s] DEBUG:colcon.colcon_core.event_handler.log_command:Invoked command in '/home/dev/ros2_ws/Self-Driving-and-ROS-2-Learn-by-Doing-Odometry-Control/Section4_Locomotion/bumperbot_ws/build/bumperbot_cpp_examples' returned '0': CMAKE_PREFIX_PATH=/opt/ros/humble /usr/bin/cmake --build /home/dev/ros2_ws/Self-Driving-and-ROS-2-Learn-by-Doing-Odometry-Control/Section4_Locomotion/bumperbot_ws/build/bumperbot_cpp_examples -- -j4 -l4
[44.754s] DEBUG:colcon.colcon_core.event_handler.log_command:Invoking command in '/home/dev/ros2_ws/Self-Driving-and-ROS-2-Learn-by-Doing-Odometry-Control/Section4_Locomotion/bumperbot_ws/build/bumperbot_cpp_examples': CMAKE_PREFIX_PATH=/opt/ros/humble /usr/bin/cmake --install /home/dev/ros2_ws/Self-Driving-and-ROS-2-Learn-by-Doing-Odometry-Control/Section4_Locomotion/bumperbot_ws/build/bumperbot_cpp_examples
[44.827s] Level 1:colcon.colcon_core.environment:create_environment_scripts_only(bumperbot_cpp_examples)
[44.828s] Level 1:colcon.colcon_core.environment:checking '/home/dev/ros2_ws/Self-Driving-and-ROS-2-Learn-by-Doing-Odometry-Control/Section4_Locomotion/bumperbot_ws/install/bumperbot_cpp_examples' for CMake module files
[44.831s] DEBUG:colcon.colcon_core.event_handler.log_command:Invoked command in '/home/dev/ros2_ws/Self-Driving-and-ROS-2-Learn-by-Doing-Odometry-Control/Section4_Locomotion/bumperbot_ws/build/bumperbot_cpp_examples' returned '0': CMAKE_PREFIX_PATH=/opt/ros/humble /usr/bin/cmake --install /home/dev/ros2_ws/Self-Driving-and-ROS-2-Learn-by-Doing-Odometry-Control/Section4_Locomotion/bumperbot_ws/build/bumperbot_cpp_examples
[44.832s] Level 1:colcon.colcon_core.environment:checking '/home/dev/ros2_ws/Self-Driving-and-ROS-2-Learn-by-Doing-Odometry-Control/Section4_Locomotion/bumperbot_ws/install/bumperbot_cpp_examples' for CMake config files
[44.833s] Level 1:colcon.colcon_core.shell:create_environment_hook('bumperbot_cpp_examples', 'cmake_prefix_path')
[44.834s] INFO:colcon.colcon_core.shell:Creating environment hook '/home/dev/ros2_ws/Self-Driving-and-ROS-2-Learn-by-Doing-Odometry-Control/Section4_Locomotion/bumperbot_ws/install/bumperbot_cpp_examples/share/bumperbot_cpp_examples/hook/cmake_prefix_path.ps1'
[44.835s] INFO:colcon.colcon_core.shell:Creating environment descriptor '/home/dev/ros2_ws/Self-Driving-and-ROS-2-Learn-by-Doing-Odometry-Control/Section4_Locomotion/bumperbot_ws/install/bumperbot_cpp_examples/share/bumperbot_cpp_examples/hook/cmake_prefix_path.dsv'
[44.837s] INFO:colcon.colcon_core.shell:Creating environment hook '/home/dev/ros2_ws/Self-Driving-and-ROS-2-Learn-by-Doing-Odometry-Control/Section4_Locomotion/bumperbot_ws/install/bumperbot_cpp_examples/share/bumperbot_cpp_examples/hook/cmake_prefix_path.sh'
[44.839s] Level 1:colcon.colcon_core.environment:checking '/home/dev/ros2_ws/Self-Driving-and-ROS-2-Learn-by-Doing-Odometry-Control/Section4_Locomotion/bumperbot_ws/install/bumperbot_cpp_examples/lib'
[44.839s] Level 1:colcon.colcon_core.environment:checking '/home/dev/ros2_ws/Self-Driving-and-ROS-2-Learn-by-Doing-Odometry-Control/Section4_Locomotion/bumperbot_ws/install/bumperbot_cpp_examples/bin'
[44.839s] Level 1:colcon.colcon_core.environment:checking '/home/dev/ros2_ws/Self-Driving-and-ROS-2-Learn-by-Doing-Odometry-Control/Section4_Locomotion/bumperbot_ws/install/bumperbot_cpp_examples/lib/pkgconfig/bumperbot_cpp_examples.pc'
[44.840s] Level 1:colcon.colcon_core.environment:checking '/home/dev/ros2_ws/Self-Driving-and-ROS-2-Learn-by-Doing-Odometry-Control/Section4_Locomotion/bumperbot_ws/install/bumperbot_cpp_examples/lib/python3.10/site-packages'
[44.841s] Level 1:colcon.colcon_core.environment:checking '/home/dev/ros2_ws/Self-Driving-and-ROS-2-Learn-by-Doing-Odometry-Control/Section4_Locomotion/bumperbot_ws/install/bumperbot_cpp_examples/bin'
[44.843s] INFO:colcon.colcon_core.shell:Creating package script '/home/dev/ros2_ws/Self-Driving-and-ROS-2-Learn-by-Doing-Odometry-Control/Section4_Locomotion/bumperbot_ws/install/bumperbot_cpp_examples/share/bumperbot_cpp_examples/package.ps1'
[44.844s] INFO:colcon.colcon_core.shell:Creating package descriptor '/home/dev/ros2_ws/Self-Driving-and-ROS-2-Learn-by-Doing-Odometry-Control/Section4_Locomotion/bumperbot_ws/install/bumperbot_cpp_examples/share/bumperbot_cpp_examples/package.dsv'
[44.846s] INFO:colcon.colcon_core.shell:Creating package script '/home/dev/ros2_ws/Self-Driving-and-ROS-2-Learn-by-Doing-Odometry-Control/Section4_Locomotion/bumperbot_ws/install/bumperbot_cpp_examples/share/bumperbot_cpp_examples/package.sh'
[44.848s] INFO:colcon.colcon_core.shell:Creating package script '/home/dev/ros2_ws/Self-Driving-and-ROS-2-Learn-by-Doing-Odometry-Control/Section4_Locomotion/bumperbot_ws/install/bumperbot_cpp_examples/share/bumperbot_cpp_examples/package.bash'
[44.849s] INFO:colcon.colcon_core.shell:Creating package script '/home/dev/ros2_ws/Self-Driving-and-ROS-2-Learn-by-Doing-Odometry-Control/Section4_Locomotion/bumperbot_ws/install/bumperbot_cpp_examples/share/bumperbot_cpp_examples/package.zsh'
[44.850s] Level 1:colcon.colcon_core.environment:create_file_with_runtime_dependencies(/home/dev/ros2_ws/Self-Driving-and-ROS-2-Learn-by-Doing-Odometry-Control/Section4_Locomotion/bumperbot_ws/install/bumperbot_cpp_examples/share/colcon-core/packages/bumperbot_cpp_examples)
[44.954s] Level 1:colcon.colcon_core.environment:create_environment_scripts_only(bumperbot_cpp_examples)
[44.955s] Level 1:colcon.colcon_core.environment:checking '/home/dev/ros2_ws/Self-Driving-and-ROS-2-Learn-by-Doing-Odometry-Control/Section4_Locomotion/bumperbot_ws/install/bumperbot_cpp_examples' for CMake module files
[44.958s] Level 1:colcon.colcon_core.environment:checking '/home/dev/ros2_ws/Self-Driving-and-ROS-2-Learn-by-Doing-Odometry-Control/Section4_Locomotion/bumperbot_ws/install/bumperbot_cpp_examples' for CMake config files
[44.959s] Level 1:colcon.colcon_core.shell:create_environment_hook('bumperbot_cpp_examples', 'cmake_prefix_path')
[44.960s] INFO:colcon.colcon_core.shell:Creating environment hook '/home/dev/ros2_ws/Self-Driving-and-ROS-2-Learn-by-Doing-Odometry-Control/Section4_Locomotion/bumperbot_ws/install/bumperbot_cpp_examples/share/bumperbot_cpp_examples/hook/cmake_prefix_path.ps1'
[44.962s] INFO:colcon.colcon_core.shell:Creating environment descriptor '/home/dev/ros2_ws/Self-Driving-and-ROS-2-Learn-by-Doing-Odometry-Control/Section4_Locomotion/bumperbot_ws/install/bumperbot_cpp_examples/share/bumperbot_cpp_examples/hook/cmake_prefix_path.dsv'
[44.964s] INFO:colcon.colcon_core.shell:Creating environment hook '/home/dev/ros2_ws/Self-Driving-and-ROS-2-Learn-by-Doing-Odometry-Control/Section4_Locomotion/bumperbot_ws/install/bumperbot_cpp_examples/share/bumperbot_cpp_examples/hook/cmake_prefix_path.sh'
[44.966s] Level 1:colcon.colcon_core.environment:checking '/home/dev/ros2_ws/Self-Driving-and-ROS-2-Learn-by-Doing-Odometry-Control/Section4_Locomotion/bumperbot_ws/install/bumperbot_cpp_examples/lib'
[44.967s] Level 1:colcon.colcon_core.environment:checking '/home/dev/ros2_ws/Self-Driving-and-ROS-2-Learn-by-Doing-Odometry-Control/Section4_Locomotion/bumperbot_ws/install/bumperbot_cpp_examples/bin'
[44.967s] Level 1:colcon.colcon_core.environment:checking '/home/dev/ros2_ws/Self-Driving-and-ROS-2-Learn-by-Doing-Odometry-Control/Section4_Locomotion/bumperbot_ws/install/bumperbot_cpp_examples/lib/pkgconfig/bumperbot_cpp_examples.pc'
[44.968s] Level 1:colcon.colcon_core.environment:checking '/home/dev/ros2_ws/Self-Driving-and-ROS-2-Learn-by-Doing-Odometry-Control/Section4_Locomotion/bumperbot_ws/install/bumperbot_cpp_examples/lib/python3.10/site-packages'
[44.969s] Level 1:colcon.colcon_core.environment:checking '/home/dev/ros2_ws/Self-Driving-and-ROS-2-Learn-by-Doing-Odometry-Control/Section4_Locomotion/bumperbot_ws/install/bumperbot_cpp_examples/bin'
[44.971s] INFO:colcon.colcon_core.shell:Creating package script '/home/dev/ros2_ws/Self-Driving-and-ROS-2-Learn-by-Doing-Odometry-Control/Section4_Locomotion/bumperbot_ws/install/bumperbot_cpp_examples/share/bumperbot_cpp_examples/package.ps1'
[44.973s] INFO:colcon.colcon_core.shell:Creating package descriptor '/home/dev/ros2_ws/Self-Driving-and-ROS-2-Learn-by-Doing-Odometry-Control/Section4_Locomotion/bumperbot_ws/install/bumperbot_cpp_examples/share/bumperbot_cpp_examples/package.dsv'
[44.976s] INFO:colcon.colcon_core.shell:Creating package script '/home/dev/ros2_ws/Self-Driving-and-ROS-2-Learn-by-Doing-Odometry-Control/Section4_Locomotion/bumperbot_ws/install/bumperbot_cpp_examples/share/bumperbot_cpp_examples/package.sh'
[44.978s] INFO:colcon.colcon_core.shell:Creating package script '/home/dev/ros2_ws/Self-Driving-and-ROS-2-Learn-by-Doing-Odometry-Control/Section4_Locomotion/bumperbot_ws/install/bumperbot_cpp_examples/share/bumperbot_cpp_examples/package.bash'
[44.980s] INFO:colcon.colcon_core.shell:Creating package script '/home/dev/ros2_ws/Self-Driving-and-ROS-2-Learn-by-Doing-Odometry-Control/Section4_Locomotion/bumperbot_ws/install/bumperbot_cpp_examples/share/bumperbot_cpp_examples/package.zsh'
[44.982s] Level 1:colcon.colcon_core.environment:create_file_with_runtime_dependencies(/home/dev/ros2_ws/Self-Driving-and-ROS-2-Learn-by-Doing-Odometry-Control/Section4_Locomotion/bumperbot_ws/install/bumperbot_cpp_examples/share/colcon-core/packages/bumperbot_cpp_examples)
[44.983s] DEBUG:colcon.colcon_parallel_executor.executor.parallel:closing loop
[44.984s] DEBUG:colcon.colcon_parallel_executor.executor.parallel:loop closed
[44.984s] DEBUG:colcon.colcon_parallel_executor.executor.parallel:run_until_complete finished with '0'
[44.984s] DEBUG:colcon.colcon_core.event_reactor:joining thread
[45.021s] INFO:colcon.colcon_core.plugin_system:Skipping extension 'colcon_notification.desktop_notification.terminal_notifier': Not used on non-Darwin systems
[45.022s] INFO:colcon.colcon_core.plugin_system:Skipping extension 'colcon_notification.desktop_notification.win32': Not used on non-Windows systems
[45.022s] INFO:colcon.colcon_notification.desktop_notification:Sending desktop notification using 'notify2'
[45.121s] DEBUG:colcon.colcon_core.event_reactor:joined thread
[45.122s] INFO:colcon.colcon_core.shell:Creating prefix script '/home/dev/ros2_ws/Self-Driving-and-ROS-2-Learn-by-Doing-Odometry-Control/Section4_Locomotion/bumperbot_ws/install/local_setup.ps1'
[45.126s] INFO:colcon.colcon_core.shell:Creating prefix util module '/home/dev/ros2_ws/Self-Driving-and-ROS-2-Learn-by-Doing-Odometry-Control/Section4_Locomotion/bumperbot_ws/install/_local_setup_util_ps1.py'
[45.134s] INFO:colcon.colcon_core.shell:Creating prefix chain script '/home/dev/ros2_ws/Self-Driving-and-ROS-2-Learn-by-Doing-Odometry-Control/Section4_Locomotion/bumperbot_ws/install/setup.ps1'
[45.139s] INFO:colcon.colcon_core.shell:Creating prefix script '/home/dev/ros2_ws/Self-Driving-and-ROS-2-Learn-by-Doing-Odometry-Control/Section4_Locomotion/bumperbot_ws/install/local_setup.sh'
[45.144s] INFO:colcon.colcon_core.shell:Creating prefix util module '/home/dev/ros2_ws/Self-Driving-and-ROS-2-Learn-by-Doing-Odometry-Control/Section4_Locomotion/bumperbot_ws/install/_local_setup_util_sh.py'
[45.148s] INFO:colcon.colcon_core.shell:Creating prefix chain script '/home/dev/ros2_ws/Self-Driving-and-ROS-2-Learn-by-Doing-Odometry-Control/Section4_Locomotion/bumperbot_ws/install/setup.sh'
[45.153s] INFO:colcon.colcon_core.shell:Creating prefix script '/home/dev/ros2_ws/Self-Driving-and-ROS-2-Learn-by-Doing-Odometry-Control/Section4_Locomotion/bumperbot_ws/install/local_setup.bash'
[45.158s] INFO:colcon.colcon_core.shell:Creating prefix chain script '/home/dev/ros2_ws/Self-Driving-and-ROS-2-Learn-by-Doing-Odometry-Control/Section4_Locomotion/bumperbot_ws/install/setup.bash'
[45.166s] INFO:colcon.colcon_core.shell:Creating prefix script '/home/dev/ros2_ws/Self-Driving-and-ROS-2-Learn-by-Doing-Odometry-Control/Section4_Locomotion/bumperbot_ws/install/local_setup.zsh'
[45.169s] INFO:colcon.colcon_core.shell:Creating prefix chain script '/home/dev/ros2_ws/Self-Driving-and-ROS-2-Learn-by-Doing-Odometry-Control/Section4_Locomotion/bumperbot_ws/install/setup.zsh'
