[0.103s] Invoking command in '/home/dev/ros2_ws/ATech_ws/build/Agrisentenel_Description': CMAKE_PREFIX_PATH=/opt/ros/humble /usr/bin/cmake --build /home/dev/ros2_ws/ATech_ws/build/Agrisentenel_Description -- -j4 -l4
[0.296s] Invoked command in '/home/dev/ros2_ws/ATech_ws/build/Agrisentenel_Description' returned '0': CMAKE_PREFIX_PATH=/opt/ros/humble /usr/bin/cmake --build /home/dev/ros2_ws/ATech_ws/build/Agrisentenel_Description -- -j4 -l4
[0.458s] Invoking command in '/home/dev/ros2_ws/ATech_ws/build/Agrisentenel_Description': CMAKE_PREFIX_PATH=/opt/ros/humble /usr/bin/cmake --install /home/dev/ros2_ws/ATech_ws/build/Agrisentenel_Description
[0.485s] -- Install configuration: ""
[0.486s] -- Up-to-date: /home/dev/ros2_ws/ATech_ws/install/Agrisentenel_Description/share/Agrisentenel_Description/launch
[0.487s] -- Installing: /home/dev/ros2_ws/ATech_ws/install/Agrisentenel_Description/share/Agrisentenel_Description/launch/test.launch.py
[0.487s] -- Up-to-date: /home/dev/ros2_ws/ATech_ws/install/Agrisentenel_Description/share/Agrisentenel_Description/meshes
[0.488s] -- Up-to-date: /home/dev/ros2_ws/ATech_ws/install/Agrisentenel_Description/share/Agrisentenel_Description/models
[0.488s] -- Up-to-date: /home/dev/ros2_ws/ATech_ws/install/Agrisentenel_Description/share/Agrisentenel_Description/urdf
[0.489s] -- Up-to-date: /home/dev/ros2_ws/ATech_ws/install/Agrisentenel_Description/share/Agrisentenel_Description/rviz
[0.490s] -- Up-to-date: /home/dev/ros2_ws/ATech_ws/install/Agrisentenel_Description/share/Agrisentenel_Description/src
[0.491s] -- Up-to-date: /home/dev/ros2_ws/ATech_ws/install/Agrisentenel_Description/share/Agrisentenel_Description/include
[0.491s] -- Up-to-date: /home/dev/ros2_ws/ATech_ws/install/Agrisentenel_Description/share/Agrisentenel_Description/include/Agrisentenel_Description
[0.493s] -- Up-to-date: /home/dev/ros2_ws/ATech_ws/install/Agrisentenel_Description/share/ament_index/resource_index/package_run_dependencies/Agrisentenel_Description
[0.493s] -- Up-to-date: /home/dev/ros2_ws/ATech_ws/install/Agrisentenel_Description/share/ament_index/resource_index/parent_prefix_path/Agrisentenel_Description
[0.494s] -- Up-to-date: /home/dev/ros2_ws/ATech_ws/install/Agrisentenel_Description/share/Agrisentenel_Description/environment/ament_prefix_path.sh
[0.494s] -- Up-to-date: /home/dev/ros2_ws/ATech_ws/install/Agrisentenel_Description/share/Agrisentenel_Description/environment/ament_prefix_path.dsv
[0.496s] -- Up-to-date: /home/dev/ros2_ws/ATech_ws/install/Agrisentenel_Description/share/Agrisentenel_Description/environment/path.sh
[0.498s] -- Up-to-date: /home/dev/ros2_ws/ATech_ws/install/Agrisentenel_Description/share/Agrisentenel_Description/environment/path.dsv
[0.501s] -- Up-to-date: /home/dev/ros2_ws/ATech_ws/install/Agrisentenel_Description/share/Agrisentenel_Description/local_setup.bash
[0.501s] -- Up-to-date: /home/dev/ros2_ws/ATech_ws/install/Agrisentenel_Description/share/Agrisentenel_Description/local_setup.sh
[0.502s] -- Up-to-date: /home/dev/ros2_ws/ATech_ws/install/Agrisentenel_Description/share/Agrisentenel_Description/local_setup.zsh
[0.503s] -- Up-to-date: /home/dev/ros2_ws/ATech_ws/install/Agrisentenel_Description/share/Agrisentenel_Description/local_setup.dsv
[0.508s] -- Installing: /home/dev/ros2_ws/ATech_ws/install/Agrisentenel_Description/share/Agrisentenel_Description/package.dsv
[0.509s] -- Up-to-date: /home/dev/ros2_ws/ATech_ws/install/Agrisentenel_Description/share/ament_index/resource_index/packages/Agrisentenel_Description
[0.510s] -- Up-to-date: /home/dev/ros2_ws/ATech_ws/install/Agrisentenel_Description/share/Agrisentenel_Description/cmake/Agrisentenel_DescriptionConfig.cmake
[0.512s] -- Up-to-date: /home/dev/ros2_ws/ATech_ws/install/Agrisentenel_Description/share/Agrisentenel_Description/cmake/Agrisentenel_DescriptionConfig-version.cmake
[0.513s] -- Up-to-date: /home/dev/ros2_ws/ATech_ws/install/Agrisentenel_Description/share/Agrisentenel_Description/package.xml
[0.514s] Invoked command in '/home/dev/ros2_ws/ATech_ws/build/Agrisentenel_Description' returned '0': CMAKE_PREFIX_PATH=/opt/ros/humble /usr/bin/cmake --install /home/dev/ros2_ws/ATech_ws/build/Agrisentenel_Description
