-- Found ament_cmake: 1.3.10 (/opt/ros/humble/share/ament_cmake/cmake)
-- Found rclcpp: 16.0.10 (/opt/ros/humble/share/rclcpp/cmake)
-- Found rosidl_generator_c: 3.1.5 (/opt/ros/humble/share/rosidl_generator_c/cmake)
-- Found rosidl_adapter: 3.1.5 (/opt/ros/humble/share/rosidl_adapter/cmake)
-- Found rosidl_generator_cpp: 3.1.5 (/opt/ros/humble/share/rosidl_generator_cpp/cmake)
-- Using all available rosidl_typesupport_c: rosidl_typesupport_fastrtps_c;rosidl_typesupport_introspection_c
-- Using all available rosidl_typesupport_cpp: rosidl_typesupport_fastrtps_cpp;rosidl_typesupport_introspection_cpp
-- Found rmw_implementation_cmake: 6.1.2 (/opt/ros/humble/share/rmw_implementation_cmake/cmake)
-- Found rmw_fastrtps_cpp: 6.2.7 (/opt/ros/humble/share/rmw_fastrtps_cpp/cmake)
-- Using RMW implementation 'rmw_fastrtps_cpp' as default
-- Found ament_lint_auto: 0.12.11 (/opt/ros/humble/share/ament_lint_auto/cmake)
-- Added test 'cppcheck' to perform static code analysis on C / C++ code
-- Configured cppcheck include dirs: 
-- Configured cppcheck exclude dirs and/or files: 
-- Added test 'lint_cmake' to check CMake code style
-- Added test 'uncrustify' to check C / C++ code style
-- Configured uncrustify additional arguments: 
-- Added test 'xmllint' to check XML markup files
-- Configuring done
-- Generating done
-- Build files have been written to: /home/dev/ros2_ws/ATech_ws/build/my_cpp_pkg
[ 16%] [32mBuilding CXX object CMakeFiles/Template.dir/src/Template.cpp.o[0m
[ 33%] [32mBuilding CXX object CMakeFiles/hello_subscriber_node.dir/src/hello_subscriber.cpp.o[0m
[ 50%] [32mBuilding CXX object CMakeFiles/hello_publisher_node.dir/src/hello_publisher.cpp.o[0m
[ 66%] [32m[1mLinking CXX executable Template[0m
[ 66%] Built target Template
[ 83%] [32m[1mLinking CXX executable hello_publisher_node[0m
[ 83%] Built target hello_publisher_node
[100%] [32m[1mLinking CXX executable hello_subscriber_node[0m
[100%] Built target hello_subscriber_node
-- Install configuration: ""
-- Installing: /home/dev/ros2_ws/ATech_ws/install/my_cpp_pkg/lib/my_cpp_pkg/Template
-- Set runtime path of "/home/dev/ros2_ws/ATech_ws/install/my_cpp_pkg/lib/my_cpp_pkg/Template" to ""
-- Installing: /home/dev/ros2_ws/ATech_ws/install/my_cpp_pkg/lib/my_cpp_pkg/hello_publisher_node
-- Set runtime path of "/home/dev/ros2_ws/ATech_ws/install/my_cpp_pkg/lib/my_cpp_pkg/hello_publisher_node" to ""
-- Installing: /home/dev/ros2_ws/ATech_ws/install/my_cpp_pkg/lib/my_cpp_pkg/hello_subscriber_node
-- Set runtime path of "/home/dev/ros2_ws/ATech_ws/install/my_cpp_pkg/lib/my_cpp_pkg/hello_subscriber_node" to ""
-- Up-to-date: /home/dev/ros2_ws/ATech_ws/install/my_cpp_pkg/share/ament_index/resource_index/package_run_dependencies/my_cpp_pkg
-- Up-to-date: /home/dev/ros2_ws/ATech_ws/install/my_cpp_pkg/share/ament_index/resource_index/parent_prefix_path/my_cpp_pkg
-- Up-to-date: /home/dev/ros2_ws/ATech_ws/install/my_cpp_pkg/share/my_cpp_pkg/environment/ament_prefix_path.sh
-- Installing: /home/dev/ros2_ws/ATech_ws/install/my_cpp_pkg/share/my_cpp_pkg/environment/ament_prefix_path.dsv
-- Up-to-date: /home/dev/ros2_ws/ATech_ws/install/my_cpp_pkg/share/my_cpp_pkg/environment/path.sh
-- Installing: /home/dev/ros2_ws/ATech_ws/install/my_cpp_pkg/share/my_cpp_pkg/environment/path.dsv
-- Up-to-date: /home/dev/ros2_ws/ATech_ws/install/my_cpp_pkg/share/my_cpp_pkg/local_setup.bash
-- Up-to-date: /home/dev/ros2_ws/ATech_ws/install/my_cpp_pkg/share/my_cpp_pkg/local_setup.sh
-- Up-to-date: /home/dev/ros2_ws/ATech_ws/install/my_cpp_pkg/share/my_cpp_pkg/local_setup.zsh
-- Installing: /home/dev/ros2_ws/ATech_ws/install/my_cpp_pkg/share/my_cpp_pkg/local_setup.dsv
-- Installing: /home/dev/ros2_ws/ATech_ws/install/my_cpp_pkg/share/my_cpp_pkg/package.dsv
-- Up-to-date: /home/dev/ros2_ws/ATech_ws/install/my_cpp_pkg/share/ament_index/resource_index/packages/my_cpp_pkg
-- Up-to-date: /home/dev/ros2_ws/ATech_ws/install/my_cpp_pkg/share/my_cpp_pkg/cmake/my_cpp_pkgConfig.cmake
-- Up-to-date: /home/dev/ros2_ws/ATech_ws/install/my_cpp_pkg/share/my_cpp_pkg/cmake/my_cpp_pkgConfig-version.cmake
-- Installing: /home/dev/ros2_ws/ATech_ws/install/my_cpp_pkg/share/my_cpp_pkg/package.xml
