[0.064s] Invoking command in '/home/dev/ros2_ws/ATech_ws/build/my_cpp_pkg': CMAKE_PREFIX_PATH=/opt/ros/humble /usr/bin/cmake --build /home/dev/ros2_ws/ATech_ws/build/my_cpp_pkg -- -j4 -l4
[0.159s] -- Found ament_cmake: 1.3.10 (/opt/ros/humble/share/ament_cmake/cmake)
[0.695s] -- Found rclcpp: 16.0.10 (/opt/ros/humble/share/rclcpp/cmake)
[0.822s] -- Found rosidl_generator_c: 3.1.5 (/opt/ros/humble/share/rosidl_generator_c/cmake)
[0.837s] -- Found rosidl_adapter: 3.1.5 (/opt/ros/humble/share/rosidl_adapter/cmake)
[0.865s] -- Found rosidl_generator_cpp: 3.1.5 (/opt/ros/humble/share/rosidl_generator_cpp/cmake)
[0.912s] -- Using all available rosidl_typesupport_c: rosidl_typesupport_fastrtps_c;rosidl_typesupport_introspection_c
[0.974s] -- Using all available rosidl_typesupport_cpp: rosidl_typesupport_fastrtps_cpp;rosidl_typesupport_introspection_cpp
[1.125s] -- Found rmw_implementation_cmake: 6.1.2 (/opt/ros/humble/share/rmw_implementation_cmake/cmake)
[1.131s] -- Found rmw_fastrtps_cpp: 6.2.7 (/opt/ros/humble/share/rmw_fastrtps_cpp/cmake)
[1.481s] -- Using RMW implementation 'rmw_fastrtps_cpp' as default
[1.718s] -- Found ament_lint_auto: 0.12.11 (/opt/ros/humble/share/ament_lint_auto/cmake)
[2.057s] -- Added test 'cppcheck' to perform static code analysis on C / C++ code
[2.058s] -- Configured cppcheck include dirs: 
[2.059s] -- Configured cppcheck exclude dirs and/or files: 
[2.063s] -- Added test 'lint_cmake' to check CMake code style
[2.070s] -- Added test 'uncrustify' to check C / C++ code style
[2.071s] -- Configured uncrustify additional arguments: 
[2.073s] -- Added test 'xmllint' to check XML markup files
[2.079s] -- Configuring done
[2.096s] [31mCMake Error at CMakeLists.txt:17 (add_executable):
[2.097s]   Cannot find source file:
[2.098s] 
[2.099s]     src/hello_publisher.cpp
[2.099s] 
[2.100s]   Tried extensions .c .C .c++ .cc .cpp .cxx .cu .mpp .m .M .mm .ixx .cppm .h
[2.101s]   .hh .h++ .hm .hpp .hxx .in .txx .f .F .for .f77 .f90 .f95 .f03 .hip .ispc
[2.101s] 
[2.102s] [0m
[2.102s] [31mCMake Error at CMakeLists.txt:20 (add_executable):
[2.103s]   Cannot find source file:
[2.104s] 
[2.104s]     src/hello_subscriber.cpp
[2.105s] 
[2.105s]   Tried extensions .c .C .c++ .cc .cpp .cxx .cu .mpp .m .M .mm .ixx .cppm .h
[2.106s]   .hh .h++ .hm .hpp .hxx .in .txx .f .F .for .f77 .f90 .f95 .f03 .hip .ispc
[2.107s] 
[2.107s] [0m
[2.108s] [31mCMake Error at CMakeLists.txt:17 (add_executable):
[2.108s]   No SOURCES given to target: hello_publisher_node
[2.109s] 
[2.110s] [0m
[2.111s] [31mCMake Error at CMakeLists.txt:20 (add_executable):
[2.111s]   No SOURCES given to target: hello_subscriber_node
[2.112s] 
[2.113s] [0m
[2.113s] [0mCMake Generate step failed.  Build files cannot be regenerated correctly.[0m
[2.126s] gmake: *** [Makefile:226: cmake_check_build_system] Error 1
[2.132s] Invoked command in '/home/dev/ros2_ws/ATech_ws/build/my_cpp_pkg' returned '2': CMAKE_PREFIX_PATH=/opt/ros/humble /usr/bin/cmake --build /home/dev/ros2_ws/ATech_ws/build/my_cpp_pkg -- -j4 -l4
