[3.493s] Invoking command in '/home/dev/ros2_ws/Self-Driving/Section4_Locomotion/bumperbot_ws/src/bumperbot_py_examples': PYTHONPATH=/home/dev/ros2_ws/Self-Driving/Section4_Locomotion/bumperbot_ws/build/bumperbot_py_examples/prefix_override:/usr/lib/python3/dist-packages/colcon_core/task/python/colcon_distutils_commands:/home/dev/ros2_ws/Self-Driving/Section4_Locomotion/bumperbot_ws/install/bumperbot_py_examples/lib/python3.10/site-packages:${PYTHONPATH} /usr/bin/python3 -W ignore:setup.py install is deprecated setup.py egg_info --egg-base ../../build/bumperbot_py_examples build --build-base /home/dev/ros2_ws/Self-Driving/Section4_Locomotion/bumperbot_ws/build/bumperbot_py_examples/build install --record /home/dev/ros2_ws/Self-Driving/Section4_Locomotion/bumperbot_ws/build/bumperbot_py_examples/install.log --single-version-externally-managed install_data
[4.835s] running egg_info
[4.837s] creating ../../build/bumperbot_py_examples/bumperbot_py_examples.egg-info
[4.838s] writing ../../build/bumperbot_py_examples/bumperbot_py_examples.egg-info/PKG-INFO
[4.839s] writing dependency_links to ../../build/bumperbot_py_examples/bumperbot_py_examples.egg-info/dependency_links.txt
[4.840s] writing entry points to ../../build/bumperbot_py_examples/bumperbot_py_examples.egg-info/entry_points.txt
[4.841s] writing requirements to ../../build/bumperbot_py_examples/bumperbot_py_examples.egg-info/requires.txt
[4.841s] writing top-level names to ../../build/bumperbot_py_examples/bumperbot_py_examples.egg-info/top_level.txt
[4.842s] writing manifest file '../../build/bumperbot_py_examples/bumperbot_py_examples.egg-info/SOURCES.txt'
[4.848s] reading manifest file '../../build/bumperbot_py_examples/bumperbot_py_examples.egg-info/SOURCES.txt'
[4.855s] writing manifest file '../../build/bumperbot_py_examples/bumperbot_py_examples.egg-info/SOURCES.txt'
[4.855s] running build
[4.856s] running build_py
[4.856s] creating /home/dev/ros2_ws/Self-Driving/Section4_Locomotion/bumperbot_ws/build/bumperbot_py_examples/build
[4.857s] creating /home/dev/ros2_ws/Self-Driving/Section4_Locomotion/bumperbot_ws/build/bumperbot_py_examples/build/lib
[4.857s] creating /home/dev/ros2_ws/Self-Driving/Section4_Locomotion/bumperbot_ws/build/bumperbot_py_examples/build/lib/bumperbot_py_examples
[4.858s] copying bumperbot_py_examples/simple_subscriber.py -> /home/dev/ros2_ws/Self-Driving/Section4_Locomotion/bumperbot_ws/build/bumperbot_py_examples/build/lib/bumperbot_py_examples
[4.858s] copying bumperbot_py_examples/simple_parameter.py -> /home/dev/ros2_ws/Self-Driving/Section4_Locomotion/bumperbot_ws/build/bumperbot_py_examples/build/lib/bumperbot_py_examples
[4.859s] copying bumperbot_py_examples/simple_publisher.py -> /home/dev/ros2_ws/Self-Driving/Section4_Locomotion/bumperbot_ws/build/bumperbot_py_examples/build/lib/bumperbot_py_examples
[4.859s] copying bumperbot_py_examples/__init__.py -> /home/dev/ros2_ws/Self-Driving/Section4_Locomotion/bumperbot_ws/build/bumperbot_py_examples/build/lib/bumperbot_py_examples
[4.860s] running install
[4.860s] running install_lib
[4.863s] creating /home/dev/ros2_ws/Self-Driving/Section4_Locomotion/bumperbot_ws/install/bumperbot_py_examples/lib/python3.10/site-packages/bumperbot_py_examples
[4.864s] copying /home/dev/ros2_ws/Self-Driving/Section4_Locomotion/bumperbot_ws/build/bumperbot_py_examples/build/lib/bumperbot_py_examples/simple_subscriber.py -> /home/dev/ros2_ws/Self-Driving/Section4_Locomotion/bumperbot_ws/install/bumperbot_py_examples/lib/python3.10/site-packages/bumperbot_py_examples
[4.864s] copying /home/dev/ros2_ws/Self-Driving/Section4_Locomotion/bumperbot_ws/build/bumperbot_py_examples/build/lib/bumperbot_py_examples/simple_parameter.py -> /home/dev/ros2_ws/Self-Driving/Section4_Locomotion/bumperbot_ws/install/bumperbot_py_examples/lib/python3.10/site-packages/bumperbot_py_examples
[4.865s] copying /home/dev/ros2_ws/Self-Driving/Section4_Locomotion/bumperbot_ws/build/bumperbot_py_examples/build/lib/bumperbot_py_examples/simple_publisher.py -> /home/dev/ros2_ws/Self-Driving/Section4_Locomotion/bumperbot_ws/install/bumperbot_py_examples/lib/python3.10/site-packages/bumperbot_py_examples
[4.866s] copying /home/dev/ros2_ws/Self-Driving/Section4_Locomotion/bumperbot_ws/build/bumperbot_py_examples/build/lib/bumperbot_py_examples/__init__.py -> /home/dev/ros2_ws/Self-Driving/Section4_Locomotion/bumperbot_ws/install/bumperbot_py_examples/lib/python3.10/site-packages/bumperbot_py_examples
[4.868s] byte-compiling /home/dev/ros2_ws/Self-Driving/Section4_Locomotion/bumperbot_ws/install/bumperbot_py_examples/lib/python3.10/site-packages/bumperbot_py_examples/simple_subscriber.py to simple_subscriber.cpython-310.pyc
[4.869s] byte-compiling /home/dev/ros2_ws/Self-Driving/Section4_Locomotion/bumperbot_ws/install/bumperbot_py_examples/lib/python3.10/site-packages/bumperbot_py_examples/simple_parameter.py to simple_parameter.cpython-310.pyc
[4.872s] byte-compiling /home/dev/ros2_ws/Self-Driving/Section4_Locomotion/bumperbot_ws/install/bumperbot_py_examples/lib/python3.10/site-packages/bumperbot_py_examples/simple_publisher.py to simple_publisher.cpython-310.pyc
[4.873s] byte-compiling /home/dev/ros2_ws/Self-Driving/Section4_Locomotion/bumperbot_ws/install/bumperbot_py_examples/lib/python3.10/site-packages/bumperbot_py_examples/__init__.py to __init__.cpython-310.pyc
[4.879s] running install_data
[4.879s] creating /home/dev/ros2_ws/Self-Driving/Section4_Locomotion/bumperbot_ws/install/bumperbot_py_examples/share/ament_index
[4.880s] creating /home/dev/ros2_ws/Self-Driving/Section4_Locomotion/bumperbot_ws/install/bumperbot_py_examples/share/ament_index/resource_index
[4.880s] creating /home/dev/ros2_ws/Self-Driving/Section4_Locomotion/bumperbot_ws/install/bumperbot_py_examples/share/ament_index/resource_index/packages
[4.881s] copying resource/bumperbot_py_examples -> /home/dev/ros2_ws/Self-Driving/Section4_Locomotion/bumperbot_ws/install/bumperbot_py_examples/share/ament_index/resource_index/packages
[4.881s] copying package.xml -> /home/dev/ros2_ws/Self-Driving/Section4_Locomotion/bumperbot_ws/install/bumperbot_py_examples/share/bumperbot_py_examples
[4.881s] running install_egg_info
[4.885s] Copying ../../build/bumperbot_py_examples/bumperbot_py_examples.egg-info to /home/dev/ros2_ws/Self-Driving/Section4_Locomotion/bumperbot_ws/install/bumperbot_py_examples/lib/python3.10/site-packages/bumperbot_py_examples-0.0.0-py3.10.egg-info
[4.889s] running install_scripts
[4.980s] Installing simple_parameter script to /home/dev/ros2_ws/Self-Driving/Section4_Locomotion/bumperbot_ws/install/bumperbot_py_examples/lib/bumperbot_py_examples
[4.981s] Installing simple_publisher script to /home/dev/ros2_ws/Self-Driving/Section4_Locomotion/bumperbot_ws/install/bumperbot_py_examples/lib/bumperbot_py_examples
[4.981s] Installing simple_subscriber script to /home/dev/ros2_ws/Self-Driving/Section4_Locomotion/bumperbot_ws/install/bumperbot_py_examples/lib/bumperbot_py_examples
[4.983s] writing list of installed files to '/home/dev/ros2_ws/Self-Driving/Section4_Locomotion/bumperbot_ws/build/bumperbot_py_examples/install.log'
[5.089s] Invoked command in '/home/dev/ros2_ws/Self-Driving/Section4_Locomotion/bumperbot_ws/src/bumperbot_py_examples' returned '0': PYTHONPATH=/home/dev/ros2_ws/Self-Driving/Section4_Locomotion/bumperbot_ws/build/bumperbot_py_examples/prefix_override:/usr/lib/python3/dist-packages/colcon_core/task/python/colcon_distutils_commands:/home/dev/ros2_ws/Self-Driving/Section4_Locomotion/bumperbot_ws/install/bumperbot_py_examples/lib/python3.10/site-packages:${PYTHONPATH} /usr/bin/python3 -W ignore:setup.py install is deprecated setup.py egg_info --egg-base ../../build/bumperbot_py_examples build --build-base /home/dev/ros2_ws/Self-Driving/Section4_Locomotion/bumperbot_ws/build/bumperbot_py_examples/build install --record /home/dev/ros2_ws/Self-Driving/Section4_Locomotion/bumperbot_ws/build/bumperbot_py_examples/install.log --single-version-externally-managed install_data
