[5.640s] Invoking command in '/home/dev/ros2_ws/Self-Driving/Section8_TF2_Library/bumperbot_ws/src/bumperbot_py_examples': AMENT_PREFIX_PATH=/home/dev/ros2_ws/Self-Driving/Section8_TF2_Library/bumperbot_ws/install/bumperbot_msgs:${AMENT_PREFIX_PATH} CMAKE_PREFIX_PATH=/home/dev/ros2_ws/Self-Driving/Section8_TF2_Library/bumperbot_ws/install/bumperbot_msgs:${CMAKE_PREFIX_PATH} LD_LIBRARY_PATH=/home/dev/ros2_ws/Self-Driving/Section8_TF2_Library/bumperbot_ws/install/bumperbot_msgs/lib:${LD_LIBRARY_PATH} PYTHONPATH=/home/dev/ros2_ws/Self-Driving/Section8_TF2_Library/bumperbot_ws/build/bumperbot_py_examples/prefix_override:/usr/lib/python3/dist-packages/colcon_core/task/python/colcon_distutils_commands:/home/dev/ros2_ws/Self-Driving/Section8_TF2_Library/bumperbot_ws/install/bumperbot_py_examples/lib/python3.10/site-packages:/home/dev/ros2_ws/Self-Driving/Section8_TF2_Library/bumperbot_ws/install/bumperbot_msgs/local/lib/python3.10/dist-packages:${PYTHONPATH} /usr/bin/python3 -W ignore:setup.py install is deprecated setup.py egg_info --egg-base ../../build/bumperbot_py_examples build --build-base /home/dev/ros2_ws/Self-Driving/Section8_TF2_Library/bumperbot_ws/build/bumperbot_py_examples/build install --record /home/dev/ros2_ws/Self-Driving/Section8_TF2_Library/bumperbot_ws/build/bumperbot_py_examples/install.log --single-version-externally-managed install_data
[7.917s] running egg_info
[7.926s] creating ../../build/bumperbot_py_examples/bumperbot_py_examples.egg-info
[7.927s] writing ../../build/bumperbot_py_examples/bumperbot_py_examples.egg-info/PKG-INFO
[7.929s] writing dependency_links to ../../build/bumperbot_py_examples/bumperbot_py_examples.egg-info/dependency_links.txt
[7.933s] writing entry points to ../../build/bumperbot_py_examples/bumperbot_py_examples.egg-info/entry_points.txt
[7.937s] writing requirements to ../../build/bumperbot_py_examples/bumperbot_py_examples.egg-info/requires.txt
[7.939s] writing top-level names to ../../build/bumperbot_py_examples/bumperbot_py_examples.egg-info/top_level.txt
[7.944s] writing manifest file '../../build/bumperbot_py_examples/bumperbot_py_examples.egg-info/SOURCES.txt'
[7.955s] reading manifest file '../../build/bumperbot_py_examples/bumperbot_py_examples.egg-info/SOURCES.txt'
[7.962s] writing manifest file '../../build/bumperbot_py_examples/bumperbot_py_examples.egg-info/SOURCES.txt'
[7.965s] running build
[7.966s] running build_py
[7.967s] creating /home/dev/ros2_ws/Self-Driving/Section8_TF2_Library/bumperbot_ws/build/bumperbot_py_examples/build
[7.967s] creating /home/dev/ros2_ws/Self-Driving/Section8_TF2_Library/bumperbot_ws/build/bumperbot_py_examples/build/lib
[7.968s] creating /home/dev/ros2_ws/Self-Driving/Section8_TF2_Library/bumperbot_ws/build/bumperbot_py_examples/build/lib/bumperbot_py_examples
[7.968s] copying bumperbot_py_examples/simple_turtlesim_kinematics.py -> /home/dev/ros2_ws/Self-Driving/Section8_TF2_Library/bumperbot_ws/build/bumperbot_py_examples/build/lib/bumperbot_py_examples
[7.971s] copying bumperbot_py_examples/simple_subscriber.py -> /home/dev/ros2_ws/Self-Driving/Section8_TF2_Library/bumperbot_ws/build/bumperbot_py_examples/build/lib/bumperbot_py_examples
[7.972s] copying bumperbot_py_examples/simple_service_client.py -> /home/dev/ros2_ws/Self-Driving/Section8_TF2_Library/bumperbot_ws/build/bumperbot_py_examples/build/lib/bumperbot_py_examples
[7.974s] copying bumperbot_py_examples/simple_service_server.py -> /home/dev/ros2_ws/Self-Driving/Section8_TF2_Library/bumperbot_ws/build/bumperbot_py_examples/build/lib/bumperbot_py_examples
[7.975s] copying bumperbot_py_examples/simple_parameter.py -> /home/dev/ros2_ws/Self-Driving/Section8_TF2_Library/bumperbot_ws/build/bumperbot_py_examples/build/lib/bumperbot_py_examples
[7.978s] copying bumperbot_py_examples/simple_tf_kinematics.py -> /home/dev/ros2_ws/Self-Driving/Section8_TF2_Library/bumperbot_ws/build/bumperbot_py_examples/build/lib/bumperbot_py_examples
[7.978s] copying bumperbot_py_examples/simple_publisher.py -> /home/dev/ros2_ws/Self-Driving/Section8_TF2_Library/bumperbot_ws/build/bumperbot_py_examples/build/lib/bumperbot_py_examples
[7.983s] copying bumperbot_py_examples/__init__.py -> /home/dev/ros2_ws/Self-Driving/Section8_TF2_Library/bumperbot_ws/build/bumperbot_py_examples/build/lib/bumperbot_py_examples
[7.988s] running install
[7.992s] running install_lib
[7.999s] creating /home/dev/ros2_ws/Self-Driving/Section8_TF2_Library/bumperbot_ws/install/bumperbot_py_examples/lib/python3.10/site-packages/bumperbot_py_examples
[8.001s] copying /home/dev/ros2_ws/Self-Driving/Section8_TF2_Library/bumperbot_ws/build/bumperbot_py_examples/build/lib/bumperbot_py_examples/simple_turtlesim_kinematics.py -> /home/dev/ros2_ws/Self-Driving/Section8_TF2_Library/bumperbot_ws/install/bumperbot_py_examples/lib/python3.10/site-packages/bumperbot_py_examples
[8.003s] copying /home/dev/ros2_ws/Self-Driving/Section8_TF2_Library/bumperbot_ws/build/bumperbot_py_examples/build/lib/bumperbot_py_examples/simple_subscriber.py -> /home/dev/ros2_ws/Self-Driving/Section8_TF2_Library/bumperbot_ws/install/bumperbot_py_examples/lib/python3.10/site-packages/bumperbot_py_examples
[8.005s] copying /home/dev/ros2_ws/Self-Driving/Section8_TF2_Library/bumperbot_ws/build/bumperbot_py_examples/build/lib/bumperbot_py_examples/simple_service_client.py -> /home/dev/ros2_ws/Self-Driving/Section8_TF2_Library/bumperbot_ws/install/bumperbot_py_examples/lib/python3.10/site-packages/bumperbot_py_examples
[8.006s] copying /home/dev/ros2_ws/Self-Driving/Section8_TF2_Library/bumperbot_ws/build/bumperbot_py_examples/build/lib/bumperbot_py_examples/simple_service_server.py -> /home/dev/ros2_ws/Self-Driving/Section8_TF2_Library/bumperbot_ws/install/bumperbot_py_examples/lib/python3.10/site-packages/bumperbot_py_examples
[8.010s] copying /home/dev/ros2_ws/Self-Driving/Section8_TF2_Library/bumperbot_ws/build/bumperbot_py_examples/build/lib/bumperbot_py_examples/simple_parameter.py -> /home/dev/ros2_ws/Self-Driving/Section8_TF2_Library/bumperbot_ws/install/bumperbot_py_examples/lib/python3.10/site-packages/bumperbot_py_examples
[8.015s] copying /home/dev/ros2_ws/Self-Driving/Section8_TF2_Library/bumperbot_ws/build/bumperbot_py_examples/build/lib/bumperbot_py_examples/simple_tf_kinematics.py -> /home/dev/ros2_ws/Self-Driving/Section8_TF2_Library/bumperbot_ws/install/bumperbot_py_examples/lib/python3.10/site-packages/bumperbot_py_examples
[8.020s] copying /home/dev/ros2_ws/Self-Driving/Section8_TF2_Library/bumperbot_ws/build/bumperbot_py_examples/build/lib/bumperbot_py_examples/simple_publisher.py -> /home/dev/ros2_ws/Self-Driving/Section8_TF2_Library/bumperbot_ws/install/bumperbot_py_examples/lib/python3.10/site-packages/bumperbot_py_examples
[8.020s] copying /home/dev/ros2_ws/Self-Driving/Section8_TF2_Library/bumperbot_ws/build/bumperbot_py_examples/build/lib/bumperbot_py_examples/__init__.py -> /home/dev/ros2_ws/Self-Driving/Section8_TF2_Library/bumperbot_ws/install/bumperbot_py_examples/lib/python3.10/site-packages/bumperbot_py_examples
[8.030s] byte-compiling /home/dev/ros2_ws/Self-Driving/Section8_TF2_Library/bumperbot_ws/install/bumperbot_py_examples/lib/python3.10/site-packages/bumperbot_py_examples/simple_turtlesim_kinematics.py to simple_turtlesim_kinematics.cpython-310.pyc
[8.032s] byte-compiling /home/dev/ros2_ws/Self-Driving/Section8_TF2_Library/bumperbot_ws/install/bumperbot_py_examples/lib/python3.10/site-packages/bumperbot_py_examples/simple_subscriber.py to simple_subscriber.cpython-310.pyc
[8.040s] byte-compiling /home/dev/ros2_ws/Self-Driving/Section8_TF2_Library/bumperbot_ws/install/bumperbot_py_examples/lib/python3.10/site-packages/bumperbot_py_examples/simple_service_client.py to simple_service_client.cpython-310.pyc
[8.046s] byte-compiling /home/dev/ros2_ws/Self-Driving/Section8_TF2_Library/bumperbot_ws/install/bumperbot_py_examples/lib/python3.10/site-packages/bumperbot_py_examples/simple_service_server.py to simple_service_server.cpython-310.pyc
[8.046s] byte-compiling /home/dev/ros2_ws/Self-Driving/Section8_TF2_Library/bumperbot_ws/install/bumperbot_py_examples/lib/python3.10/site-packages/bumperbot_py_examples/simple_parameter.py to simple_parameter.cpython-310.pyc
[8.050s] byte-compiling /home/dev/ros2_ws/Self-Driving/Section8_TF2_Library/bumperbot_ws/install/bumperbot_py_examples/lib/python3.10/site-packages/bumperbot_py_examples/simple_tf_kinematics.py to simple_tf_kinematics.cpython-310.pyc
[8.058s] byte-compiling /home/dev/ros2_ws/Self-Driving/Section8_TF2_Library/bumperbot_ws/install/bumperbot_py_examples/lib/python3.10/site-packages/bumperbot_py_examples/simple_publisher.py to simple_publisher.cpython-310.pyc
[8.062s] byte-compiling /home/dev/ros2_ws/Self-Driving/Section8_TF2_Library/bumperbot_ws/install/bumperbot_py_examples/lib/python3.10/site-packages/bumperbot_py_examples/__init__.py to __init__.cpython-310.pyc
[8.065s] running install_data
[8.067s] creating /home/dev/ros2_ws/Self-Driving/Section8_TF2_Library/bumperbot_ws/install/bumperbot_py_examples/share/ament_index
[8.067s] creating /home/dev/ros2_ws/Self-Driving/Section8_TF2_Library/bumperbot_ws/install/bumperbot_py_examples/share/ament_index/resource_index
[8.070s] creating /home/dev/ros2_ws/Self-Driving/Section8_TF2_Library/bumperbot_ws/install/bumperbot_py_examples/share/ament_index/resource_index/packages
[8.071s] copying resource/bumperbot_py_examples -> /home/dev/ros2_ws/Self-Driving/Section8_TF2_Library/bumperbot_ws/install/bumperbot_py_examples/share/ament_index/resource_index/packages
[8.072s] copying package.xml -> /home/dev/ros2_ws/Self-Driving/Section8_TF2_Library/bumperbot_ws/install/bumperbot_py_examples/share/bumperbot_py_examples
[8.073s] running install_egg_info
[8.083s] Copying ../../build/bumperbot_py_examples/bumperbot_py_examples.egg-info to /home/dev/ros2_ws/Self-Driving/Section8_TF2_Library/bumperbot_ws/install/bumperbot_py_examples/lib/python3.10/site-packages/bumperbot_py_examples-0.0.0-py3.10.egg-info
[8.095s] running install_scripts
[8.225s] Installing simple_parameter script to /home/dev/ros2_ws/Self-Driving/Section8_TF2_Library/bumperbot_ws/install/bumperbot_py_examples/lib/bumperbot_py_examples
[8.229s] Installing simple_publisher script to /home/dev/ros2_ws/Self-Driving/Section8_TF2_Library/bumperbot_ws/install/bumperbot_py_examples/lib/bumperbot_py_examples
[8.232s] Installing simple_service_client script to /home/dev/ros2_ws/Self-Driving/Section8_TF2_Library/bumperbot_ws/install/bumperbot_py_examples/lib/bumperbot_py_examples
[8.237s] Installing simple_service_server script to /home/dev/ros2_ws/Self-Driving/Section8_TF2_Library/bumperbot_ws/install/bumperbot_py_examples/lib/bumperbot_py_examples
[8.238s] Installing simple_subscriber script to /home/dev/ros2_ws/Self-Driving/Section8_TF2_Library/bumperbot_ws/install/bumperbot_py_examples/lib/bumperbot_py_examples
[8.240s] Installing simple_tf_kinematics script to /home/dev/ros2_ws/Self-Driving/Section8_TF2_Library/bumperbot_ws/install/bumperbot_py_examples/lib/bumperbot_py_examples
[8.241s] Installing simple_turtlesim_kinematics script to /home/dev/ros2_ws/Self-Driving/Section8_TF2_Library/bumperbot_ws/install/bumperbot_py_examples/lib/bumperbot_py_examples
[8.245s] writing list of installed files to '/home/dev/ros2_ws/Self-Driving/Section8_TF2_Library/bumperbot_ws/build/bumperbot_py_examples/install.log'
[8.405s] Invoked command in '/home/dev/ros2_ws/Self-Driving/Section8_TF2_Library/bumperbot_ws/src/bumperbot_py_examples' returned '0': AMENT_PREFIX_PATH=/home/dev/ros2_ws/Self-Driving/Section8_TF2_Library/bumperbot_ws/install/bumperbot_msgs:${AMENT_PREFIX_PATH} CMAKE_PREFIX_PATH=/home/dev/ros2_ws/Self-Driving/Section8_TF2_Library/bumperbot_ws/install/bumperbot_msgs:${CMAKE_PREFIX_PATH} LD_LIBRARY_PATH=/home/dev/ros2_ws/Self-Driving/Section8_TF2_Library/bumperbot_ws/install/bumperbot_msgs/lib:${LD_LIBRARY_PATH} PYTHONPATH=/home/dev/ros2_ws/Self-Driving/Section8_TF2_Library/bumperbot_ws/build/bumperbot_py_examples/prefix_override:/usr/lib/python3/dist-packages/colcon_core/task/python/colcon_distutils_commands:/home/dev/ros2_ws/Self-Driving/Section8_TF2_Library/bumperbot_ws/install/bumperbot_py_examples/lib/python3.10/site-packages:/home/dev/ros2_ws/Self-Driving/Section8_TF2_Library/bumperbot_ws/install/bumperbot_msgs/local/lib/python3.10/dist-packages:${PYTHONPATH} /usr/bin/python3 -W ignore:setup.py install is deprecated setup.py egg_info --egg-base ../../build/bumperbot_py_examples build --build-base /home/dev/ros2_ws/Self-Driving/Section8_TF2_Library/bumperbot_ws/build/bumperbot_py_examples/build install --record /home/dev/ros2_ws/Self-Driving/Section8_TF2_Library/bumperbot_ws/build/bumperbot_py_examples/install.log --single-version-externally-managed install_data
