[0.088s] Invoking command in '/home/dev/ros2_ws/Self-Driving/Section4_Locomotion/bumperbot_ws/build/bumperbot_cpp_examples': CMAKE_PREFIX_PATH=/opt/ros/humble /usr/bin/cmake /home/dev/ros2_ws/Self-Driving/Section4_Locomotion/bumperbot_ws/src/bumperbot_cpp_examples -DCMAKE_INSTALL_PREFIX=/home/dev/ros2_ws/Self-Driving/Section4_Locomotion/bumperbot_ws/install/bumperbot_cpp_examples
[0.495s] -- The C compiler identification is GNU 11.4.0
[0.865s] -- The CXX compiler identification is GNU 11.4.0
[0.901s] -- Detecting C compiler ABI info
[1.217s] -- Detecting C compiler ABI info - done
[1.262s] -- Check for working C compiler: /usr/bin/cc - skipped
[1.266s] -- Detecting C compile features
[1.269s] -- Detecting C compile features - done
[1.283s] -- Detecting CXX compiler ABI info
[1.658s] -- Detecting CXX compiler ABI info - done
[1.701s] -- Check for working CXX compiler: /usr/bin/c++ - skipped
[1.702s] -- Detecting CXX compile features
[1.705s] -- Detecting CXX compile features - done
[1.716s] -- Found ament_cmake: 1.3.10 (/opt/ros/humble/share/ament_cmake/cmake)
[2.419s] -- Found Python3: /usr/bin/python3 (found version "3.10.12") found components: Interpreter 
[2.785s] -- Found rclcpp: 16.0.10 (/opt/ros/humble/share/rclcpp/cmake)
[2.982s] -- Found rosidl_generator_c: 3.1.5 (/opt/ros/humble/share/rosidl_generator_c/cmake)
[3.009s] -- Found rosidl_adapter: 3.1.5 (/opt/ros/humble/share/rosidl_adapter/cmake)
[3.067s] -- Found rosidl_generator_cpp: 3.1.5 (/opt/ros/humble/share/rosidl_generator_cpp/cmake)
[3.147s] -- Using all available rosidl_typesupport_c: rosidl_typesupport_fastrtps_c;rosidl_typesupport_introspection_c
[3.255s] -- Using all available rosidl_typesupport_cpp: rosidl_typesupport_fastrtps_cpp;rosidl_typesupport_introspection_cpp
[3.535s] -- Found rmw_implementation_cmake: 6.1.2 (/opt/ros/humble/share/rmw_implementation_cmake/cmake)
[3.535s] -- Found rmw_fastrtps_cpp: 6.2.7 (/opt/ros/humble/share/rmw_fastrtps_cpp/cmake)
[3.916s] -- Found OpenSSL: /usr/lib/x86_64-linux-gnu/libcrypto.so (found version "3.0.2")  
[4.016s] -- Found FastRTPS: /opt/ros/humble/include  
[4.153s] -- Using RMW implementation 'rmw_fastrtps_cpp' as default
[4.194s] -- Looking for pthread.h
[4.507s] -- Looking for pthread.h - found
[4.509s] -- Performing Test CMAKE_HAVE_LIBC_PTHREAD
[4.784s] -- Performing Test CMAKE_HAVE_LIBC_PTHREAD - Success
[4.789s] -- Found Threads: TRUE  
[5.429s] -- Configuring done
[5.492s] -- Generating done
[5.499s] -- Build files have been written to: /home/dev/ros2_ws/Self-Driving/Section4_Locomotion/bumperbot_ws/build/bumperbot_cpp_examples
[5.532s] Invoked command in '/home/dev/ros2_ws/Self-Driving/Section4_Locomotion/bumperbot_ws/build/bumperbot_cpp_examples' returned '0': CMAKE_PREFIX_PATH=/opt/ros/humble /usr/bin/cmake /home/dev/ros2_ws/Self-Driving/Section4_Locomotion/bumperbot_ws/src/bumperbot_cpp_examples -DCMAKE_INSTALL_PREFIX=/home/dev/ros2_ws/Self-Driving/Section4_Locomotion/bumperbot_ws/install/bumperbot_cpp_examples
[5.538s] Invoking command in '/home/dev/ros2_ws/Self-Driving/Section4_Locomotion/bumperbot_ws/build/bumperbot_cpp_examples': CMAKE_PREFIX_PATH=/opt/ros/humble /usr/bin/cmake --build /home/dev/ros2_ws/Self-Driving/Section4_Locomotion/bumperbot_ws/build/bumperbot_cpp_examples -- -j4 -l4
[5.713s] [ 16%] [32mBuilding CXX object CMakeFiles/simple_subscriber.dir/src/simple_subscriber.cpp.o[0m
[5.713s] [ 33%] [32mBuilding CXX object CMakeFiles/simple_publisher.dir/src/simple_publisher.cpp.o[0m
[5.720s] [ 50%] [32mBuilding CXX object CMakeFiles/simple_parameter.dir/src/simple_parameter.cpp.o[0m
[21.297s] [ 66%] [32m[1mLinking CXX executable simple_parameter[0m
[22.448s] [ 66%] Built target simple_parameter
[29.060s] [ 83%] [32m[1mLinking CXX executable simple_publisher[0m
[30.415s] [ 83%] Built target simple_publisher
[46.045s] [100%] [32m[1mLinking CXX executable simple_subscriber[0m
[47.898s] [100%] Built target simple_subscriber
[47.932s] Invoked command in '/home/dev/ros2_ws/Self-Driving/Section4_Locomotion/bumperbot_ws/build/bumperbot_cpp_examples' returned '0': CMAKE_PREFIX_PATH=/opt/ros/humble /usr/bin/cmake --build /home/dev/ros2_ws/Self-Driving/Section4_Locomotion/bumperbot_ws/build/bumperbot_cpp_examples -- -j4 -l4
[48.041s] Invoking command in '/home/dev/ros2_ws/Self-Driving/Section4_Locomotion/bumperbot_ws/build/bumperbot_cpp_examples': CMAKE_PREFIX_PATH=/opt/ros/humble /usr/bin/cmake --install /home/dev/ros2_ws/Self-Driving/Section4_Locomotion/bumperbot_ws/build/bumperbot_cpp_examples
[48.065s] -- Install configuration: ""
[48.070s] -- Installing: /home/dev/ros2_ws/Self-Driving/Section4_Locomotion/bumperbot_ws/install/bumperbot_cpp_examples/lib/bumperbot_cpp_examples/simple_publisher
[48.077s] -- Set runtime path of "/home/dev/ros2_ws/Self-Driving/Section4_Locomotion/bumperbot_ws/install/bumperbot_cpp_examples/lib/bumperbot_cpp_examples/simple_publisher" to ""
[48.077s] -- Installing: /home/dev/ros2_ws/Self-Driving/Section4_Locomotion/bumperbot_ws/install/bumperbot_cpp_examples/lib/bumperbot_cpp_examples/simple_subscriber
[48.105s] -- Set runtime path of "/home/dev/ros2_ws/Self-Driving/Section4_Locomotion/bumperbot_ws/install/bumperbot_cpp_examples/lib/bumperbot_cpp_examples/simple_subscriber" to ""
[48.106s] -- Installing: /home/dev/ros2_ws/Self-Driving/Section4_Locomotion/bumperbot_ws/install/bumperbot_cpp_examples/lib/bumperbot_cpp_examples/simple_parameter
[48.109s] -- Set runtime path of "/home/dev/ros2_ws/Self-Driving/Section4_Locomotion/bumperbot_ws/install/bumperbot_cpp_examples/lib/bumperbot_cpp_examples/simple_parameter" to ""
[48.110s] -- Installing: /home/dev/ros2_ws/Self-Driving/Section4_Locomotion/bumperbot_ws/install/bumperbot_cpp_examples/share/ament_index/resource_index/package_run_dependencies/bumperbot_cpp_examples
[48.112s] -- Installing: /home/dev/ros2_ws/Self-Driving/Section4_Locomotion/bumperbot_ws/install/bumperbot_cpp_examples/share/ament_index/resource_index/parent_prefix_path/bumperbot_cpp_examples
[48.113s] -- Installing: /home/dev/ros2_ws/Self-Driving/Section4_Locomotion/bumperbot_ws/install/bumperbot_cpp_examples/share/bumperbot_cpp_examples/environment/ament_prefix_path.sh
[48.114s] -- Installing: /home/dev/ros2_ws/Self-Driving/Section4_Locomotion/bumperbot_ws/install/bumperbot_cpp_examples/share/bumperbot_cpp_examples/environment/ament_prefix_path.dsv
[48.115s] -- Installing: /home/dev/ros2_ws/Self-Driving/Section4_Locomotion/bumperbot_ws/install/bumperbot_cpp_examples/share/bumperbot_cpp_examples/environment/path.sh
[48.116s] -- Installing: /home/dev/ros2_ws/Self-Driving/Section4_Locomotion/bumperbot_ws/install/bumperbot_cpp_examples/share/bumperbot_cpp_examples/environment/path.dsv
[48.117s] -- Installing: /home/dev/ros2_ws/Self-Driving/Section4_Locomotion/bumperbot_ws/install/bumperbot_cpp_examples/share/bumperbot_cpp_examples/local_setup.bash
[48.117s] -- Installing: /home/dev/ros2_ws/Self-Driving/Section4_Locomotion/bumperbot_ws/install/bumperbot_cpp_examples/share/bumperbot_cpp_examples/local_setup.sh
[48.118s] -- Installing: /home/dev/ros2_ws/Self-Driving/Section4_Locomotion/bumperbot_ws/install/bumperbot_cpp_examples/share/bumperbot_cpp_examples/local_setup.zsh
[48.119s] -- Installing: /home/dev/ros2_ws/Self-Driving/Section4_Locomotion/bumperbot_ws/install/bumperbot_cpp_examples/share/bumperbot_cpp_examples/local_setup.dsv
[48.119s] -- Installing: /home/dev/ros2_ws/Self-Driving/Section4_Locomotion/bumperbot_ws/install/bumperbot_cpp_examples/share/bumperbot_cpp_examples/package.dsv
[48.120s] -- Installing: /home/dev/ros2_ws/Self-Driving/Section4_Locomotion/bumperbot_ws/install/bumperbot_cpp_examples/share/ament_index/resource_index/packages/bumperbot_cpp_examples
[48.121s] -- Installing: /home/dev/ros2_ws/Self-Driving/Section4_Locomotion/bumperbot_ws/install/bumperbot_cpp_examples/share/bumperbot_cpp_examples/cmake/bumperbot_cpp_examplesConfig.cmake
[48.121s] -- Installing: /home/dev/ros2_ws/Self-Driving/Section4_Locomotion/bumperbot_ws/install/bumperbot_cpp_examples/share/bumperbot_cpp_examples/cmake/bumperbot_cpp_examplesConfig-version.cmake
[48.122s] -- Installing: /home/dev/ros2_ws/Self-Driving/Section4_Locomotion/bumperbot_ws/install/bumperbot_cpp_examples/share/bumperbot_cpp_examples/package.xml
[48.128s] Invoked command in '/home/dev/ros2_ws/Self-Driving/Section4_Locomotion/bumperbot_ws/build/bumperbot_cpp_examples' returned '0': CMAKE_PREFIX_PATH=/opt/ros/humble /usr/bin/cmake --install /home/dev/ros2_ws/Self-Driving/Section4_Locomotion/bumperbot_ws/build/bumperbot_cpp_examples
