[0.124s] Invoking command in '/home/dev/ros2_ws/Self-Driving/Section5_Control/bumperbot_ws/build/bumperbot_controller': CMAKE_PREFIX_PATH=${CMAKE_PREFIX_PATH}:/opt/ros/humble /usr/bin/cmake --build /home/dev/ros2_ws/Self-Driving/Section5_Control/bumperbot_ws/build/bumperbot_controller -- -j4 -l4
[1.461s] Invoked command in '/home/dev/ros2_ws/Self-Driving/Section5_Control/bumperbot_ws/build/bumperbot_controller' returned '0': CMAKE_PREFIX_PATH=${CMAKE_PREFIX_PATH}:/opt/ros/humble /usr/bin/cmake --build /home/dev/ros2_ws/Self-Driving/Section5_Control/bumperbot_ws/build/bumperbot_controller -- -j4 -l4
[1.596s] Invoking command in '/home/dev/ros2_ws/Self-Driving/Section5_Control/bumperbot_ws/build/bumperbot_controller': CMAKE_PREFIX_PATH=${CMAKE_PREFIX_PATH}:/opt/ros/humble /usr/bin/cmake --install /home/dev/ros2_ws/Self-Driving/Section5_Control/bumperbot_ws/build/bumperbot_controller
[1.636s] -- Install configuration: ""
[1.637s] -- Up-to-date: /home/dev/ros2_ws/Self-Driving/Section5_Control/bumperbot_ws/install/bumperbot_controller/share/bumperbot_controller/launch
[1.637s] -- Up-to-date: /home/dev/ros2_ws/Self-Driving/Section5_Control/bumperbot_ws/install/bumperbot_controller/share/bumperbot_controller/launch/controller.launch.py
[1.638s] -- Up-to-date: /home/dev/ros2_ws/Self-Driving/Section5_Control/bumperbot_ws/install/bumperbot_controller/share/bumperbot_controller/config
[1.639s] -- Installing: /home/dev/ros2_ws/Self-Driving/Section5_Control/bumperbot_ws/install/bumperbot_controller/share/bumperbot_controller/config/bumperbot_controllers.yaml
[1.648s] -- Up-to-date: /home/dev/ros2_ws/Self-Driving/Section5_Control/bumperbot_ws/install/bumperbot_controller/share/ament_index/resource_index/package_run_dependencies/bumperbot_controller
[1.649s] -- Up-to-date: /home/dev/ros2_ws/Self-Driving/Section5_Control/bumperbot_ws/install/bumperbot_controller/share/ament_index/resource_index/parent_prefix_path/bumperbot_controller
[1.651s] -- Up-to-date: /home/dev/ros2_ws/Self-Driving/Section5_Control/bumperbot_ws/install/bumperbot_controller/share/bumperbot_controller/environment/ament_prefix_path.sh
[1.658s] -- Up-to-date: /home/dev/ros2_ws/Self-Driving/Section5_Control/bumperbot_ws/install/bumperbot_controller/share/bumperbot_controller/environment/ament_prefix_path.dsv
[1.660s] -- Up-to-date: /home/dev/ros2_ws/Self-Driving/Section5_Control/bumperbot_ws/install/bumperbot_controller/share/bumperbot_controller/environment/path.sh
[1.662s] -- Up-to-date: /home/dev/ros2_ws/Self-Driving/Section5_Control/bumperbot_ws/install/bumperbot_controller/share/bumperbot_controller/environment/path.dsv
[1.663s] -- Up-to-date: /home/dev/ros2_ws/Self-Driving/Section5_Control/bumperbot_ws/install/bumperbot_controller/share/bumperbot_controller/local_setup.bash
[1.664s] -- Up-to-date: /home/dev/ros2_ws/Self-Driving/Section5_Control/bumperbot_ws/install/bumperbot_controller/share/bumperbot_controller/local_setup.sh
[1.667s] -- Up-to-date: /home/dev/ros2_ws/Self-Driving/Section5_Control/bumperbot_ws/install/bumperbot_controller/share/bumperbot_controller/local_setup.zsh
[1.668s] -- Up-to-date: /home/dev/ros2_ws/Self-Driving/Section5_Control/bumperbot_ws/install/bumperbot_controller/share/bumperbot_controller/local_setup.dsv
[1.669s] -- Installing: /home/dev/ros2_ws/Self-Driving/Section5_Control/bumperbot_ws/install/bumperbot_controller/share/bumperbot_controller/package.dsv
[1.670s] -- Up-to-date: /home/dev/ros2_ws/Self-Driving/Section5_Control/bumperbot_ws/install/bumperbot_controller/share/ament_index/resource_index/packages/bumperbot_controller
[1.671s] -- Up-to-date: /home/dev/ros2_ws/Self-Driving/Section5_Control/bumperbot_ws/install/bumperbot_controller/share/bumperbot_controller/cmake/bumperbot_controllerConfig.cmake
[1.673s] -- Up-to-date: /home/dev/ros2_ws/Self-Driving/Section5_Control/bumperbot_ws/install/bumperbot_controller/share/bumperbot_controller/cmake/bumperbot_controllerConfig-version.cmake
[1.674s] -- Up-to-date: /home/dev/ros2_ws/Self-Driving/Section5_Control/bumperbot_ws/install/bumperbot_controller/share/bumperbot_controller/package.xml
[1.686s] Invoked command in '/home/dev/ros2_ws/Self-Driving/Section5_Control/bumperbot_ws/build/bumperbot_controller' returned '0': CMAKE_PREFIX_PATH=${CMAKE_PREFIX_PATH}:/opt/ros/humble /usr/bin/cmake --install /home/dev/ros2_ws/Self-Driving/Section5_Control/bumperbot_ws/build/bumperbot_controller
