[0.044s] Invoking command in '/home/dev/ros2_ws/ATech_ws/build/my_cpp_pkg': CMAKE_PREFIX_PATH=/opt/ros/humble /usr/bin/cmake /home/dev/ros2_ws/ATech_ws/src/my_cpp_pkg -DCMAKE_INSTALL_PREFIX=/home/dev/ros2_ws/ATech_ws/install/my_cpp_pkg
[0.408s] -- The C compiler identification is GNU 11.4.0
[0.775s] -- The CXX compiler identification is GNU 11.4.0
[0.809s] -- Detecting C compiler ABI info
[1.105s] -- Detecting C compiler ABI info - done
[1.146s] -- Check for working C compiler: /usr/bin/cc - skipped
[1.147s] -- Detecting C compile features
[1.150s] -- Detecting C compile features - done
[1.167s] -- Detecting CXX compiler ABI info
[1.524s] -- Detecting CXX compiler ABI info - done
[1.565s] -- Check for working CXX compiler: /usr/bin/c++ - skipped
[1.569s] -- Detecting CXX compile features
[1.570s] -- Detecting CXX compile features - done
[1.580s] -- Found ament_cmake: 1.3.10 (/opt/ros/humble/share/ament_cmake/cmake)
[2.193s] -- Found Python3: /usr/bin/python3 (found version "3.10.12") found components: Interpreter 
[2.616s] -- Found rclcpp: 16.0.10 (/opt/ros/humble/share/rclcpp/cmake)
[2.832s] -- Found rosidl_generator_c: 3.1.5 (/opt/ros/humble/share/rosidl_generator_c/cmake)
[2.859s] -- Found rosidl_adapter: 3.1.5 (/opt/ros/humble/share/rosidl_adapter/cmake)
[2.899s] -- Found rosidl_generator_cpp: 3.1.5 (/opt/ros/humble/share/rosidl_generator_cpp/cmake)
[2.964s] -- Using all available rosidl_typesupport_c: rosidl_typesupport_fastrtps_c;rosidl_typesupport_introspection_c
[3.056s] -- Using all available rosidl_typesupport_cpp: rosidl_typesupport_fastrtps_cpp;rosidl_typesupport_introspection_cpp
[3.254s] -- Found rmw_implementation_cmake: 6.1.2 (/opt/ros/humble/share/rmw_implementation_cmake/cmake)
[3.264s] -- Found rmw_fastrtps_cpp: 6.2.7 (/opt/ros/humble/share/rmw_fastrtps_cpp/cmake)
[3.620s] -- Found OpenSSL: /usr/lib/x86_64-linux-gnu/libcrypto.so (found version "3.0.2")  
[3.717s] -- Found FastRTPS: /opt/ros/humble/include  
[3.850s] -- Using RMW implementation 'rmw_fastrtps_cpp' as default
[3.891s] -- Looking for pthread.h
[4.202s] -- Looking for pthread.h - found
[4.204s] -- Performing Test CMAKE_HAVE_LIBC_PTHREAD
[4.531s] -- Performing Test CMAKE_HAVE_LIBC_PTHREAD - Success
[4.532s] -- Found Threads: TRUE  
[4.829s] -- Found ament_lint_auto: 0.12.11 (/opt/ros/humble/share/ament_lint_auto/cmake)
[5.200s] -- Added test 'cppcheck' to perform static code analysis on C / C++ code
[5.201s] -- Configured cppcheck include dirs: 
[5.201s] -- Configured cppcheck exclude dirs and/or files: 
[5.203s] -- Added test 'lint_cmake' to check CMake code style
[5.212s] -- Added test 'uncrustify' to check C / C++ code style
[5.212s] -- Configured uncrustify additional arguments: 
[5.215s] -- Added test 'xmllint' to check XML markup files
[5.222s] -- Configuring done
[5.283s] -- Generating done
[5.291s] -- Build files have been written to: /home/dev/ros2_ws/ATech_ws/build/my_cpp_pkg
[5.327s] Invoked command in '/home/dev/ros2_ws/ATech_ws/build/my_cpp_pkg' returned '0': CMAKE_PREFIX_PATH=/opt/ros/humble /usr/bin/cmake /home/dev/ros2_ws/ATech_ws/src/my_cpp_pkg -DCMAKE_INSTALL_PREFIX=/home/dev/ros2_ws/ATech_ws/install/my_cpp_pkg
[5.331s] Invoking command in '/home/dev/ros2_ws/ATech_ws/build/my_cpp_pkg': CMAKE_PREFIX_PATH=/opt/ros/humble /usr/bin/cmake --build /home/dev/ros2_ws/ATech_ws/build/my_cpp_pkg -- -j4 -l4
[5.546s] [ 16%] [32mBuilding CXX object CMakeFiles/Template.dir/src/Template.cpp.o[0m
[5.549s] [ 33%] [32mBuilding CXX object CMakeFiles/hello_publisher_node.dir/src/hello_publisher.cpp.o[0m
[5.561s] [ 50%] [32mBuilding CXX object CMakeFiles/hello_subscriber_node.dir/src/hello_subscriber.cpp.o[0m
[21.261s] [ 66%] [32m[1mLinking CXX executable Template[0m
[21.871s] [ 66%] Built target Template
[28.371s] [ 83%] [32m[1mLinking CXX executable hello_publisher_node[0m
[29.311s] [ 83%] Built target hello_publisher_node
[44.655s] [100%] [32m[1mLinking CXX executable hello_subscriber_node[0m
[46.502s] [100%] Built target hello_subscriber_node
[46.541s] Invoked command in '/home/dev/ros2_ws/ATech_ws/build/my_cpp_pkg' returned '0': CMAKE_PREFIX_PATH=/opt/ros/humble /usr/bin/cmake --build /home/dev/ros2_ws/ATech_ws/build/my_cpp_pkg -- -j4 -l4
[46.690s] Invoking command in '/home/dev/ros2_ws/ATech_ws/build/my_cpp_pkg': CMAKE_PREFIX_PATH=/opt/ros/humble /usr/bin/cmake --install /home/dev/ros2_ws/ATech_ws/build/my_cpp_pkg
[46.718s] -- Install configuration: ""
[46.719s] -- Installing: /home/dev/ros2_ws/ATech_ws/install/my_cpp_pkg/lib/my_cpp_pkg/Template
[46.721s] -- Set runtime path of "/home/dev/ros2_ws/ATech_ws/install/my_cpp_pkg/lib/my_cpp_pkg/Template" to ""
[46.722s] -- Installing: /home/dev/ros2_ws/ATech_ws/install/my_cpp_pkg/lib/my_cpp_pkg/hello_publisher_node
[46.728s] -- Set runtime path of "/home/dev/ros2_ws/ATech_ws/install/my_cpp_pkg/lib/my_cpp_pkg/hello_publisher_node" to ""
[46.728s] -- Installing: /home/dev/ros2_ws/ATech_ws/install/my_cpp_pkg/lib/my_cpp_pkg/hello_subscriber_node
[46.745s] -- Set runtime path of "/home/dev/ros2_ws/ATech_ws/install/my_cpp_pkg/lib/my_cpp_pkg/hello_subscriber_node" to ""
[46.745s] -- Installing: /home/dev/ros2_ws/ATech_ws/install/my_cpp_pkg/share/ament_index/resource_index/package_run_dependencies/my_cpp_pkg
[46.746s] -- Installing: /home/dev/ros2_ws/ATech_ws/install/my_cpp_pkg/share/ament_index/resource_index/parent_prefix_path/my_cpp_pkg
[46.747s] -- Installing: /home/dev/ros2_ws/ATech_ws/install/my_cpp_pkg/share/my_cpp_pkg/environment/ament_prefix_path.sh
[46.748s] -- Installing: /home/dev/ros2_ws/ATech_ws/install/my_cpp_pkg/share/my_cpp_pkg/environment/ament_prefix_path.dsv
[46.749s] -- Installing: /home/dev/ros2_ws/ATech_ws/install/my_cpp_pkg/share/my_cpp_pkg/environment/path.sh
[46.750s] -- Installing: /home/dev/ros2_ws/ATech_ws/install/my_cpp_pkg/share/my_cpp_pkg/environment/path.dsv
[46.750s] -- Installing: /home/dev/ros2_ws/ATech_ws/install/my_cpp_pkg/share/my_cpp_pkg/local_setup.bash
[46.751s] -- Installing: /home/dev/ros2_ws/ATech_ws/install/my_cpp_pkg/share/my_cpp_pkg/local_setup.sh
[46.752s] -- Installing: /home/dev/ros2_ws/ATech_ws/install/my_cpp_pkg/share/my_cpp_pkg/local_setup.zsh
[46.753s] -- Installing: /home/dev/ros2_ws/ATech_ws/install/my_cpp_pkg/share/my_cpp_pkg/local_setup.dsv
[46.754s] -- Installing: /home/dev/ros2_ws/ATech_ws/install/my_cpp_pkg/share/my_cpp_pkg/package.dsv
[46.755s] -- Installing: /home/dev/ros2_ws/ATech_ws/install/my_cpp_pkg/share/ament_index/resource_index/packages/my_cpp_pkg
[46.755s] -- Installing: /home/dev/ros2_ws/ATech_ws/install/my_cpp_pkg/share/my_cpp_pkg/cmake/my_cpp_pkgConfig.cmake
[46.756s] -- Installing: /home/dev/ros2_ws/ATech_ws/install/my_cpp_pkg/share/my_cpp_pkg/cmake/my_cpp_pkgConfig-version.cmake
[46.757s] -- Installing: /home/dev/ros2_ws/ATech_ws/install/my_cpp_pkg/share/my_cpp_pkg/package.xml
[46.762s] Invoked command in '/home/dev/ros2_ws/ATech_ws/build/my_cpp_pkg' returned '0': CMAKE_PREFIX_PATH=/opt/ros/humble /usr/bin/cmake --install /home/dev/ros2_ws/ATech_ws/build/my_cpp_pkg
