[0.120s] Invoking command in '/home/dev/ros2_ws/Self-Driving/Section7_Differential_Kinematics/build/bumperbot_controller': CMAKE_PREFIX_PATH=${CMAKE_PREFIX_PATH}:/opt/ros/humble /usr/bin/cmake /home/dev/ros2_ws/Self-Driving/Section7_Differential_Kinematics/bumperbot_ws/src/bumperbot_controller -DCMAKE_INSTALL_PREFIX=/home/dev/ros2_ws/Self-Driving/Section7_Differential_Kinematics/install/bumperbot_controller
[0.600s] -- The C compiler identification is GNU 11.4.0
[1.139s] -- The CXX compiler identification is GNU 11.4.0
[1.203s] -- Detecting C compiler ABI info
[1.647s] -- Detecting C compiler ABI info - done
[1.707s] -- Check for working C compiler: /usr/bin/cc - skipped
[1.711s] -- Detecting C compile features
[1.713s] -- Detecting C compile features - done
[1.746s] -- Detecting CXX compiler ABI info
[2.356s] -- Detecting CXX compiler ABI info - done
[2.504s] -- Check for working CXX compiler: /usr/bin/c++ - skipped
[2.513s] -- Detecting CXX compile features
[2.514s] -- Detecting CXX compile features - done
[2.518s] -- Found ament_cmake: 1.3.10 (/opt/ros/humble/share/ament_cmake/cmake)
[3.556s] -- Found Python3: /usr/bin/python3 (found version "3.10.12") found components: Interpreter 
[4.227s] -- Found rclcpp: 16.0.10 (/opt/ros/humble/share/rclcpp/cmake)
[4.744s] -- Found rosidl_generator_c: 3.1.5 (/opt/ros/humble/share/rosidl_generator_c/cmake)
[4.772s] -- Found rosidl_adapter: 3.1.5 (/opt/ros/humble/share/rosidl_adapter/cmake)
[4.844s] -- Found rosidl_generator_cpp: 3.1.5 (/opt/ros/humble/share/rosidl_generator_cpp/cmake)
[4.998s] -- Using all available rosidl_typesupport_c: rosidl_typesupport_fastrtps_c;rosidl_typesupport_introspection_c
[5.180s] -- Using all available rosidl_typesupport_cpp: rosidl_typesupport_fastrtps_cpp;rosidl_typesupport_introspection_cpp
[5.721s] -- Found rmw_implementation_cmake: 6.1.2 (/opt/ros/humble/share/rmw_implementation_cmake/cmake)
[5.783s] -- Found rmw_fastrtps_cpp: 6.2.7 (/opt/ros/humble/share/rmw_fastrtps_cpp/cmake)
[7.125s] -- Found OpenSSL: /usr/lib/x86_64-linux-gnu/libcrypto.so (found version "3.0.2")  
[7.419s] -- Found FastRTPS: /opt/ros/humble/include  
[7.726s] -- Using RMW implementation 'rmw_fastrtps_cpp' as default
[7.855s] -- Looking for pthread.h
[8.795s] -- Looking for pthread.h - found
[8.805s] -- Performing Test CMAKE_HAVE_LIBC_PTHREAD
[9.685s] -- Performing Test CMAKE_HAVE_LIBC_PTHREAD - Success
[9.712s] -- Found Threads: TRUE  
[10.158s] -- Found rclpy: 3.3.14 (/opt/ros/humble/share/rclpy/cmake)
[10.170s] -- Found geometry_msgs: 4.2.4 (/opt/ros/humble/share/geometry_msgs/cmake)
[12.092s] -- Configuring done
[12.298s] -- Generating done
[12.335s] -- Build files have been written to: /home/dev/ros2_ws/Self-Driving/Section7_Differential_Kinematics/build/bumperbot_controller
[12.460s] Invoked command in '/home/dev/ros2_ws/Self-Driving/Section7_Differential_Kinematics/build/bumperbot_controller' returned '0': CMAKE_PREFIX_PATH=${CMAKE_PREFIX_PATH}:/opt/ros/humble /usr/bin/cmake /home/dev/ros2_ws/Self-Driving/Section7_Differential_Kinematics/bumperbot_ws/src/bumperbot_controller -DCMAKE_INSTALL_PREFIX=/home/dev/ros2_ws/Self-Driving/Section7_Differential_Kinematics/install/bumperbot_controller
[12.462s] Invoking command in '/home/dev/ros2_ws/Self-Driving/Section7_Differential_Kinematics/build/bumperbot_controller': CMAKE_PREFIX_PATH=${CMAKE_PREFIX_PATH}:/opt/ros/humble /usr/bin/cmake --build /home/dev/ros2_ws/Self-Driving/Section7_Differential_Kinematics/build/bumperbot_controller -- -j4 -l4
[12.958s] [  0%] Built target ament_cmake_python_copy_bumperbot_controller
[13.061s] [ 50%] [32mBuilding CXX object CMakeFiles/simple_controller.dir/src/simple_controller.cpp.o[0m
[14.698s] running egg_info
[14.702s] creating bumperbot_controller.egg-info
[14.707s] writing bumperbot_controller.egg-info/PKG-INFO
[14.709s] writing dependency_links to bumperbot_controller.egg-info/dependency_links.txt
[14.709s] writing top-level names to bumperbot_controller.egg-info/top_level.txt
[14.710s] writing manifest file 'bumperbot_controller.egg-info/SOURCES.txt'
[14.714s] reading manifest file 'bumperbot_controller.egg-info/SOURCES.txt'
[14.719s] writing manifest file 'bumperbot_controller.egg-info/SOURCES.txt'
[14.888s] [ 50%] Built target ament_cmake_python_build_bumperbot_controller_egg
[72.168s] [100%] [32m[1mLinking CXX executable simple_controller[0m
[74.239s] [100%] Built target simple_controller
[74.279s] Invoked command in '/home/dev/ros2_ws/Self-Driving/Section7_Differential_Kinematics/build/bumperbot_controller' returned '0': CMAKE_PREFIX_PATH=${CMAKE_PREFIX_PATH}:/opt/ros/humble /usr/bin/cmake --build /home/dev/ros2_ws/Self-Driving/Section7_Differential_Kinematics/build/bumperbot_controller -- -j4 -l4
[74.386s] Invoking command in '/home/dev/ros2_ws/Self-Driving/Section7_Differential_Kinematics/build/bumperbot_controller': CMAKE_PREFIX_PATH=${CMAKE_PREFIX_PATH}:/opt/ros/humble /usr/bin/cmake --install /home/dev/ros2_ws/Self-Driving/Section7_Differential_Kinematics/build/bumperbot_controller
[74.416s] -- Install configuration: ""
[74.417s] -- Installing: /home/dev/ros2_ws/Self-Driving/Section7_Differential_Kinematics/install/bumperbot_controller/share/bumperbot_controller/environment/pythonpath.sh
[74.417s] -- Installing: /home/dev/ros2_ws/Self-Driving/Section7_Differential_Kinematics/install/bumperbot_controller/share/bumperbot_controller/environment/pythonpath.dsv
[74.418s] -- Installing: /home/dev/ros2_ws/Self-Driving/Section7_Differential_Kinematics/install/bumperbot_controller/local/lib/python3.10/dist-packages/bumperbot_controller-0.0.0-py3.10.egg-info
[74.419s] -- Installing: /home/dev/ros2_ws/Self-Driving/Section7_Differential_Kinematics/install/bumperbot_controller/local/lib/python3.10/dist-packages/bumperbot_controller-0.0.0-py3.10.egg-info/SOURCES.txt
[74.420s] -- Installing: /home/dev/ros2_ws/Self-Driving/Section7_Differential_Kinematics/install/bumperbot_controller/local/lib/python3.10/dist-packages/bumperbot_controller-0.0.0-py3.10.egg-info/dependency_links.txt
[74.421s] -- Installing: /home/dev/ros2_ws/Self-Driving/Section7_Differential_Kinematics/install/bumperbot_controller/local/lib/python3.10/dist-packages/bumperbot_controller-0.0.0-py3.10.egg-info/PKG-INFO
[74.421s] -- Installing: /home/dev/ros2_ws/Self-Driving/Section7_Differential_Kinematics/install/bumperbot_controller/local/lib/python3.10/dist-packages/bumperbot_controller-0.0.0-py3.10.egg-info/top_level.txt
[74.422s] -- Installing: /home/dev/ros2_ws/Self-Driving/Section7_Differential_Kinematics/install/bumperbot_controller/local/lib/python3.10/dist-packages/bumperbot_controller
[74.423s] -- Installing: /home/dev/ros2_ws/Self-Driving/Section7_Differential_Kinematics/install/bumperbot_controller/local/lib/python3.10/dist-packages/bumperbot_controller/simple_controller.py
[74.423s] -- Installing: /home/dev/ros2_ws/Self-Driving/Section7_Differential_Kinematics/install/bumperbot_controller/local/lib/python3.10/dist-packages/bumperbot_controller/__init__.py
[74.556s] Listing '/home/dev/ros2_ws/Self-Driving/Section7_Differential_Kinematics/install/bumperbot_controller/local/lib/python3.10/dist-packages/bumperbot_controller'...
[74.557s] Compiling '/home/dev/ros2_ws/Self-Driving/Section7_Differential_Kinematics/install/bumperbot_controller/local/lib/python3.10/dist-packages/bumperbot_controller/__init__.py'...
[74.558s] Compiling '/home/dev/ros2_ws/Self-Driving/Section7_Differential_Kinematics/install/bumperbot_controller/local/lib/python3.10/dist-packages/bumperbot_controller/simple_controller.py'...
[74.580s] -- Installing: /home/dev/ros2_ws/Self-Driving/Section7_Differential_Kinematics/install/bumperbot_controller/include/include
[74.581s] -- Installing: /home/dev/ros2_ws/Self-Driving/Section7_Differential_Kinematics/install/bumperbot_controller/include/include/bumperbot_controller
[74.582s] -- Installing: /home/dev/ros2_ws/Self-Driving/Section7_Differential_Kinematics/install/bumperbot_controller/include/include/bumperbot_controller/simple_controller.hpp
[74.582s] -- Installing: /home/dev/ros2_ws/Self-Driving/Section7_Differential_Kinematics/install/bumperbot_controller/lib/bumperbot_controller/simple_controller
[74.604s] -- Set runtime path of "/home/dev/ros2_ws/Self-Driving/Section7_Differential_Kinematics/install/bumperbot_controller/lib/bumperbot_controller/simple_controller" to ""
[74.605s] -- Installing: /home/dev/ros2_ws/Self-Driving/Section7_Differential_Kinematics/install/bumperbot_controller/share/bumperbot_controller/launch
[74.606s] -- Installing: /home/dev/ros2_ws/Self-Driving/Section7_Differential_Kinematics/install/bumperbot_controller/share/bumperbot_controller/launch/joystick_teleop.launch.py
[74.607s] -- Installing: /home/dev/ros2_ws/Self-Driving/Section7_Differential_Kinematics/install/bumperbot_controller/share/bumperbot_controller/launch/controller.launch.py
[74.608s] -- Installing: /home/dev/ros2_ws/Self-Driving/Section7_Differential_Kinematics/install/bumperbot_controller/share/bumperbot_controller/config
[74.608s] -- Installing: /home/dev/ros2_ws/Self-Driving/Section7_Differential_Kinematics/install/bumperbot_controller/share/bumperbot_controller/config/joy_config.yaml
[74.609s] -- Installing: /home/dev/ros2_ws/Self-Driving/Section7_Differential_Kinematics/install/bumperbot_controller/share/bumperbot_controller/config/bumperbot_controllers.yaml
[74.610s] -- Installing: /home/dev/ros2_ws/Self-Driving/Section7_Differential_Kinematics/install/bumperbot_controller/share/bumperbot_controller/config/joy_teleop.yaml
[74.610s] -- Installing: /home/dev/ros2_ws/Self-Driving/Section7_Differential_Kinematics/install/bumperbot_controller/lib/bumperbot_controller/simple_controller.py
[74.611s] -- Installing: /home/dev/ros2_ws/Self-Driving/Section7_Differential_Kinematics/install/bumperbot_controller/share/ament_index/resource_index/package_run_dependencies/bumperbot_controller
[74.612s] -- Installing: /home/dev/ros2_ws/Self-Driving/Section7_Differential_Kinematics/install/bumperbot_controller/share/ament_index/resource_index/parent_prefix_path/bumperbot_controller
[74.613s] -- Installing: /home/dev/ros2_ws/Self-Driving/Section7_Differential_Kinematics/install/bumperbot_controller/share/bumperbot_controller/environment/ament_prefix_path.sh
[74.613s] -- Installing: /home/dev/ros2_ws/Self-Driving/Section7_Differential_Kinematics/install/bumperbot_controller/share/bumperbot_controller/environment/ament_prefix_path.dsv
[74.614s] -- Installing: /home/dev/ros2_ws/Self-Driving/Section7_Differential_Kinematics/install/bumperbot_controller/share/bumperbot_controller/environment/path.sh
[74.615s] -- Installing: /home/dev/ros2_ws/Self-Driving/Section7_Differential_Kinematics/install/bumperbot_controller/share/bumperbot_controller/environment/path.dsv
[74.616s] -- Installing: /home/dev/ros2_ws/Self-Driving/Section7_Differential_Kinematics/install/bumperbot_controller/share/bumperbot_controller/local_setup.bash
[74.617s] -- Installing: /home/dev/ros2_ws/Self-Driving/Section7_Differential_Kinematics/install/bumperbot_controller/share/bumperbot_controller/local_setup.sh
[74.617s] -- Installing: /home/dev/ros2_ws/Self-Driving/Section7_Differential_Kinematics/install/bumperbot_controller/share/bumperbot_controller/local_setup.zsh
[74.618s] -- Installing: /home/dev/ros2_ws/Self-Driving/Section7_Differential_Kinematics/install/bumperbot_controller/share/bumperbot_controller/local_setup.dsv
[74.619s] -- Installing: /home/dev/ros2_ws/Self-Driving/Section7_Differential_Kinematics/install/bumperbot_controller/share/bumperbot_controller/package.dsv
[74.620s] -- Installing: /home/dev/ros2_ws/Self-Driving/Section7_Differential_Kinematics/install/bumperbot_controller/share/ament_index/resource_index/packages/bumperbot_controller
[74.621s] -- Installing: /home/dev/ros2_ws/Self-Driving/Section7_Differential_Kinematics/install/bumperbot_controller/share/bumperbot_controller/cmake/bumperbot_controllerConfig.cmake
[74.621s] -- Installing: /home/dev/ros2_ws/Self-Driving/Section7_Differential_Kinematics/install/bumperbot_controller/share/bumperbot_controller/cmake/bumperbot_controllerConfig-version.cmake
[74.622s] -- Installing: /home/dev/ros2_ws/Self-Driving/Section7_Differential_Kinematics/install/bumperbot_controller/share/bumperbot_controller/package.xml
[74.634s] Invoked command in '/home/dev/ros2_ws/Self-Driving/Section7_Differential_Kinematics/build/bumperbot_controller' returned '0': CMAKE_PREFIX_PATH=${CMAKE_PREFIX_PATH}:/opt/ros/humble /usr/bin/cmake --install /home/dev/ros2_ws/Self-Driving/Section7_Differential_Kinematics/build/bumperbot_controller
