[0.087s] Invoking command in '/home/dev/ros2_ws/Self-Driving-and-ROS-2-Learn-by-Doing-Odometry-Control/Section5_Control/bumperbot_ws/build/bumperbot_cpp_examples': CMAKE_PREFIX_PATH=/opt/ros/humble /usr/bin/cmake --build /home/dev/ros2_ws/Self-Driving-and-ROS-2-Learn-by-Doing-Odometry-Control/Section5_Control/bumperbot_ws/build/bumperbot_cpp_examples -- -j4 -l4
[1.309s] [35m[1mConsolidate compiler generated dependencies of target simple_publisher[0m
[1.311s] [ 33%] Built target simple_publisher
[1.312s] [35m[1mConsolidate compiler generated dependencies of target simple_parameter[0m
[1.313s] [ 66%] Built target simple_parameter
[1.315s] [35m[1mConsolidate compiler generated dependencies of target simple_subscriber[0m
[1.316s] [100%] Built target simple_subscriber
[1.328s] Invoked command in '/home/dev/ros2_ws/Self-Driving-and-ROS-2-Learn-by-Doing-Odometry-Control/Section5_Control/bumperbot_ws/build/bumperbot_cpp_examples' returned '0': CMAKE_PREFIX_PATH=/opt/ros/humble /usr/bin/cmake --build /home/dev/ros2_ws/Self-Driving-and-ROS-2-Learn-by-Doing-Odometry-Control/Section5_Control/bumperbot_ws/build/bumperbot_cpp_examples -- -j4 -l4
[1.465s] Invoking command in '/home/dev/ros2_ws/Self-Driving-and-ROS-2-Learn-by-Doing-Odometry-Control/Section5_Control/bumperbot_ws/build/bumperbot_cpp_examples': CMAKE_PREFIX_PATH=/opt/ros/humble /usr/bin/cmake --install /home/dev/ros2_ws/Self-Driving-and-ROS-2-Learn-by-Doing-Odometry-Control/Section5_Control/bumperbot_ws/build/bumperbot_cpp_examples
[1.526s] -- Install configuration: ""
[1.536s] -- Up-to-date: /home/dev/ros2_ws/Self-Driving-and-ROS-2-Learn-by-Doing-Odometry-Control/Section5_Control/bumperbot_ws/install/bumperbot_cpp_examples/lib/bumperbot_cpp_examples/simple_publisher
[1.540s] -- Up-to-date: /home/dev/ros2_ws/Self-Driving-and-ROS-2-Learn-by-Doing-Odometry-Control/Section5_Control/bumperbot_ws/install/bumperbot_cpp_examples/lib/bumperbot_cpp_examples/simple_subscriber
[1.567s] -- Up-to-date: /home/dev/ros2_ws/Self-Driving-and-ROS-2-Learn-by-Doing-Odometry-Control/Section5_Control/bumperbot_ws/install/bumperbot_cpp_examples/lib/bumperbot_cpp_examples/simple_parameter
[1.567s] -- Up-to-date: /home/dev/ros2_ws/Self-Driving-and-ROS-2-Learn-by-Doing-Odometry-Control/Section5_Control/bumperbot_ws/install/bumperbot_cpp_examples/share/ament_index/resource_index/package_run_dependencies/bumperbot_cpp_examples
[1.568s] -- Up-to-date: /home/dev/ros2_ws/Self-Driving-and-ROS-2-Learn-by-Doing-Odometry-Control/Section5_Control/bumperbot_ws/install/bumperbot_cpp_examples/share/ament_index/resource_index/parent_prefix_path/bumperbot_cpp_examples
[1.569s] -- Up-to-date: /home/dev/ros2_ws/Self-Driving-and-ROS-2-Learn-by-Doing-Odometry-Control/Section5_Control/bumperbot_ws/install/bumperbot_cpp_examples/share/bumperbot_cpp_examples/environment/ament_prefix_path.sh
[1.569s] -- Up-to-date: /home/dev/ros2_ws/Self-Driving-and-ROS-2-Learn-by-Doing-Odometry-Control/Section5_Control/bumperbot_ws/install/bumperbot_cpp_examples/share/bumperbot_cpp_examples/environment/ament_prefix_path.dsv
[1.571s] -- Up-to-date: /home/dev/ros2_ws/Self-Driving-and-ROS-2-Learn-by-Doing-Odometry-Control/Section5_Control/bumperbot_ws/install/bumperbot_cpp_examples/share/bumperbot_cpp_examples/environment/path.sh
[1.573s] -- Up-to-date: /home/dev/ros2_ws/Self-Driving-and-ROS-2-Learn-by-Doing-Odometry-Control/Section5_Control/bumperbot_ws/install/bumperbot_cpp_examples/share/bumperbot_cpp_examples/environment/path.dsv
[1.573s] -- Up-to-date: /home/dev/ros2_ws/Self-Driving-and-ROS-2-Learn-by-Doing-Odometry-Control/Section5_Control/bumperbot_ws/install/bumperbot_cpp_examples/share/bumperbot_cpp_examples/local_setup.bash
[1.574s] -- Up-to-date: /home/dev/ros2_ws/Self-Driving-and-ROS-2-Learn-by-Doing-Odometry-Control/Section5_Control/bumperbot_ws/install/bumperbot_cpp_examples/share/bumperbot_cpp_examples/local_setup.sh
[1.577s] -- Up-to-date: /home/dev/ros2_ws/Self-Driving-and-ROS-2-Learn-by-Doing-Odometry-Control/Section5_Control/bumperbot_ws/install/bumperbot_cpp_examples/share/bumperbot_cpp_examples/local_setup.zsh
[1.579s] -- Up-to-date: /home/dev/ros2_ws/Self-Driving-and-ROS-2-Learn-by-Doing-Odometry-Control/Section5_Control/bumperbot_ws/install/bumperbot_cpp_examples/share/bumperbot_cpp_examples/local_setup.dsv
[1.579s] -- Installing: /home/dev/ros2_ws/Self-Driving-and-ROS-2-Learn-by-Doing-Odometry-Control/Section5_Control/bumperbot_ws/install/bumperbot_cpp_examples/share/bumperbot_cpp_examples/package.dsv
[1.582s] -- Up-to-date: /home/dev/ros2_ws/Self-Driving-and-ROS-2-Learn-by-Doing-Odometry-Control/Section5_Control/bumperbot_ws/install/bumperbot_cpp_examples/share/ament_index/resource_index/packages/bumperbot_cpp_examples
[1.582s] -- Up-to-date: /home/dev/ros2_ws/Self-Driving-and-ROS-2-Learn-by-Doing-Odometry-Control/Section5_Control/bumperbot_ws/install/bumperbot_cpp_examples/share/bumperbot_cpp_examples/cmake/bumperbot_cpp_examplesConfig.cmake
[1.583s] -- Up-to-date: /home/dev/ros2_ws/Self-Driving-and-ROS-2-Learn-by-Doing-Odometry-Control/Section5_Control/bumperbot_ws/install/bumperbot_cpp_examples/share/bumperbot_cpp_examples/cmake/bumperbot_cpp_examplesConfig-version.cmake
[1.583s] -- Up-to-date: /home/dev/ros2_ws/Self-Driving-and-ROS-2-Learn-by-Doing-Odometry-Control/Section5_Control/bumperbot_ws/install/bumperbot_cpp_examples/share/bumperbot_cpp_examples/package.xml
[1.607s] Invoked command in '/home/dev/ros2_ws/Self-Driving-and-ROS-2-Learn-by-Doing-Odometry-Control/Section5_Control/bumperbot_ws/build/bumperbot_cpp_examples' returned '0': CMAKE_PREFIX_PATH=/opt/ros/humble /usr/bin/cmake --install /home/dev/ros2_ws/Self-Driving-and-ROS-2-Learn-by-Doing-Odometry-Control/Section5_Control/bumperbot_ws/build/bumperbot_cpp_examples
