[0.619s] DEBUG:colcon:Command line arguments: ['/usr/bin/colcon', 'build']
[0.619s] DEBUG:colcon:Parsed command line arguments: Namespace(log_base=None, log_level=None, verb_name='build', build_base='build', install_base='install', merge_install=False, symlink_install=False, test_result_base=None, continue_on_error=False, executor='parallel', parallel_workers=4, event_handlers=None, ignore_user_meta=False, metas=['./colcon.meta'], base_paths=['.'], packages_ignore=None, packages_ignore_regex=None, paths=None, packages_up_to=None, packages_up_to_regex=None, packages_above=None, packages_above_and_dependencies=None, packages_above_depth=None, packages_select_by_dep=None, packages_skip_by_dep=None, packages_skip_up_to=None, packages_select_build_failed=False, packages_skip_build_finished=False, packages_select_test_failures=False, packages_skip_test_passed=False, packages_select=None, packages_skip=None, packages_select_regex=None, packages_skip_regex=None, packages_start=None, packages_end=None, allow_overriding=[], cmake_args=None, cmake_target=None, cmake_target_skip_unavailable=False, cmake_clean_cache=False, cmake_clean_first=False, cmake_force_configure=False, ament_cmake_args=None, catkin_cmake_args=None, catkin_skip_building_tests=False, mixin_files=None, mixin=None, verb_parser=<colcon_mixin.mixin.mixin_argument.MixinArgumentDecorator object at 0x7be5c018ceb0>, verb_extension=<colcon_core.verb.build.BuildVerb object at 0x7be5c018f040>, main=<bound method BuildVerb.main of <colcon_core.verb.build.BuildVerb object at 0x7be5c018f040>>, mixin_verb=('build',))
[1.495s] Level 1:colcon.colcon_core.package_discovery:discover_packages(colcon_meta) check parameters
[1.496s] Level 1:colcon.colcon_core.package_discovery:discover_packages(recursive) check parameters
[1.496s] Level 1:colcon.colcon_core.package_discovery:discover_packages(ignore) check parameters
[1.496s] Level 1:colcon.colcon_core.package_discovery:discover_packages(path) check parameters
[1.496s] Level 1:colcon.colcon_core.package_discovery:discover_packages(colcon_meta) discover
[1.497s] Level 1:colcon.colcon_core.package_discovery:discover_packages(recursive) discover
[1.497s] INFO:colcon.colcon_core.package_discovery:Crawling recursively for packages in '/home/dev/ros2_ws/ATech_ws'
[1.497s] Level 1:colcon.colcon_core.package_identification:_identify(.) by extensions ['ignore', 'ignore_ament_install']
[1.498s] Level 1:colcon.colcon_core.package_identification:_identify(.) by extension 'ignore'
[1.498s] Level 1:colcon.colcon_core.package_identification:_identify(.) by extension 'ignore_ament_install'
[1.498s] Level 1:colcon.colcon_core.package_identification:_identify(.) by extensions ['colcon_pkg']
[1.498s] Level 1:colcon.colcon_core.package_identification:_identify(.) by extension 'colcon_pkg'
[1.499s] Level 1:colcon.colcon_core.package_identification:_identify(.) by extensions ['colcon_meta']
[1.499s] Level 1:colcon.colcon_core.package_identification:_identify(.) by extension 'colcon_meta'
[1.499s] Level 1:colcon.colcon_core.package_identification:_identify(.) by extensions ['ros']
[1.499s] Level 1:colcon.colcon_core.package_identification:_identify(.) by extension 'ros'
[1.577s] Level 1:colcon.colcon_core.package_identification:_identify(.) by extensions ['cmake', 'python']
[1.577s] Level 1:colcon.colcon_core.package_identification:_identify(.) by extension 'cmake'
[1.578s] Level 1:colcon.colcon_core.package_identification:_identify(.) by extension 'python'
[1.578s] Level 1:colcon.colcon_core.package_identification:_identify(.) by extensions ['python_setup_py']
[1.578s] Level 1:colcon.colcon_core.package_identification:_identify(.) by extension 'python_setup_py'
[1.579s] Level 1:colcon.colcon_core.package_identification:_identify(build) by extensions ['ignore', 'ignore_ament_install']
[1.580s] Level 1:colcon.colcon_core.package_identification:_identify(build) by extension 'ignore'
[1.580s] Level 1:colcon.colcon_core.package_identification:_identify(build) ignored
[1.581s] Level 1:colcon.colcon_core.package_identification:_identify(install) by extensions ['ignore', 'ignore_ament_install']
[1.581s] Level 1:colcon.colcon_core.package_identification:_identify(install) by extension 'ignore'
[1.581s] Level 1:colcon.colcon_core.package_identification:_identify(install) ignored
[1.582s] Level 1:colcon.colcon_core.package_identification:_identify(log) by extensions ['ignore', 'ignore_ament_install']
[1.582s] Level 1:colcon.colcon_core.package_identification:_identify(log) by extension 'ignore'
[1.583s] Level 1:colcon.colcon_core.package_identification:_identify(log) ignored
[1.583s] Level 1:colcon.colcon_core.package_identification:_identify(src) by extensions ['ignore', 'ignore_ament_install']
[1.583s] Level 1:colcon.colcon_core.package_identification:_identify(src) by extension 'ignore'
[1.584s] Level 1:colcon.colcon_core.package_identification:_identify(src) by extension 'ignore_ament_install'
[1.584s] Level 1:colcon.colcon_core.package_identification:_identify(src) by extensions ['colcon_pkg']
[1.584s] Level 1:colcon.colcon_core.package_identification:_identify(src) by extension 'colcon_pkg'
[1.584s] Level 1:colcon.colcon_core.package_identification:_identify(src) by extensions ['colcon_meta']
[1.584s] Level 1:colcon.colcon_core.package_identification:_identify(src) by extension 'colcon_meta'
[1.585s] Level 1:colcon.colcon_core.package_identification:_identify(src) by extensions ['ros']
[1.585s] Level 1:colcon.colcon_core.package_identification:_identify(src) by extension 'ros'
[1.585s] Level 1:colcon.colcon_core.package_identification:_identify(src) by extensions ['cmake', 'python']
[1.585s] Level 1:colcon.colcon_core.package_identification:_identify(src) by extension 'cmake'
[1.586s] Level 1:colcon.colcon_core.package_identification:_identify(src) by extension 'python'
[1.586s] Level 1:colcon.colcon_core.package_identification:_identify(src) by extensions ['python_setup_py']
[1.586s] Level 1:colcon.colcon_core.package_identification:_identify(src) by extension 'python_setup_py'
[1.586s] Level 1:colcon.colcon_core.package_identification:_identify(src/Agrisentenel_Description) by extensions ['ignore', 'ignore_ament_install']
[1.587s] Level 1:colcon.colcon_core.package_identification:_identify(src/Agrisentenel_Description) by extension 'ignore'
[1.587s] Level 1:colcon.colcon_core.package_identification:_identify(src/Agrisentenel_Description) by extension 'ignore_ament_install'
[1.587s] Level 1:colcon.colcon_core.package_identification:_identify(src/Agrisentenel_Description) by extensions ['colcon_pkg']
[1.587s] Level 1:colcon.colcon_core.package_identification:_identify(src/Agrisentenel_Description) by extension 'colcon_pkg'
[1.588s] Level 1:colcon.colcon_core.package_identification:_identify(src/Agrisentenel_Description) by extensions ['colcon_meta']
[1.588s] Level 1:colcon.colcon_core.package_identification:_identify(src/Agrisentenel_Description) by extension 'colcon_meta'
[1.588s] Level 1:colcon.colcon_core.package_identification:_identify(src/Agrisentenel_Description) by extensions ['ros']
[1.588s] Level 1:colcon.colcon_core.package_identification:_identify(src/Agrisentenel_Description) by extension 'ros'
[1.600s] DEBUG:colcon.colcon_core.package_identification:Package 'src/Agrisentenel_Description' with type 'ros.ament_cmake' and name 'Agrisentenel_Description'
[1.601s] Level 1:colcon.colcon_core.package_identification:_identify(src/my_cpp_pkg) by extensions ['ignore', 'ignore_ament_install']
[1.601s] Level 1:colcon.colcon_core.package_identification:_identify(src/my_cpp_pkg) by extension 'ignore'
[1.601s] Level 1:colcon.colcon_core.package_identification:_identify(src/my_cpp_pkg) by extension 'ignore_ament_install'
[1.602s] Level 1:colcon.colcon_core.package_identification:_identify(src/my_cpp_pkg) by extensions ['colcon_pkg']
[1.602s] Level 1:colcon.colcon_core.package_identification:_identify(src/my_cpp_pkg) by extension 'colcon_pkg'
[1.602s] Level 1:colcon.colcon_core.package_identification:_identify(src/my_cpp_pkg) by extensions ['colcon_meta']
[1.602s] Level 1:colcon.colcon_core.package_identification:_identify(src/my_cpp_pkg) by extension 'colcon_meta'
[1.602s] Level 1:colcon.colcon_core.package_identification:_identify(src/my_cpp_pkg) by extensions ['ros']
[1.603s] Level 1:colcon.colcon_core.package_identification:_identify(src/my_cpp_pkg) by extension 'ros'
[1.606s] DEBUG:colcon.colcon_core.package_identification:Package 'src/my_cpp_pkg' with type 'ros.ament_cmake' and name 'my_cpp_pkg'
[1.606s] Level 1:colcon.colcon_core.package_discovery:discover_packages(recursive) using defaults
[1.606s] Level 1:colcon.colcon_core.package_discovery:discover_packages(ignore) discover
[1.606s] Level 1:colcon.colcon_core.package_discovery:discover_packages(ignore) using defaults
[1.607s] Level 1:colcon.colcon_core.package_discovery:discover_packages(path) discover
[1.607s] Level 1:colcon.colcon_core.package_discovery:discover_packages(path) using defaults
[1.730s] Level 1:colcon.colcon_core.package_discovery:discover_packages(prefix_path) check parameters
[1.731s] Level 1:colcon.colcon_core.package_discovery:discover_packages(prefix_path) discover
[1.749s] DEBUG:colcon.colcon_installed_package_information.package_discovery:Found 320 installed packages in /opt/ros/humble
[1.760s] Level 1:colcon.colcon_core.package_discovery:discover_packages(prefix_path) using defaults
[1.985s] Level 5:colcon.colcon_core.verb:set package 'Agrisentenel_Description' build argument 'cmake_args' from command line to 'None'
[1.985s] Level 5:colcon.colcon_core.verb:set package 'Agrisentenel_Description' build argument 'cmake_target' from command line to 'None'
[1.985s] Level 5:colcon.colcon_core.verb:set package 'Agrisentenel_Description' build argument 'cmake_target_skip_unavailable' from command line to 'False'
[1.985s] Level 5:colcon.colcon_core.verb:set package 'Agrisentenel_Description' build argument 'cmake_clean_cache' from command line to 'False'
[1.985s] Level 5:colcon.colcon_core.verb:set package 'Agrisentenel_Description' build argument 'cmake_clean_first' from command line to 'False'
[1.986s] Level 5:colcon.colcon_core.verb:set package 'Agrisentenel_Description' build argument 'cmake_force_configure' from command line to 'False'
[1.986s] Level 5:colcon.colcon_core.verb:set package 'Agrisentenel_Description' build argument 'ament_cmake_args' from command line to 'None'
[1.986s] Level 5:colcon.colcon_core.verb:set package 'Agrisentenel_Description' build argument 'catkin_cmake_args' from command line to 'None'
[1.986s] Level 5:colcon.colcon_core.verb:set package 'Agrisentenel_Description' build argument 'catkin_skip_building_tests' from command line to 'False'
[1.986s] DEBUG:colcon.colcon_core.verb:Building package 'Agrisentenel_Description' with the following arguments: {'ament_cmake_args': None, 'build_base': '/home/dev/ros2_ws/ATech_ws/build/Agrisentenel_Description', 'catkin_cmake_args': None, 'catkin_skip_building_tests': False, 'cmake_args': None, 'cmake_clean_cache': False, 'cmake_clean_first': False, 'cmake_force_configure': False, 'cmake_target': None, 'cmake_target_skip_unavailable': False, 'install_base': '/home/dev/ros2_ws/ATech_ws/install/Agrisentenel_Description', 'merge_install': False, 'path': '/home/dev/ros2_ws/ATech_ws/src/Agrisentenel_Description', 'symlink_install': False, 'test_result_base': None}
[1.988s] Level 5:colcon.colcon_core.verb:set package 'my_cpp_pkg' build argument 'cmake_args' from command line to 'None'
[1.988s] Level 5:colcon.colcon_core.verb:set package 'my_cpp_pkg' build argument 'cmake_target' from command line to 'None'
[1.988s] Level 5:colcon.colcon_core.verb:set package 'my_cpp_pkg' build argument 'cmake_target_skip_unavailable' from command line to 'False'
[1.988s] Level 5:colcon.colcon_core.verb:set package 'my_cpp_pkg' build argument 'cmake_clean_cache' from command line to 'False'
[1.988s] Level 5:colcon.colcon_core.verb:set package 'my_cpp_pkg' build argument 'cmake_clean_first' from command line to 'False'
[1.989s] Level 5:colcon.colcon_core.verb:set package 'my_cpp_pkg' build argument 'cmake_force_configure' from command line to 'False'
[1.989s] Level 5:colcon.colcon_core.verb:set package 'my_cpp_pkg' build argument 'ament_cmake_args' from command line to 'None'
[1.989s] Level 5:colcon.colcon_core.verb:set package 'my_cpp_pkg' build argument 'catkin_cmake_args' from command line to 'None'
[1.989s] Level 5:colcon.colcon_core.verb:set package 'my_cpp_pkg' build argument 'catkin_skip_building_tests' from command line to 'False'
[1.989s] DEBUG:colcon.colcon_core.verb:Building package 'my_cpp_pkg' with the following arguments: {'ament_cmake_args': None, 'build_base': '/home/dev/ros2_ws/ATech_ws/build/my_cpp_pkg', 'catkin_cmake_args': None, 'catkin_skip_building_tests': False, 'cmake_args': None, 'cmake_clean_cache': False, 'cmake_clean_first': False, 'cmake_force_configure': False, 'cmake_target': None, 'cmake_target_skip_unavailable': False, 'install_base': '/home/dev/ros2_ws/ATech_ws/install/my_cpp_pkg', 'merge_install': False, 'path': '/home/dev/ros2_ws/ATech_ws/src/my_cpp_pkg', 'symlink_install': False, 'test_result_base': None}
[1.990s] INFO:colcon.colcon_core.executor:Executing jobs using 'parallel' executor
[1.994s] DEBUG:colcon.colcon_parallel_executor.executor.parallel:run_until_complete
[1.995s] INFO:colcon.colcon_ros.task.ament_cmake.build:Building ROS package in '/home/dev/ros2_ws/ATech_ws/src/Agrisentenel_Description' with build type 'ament_cmake'
[1.996s] INFO:colcon.colcon_cmake.task.cmake.build:Building CMake package in '/home/dev/ros2_ws/ATech_ws/src/Agrisentenel_Description'
[2.009s] INFO:colcon.colcon_core.plugin_system:Skipping extension 'colcon_core.shell.bat': Not used on non-Windows systems
[2.009s] INFO:colcon.colcon_core.shell:Skip shell extension 'powershell' for command environment: Not usable outside of PowerShell
[2.009s] DEBUG:colcon.colcon_core.shell:Skip shell extension 'dsv' for command environment
[2.026s] INFO:colcon.colcon_ros.task.ament_cmake.build:Building ROS package in '/home/dev/ros2_ws/ATech_ws/src/my_cpp_pkg' with build type 'ament_cmake'
[2.027s] INFO:colcon.colcon_cmake.task.cmake.build:Building CMake package in '/home/dev/ros2_ws/ATech_ws/src/my_cpp_pkg'
[2.028s] INFO:colcon.colcon_core.shell:Skip shell extension 'powershell' for command environment: Not usable outside of PowerShell
[2.028s] DEBUG:colcon.colcon_core.shell:Skip shell extension 'dsv' for command environment
[2.064s] DEBUG:colcon.colcon_core.event_handler.log_command:Invoking command in '/home/dev/ros2_ws/ATech_ws/build/Agrisentenel_Description': CMAKE_PREFIX_PATH=/opt/ros/humble /usr/bin/cmake --build /home/dev/ros2_ws/ATech_ws/build/Agrisentenel_Description -- -j4 -l4
[2.085s] DEBUG:colcon.colcon_core.event_handler.log_command:Invoking command in '/home/dev/ros2_ws/ATech_ws/build/my_cpp_pkg': CMAKE_PREFIX_PATH=/opt/ros/humble /usr/bin/cmake --build /home/dev/ros2_ws/ATech_ws/build/my_cpp_pkg -- -j4 -l4
[2.221s] DEBUG:colcon.colcon_core.event_handler.log_command:Invoked command in '/home/dev/ros2_ws/ATech_ws/build/Agrisentenel_Description' returned '0': CMAKE_PREFIX_PATH=/opt/ros/humble /usr/bin/cmake --build /home/dev/ros2_ws/ATech_ws/build/Agrisentenel_Description -- -j4 -l4
[2.371s] DEBUG:colcon.colcon_core.event_handler.log_command:Invoking command in '/home/dev/ros2_ws/ATech_ws/build/Agrisentenel_Description': CMAKE_PREFIX_PATH=/opt/ros/humble /usr/bin/cmake --install /home/dev/ros2_ws/ATech_ws/build/Agrisentenel_Description
[2.396s] DEBUG:colcon.colcon_core.event_handler.log_command:Invoked command in '/home/dev/ros2_ws/ATech_ws/build/my_cpp_pkg' returned '0': CMAKE_PREFIX_PATH=/opt/ros/humble /usr/bin/cmake --build /home/dev/ros2_ws/ATech_ws/build/my_cpp_pkg -- -j4 -l4
[2.411s] Level 1:colcon.colcon_core.environment:create_environment_scripts_only(Agrisentenel_Description)
[2.435s] DEBUG:colcon.colcon_core.event_handler.log_command:Invoked command in '/home/dev/ros2_ws/ATech_ws/build/Agrisentenel_Description' returned '0': CMAKE_PREFIX_PATH=/opt/ros/humble /usr/bin/cmake --install /home/dev/ros2_ws/ATech_ws/build/Agrisentenel_Description
[2.444s] Level 1:colcon.colcon_core.environment:checking '/home/dev/ros2_ws/ATech_ws/install/Agrisentenel_Description' for CMake module files
[2.447s] Level 1:colcon.colcon_core.environment:checking '/home/dev/ros2_ws/ATech_ws/install/Agrisentenel_Description' for CMake config files
[2.448s] Level 1:colcon.colcon_core.shell:create_environment_hook('Agrisentenel_Description', 'cmake_prefix_path')
[2.449s] INFO:colcon.colcon_core.shell:Creating environment hook '/home/dev/ros2_ws/ATech_ws/install/Agrisentenel_Description/share/Agrisentenel_Description/hook/cmake_prefix_path.ps1'
[2.451s] INFO:colcon.colcon_core.shell:Creating environment descriptor '/home/dev/ros2_ws/ATech_ws/install/Agrisentenel_Description/share/Agrisentenel_Description/hook/cmake_prefix_path.dsv'
[2.453s] INFO:colcon.colcon_core.shell:Creating environment hook '/home/dev/ros2_ws/ATech_ws/install/Agrisentenel_Description/share/Agrisentenel_Description/hook/cmake_prefix_path.sh'
[2.457s] Level 1:colcon.colcon_core.environment:checking '/home/dev/ros2_ws/ATech_ws/install/Agrisentenel_Description/bin'
[2.457s] Level 1:colcon.colcon_core.environment:checking '/home/dev/ros2_ws/ATech_ws/install/Agrisentenel_Description/lib/pkgconfig/Agrisentenel_Description.pc'
[2.458s] Level 1:colcon.colcon_core.environment:checking '/home/dev/ros2_ws/ATech_ws/install/Agrisentenel_Description/lib/python3.10/site-packages'
[2.459s] Level 1:colcon.colcon_core.environment:checking '/home/dev/ros2_ws/ATech_ws/install/Agrisentenel_Description/bin'
[2.461s] INFO:colcon.colcon_core.shell:Creating package script '/home/dev/ros2_ws/ATech_ws/install/Agrisentenel_Description/share/Agrisentenel_Description/package.ps1'
[2.464s] INFO:colcon.colcon_core.shell:Creating package descriptor '/home/dev/ros2_ws/ATech_ws/install/Agrisentenel_Description/share/Agrisentenel_Description/package.dsv'
[2.467s] INFO:colcon.colcon_core.shell:Creating package script '/home/dev/ros2_ws/ATech_ws/install/Agrisentenel_Description/share/Agrisentenel_Description/package.sh'
[2.470s] INFO:colcon.colcon_core.shell:Creating package script '/home/dev/ros2_ws/ATech_ws/install/Agrisentenel_Description/share/Agrisentenel_Description/package.bash'
[2.473s] INFO:colcon.colcon_core.shell:Creating package script '/home/dev/ros2_ws/ATech_ws/install/Agrisentenel_Description/share/Agrisentenel_Description/package.zsh'
[2.477s] Level 1:colcon.colcon_core.environment:create_file_with_runtime_dependencies(/home/dev/ros2_ws/ATech_ws/install/Agrisentenel_Description/share/colcon-core/packages/Agrisentenel_Description)
[2.520s] DEBUG:colcon.colcon_core.event_handler.log_command:Invoking command in '/home/dev/ros2_ws/ATech_ws/build/my_cpp_pkg': CMAKE_PREFIX_PATH=/opt/ros/humble /usr/bin/cmake --install /home/dev/ros2_ws/ATech_ws/build/my_cpp_pkg
[2.566s] Level 1:colcon.colcon_core.environment:create_environment_scripts_only(my_cpp_pkg)
[2.567s] Level 1:colcon.colcon_core.environment:checking '/home/dev/ros2_ws/ATech_ws/install/my_cpp_pkg' for CMake module files
[2.570s] DEBUG:colcon.colcon_core.event_handler.log_command:Invoked command in '/home/dev/ros2_ws/ATech_ws/build/my_cpp_pkg' returned '0': CMAKE_PREFIX_PATH=/opt/ros/humble /usr/bin/cmake --install /home/dev/ros2_ws/ATech_ws/build/my_cpp_pkg
[2.572s] Level 1:colcon.colcon_core.environment:checking '/home/dev/ros2_ws/ATech_ws/install/my_cpp_pkg' for CMake config files
[2.572s] Level 1:colcon.colcon_core.shell:create_environment_hook('my_cpp_pkg', 'cmake_prefix_path')
[2.573s] INFO:colcon.colcon_core.shell:Creating environment hook '/home/dev/ros2_ws/ATech_ws/install/my_cpp_pkg/share/my_cpp_pkg/hook/cmake_prefix_path.ps1'
[2.575s] INFO:colcon.colcon_core.shell:Creating environment descriptor '/home/dev/ros2_ws/ATech_ws/install/my_cpp_pkg/share/my_cpp_pkg/hook/cmake_prefix_path.dsv'
[2.577s] INFO:colcon.colcon_core.shell:Creating environment hook '/home/dev/ros2_ws/ATech_ws/install/my_cpp_pkg/share/my_cpp_pkg/hook/cmake_prefix_path.sh'
[2.580s] Level 1:colcon.colcon_core.environment:checking '/home/dev/ros2_ws/ATech_ws/install/my_cpp_pkg/lib'
[2.581s] Level 1:colcon.colcon_core.environment:checking '/home/dev/ros2_ws/ATech_ws/install/my_cpp_pkg/bin'
[2.581s] Level 1:colcon.colcon_core.environment:checking '/home/dev/ros2_ws/ATech_ws/install/my_cpp_pkg/lib/pkgconfig/my_cpp_pkg.pc'
[2.582s] Level 1:colcon.colcon_core.environment:checking '/home/dev/ros2_ws/ATech_ws/install/my_cpp_pkg/lib/python3.10/site-packages'
[2.583s] Level 1:colcon.colcon_core.environment:checking '/home/dev/ros2_ws/ATech_ws/install/my_cpp_pkg/bin'
[2.584s] INFO:colcon.colcon_core.shell:Creating package script '/home/dev/ros2_ws/ATech_ws/install/my_cpp_pkg/share/my_cpp_pkg/package.ps1'
[2.586s] INFO:colcon.colcon_core.shell:Creating package descriptor '/home/dev/ros2_ws/ATech_ws/install/my_cpp_pkg/share/my_cpp_pkg/package.dsv'
[2.588s] INFO:colcon.colcon_core.shell:Creating package script '/home/dev/ros2_ws/ATech_ws/install/my_cpp_pkg/share/my_cpp_pkg/package.sh'
[2.590s] INFO:colcon.colcon_core.shell:Creating package script '/home/dev/ros2_ws/ATech_ws/install/my_cpp_pkg/share/my_cpp_pkg/package.bash'
[2.592s] INFO:colcon.colcon_core.shell:Creating package script '/home/dev/ros2_ws/ATech_ws/install/my_cpp_pkg/share/my_cpp_pkg/package.zsh'
[2.594s] Level 1:colcon.colcon_core.environment:create_file_with_runtime_dependencies(/home/dev/ros2_ws/ATech_ws/install/my_cpp_pkg/share/colcon-core/packages/my_cpp_pkg)
[2.601s] Level 1:colcon.colcon_core.environment:create_environment_scripts_only(Agrisentenel_Description)
[2.602s] Level 1:colcon.colcon_core.environment:checking '/home/dev/ros2_ws/ATech_ws/install/Agrisentenel_Description' for CMake module files
[2.606s] Level 1:colcon.colcon_core.environment:checking '/home/dev/ros2_ws/ATech_ws/install/Agrisentenel_Description' for CMake config files
[2.607s] Level 1:colcon.colcon_core.shell:create_environment_hook('Agrisentenel_Description', 'cmake_prefix_path')
[2.609s] INFO:colcon.colcon_core.shell:Creating environment hook '/home/dev/ros2_ws/ATech_ws/install/Agrisentenel_Description/share/Agrisentenel_Description/hook/cmake_prefix_path.ps1'
[2.611s] INFO:colcon.colcon_core.shell:Creating environment descriptor '/home/dev/ros2_ws/ATech_ws/install/Agrisentenel_Description/share/Agrisentenel_Description/hook/cmake_prefix_path.dsv'
[2.614s] INFO:colcon.colcon_core.shell:Creating environment hook '/home/dev/ros2_ws/ATech_ws/install/Agrisentenel_Description/share/Agrisentenel_Description/hook/cmake_prefix_path.sh'
[2.617s] Level 1:colcon.colcon_core.environment:checking '/home/dev/ros2_ws/ATech_ws/install/Agrisentenel_Description/bin'
[2.617s] Level 1:colcon.colcon_core.environment:checking '/home/dev/ros2_ws/ATech_ws/install/Agrisentenel_Description/lib/pkgconfig/Agrisentenel_Description.pc'
[2.618s] Level 1:colcon.colcon_core.environment:checking '/home/dev/ros2_ws/ATech_ws/install/Agrisentenel_Description/lib/python3.10/site-packages'
[2.620s] Level 1:colcon.colcon_core.environment:checking '/home/dev/ros2_ws/ATech_ws/install/Agrisentenel_Description/bin'
[2.621s] INFO:colcon.colcon_core.shell:Creating package script '/home/dev/ros2_ws/ATech_ws/install/Agrisentenel_Description/share/Agrisentenel_Description/package.ps1'
[2.624s] INFO:colcon.colcon_core.shell:Creating package descriptor '/home/dev/ros2_ws/ATech_ws/install/Agrisentenel_Description/share/Agrisentenel_Description/package.dsv'
[2.628s] INFO:colcon.colcon_core.shell:Creating package script '/home/dev/ros2_ws/ATech_ws/install/Agrisentenel_Description/share/Agrisentenel_Description/package.sh'
[2.631s] INFO:colcon.colcon_core.shell:Creating package script '/home/dev/ros2_ws/ATech_ws/install/Agrisentenel_Description/share/Agrisentenel_Description/package.bash'
[2.634s] INFO:colcon.colcon_core.shell:Creating package script '/home/dev/ros2_ws/ATech_ws/install/Agrisentenel_Description/share/Agrisentenel_Description/package.zsh'
[2.638s] Level 1:colcon.colcon_core.environment:create_file_with_runtime_dependencies(/home/dev/ros2_ws/ATech_ws/install/Agrisentenel_Description/share/colcon-core/packages/Agrisentenel_Description)
[2.721s] Level 1:colcon.colcon_core.environment:create_environment_scripts_only(my_cpp_pkg)
[2.722s] Level 1:colcon.colcon_core.environment:checking '/home/dev/ros2_ws/ATech_ws/install/my_cpp_pkg' for CMake module files
[2.725s] Level 1:colcon.colcon_core.environment:checking '/home/dev/ros2_ws/ATech_ws/install/my_cpp_pkg' for CMake config files
[2.726s] Level 1:colcon.colcon_core.shell:create_environment_hook('my_cpp_pkg', 'cmake_prefix_path')
[2.728s] INFO:colcon.colcon_core.shell:Creating environment hook '/home/dev/ros2_ws/ATech_ws/install/my_cpp_pkg/share/my_cpp_pkg/hook/cmake_prefix_path.ps1'
[2.732s] INFO:colcon.colcon_core.shell:Creating environment descriptor '/home/dev/ros2_ws/ATech_ws/install/my_cpp_pkg/share/my_cpp_pkg/hook/cmake_prefix_path.dsv'
[2.734s] INFO:colcon.colcon_core.shell:Creating environment hook '/home/dev/ros2_ws/ATech_ws/install/my_cpp_pkg/share/my_cpp_pkg/hook/cmake_prefix_path.sh'
[2.737s] Level 1:colcon.colcon_core.environment:checking '/home/dev/ros2_ws/ATech_ws/install/my_cpp_pkg/lib'
[2.738s] Level 1:colcon.colcon_core.environment:checking '/home/dev/ros2_ws/ATech_ws/install/my_cpp_pkg/bin'
[2.738s] Level 1:colcon.colcon_core.environment:checking '/home/dev/ros2_ws/ATech_ws/install/my_cpp_pkg/lib/pkgconfig/my_cpp_pkg.pc'
[2.739s] Level 1:colcon.colcon_core.environment:checking '/home/dev/ros2_ws/ATech_ws/install/my_cpp_pkg/lib/python3.10/site-packages'
[2.740s] Level 1:colcon.colcon_core.environment:checking '/home/dev/ros2_ws/ATech_ws/install/my_cpp_pkg/bin'
[2.742s] INFO:colcon.colcon_core.shell:Creating package script '/home/dev/ros2_ws/ATech_ws/install/my_cpp_pkg/share/my_cpp_pkg/package.ps1'
[2.745s] INFO:colcon.colcon_core.shell:Creating package descriptor '/home/dev/ros2_ws/ATech_ws/install/my_cpp_pkg/share/my_cpp_pkg/package.dsv'
[2.748s] INFO:colcon.colcon_core.shell:Creating package script '/home/dev/ros2_ws/ATech_ws/install/my_cpp_pkg/share/my_cpp_pkg/package.sh'
[2.751s] INFO:colcon.colcon_core.shell:Creating package script '/home/dev/ros2_ws/ATech_ws/install/my_cpp_pkg/share/my_cpp_pkg/package.bash'
[2.753s] INFO:colcon.colcon_core.shell:Creating package script '/home/dev/ros2_ws/ATech_ws/install/my_cpp_pkg/share/my_cpp_pkg/package.zsh'
[2.755s] Level 1:colcon.colcon_core.environment:create_file_with_runtime_dependencies(/home/dev/ros2_ws/ATech_ws/install/my_cpp_pkg/share/colcon-core/packages/my_cpp_pkg)
[2.756s] DEBUG:colcon.colcon_parallel_executor.executor.parallel:closing loop
[2.758s] DEBUG:colcon.colcon_parallel_executor.executor.parallel:loop closed
[2.758s] DEBUG:colcon.colcon_parallel_executor.executor.parallel:run_until_complete finished with '0'
[2.759s] DEBUG:colcon.colcon_core.event_reactor:joining thread
[2.807s] INFO:colcon.colcon_core.plugin_system:Skipping extension 'colcon_notification.desktop_notification.terminal_notifier': Not used on non-Darwin systems
[2.808s] INFO:colcon.colcon_core.plugin_system:Skipping extension 'colcon_notification.desktop_notification.win32': Not used on non-Windows systems
[2.808s] INFO:colcon.colcon_notification.desktop_notification:Sending desktop notification using 'notify2'
[2.867s] DEBUG:colcon.colcon_core.event_reactor:joined thread
[2.868s] INFO:colcon.colcon_core.shell:Creating prefix script '/home/dev/ros2_ws/ATech_ws/install/local_setup.ps1'
[2.873s] INFO:colcon.colcon_core.shell:Creating prefix util module '/home/dev/ros2_ws/ATech_ws/install/_local_setup_util_ps1.py'
[2.881s] INFO:colcon.colcon_core.shell:Creating prefix chain script '/home/dev/ros2_ws/ATech_ws/install/setup.ps1'
[2.887s] INFO:colcon.colcon_core.shell:Creating prefix script '/home/dev/ros2_ws/ATech_ws/install/local_setup.sh'
[2.890s] INFO:colcon.colcon_core.shell:Creating prefix util module '/home/dev/ros2_ws/ATech_ws/install/_local_setup_util_sh.py'
[2.894s] INFO:colcon.colcon_core.shell:Creating prefix chain script '/home/dev/ros2_ws/ATech_ws/install/setup.sh'
[2.900s] INFO:colcon.colcon_core.shell:Creating prefix script '/home/dev/ros2_ws/ATech_ws/install/local_setup.bash'
[2.903s] INFO:colcon.colcon_core.shell:Creating prefix chain script '/home/dev/ros2_ws/ATech_ws/install/setup.bash'
[2.909s] INFO:colcon.colcon_core.shell:Creating prefix script '/home/dev/ros2_ws/ATech_ws/install/local_setup.zsh'
[2.911s] INFO:colcon.colcon_core.shell:Creating prefix chain script '/home/dev/ros2_ws/ATech_ws/install/setup.zsh'
