[0.107s] Invoking command in '/home/dev/ros2_ws/Self-Driving/Section8_TF2_Library/bumperbot_ws/build/bumperbot_msgs': CMAKE_PREFIX_PATH=${CMAKE_PREFIX_PATH}:/opt/ros/humble /usr/bin/cmake /home/dev/ros2_ws/Self-Driving/Section8_TF2_Library/bumperbot_ws/src/bumperbot_msgs -DCMAKE_INSTALL_PREFIX=/home/dev/ros2_ws/Self-Driving/Section8_TF2_Library/bumperbot_ws/install/bumperbot_msgs
[0.601s] -- The C compiler identification is GNU 11.4.0
[1.198s] -- The CXX compiler identification is GNU 11.4.0
[1.259s] -- Detecting C compiler ABI info
[1.790s] -- Detecting C compiler ABI info - done
[1.836s] -- Check for working C compiler: /usr/bin/cc - skipped
[1.838s] -- Detecting C compile features
[1.843s] -- Detecting C compile features - done
[1.870s] -- Detecting CXX compiler ABI info
[2.694s] -- Detecting CXX compiler ABI info - done
[2.745s] -- Check for working CXX compiler: /usr/bin/c++ - skipped
[2.746s] -- Detecting CXX compile features
[2.748s] -- Detecting CXX compile features - done
[2.775s] -- Found ament_cmake: 1.3.10 (/opt/ros/humble/share/ament_cmake/cmake)
[3.996s] -- Found Python3: /usr/bin/python3 (found version "3.10.12") found components: Interpreter 
[4.535s] -- Found geometry_msgs: 4.2.4 (/opt/ros/humble/share/geometry_msgs/cmake)
[4.753s] -- Found rosidl_generator_c: 3.1.5 (/opt/ros/humble/share/rosidl_generator_c/cmake)
[4.786s] -- Found rosidl_adapter: 3.1.5 (/opt/ros/humble/share/rosidl_adapter/cmake)
[4.838s] -- Found rosidl_generator_cpp: 3.1.5 (/opt/ros/humble/share/rosidl_generator_cpp/cmake)
[4.932s] -- Using all available rosidl_typesupport_c: rosidl_typesupport_fastrtps_c;rosidl_typesupport_introspection_c
[5.031s] -- Using all available rosidl_typesupport_cpp: rosidl_typesupport_fastrtps_cpp;rosidl_typesupport_introspection_cpp
[5.469s] -- Found rosidl_default_generators: 1.2.0 (/opt/ros/humble/share/rosidl_default_generators/cmake)
[7.512s] -- Found ament_cmake_ros: 0.10.0 (/opt/ros/humble/share/ament_cmake_ros/cmake)
[10.165s] -- Using all available rosidl_typesupport_c: rosidl_typesupport_fastrtps_c;rosidl_typesupport_introspection_c
[11.758s] -- Using all available rosidl_typesupport_cpp: rosidl_typesupport_fastrtps_cpp;rosidl_typesupport_introspection_cpp
[11.897s] -- Found PythonInterp: /usr/bin/python3 (found suitable version "3.10.12", minimum required is "3.6") 
[11.907s] -- Found python_cmake_module: 0.10.0 (/opt/ros/humble/share/python_cmake_module/cmake)
[12.088s] -- Found PythonLibs: /usr/lib/x86_64-linux-gnu/libpython3.10.so (found suitable version "3.10.12", minimum required is "3.5") 
[12.091s] -- Using PYTHON_EXECUTABLE: /usr/bin/python3
[12.098s] -- Using PYTHON_INCLUDE_DIRS: /usr/include/python3.10
[12.099s] -- Using PYTHON_LIBRARIES: /usr/lib/x86_64-linux-gnu/libpython3.10.so
[12.199s] -- Found PythonExtra: .so  
[12.582s] -- Configuring done
[12.785s] -- Generating done
[12.804s] -- Build files have been written to: /home/dev/ros2_ws/Self-Driving/Section8_TF2_Library/bumperbot_ws/build/bumperbot_msgs
[12.868s] Invoked command in '/home/dev/ros2_ws/Self-Driving/Section8_TF2_Library/bumperbot_ws/build/bumperbot_msgs' returned '0': CMAKE_PREFIX_PATH=${CMAKE_PREFIX_PATH}:/opt/ros/humble /usr/bin/cmake /home/dev/ros2_ws/Self-Driving/Section8_TF2_Library/bumperbot_ws/src/bumperbot_msgs -DCMAKE_INSTALL_PREFIX=/home/dev/ros2_ws/Self-Driving/Section8_TF2_Library/bumperbot_ws/install/bumperbot_msgs
[12.875s] Invoking command in '/home/dev/ros2_ws/Self-Driving/Section8_TF2_Library/bumperbot_ws/build/bumperbot_msgs': CMAKE_PREFIX_PATH=${CMAKE_PREFIX_PATH}:/opt/ros/humble /usr/bin/cmake --build /home/dev/ros2_ws/Self-Driving/Section8_TF2_Library/bumperbot_ws/build/bumperbot_msgs -- -j4 -l4
[13.127s] [  2%] [34m[1mGenerating C code for ROS interfaces[0m
[13.189s] [  5%] [34m[1mGenerating C++ code for ROS interfaces[0m
[13.286s] [  5%] Built target ament_cmake_python_copy_bumperbot_msgs
[16.762s] running egg_info
[16.763s] creating bumperbot_msgs.egg-info
[16.765s] writing bumperbot_msgs.egg-info/PKG-INFO
[16.775s] writing dependency_links to bumperbot_msgs.egg-info/dependency_links.txt
[16.776s] writing top-level names to bumperbot_msgs.egg-info/top_level.txt
[16.781s] writing manifest file 'bumperbot_msgs.egg-info/SOURCES.txt'
[16.797s] reading manifest file 'bumperbot_msgs.egg-info/SOURCES.txt'
[16.806s] writing manifest file 'bumperbot_msgs.egg-info/SOURCES.txt'
[17.094s] [  5%] Built target ament_cmake_python_build_bumperbot_msgs_egg
[17.212s] [  5%] Built target bumperbot_msgs__cpp
[17.260s] [  7%] [34m[1mGenerating C++ type support dispatch for ROS interfaces[0m
[17.334s] [ 10%] [34m[1mGenerating C++ type support for eProsima Fast-RTPS[0m
[17.349s] [ 12%] [34m[1mGenerating C++ introspection for ROS interfaces[0m
[18.210s] [ 15%] [32mBuilding C object CMakeFiles/bumperbot_msgs__rosidl_generator_c.dir/rosidl_generator_c/bumperbot_msgs/srv/detail/add_two_ints__functions.c.o[0m
[18.712s] [ 17%] [32mBuilding C object CMakeFiles/bumperbot_msgs__rosidl_generator_c.dir/rosidl_generator_c/bumperbot_msgs/srv/detail/get_transform__functions.c.o[0m
[19.143s] [ 20%] [32m[1mLinking C shared library libbumperbot_msgs__rosidl_generator_c.so[0m
[19.607s] [ 20%] Built target bumperbot_msgs__rosidl_generator_c
[19.728s] [ 23%] [34m[1mGenerating C type support for eProsima Fast-RTPS[0m
[20.877s] [ 25%] [32mBuilding CXX object CMakeFiles/bumperbot_msgs__rosidl_typesupport_cpp.dir/rosidl_typesupport_cpp/bumperbot_msgs/srv/add_two_ints__type_support.cpp.o[0m
[21.186s] [ 28%] [32mBuilding CXX object CMakeFiles/bumperbot_msgs__rosidl_typesupport_fastrtps_cpp.dir/rosidl_typesupport_fastrtps_cpp/bumperbot_msgs/srv/detail/dds_fastrtps/add_two_ints__type_support.cpp.o[0m
[21.432s] [ 30%] [32mBuilding CXX object CMakeFiles/bumperbot_msgs__rosidl_typesupport_introspection_cpp.dir/rosidl_typesupport_introspection_cpp/bumperbot_msgs/srv/detail/add_two_ints__type_support.cpp.o[0m
[23.447s] [ 33%] [32mBuilding CXX object CMakeFiles/bumperbot_msgs__rosidl_typesupport_fastrtps_c.dir/rosidl_typesupport_fastrtps_c/bumperbot_msgs/srv/detail/add_two_ints__type_support_c.cpp.o[0m
[25.145s] [ 35%] [32mBuilding CXX object CMakeFiles/bumperbot_msgs__rosidl_typesupport_fastrtps_cpp.dir/rosidl_typesupport_fastrtps_cpp/bumperbot_msgs/srv/detail/dds_fastrtps/get_transform__type_support.cpp.o[0m
[25.269s] [ 38%] [32mBuilding CXX object CMakeFiles/bumperbot_msgs__rosidl_typesupport_cpp.dir/rosidl_typesupport_cpp/bumperbot_msgs/srv/get_transform__type_support.cpp.o[0m
[27.080s] [ 41%] [32mBuilding CXX object CMakeFiles/bumperbot_msgs__rosidl_typesupport_introspection_cpp.dir/rosidl_typesupport_introspection_cpp/bumperbot_msgs/srv/detail/get_transform__type_support.cpp.o[0m
[27.391s] [ 43%] [32mBuilding CXX object CMakeFiles/bumperbot_msgs__rosidl_typesupport_fastrtps_c.dir/rosidl_typesupport_fastrtps_c/bumperbot_msgs/srv/detail/get_transform__type_support_c.cpp.o[0m
[29.663s] [ 46%] [32m[1mLinking CXX shared library libbumperbot_msgs__rosidl_typesupport_cpp.so[0m
[30.101s] [ 48%] [32m[1mLinking CXX shared library libbumperbot_msgs__rosidl_typesupport_fastrtps_cpp.so[0m
[30.144s] [ 48%] Built target bumperbot_msgs__rosidl_typesupport_cpp
[30.283s] [ 51%] [34m[1mGenerating C introspection for ROS interfaces[0m
[30.419s] [ 53%] [32m[1mLinking CXX shared library libbumperbot_msgs__rosidl_typesupport_introspection_cpp.so[0m
[31.032s] [ 53%] Built target bumperbot_msgs__rosidl_typesupport_introspection_cpp
[31.123s] [ 56%] [34m[1mGenerating C type support dispatch for ROS interfaces[0m
[31.253s] [ 56%] Built target bumperbot_msgs__rosidl_typesupport_fastrtps_cpp
[32.390s] [ 58%] [32m[1mLinking CXX shared library libbumperbot_msgs__rosidl_typesupport_fastrtps_c.so[0m
[33.163s] [ 58%] Built target bumperbot_msgs__rosidl_typesupport_fastrtps_c
[33.241s] [ 61%] [32mBuilding C object CMakeFiles/bumperbot_msgs__rosidl_typesupport_introspection_c.dir/rosidl_typesupport_introspection_c/bumperbot_msgs/srv/detail/get_transform__type_support.c.o[0m
[33.258s] [ 64%] [32mBuilding C object CMakeFiles/bumperbot_msgs__rosidl_typesupport_introspection_c.dir/rosidl_typesupport_introspection_c/bumperbot_msgs/srv/detail/add_two_ints__type_support.c.o[0m
[33.560s] [ 66%] [32m[1mLinking C shared library libbumperbot_msgs__rosidl_typesupport_introspection_c.so[0m
[33.792s] [ 66%] Built target bumperbot_msgs__rosidl_typesupport_introspection_c
[34.077s] [ 69%] [32mBuilding CXX object CMakeFiles/bumperbot_msgs__rosidl_typesupport_c.dir/rosidl_typesupport_c/bumperbot_msgs/srv/get_transform__type_support.cpp.o[0m
[34.128s] [ 71%] [32mBuilding CXX object CMakeFiles/bumperbot_msgs__rosidl_typesupport_c.dir/rosidl_typesupport_c/bumperbot_msgs/srv/add_two_ints__type_support.cpp.o[0m
[34.339s] [ 74%] [32m[1mLinking CXX shared library libbumperbot_msgs__rosidl_typesupport_c.so[0m
[34.638s] [ 74%] Built target bumperbot_msgs__rosidl_typesupport_c
[34.730s] [ 74%] Built target bumperbot_msgs
[34.843s] [ 76%] [34m[1mGenerating Python code for ROS interfaces[0m
[38.442s] [ 76%] Built target bumperbot_msgs__py
[38.594s] [ 79%] [32mBuilding C object CMakeFiles/bumperbot_msgs__rosidl_generator_py.dir/rosidl_generator_py/bumperbot_msgs/srv/_get_transform_s.c.o[0m
[38.595s] [ 82%] [32mBuilding C object CMakeFiles/bumperbot_msgs__rosidl_generator_py.dir/rosidl_generator_py/bumperbot_msgs/srv/_add_two_ints_s.c.o[0m
[39.661s] [ 84%] [32m[1mLinking C shared library rosidl_generator_py/bumperbot_msgs/libbumperbot_msgs__rosidl_generator_py.so[0m
[39.952s] [ 84%] Built target bumperbot_msgs__rosidl_generator_py
[40.130s] [ 87%] [32mBuilding C object CMakeFiles/bumperbot_msgs__rosidl_typesupport_c__pyext.dir/rosidl_generator_py/bumperbot_msgs/_bumperbot_msgs_s.ep.rosidl_typesupport_c.c.o[0m
[40.139s] [ 89%] [32mBuilding C object CMakeFiles/bumperbot_msgs__rosidl_typesupport_introspection_c__pyext.dir/rosidl_generator_py/bumperbot_msgs/_bumperbot_msgs_s.ep.rosidl_typesupport_introspection_c.c.o[0m
[40.227s] [ 92%] [32mBuilding C object CMakeFiles/bumperbot_msgs__rosidl_typesupport_fastrtps_c__pyext.dir/rosidl_generator_py/bumperbot_msgs/_bumperbot_msgs_s.ep.rosidl_typesupport_fastrtps_c.c.o[0m
[41.364s] [ 94%] [32m[1mLinking C shared library rosidl_generator_py/bumperbot_msgs/bumperbot_msgs_s__rosidl_typesupport_introspection_c.cpython-310-x86_64-linux-gnu.so[0m
[41.460s] [ 97%] [32m[1mLinking C shared library rosidl_generator_py/bumperbot_msgs/bumperbot_msgs_s__rosidl_typesupport_c.cpython-310-x86_64-linux-gnu.so[0m
[41.730s] [100%] [32m[1mLinking C shared library rosidl_generator_py/bumperbot_msgs/bumperbot_msgs_s__rosidl_typesupport_fastrtps_c.cpython-310-x86_64-linux-gnu.so[0m
[41.737s] [100%] Built target bumperbot_msgs__rosidl_typesupport_introspection_c__pyext
[41.934s] [100%] Built target bumperbot_msgs__rosidl_typesupport_c__pyext
[42.064s] [100%] Built target bumperbot_msgs__rosidl_typesupport_fastrtps_c__pyext
[42.134s] Invoked command in '/home/dev/ros2_ws/Self-Driving/Section8_TF2_Library/bumperbot_ws/build/bumperbot_msgs' returned '0': CMAKE_PREFIX_PATH=${CMAKE_PREFIX_PATH}:/opt/ros/humble /usr/bin/cmake --build /home/dev/ros2_ws/Self-Driving/Section8_TF2_Library/bumperbot_ws/build/bumperbot_msgs -- -j4 -l4
[42.723s] Invoking command in '/home/dev/ros2_ws/Self-Driving/Section8_TF2_Library/bumperbot_ws/build/bumperbot_msgs': CMAKE_PREFIX_PATH=${CMAKE_PREFIX_PATH}:/opt/ros/humble /usr/bin/cmake --install /home/dev/ros2_ws/Self-Driving/Section8_TF2_Library/bumperbot_ws/build/bumperbot_msgs
[42.797s] -- Install configuration: ""
[42.798s] -- Installing: /home/dev/ros2_ws/Self-Driving/Section8_TF2_Library/bumperbot_ws/install/bumperbot_msgs/share/ament_index/resource_index/rosidl_interfaces/bumperbot_msgs
[42.802s] -- Installing: /home/dev/ros2_ws/Self-Driving/Section8_TF2_Library/bumperbot_ws/install/bumperbot_msgs/include/bumperbot_msgs/bumperbot_msgs
[42.808s] -- Installing: /home/dev/ros2_ws/Self-Driving/Section8_TF2_Library/bumperbot_ws/install/bumperbot_msgs/include/bumperbot_msgs/bumperbot_msgs/srv
[42.808s] -- Installing: /home/dev/ros2_ws/Self-Driving/Section8_TF2_Library/bumperbot_ws/install/bumperbot_msgs/include/bumperbot_msgs/bumperbot_msgs/srv/get_transform.h
[42.810s] -- Installing: /home/dev/ros2_ws/Self-Driving/Section8_TF2_Library/bumperbot_ws/install/bumperbot_msgs/include/bumperbot_msgs/bumperbot_msgs/srv/detail
[42.811s] -- Installing: /home/dev/ros2_ws/Self-Driving/Section8_TF2_Library/bumperbot_ws/install/bumperbot_msgs/include/bumperbot_msgs/bumperbot_msgs/srv/detail/add_two_ints__functions.c
[42.817s] -- Installing: /home/dev/ros2_ws/Self-Driving/Section8_TF2_Library/bumperbot_ws/install/bumperbot_msgs/include/bumperbot_msgs/bumperbot_msgs/srv/detail/add_two_ints__type_support.h
[42.818s] -- Installing: /home/dev/ros2_ws/Self-Driving/Section8_TF2_Library/bumperbot_ws/install/bumperbot_msgs/include/bumperbot_msgs/bumperbot_msgs/srv/detail/get_transform__struct.h
[42.819s] -- Installing: /home/dev/ros2_ws/Self-Driving/Section8_TF2_Library/bumperbot_ws/install/bumperbot_msgs/include/bumperbot_msgs/bumperbot_msgs/srv/detail/add_two_ints__functions.h
[42.819s] -- Installing: /home/dev/ros2_ws/Self-Driving/Section8_TF2_Library/bumperbot_ws/install/bumperbot_msgs/include/bumperbot_msgs/bumperbot_msgs/srv/detail/get_transform__functions.c
[42.823s] -- Installing: /home/dev/ros2_ws/Self-Driving/Section8_TF2_Library/bumperbot_ws/install/bumperbot_msgs/include/bumperbot_msgs/bumperbot_msgs/srv/detail/add_two_ints__struct.h
[42.824s] -- Installing: /home/dev/ros2_ws/Self-Driving/Section8_TF2_Library/bumperbot_ws/install/bumperbot_msgs/include/bumperbot_msgs/bumperbot_msgs/srv/detail/get_transform__type_support.h
[42.827s] -- Installing: /home/dev/ros2_ws/Self-Driving/Section8_TF2_Library/bumperbot_ws/install/bumperbot_msgs/include/bumperbot_msgs/bumperbot_msgs/srv/detail/get_transform__functions.h
[42.832s] -- Installing: /home/dev/ros2_ws/Self-Driving/Section8_TF2_Library/bumperbot_ws/install/bumperbot_msgs/include/bumperbot_msgs/bumperbot_msgs/srv/add_two_ints.h
[42.837s] -- Installing: /home/dev/ros2_ws/Self-Driving/Section8_TF2_Library/bumperbot_ws/install/bumperbot_msgs/include/bumperbot_msgs/bumperbot_msgs/msg
[42.842s] -- Installing: /home/dev/ros2_ws/Self-Driving/Section8_TF2_Library/bumperbot_ws/install/bumperbot_msgs/include/bumperbot_msgs/bumperbot_msgs/msg/rosidl_generator_c__visibility_control.h
[42.844s] -- Installing: /home/dev/ros2_ws/Self-Driving/Section8_TF2_Library/bumperbot_ws/install/bumperbot_msgs/share/bumperbot_msgs/environment/library_path.sh
[42.847s] -- Installing: /home/dev/ros2_ws/Self-Driving/Section8_TF2_Library/bumperbot_ws/install/bumperbot_msgs/share/bumperbot_msgs/environment/library_path.dsv
[42.854s] -- Installing: /home/dev/ros2_ws/Self-Driving/Section8_TF2_Library/bumperbot_ws/install/bumperbot_msgs/lib/libbumperbot_msgs__rosidl_generator_c.so
[42.862s] -- Set runtime path of "/home/dev/ros2_ws/Self-Driving/Section8_TF2_Library/bumperbot_ws/install/bumperbot_msgs/lib/libbumperbot_msgs__rosidl_generator_c.so" to ""
[42.863s] -- Up-to-date: /home/dev/ros2_ws/Self-Driving/Section8_TF2_Library/bumperbot_ws/install/bumperbot_msgs/include/bumperbot_msgs/bumperbot_msgs
[42.863s] -- Up-to-date: /home/dev/ros2_ws/Self-Driving/Section8_TF2_Library/bumperbot_ws/install/bumperbot_msgs/include/bumperbot_msgs/bumperbot_msgs/srv
[42.864s] -- Up-to-date: /home/dev/ros2_ws/Self-Driving/Section8_TF2_Library/bumperbot_ws/install/bumperbot_msgs/include/bumperbot_msgs/bumperbot_msgs/srv/detail
[42.869s] -- Installing: /home/dev/ros2_ws/Self-Driving/Section8_TF2_Library/bumperbot_ws/install/bumperbot_msgs/include/bumperbot_msgs/bumperbot_msgs/srv/detail/get_transform__rosidl_typesupport_fastrtps_c.h
[42.870s] -- Installing: /home/dev/ros2_ws/Self-Driving/Section8_TF2_Library/bumperbot_ws/install/bumperbot_msgs/include/bumperbot_msgs/bumperbot_msgs/srv/detail/add_two_ints__rosidl_typesupport_fastrtps_c.h
[42.877s] -- Up-to-date: /home/dev/ros2_ws/Self-Driving/Section8_TF2_Library/bumperbot_ws/install/bumperbot_msgs/include/bumperbot_msgs/bumperbot_msgs/msg
[42.877s] -- Installing: /home/dev/ros2_ws/Self-Driving/Section8_TF2_Library/bumperbot_ws/install/bumperbot_msgs/include/bumperbot_msgs/bumperbot_msgs/msg/rosidl_typesupport_fastrtps_c__visibility_control.h
[42.878s] -- Installing: /home/dev/ros2_ws/Self-Driving/Section8_TF2_Library/bumperbot_ws/install/bumperbot_msgs/lib/libbumperbot_msgs__rosidl_typesupport_fastrtps_c.so
[42.878s] -- Set runtime path of "/home/dev/ros2_ws/Self-Driving/Section8_TF2_Library/bumperbot_ws/install/bumperbot_msgs/lib/libbumperbot_msgs__rosidl_typesupport_fastrtps_c.so" to ""
[42.884s] -- Up-to-date: /home/dev/ros2_ws/Self-Driving/Section8_TF2_Library/bumperbot_ws/install/bumperbot_msgs/include/bumperbot_msgs/bumperbot_msgs
[42.885s] -- Up-to-date: /home/dev/ros2_ws/Self-Driving/Section8_TF2_Library/bumperbot_ws/install/bumperbot_msgs/include/bumperbot_msgs/bumperbot_msgs/srv
[42.885s] -- Up-to-date: /home/dev/ros2_ws/Self-Driving/Section8_TF2_Library/bumperbot_ws/install/bumperbot_msgs/include/bumperbot_msgs/bumperbot_msgs/srv/detail
[42.886s] -- Installing: /home/dev/ros2_ws/Self-Driving/Section8_TF2_Library/bumperbot_ws/install/bumperbot_msgs/include/bumperbot_msgs/bumperbot_msgs/srv/detail/get_transform__struct.hpp
[42.886s] -- Installing: /home/dev/ros2_ws/Self-Driving/Section8_TF2_Library/bumperbot_ws/install/bumperbot_msgs/include/bumperbot_msgs/bumperbot_msgs/srv/detail/add_two_ints__traits.hpp
[42.887s] -- Installing: /home/dev/ros2_ws/Self-Driving/Section8_TF2_Library/bumperbot_ws/install/bumperbot_msgs/include/bumperbot_msgs/bumperbot_msgs/srv/detail/add_two_ints__struct.hpp
[42.892s] -- Installing: /home/dev/ros2_ws/Self-Driving/Section8_TF2_Library/bumperbot_ws/install/bumperbot_msgs/include/bumperbot_msgs/bumperbot_msgs/srv/detail/get_transform__builder.hpp
[42.893s] -- Installing: /home/dev/ros2_ws/Self-Driving/Section8_TF2_Library/bumperbot_ws/install/bumperbot_msgs/include/bumperbot_msgs/bumperbot_msgs/srv/detail/get_transform__traits.hpp
[42.893s] -- Installing: /home/dev/ros2_ws/Self-Driving/Section8_TF2_Library/bumperbot_ws/install/bumperbot_msgs/include/bumperbot_msgs/bumperbot_msgs/srv/detail/add_two_ints__builder.hpp
[42.894s] -- Installing: /home/dev/ros2_ws/Self-Driving/Section8_TF2_Library/bumperbot_ws/install/bumperbot_msgs/include/bumperbot_msgs/bumperbot_msgs/srv/get_transform.hpp
[42.894s] -- Installing: /home/dev/ros2_ws/Self-Driving/Section8_TF2_Library/bumperbot_ws/install/bumperbot_msgs/include/bumperbot_msgs/bumperbot_msgs/srv/add_two_ints.hpp
[42.900s] -- Up-to-date: /home/dev/ros2_ws/Self-Driving/Section8_TF2_Library/bumperbot_ws/install/bumperbot_msgs/include/bumperbot_msgs/bumperbot_msgs
[42.901s] -- Up-to-date: /home/dev/ros2_ws/Self-Driving/Section8_TF2_Library/bumperbot_ws/install/bumperbot_msgs/include/bumperbot_msgs/bumperbot_msgs/srv
[42.901s] -- Up-to-date: /home/dev/ros2_ws/Self-Driving/Section8_TF2_Library/bumperbot_ws/install/bumperbot_msgs/include/bumperbot_msgs/bumperbot_msgs/srv/detail
[42.902s] -- Installing: /home/dev/ros2_ws/Self-Driving/Section8_TF2_Library/bumperbot_ws/install/bumperbot_msgs/include/bumperbot_msgs/bumperbot_msgs/srv/detail/get_transform__rosidl_typesupport_fastrtps_cpp.hpp
[42.902s] -- Installing: /home/dev/ros2_ws/Self-Driving/Section8_TF2_Library/bumperbot_ws/install/bumperbot_msgs/include/bumperbot_msgs/bumperbot_msgs/srv/detail/dds_fastrtps
[42.910s] -- Installing: /home/dev/ros2_ws/Self-Driving/Section8_TF2_Library/bumperbot_ws/install/bumperbot_msgs/include/bumperbot_msgs/bumperbot_msgs/srv/detail/add_two_ints__rosidl_typesupport_fastrtps_cpp.hpp
[42.911s] -- Up-to-date: /home/dev/ros2_ws/Self-Driving/Section8_TF2_Library/bumperbot_ws/install/bumperbot_msgs/include/bumperbot_msgs/bumperbot_msgs/msg
[42.912s] -- Installing: /home/dev/ros2_ws/Self-Driving/Section8_TF2_Library/bumperbot_ws/install/bumperbot_msgs/include/bumperbot_msgs/bumperbot_msgs/msg/rosidl_typesupport_fastrtps_cpp__visibility_control.h
[42.919s] -- Installing: /home/dev/ros2_ws/Self-Driving/Section8_TF2_Library/bumperbot_ws/install/bumperbot_msgs/lib/libbumperbot_msgs__rosidl_typesupport_fastrtps_cpp.so
[42.919s] -- Set runtime path of "/home/dev/ros2_ws/Self-Driving/Section8_TF2_Library/bumperbot_ws/install/bumperbot_msgs/lib/libbumperbot_msgs__rosidl_typesupport_fastrtps_cpp.so" to ""
[42.920s] -- Up-to-date: /home/dev/ros2_ws/Self-Driving/Section8_TF2_Library/bumperbot_ws/install/bumperbot_msgs/include/bumperbot_msgs/bumperbot_msgs
[42.925s] -- Up-to-date: /home/dev/ros2_ws/Self-Driving/Section8_TF2_Library/bumperbot_ws/install/bumperbot_msgs/include/bumperbot_msgs/bumperbot_msgs/srv
[42.926s] -- Up-to-date: /home/dev/ros2_ws/Self-Driving/Section8_TF2_Library/bumperbot_ws/install/bumperbot_msgs/include/bumperbot_msgs/bumperbot_msgs/srv/detail
[42.926s] -- Installing: /home/dev/ros2_ws/Self-Driving/Section8_TF2_Library/bumperbot_ws/install/bumperbot_msgs/include/bumperbot_msgs/bumperbot_msgs/srv/detail/add_two_ints__type_support.c
[42.927s] -- Installing: /home/dev/ros2_ws/Self-Driving/Section8_TF2_Library/bumperbot_ws/install/bumperbot_msgs/include/bumperbot_msgs/bumperbot_msgs/srv/detail/get_transform__type_support.c
[42.927s] -- Installing: /home/dev/ros2_ws/Self-Driving/Section8_TF2_Library/bumperbot_ws/install/bumperbot_msgs/include/bumperbot_msgs/bumperbot_msgs/srv/detail/add_two_ints__rosidl_typesupport_introspection_c.h
[42.928s] -- Installing: /home/dev/ros2_ws/Self-Driving/Section8_TF2_Library/bumperbot_ws/install/bumperbot_msgs/include/bumperbot_msgs/bumperbot_msgs/srv/detail/get_transform__rosidl_typesupport_introspection_c.h
[42.934s] -- Up-to-date: /home/dev/ros2_ws/Self-Driving/Section8_TF2_Library/bumperbot_ws/install/bumperbot_msgs/include/bumperbot_msgs/bumperbot_msgs/msg
[42.934s] -- Installing: /home/dev/ros2_ws/Self-Driving/Section8_TF2_Library/bumperbot_ws/install/bumperbot_msgs/include/bumperbot_msgs/bumperbot_msgs/msg/rosidl_typesupport_introspection_c__visibility_control.h
[42.935s] -- Installing: /home/dev/ros2_ws/Self-Driving/Section8_TF2_Library/bumperbot_ws/install/bumperbot_msgs/lib/libbumperbot_msgs__rosidl_typesupport_introspection_c.so
[42.935s] -- Set runtime path of "/home/dev/ros2_ws/Self-Driving/Section8_TF2_Library/bumperbot_ws/install/bumperbot_msgs/lib/libbumperbot_msgs__rosidl_typesupport_introspection_c.so" to ""
[42.939s] -- Installing: /home/dev/ros2_ws/Self-Driving/Section8_TF2_Library/bumperbot_ws/install/bumperbot_msgs/lib/libbumperbot_msgs__rosidl_typesupport_c.so
[42.940s] -- Set runtime path of "/home/dev/ros2_ws/Self-Driving/Section8_TF2_Library/bumperbot_ws/install/bumperbot_msgs/lib/libbumperbot_msgs__rosidl_typesupport_c.so" to ""
[42.940s] -- Up-to-date: /home/dev/ros2_ws/Self-Driving/Section8_TF2_Library/bumperbot_ws/install/bumperbot_msgs/include/bumperbot_msgs/bumperbot_msgs
[42.941s] -- Up-to-date: /home/dev/ros2_ws/Self-Driving/Section8_TF2_Library/bumperbot_ws/install/bumperbot_msgs/include/bumperbot_msgs/bumperbot_msgs/srv
[42.942s] -- Up-to-date: /home/dev/ros2_ws/Self-Driving/Section8_TF2_Library/bumperbot_ws/install/bumperbot_msgs/include/bumperbot_msgs/bumperbot_msgs/srv/detail
[42.945s] -- Installing: /home/dev/ros2_ws/Self-Driving/Section8_TF2_Library/bumperbot_ws/install/bumperbot_msgs/include/bumperbot_msgs/bumperbot_msgs/srv/detail/get_transform__type_support.cpp
[42.946s] -- Installing: /home/dev/ros2_ws/Self-Driving/Section8_TF2_Library/bumperbot_ws/install/bumperbot_msgs/include/bumperbot_msgs/bumperbot_msgs/srv/detail/add_two_ints__rosidl_typesupport_introspection_cpp.hpp
[42.946s] -- Installing: /home/dev/ros2_ws/Self-Driving/Section8_TF2_Library/bumperbot_ws/install/bumperbot_msgs/include/bumperbot_msgs/bumperbot_msgs/srv/detail/add_two_ints__type_support.cpp
[42.948s] -- Installing: /home/dev/ros2_ws/Self-Driving/Section8_TF2_Library/bumperbot_ws/install/bumperbot_msgs/include/bumperbot_msgs/bumperbot_msgs/srv/detail/get_transform__rosidl_typesupport_introspection_cpp.hpp
[42.950s] -- Installing: /home/dev/ros2_ws/Self-Driving/Section8_TF2_Library/bumperbot_ws/install/bumperbot_msgs/lib/libbumperbot_msgs__rosidl_typesupport_introspection_cpp.so
[42.951s] -- Set runtime path of "/home/dev/ros2_ws/Self-Driving/Section8_TF2_Library/bumperbot_ws/install/bumperbot_msgs/lib/libbumperbot_msgs__rosidl_typesupport_introspection_cpp.so" to ""
[42.955s] -- Installing: /home/dev/ros2_ws/Self-Driving/Section8_TF2_Library/bumperbot_ws/install/bumperbot_msgs/lib/libbumperbot_msgs__rosidl_typesupport_cpp.so
[42.957s] -- Set runtime path of "/home/dev/ros2_ws/Self-Driving/Section8_TF2_Library/bumperbot_ws/install/bumperbot_msgs/lib/libbumperbot_msgs__rosidl_typesupport_cpp.so" to ""
[42.957s] -- Installing: /home/dev/ros2_ws/Self-Driving/Section8_TF2_Library/bumperbot_ws/install/bumperbot_msgs/share/bumperbot_msgs/environment/pythonpath.sh
[42.958s] -- Installing: /home/dev/ros2_ws/Self-Driving/Section8_TF2_Library/bumperbot_ws/install/bumperbot_msgs/share/bumperbot_msgs/environment/pythonpath.dsv
[42.961s] -- Installing: /home/dev/ros2_ws/Self-Driving/Section8_TF2_Library/bumperbot_ws/install/bumperbot_msgs/local/lib/python3.10/dist-packages/bumperbot_msgs-0.0.0-py3.10.egg-info
[42.962s] -- Installing: /home/dev/ros2_ws/Self-Driving/Section8_TF2_Library/bumperbot_ws/install/bumperbot_msgs/local/lib/python3.10/dist-packages/bumperbot_msgs-0.0.0-py3.10.egg-info/SOURCES.txt
[42.962s] -- Installing: /home/dev/ros2_ws/Self-Driving/Section8_TF2_Library/bumperbot_ws/install/bumperbot_msgs/local/lib/python3.10/dist-packages/bumperbot_msgs-0.0.0-py3.10.egg-info/dependency_links.txt
[42.963s] -- Installing: /home/dev/ros2_ws/Self-Driving/Section8_TF2_Library/bumperbot_ws/install/bumperbot_msgs/local/lib/python3.10/dist-packages/bumperbot_msgs-0.0.0-py3.10.egg-info/PKG-INFO
[42.963s] -- Installing: /home/dev/ros2_ws/Self-Driving/Section8_TF2_Library/bumperbot_ws/install/bumperbot_msgs/local/lib/python3.10/dist-packages/bumperbot_msgs-0.0.0-py3.10.egg-info/top_level.txt
[42.964s] -- Installing: /home/dev/ros2_ws/Self-Driving/Section8_TF2_Library/bumperbot_ws/install/bumperbot_msgs/local/lib/python3.10/dist-packages/bumperbot_msgs
[42.964s] -- Installing: /home/dev/ros2_ws/Self-Driving/Section8_TF2_Library/bumperbot_ws/install/bumperbot_msgs/local/lib/python3.10/dist-packages/bumperbot_msgs/libbumperbot_msgs__rosidl_generator_py.so
[42.969s] -- Installing: /home/dev/ros2_ws/Self-Driving/Section8_TF2_Library/bumperbot_ws/install/bumperbot_msgs/local/lib/python3.10/dist-packages/bumperbot_msgs/_bumperbot_msgs_s.ep.rosidl_typesupport_c.c
[42.970s] -- Installing: /home/dev/ros2_ws/Self-Driving/Section8_TF2_Library/bumperbot_ws/install/bumperbot_msgs/local/lib/python3.10/dist-packages/bumperbot_msgs/bumperbot_msgs_s__rosidl_typesupport_c.cpython-310-x86_64-linux-gnu.so
[42.972s] -- Installing: /home/dev/ros2_ws/Self-Driving/Section8_TF2_Library/bumperbot_ws/install/bumperbot_msgs/local/lib/python3.10/dist-packages/bumperbot_msgs/_bumperbot_msgs_s.ep.rosidl_typesupport_fastrtps_c.c
[42.973s] -- Installing: /home/dev/ros2_ws/Self-Driving/Section8_TF2_Library/bumperbot_ws/install/bumperbot_msgs/local/lib/python3.10/dist-packages/bumperbot_msgs/srv
[42.973s] -- Installing: /home/dev/ros2_ws/Self-Driving/Section8_TF2_Library/bumperbot_ws/install/bumperbot_msgs/local/lib/python3.10/dist-packages/bumperbot_msgs/srv/_add_two_ints_s.c
[42.977s] -- Installing: /home/dev/ros2_ws/Self-Driving/Section8_TF2_Library/bumperbot_ws/install/bumperbot_msgs/local/lib/python3.10/dist-packages/bumperbot_msgs/srv/_add_two_ints.py
[42.977s] -- Installing: /home/dev/ros2_ws/Self-Driving/Section8_TF2_Library/bumperbot_ws/install/bumperbot_msgs/local/lib/python3.10/dist-packages/bumperbot_msgs/srv/_get_transform_s.c
[42.978s] -- Installing: /home/dev/ros2_ws/Self-Driving/Section8_TF2_Library/bumperbot_ws/install/bumperbot_msgs/local/lib/python3.10/dist-packages/bumperbot_msgs/srv/_get_transform.py
[42.978s] -- Installing: /home/dev/ros2_ws/Self-Driving/Section8_TF2_Library/bumperbot_ws/install/bumperbot_msgs/local/lib/python3.10/dist-packages/bumperbot_msgs/srv/__init__.py
[42.979s] -- Installing: /home/dev/ros2_ws/Self-Driving/Section8_TF2_Library/bumperbot_ws/install/bumperbot_msgs/local/lib/python3.10/dist-packages/bumperbot_msgs/_bumperbot_msgs_s.ep.rosidl_typesupport_introspection_c.c
[42.979s] -- Installing: /home/dev/ros2_ws/Self-Driving/Section8_TF2_Library/bumperbot_ws/install/bumperbot_msgs/local/lib/python3.10/dist-packages/bumperbot_msgs/bumperbot_msgs_s__rosidl_typesupport_fastrtps_c.cpython-310-x86_64-linux-gnu.so
[42.983s] -- Installing: /home/dev/ros2_ws/Self-Driving/Section8_TF2_Library/bumperbot_ws/install/bumperbot_msgs/local/lib/python3.10/dist-packages/bumperbot_msgs/__init__.py
[42.984s] -- Installing: /home/dev/ros2_ws/Self-Driving/Section8_TF2_Library/bumperbot_ws/install/bumperbot_msgs/local/lib/python3.10/dist-packages/bumperbot_msgs/bumperbot_msgs_s__rosidl_typesupport_introspection_c.cpython-310-x86_64-linux-gnu.so
[43.178s] Listing '/home/dev/ros2_ws/Self-Driving/Section8_TF2_Library/bumperbot_ws/install/bumperbot_msgs/local/lib/python3.10/dist-packages/bumperbot_msgs'...
[43.179s] Compiling '/home/dev/ros2_ws/Self-Driving/Section8_TF2_Library/bumperbot_ws/install/bumperbot_msgs/local/lib/python3.10/dist-packages/bumperbot_msgs/__init__.py'...
[43.179s] Listing '/home/dev/ros2_ws/Self-Driving/Section8_TF2_Library/bumperbot_ws/install/bumperbot_msgs/local/lib/python3.10/dist-packages/bumperbot_msgs/srv'...
[43.180s] Compiling '/home/dev/ros2_ws/Self-Driving/Section8_TF2_Library/bumperbot_ws/install/bumperbot_msgs/local/lib/python3.10/dist-packages/bumperbot_msgs/srv/__init__.py'...
[43.180s] Compiling '/home/dev/ros2_ws/Self-Driving/Section8_TF2_Library/bumperbot_ws/install/bumperbot_msgs/local/lib/python3.10/dist-packages/bumperbot_msgs/srv/_add_two_ints.py'...
[43.181s] Compiling '/home/dev/ros2_ws/Self-Driving/Section8_TF2_Library/bumperbot_ws/install/bumperbot_msgs/local/lib/python3.10/dist-packages/bumperbot_msgs/srv/_get_transform.py'...
[43.209s] -- Installing: /home/dev/ros2_ws/Self-Driving/Section8_TF2_Library/bumperbot_ws/install/bumperbot_msgs/local/lib/python3.10/dist-packages/bumperbot_msgs/bumperbot_msgs_s__rosidl_typesupport_fastrtps_c.cpython-310-x86_64-linux-gnu.so
[43.213s] -- Set runtime path of "/home/dev/ros2_ws/Self-Driving/Section8_TF2_Library/bumperbot_ws/install/bumperbot_msgs/local/lib/python3.10/dist-packages/bumperbot_msgs/bumperbot_msgs_s__rosidl_typesupport_fastrtps_c.cpython-310-x86_64-linux-gnu.so" to ""
[43.213s] -- Installing: /home/dev/ros2_ws/Self-Driving/Section8_TF2_Library/bumperbot_ws/install/bumperbot_msgs/local/lib/python3.10/dist-packages/bumperbot_msgs/bumperbot_msgs_s__rosidl_typesupport_introspection_c.cpython-310-x86_64-linux-gnu.so
[43.215s] -- Set runtime path of "/home/dev/ros2_ws/Self-Driving/Section8_TF2_Library/bumperbot_ws/install/bumperbot_msgs/local/lib/python3.10/dist-packages/bumperbot_msgs/bumperbot_msgs_s__rosidl_typesupport_introspection_c.cpython-310-x86_64-linux-gnu.so" to ""
[43.216s] -- Installing: /home/dev/ros2_ws/Self-Driving/Section8_TF2_Library/bumperbot_ws/install/bumperbot_msgs/local/lib/python3.10/dist-packages/bumperbot_msgs/bumperbot_msgs_s__rosidl_typesupport_c.cpython-310-x86_64-linux-gnu.so
[43.220s] -- Set runtime path of "/home/dev/ros2_ws/Self-Driving/Section8_TF2_Library/bumperbot_ws/install/bumperbot_msgs/local/lib/python3.10/dist-packages/bumperbot_msgs/bumperbot_msgs_s__rosidl_typesupport_c.cpython-310-x86_64-linux-gnu.so" to ""
[43.221s] -- Installing: /home/dev/ros2_ws/Self-Driving/Section8_TF2_Library/bumperbot_ws/install/bumperbot_msgs/lib/libbumperbot_msgs__rosidl_generator_py.so
[43.225s] -- Set runtime path of "/home/dev/ros2_ws/Self-Driving/Section8_TF2_Library/bumperbot_ws/install/bumperbot_msgs/lib/libbumperbot_msgs__rosidl_generator_py.so" to ""
[43.226s] -- Installing: /home/dev/ros2_ws/Self-Driving/Section8_TF2_Library/bumperbot_ws/install/bumperbot_msgs/share/bumperbot_msgs/srv/AddTwoInts.idl
[43.227s] -- Installing: /home/dev/ros2_ws/Self-Driving/Section8_TF2_Library/bumperbot_ws/install/bumperbot_msgs/share/bumperbot_msgs/srv/GetTransform.idl
[43.228s] -- Installing: /home/dev/ros2_ws/Self-Driving/Section8_TF2_Library/bumperbot_ws/install/bumperbot_msgs/share/bumperbot_msgs/srv/AddTwoInts.srv
[43.231s] -- Installing: /home/dev/ros2_ws/Self-Driving/Section8_TF2_Library/bumperbot_ws/install/bumperbot_msgs/share/bumperbot_msgs/srv/AddTwoInts_Request.msg
[43.232s] -- Installing: /home/dev/ros2_ws/Self-Driving/Section8_TF2_Library/bumperbot_ws/install/bumperbot_msgs/share/bumperbot_msgs/srv/AddTwoInts_Response.msg
[43.233s] -- Installing: /home/dev/ros2_ws/Self-Driving/Section8_TF2_Library/bumperbot_ws/install/bumperbot_msgs/share/bumperbot_msgs/srv/GetTransform.srv
[43.233s] -- Installing: /home/dev/ros2_ws/Self-Driving/Section8_TF2_Library/bumperbot_ws/install/bumperbot_msgs/share/bumperbot_msgs/srv/GetTransform_Request.msg
[43.240s] -- Installing: /home/dev/ros2_ws/Self-Driving/Section8_TF2_Library/bumperbot_ws/install/bumperbot_msgs/share/bumperbot_msgs/srv/GetTransform_Response.msg
[43.241s] -- Installing: /home/dev/ros2_ws/Self-Driving/Section8_TF2_Library/bumperbot_ws/install/bumperbot_msgs/share/ament_index/resource_index/package_run_dependencies/bumperbot_msgs
[43.250s] -- Installing: /home/dev/ros2_ws/Self-Driving/Section8_TF2_Library/bumperbot_ws/install/bumperbot_msgs/share/ament_index/resource_index/parent_prefix_path/bumperbot_msgs
[43.250s] -- Installing: /home/dev/ros2_ws/Self-Driving/Section8_TF2_Library/bumperbot_ws/install/bumperbot_msgs/share/bumperbot_msgs/environment/ament_prefix_path.sh
[43.251s] -- Installing: /home/dev/ros2_ws/Self-Driving/Section8_TF2_Library/bumperbot_ws/install/bumperbot_msgs/share/bumperbot_msgs/environment/ament_prefix_path.dsv
[43.251s] -- Installing: /home/dev/ros2_ws/Self-Driving/Section8_TF2_Library/bumperbot_ws/install/bumperbot_msgs/share/bumperbot_msgs/environment/path.sh
[43.252s] -- Installing: /home/dev/ros2_ws/Self-Driving/Section8_TF2_Library/bumperbot_ws/install/bumperbot_msgs/share/bumperbot_msgs/environment/path.dsv
[43.252s] -- Installing: /home/dev/ros2_ws/Self-Driving/Section8_TF2_Library/bumperbot_ws/install/bumperbot_msgs/share/bumperbot_msgs/local_setup.bash
[43.254s] -- Installing: /home/dev/ros2_ws/Self-Driving/Section8_TF2_Library/bumperbot_ws/install/bumperbot_msgs/share/bumperbot_msgs/local_setup.sh
[43.254s] -- Installing: /home/dev/ros2_ws/Self-Driving/Section8_TF2_Library/bumperbot_ws/install/bumperbot_msgs/share/bumperbot_msgs/local_setup.zsh
[43.259s] -- Installing: /home/dev/ros2_ws/Self-Driving/Section8_TF2_Library/bumperbot_ws/install/bumperbot_msgs/share/bumperbot_msgs/local_setup.dsv
[43.260s] -- Installing: /home/dev/ros2_ws/Self-Driving/Section8_TF2_Library/bumperbot_ws/install/bumperbot_msgs/share/bumperbot_msgs/package.dsv
[43.264s] -- Installing: /home/dev/ros2_ws/Self-Driving/Section8_TF2_Library/bumperbot_ws/install/bumperbot_msgs/share/ament_index/resource_index/packages/bumperbot_msgs
[43.265s] -- Installing: /home/dev/ros2_ws/Self-Driving/Section8_TF2_Library/bumperbot_ws/install/bumperbot_msgs/share/bumperbot_msgs/cmake/export_bumperbot_msgs__rosidl_generator_cExport.cmake
[43.266s] -- Installing: /home/dev/ros2_ws/Self-Driving/Section8_TF2_Library/bumperbot_ws/install/bumperbot_msgs/share/bumperbot_msgs/cmake/export_bumperbot_msgs__rosidl_generator_cExport-noconfig.cmake
[43.266s] -- Installing: /home/dev/ros2_ws/Self-Driving/Section8_TF2_Library/bumperbot_ws/install/bumperbot_msgs/share/bumperbot_msgs/cmake/export_bumperbot_msgs__rosidl_typesupport_fastrtps_cExport.cmake
[43.267s] -- Installing: /home/dev/ros2_ws/Self-Driving/Section8_TF2_Library/bumperbot_ws/install/bumperbot_msgs/share/bumperbot_msgs/cmake/export_bumperbot_msgs__rosidl_typesupport_fastrtps_cExport-noconfig.cmake
[43.267s] -- Installing: /home/dev/ros2_ws/Self-Driving/Section8_TF2_Library/bumperbot_ws/install/bumperbot_msgs/share/bumperbot_msgs/cmake/export_bumperbot_msgs__rosidl_generator_cppExport.cmake
[43.269s] -- Installing: /home/dev/ros2_ws/Self-Driving/Section8_TF2_Library/bumperbot_ws/install/bumperbot_msgs/share/bumperbot_msgs/cmake/export_bumperbot_msgs__rosidl_typesupport_fastrtps_cppExport.cmake
[43.269s] -- Installing: /home/dev/ros2_ws/Self-Driving/Section8_TF2_Library/bumperbot_ws/install/bumperbot_msgs/share/bumperbot_msgs/cmake/export_bumperbot_msgs__rosidl_typesupport_fastrtps_cppExport-noconfig.cmake
[43.273s] -- Installing: /home/dev/ros2_ws/Self-Driving/Section8_TF2_Library/bumperbot_ws/install/bumperbot_msgs/share/bumperbot_msgs/cmake/bumperbot_msgs__rosidl_typesupport_introspection_cExport.cmake
[43.274s] -- Installing: /home/dev/ros2_ws/Self-Driving/Section8_TF2_Library/bumperbot_ws/install/bumperbot_msgs/share/bumperbot_msgs/cmake/bumperbot_msgs__rosidl_typesupport_introspection_cExport-noconfig.cmake
[43.274s] -- Installing: /home/dev/ros2_ws/Self-Driving/Section8_TF2_Library/bumperbot_ws/install/bumperbot_msgs/share/bumperbot_msgs/cmake/bumperbot_msgs__rosidl_typesupport_cExport.cmake
[43.275s] -- Installing: /home/dev/ros2_ws/Self-Driving/Section8_TF2_Library/bumperbot_ws/install/bumperbot_msgs/share/bumperbot_msgs/cmake/bumperbot_msgs__rosidl_typesupport_cExport-noconfig.cmake
[43.278s] -- Installing: /home/dev/ros2_ws/Self-Driving/Section8_TF2_Library/bumperbot_ws/install/bumperbot_msgs/share/bumperbot_msgs/cmake/bumperbot_msgs__rosidl_typesupport_introspection_cppExport.cmake
[43.279s] -- Installing: /home/dev/ros2_ws/Self-Driving/Section8_TF2_Library/bumperbot_ws/install/bumperbot_msgs/share/bumperbot_msgs/cmake/bumperbot_msgs__rosidl_typesupport_introspection_cppExport-noconfig.cmake
[43.279s] -- Installing: /home/dev/ros2_ws/Self-Driving/Section8_TF2_Library/bumperbot_ws/install/bumperbot_msgs/share/bumperbot_msgs/cmake/bumperbot_msgs__rosidl_typesupport_cppExport.cmake
[43.283s] -- Installing: /home/dev/ros2_ws/Self-Driving/Section8_TF2_Library/bumperbot_ws/install/bumperbot_msgs/share/bumperbot_msgs/cmake/bumperbot_msgs__rosidl_typesupport_cppExport-noconfig.cmake
[43.284s] -- Installing: /home/dev/ros2_ws/Self-Driving/Section8_TF2_Library/bumperbot_ws/install/bumperbot_msgs/share/bumperbot_msgs/cmake/export_bumperbot_msgs__rosidl_generator_pyExport.cmake
[43.285s] -- Installing: /home/dev/ros2_ws/Self-Driving/Section8_TF2_Library/bumperbot_ws/install/bumperbot_msgs/share/bumperbot_msgs/cmake/export_bumperbot_msgs__rosidl_generator_pyExport-noconfig.cmake
[43.285s] -- Installing: /home/dev/ros2_ws/Self-Driving/Section8_TF2_Library/bumperbot_ws/install/bumperbot_msgs/share/bumperbot_msgs/cmake/rosidl_cmake-extras.cmake
[43.286s] -- Installing: /home/dev/ros2_ws/Self-Driving/Section8_TF2_Library/bumperbot_ws/install/bumperbot_msgs/share/bumperbot_msgs/cmake/ament_cmake_export_dependencies-extras.cmake
[43.288s] -- Installing: /home/dev/ros2_ws/Self-Driving/Section8_TF2_Library/bumperbot_ws/install/bumperbot_msgs/share/bumperbot_msgs/cmake/ament_cmake_export_include_directories-extras.cmake
[43.288s] -- Installing: /home/dev/ros2_ws/Self-Driving/Section8_TF2_Library/bumperbot_ws/install/bumperbot_msgs/share/bumperbot_msgs/cmake/ament_cmake_export_libraries-extras.cmake
[43.289s] -- Installing: /home/dev/ros2_ws/Self-Driving/Section8_TF2_Library/bumperbot_ws/install/bumperbot_msgs/share/bumperbot_msgs/cmake/ament_cmake_export_targets-extras.cmake
[43.291s] -- Installing: /home/dev/ros2_ws/Self-Driving/Section8_TF2_Library/bumperbot_ws/install/bumperbot_msgs/share/bumperbot_msgs/cmake/rosidl_cmake_export_typesupport_targets-extras.cmake
[43.292s] -- Installing: /home/dev/ros2_ws/Self-Driving/Section8_TF2_Library/bumperbot_ws/install/bumperbot_msgs/share/bumperbot_msgs/cmake/rosidl_cmake_export_typesupport_libraries-extras.cmake
[43.292s] -- Installing: /home/dev/ros2_ws/Self-Driving/Section8_TF2_Library/bumperbot_ws/install/bumperbot_msgs/share/bumperbot_msgs/cmake/bumperbot_msgsConfig.cmake
[43.293s] -- Installing: /home/dev/ros2_ws/Self-Driving/Section8_TF2_Library/bumperbot_ws/install/bumperbot_msgs/share/bumperbot_msgs/cmake/bumperbot_msgsConfig-version.cmake
[43.293s] -- Installing: /home/dev/ros2_ws/Self-Driving/Section8_TF2_Library/bumperbot_ws/install/bumperbot_msgs/share/bumperbot_msgs/package.xml
[43.306s] Invoked command in '/home/dev/ros2_ws/Self-Driving/Section8_TF2_Library/bumperbot_ws/build/bumperbot_msgs' returned '0': CMAKE_PREFIX_PATH=${CMAKE_PREFIX_PATH}:/opt/ros/humble /usr/bin/cmake --install /home/dev/ros2_ws/Self-Driving/Section8_TF2_Library/bumperbot_ws/build/bumperbot_msgs
