[0.070s] Invoking command in '/home/dev/ros2_ws/ATech_ws/build/my_cpp_pkg': CMAKE_PREFIX_PATH=/opt/ros/humble /usr/bin/cmake --build /home/dev/ros2_ws/ATech_ws/build/my_cpp_pkg -- -j4 -l4
[0.385s] [ 33%] Built target hello_subscriber_node
[0.388s] [ 66%] Built target hello_publisher_node
[0.406s] [100%] Built target Template
[0.462s] Invoked command in '/home/dev/ros2_ws/ATech_ws/build/my_cpp_pkg' returned '0': CMAKE_PREFIX_PATH=/opt/ros/humble /usr/bin/cmake --build /home/dev/ros2_ws/ATech_ws/build/my_cpp_pkg -- -j4 -l4
[0.624s] Invoking command in '/home/dev/ros2_ws/ATech_ws/build/my_cpp_pkg': CMAKE_PREFIX_PATH=/opt/ros/humble /usr/bin/cmake --install /home/dev/ros2_ws/ATech_ws/build/my_cpp_pkg
[0.657s] -- Install configuration: ""
[0.657s] -- Up-to-date: /home/dev/ros2_ws/ATech_ws/install/my_cpp_pkg/lib/my_cpp_pkg/Template
[0.658s] -- Up-to-date: /home/dev/ros2_ws/ATech_ws/install/my_cpp_pkg/lib/my_cpp_pkg/hello_publisher_node
[0.659s] -- Up-to-date: /home/dev/ros2_ws/ATech_ws/install/my_cpp_pkg/lib/my_cpp_pkg/hello_subscriber_node
[0.659s] -- Up-to-date: /home/dev/ros2_ws/ATech_ws/install/my_cpp_pkg/share/ament_index/resource_index/package_run_dependencies/my_cpp_pkg
[0.660s] -- Up-to-date: /home/dev/ros2_ws/ATech_ws/install/my_cpp_pkg/share/ament_index/resource_index/parent_prefix_path/my_cpp_pkg
[0.660s] -- Up-to-date: /home/dev/ros2_ws/ATech_ws/install/my_cpp_pkg/share/my_cpp_pkg/environment/ament_prefix_path.sh
[0.662s] -- Up-to-date: /home/dev/ros2_ws/ATech_ws/install/my_cpp_pkg/share/my_cpp_pkg/environment/ament_prefix_path.dsv
[0.662s] -- Up-to-date: /home/dev/ros2_ws/ATech_ws/install/my_cpp_pkg/share/my_cpp_pkg/environment/path.sh
[0.663s] -- Up-to-date: /home/dev/ros2_ws/ATech_ws/install/my_cpp_pkg/share/my_cpp_pkg/environment/path.dsv
[0.663s] -- Up-to-date: /home/dev/ros2_ws/ATech_ws/install/my_cpp_pkg/share/my_cpp_pkg/local_setup.bash
[0.664s] -- Up-to-date: /home/dev/ros2_ws/ATech_ws/install/my_cpp_pkg/share/my_cpp_pkg/local_setup.sh
[0.664s] -- Up-to-date: /home/dev/ros2_ws/ATech_ws/install/my_cpp_pkg/share/my_cpp_pkg/local_setup.zsh
[0.665s] -- Up-to-date: /home/dev/ros2_ws/ATech_ws/install/my_cpp_pkg/share/my_cpp_pkg/local_setup.dsv
[0.665s] -- Installing: /home/dev/ros2_ws/ATech_ws/install/my_cpp_pkg/share/my_cpp_pkg/package.dsv
[0.666s] -- Up-to-date: /home/dev/ros2_ws/ATech_ws/install/my_cpp_pkg/share/ament_index/resource_index/packages/my_cpp_pkg
[0.667s] -- Up-to-date: /home/dev/ros2_ws/ATech_ws/install/my_cpp_pkg/share/my_cpp_pkg/cmake/my_cpp_pkgConfig.cmake
[0.672s] -- Up-to-date: /home/dev/ros2_ws/ATech_ws/install/my_cpp_pkg/share/my_cpp_pkg/cmake/my_cpp_pkgConfig-version.cmake
[0.674s] -- Up-to-date: /home/dev/ros2_ws/ATech_ws/install/my_cpp_pkg/share/my_cpp_pkg/package.xml
[0.708s] Invoked command in '/home/dev/ros2_ws/ATech_ws/build/my_cpp_pkg' returned '0': CMAKE_PREFIX_PATH=/opt/ros/humble /usr/bin/cmake --install /home/dev/ros2_ws/ATech_ws/build/my_cpp_pkg
