[0.107s] Invoking command in '/home/dev/ros2_ws/Self-Driving/Section8_TF2_Library/bumperbot_ws/build/bumperbot_controller': CMAKE_PREFIX_PATH=${CMAKE_PREFIX_PATH}:/opt/ros/humble /usr/bin/cmake /home/dev/ros2_ws/Self-Driving/Section8_TF2_Library/bumperbot_ws/src/bumperbot_controller -DCMAKE_INSTALL_PREFIX=/home/dev/ros2_ws/Self-Driving/Section8_TF2_Library/bumperbot_ws/install/bumperbot_controller
[0.548s] -- The C compiler identification is GNU 11.4.0
[1.132s] -- The CXX compiler identification is GNU 11.4.0
[1.209s] -- Detecting C compiler ABI info
[1.799s] -- Detecting C compiler ABI info - done
[1.851s] -- Check for working C compiler: /usr/bin/cc - skipped
[1.853s] -- Detecting C compile features
[1.859s] -- Detecting C compile features - done
[1.878s] -- Detecting CXX compiler ABI info
[2.685s] -- Detecting CXX compiler ABI info - done
[2.737s] -- Check for working CXX compiler: /usr/bin/c++ - skipped
[2.737s] -- Detecting CXX compile features
[2.738s] -- Detecting CXX compile features - done
[2.748s] -- Found ament_cmake: 1.3.10 (/opt/ros/humble/share/ament_cmake/cmake)
[3.794s] -- Found Python3: /usr/bin/python3 (found version "3.10.12") found components: Interpreter 
[4.413s] -- Found rclcpp: 16.0.10 (/opt/ros/humble/share/rclcpp/cmake)
[4.711s] -- Found rosidl_generator_c: 3.1.5 (/opt/ros/humble/share/rosidl_generator_c/cmake)
[4.743s] -- Found rosidl_adapter: 3.1.5 (/opt/ros/humble/share/rosidl_adapter/cmake)
[4.799s] -- Found rosidl_generator_cpp: 3.1.5 (/opt/ros/humble/share/rosidl_generator_cpp/cmake)
[4.893s] -- Using all available rosidl_typesupport_c: rosidl_typesupport_fastrtps_c;rosidl_typesupport_introspection_c
[4.987s] -- Using all available rosidl_typesupport_cpp: rosidl_typesupport_fastrtps_cpp;rosidl_typesupport_introspection_cpp
[5.452s] -- Found rmw_implementation_cmake: 6.1.2 (/opt/ros/humble/share/rmw_implementation_cmake/cmake)
[5.467s] -- Found rmw_fastrtps_cpp: 6.2.7 (/opt/ros/humble/share/rmw_fastrtps_cpp/cmake)
[6.217s] -- Found OpenSSL: /usr/lib/x86_64-linux-gnu/libcrypto.so (found version "3.0.2")  
[6.413s] -- Found FastRTPS: /opt/ros/humble/include  
[6.617s] -- Using RMW implementation 'rmw_fastrtps_cpp' as default
[6.670s] -- Looking for pthread.h
[7.084s] -- Looking for pthread.h - found
[7.088s] -- Performing Test CMAKE_HAVE_LIBC_PTHREAD
[7.432s] -- Performing Test CMAKE_HAVE_LIBC_PTHREAD - Success
[7.434s] -- Found Threads: TRUE  
[7.828s] -- Found rclpy: 3.3.14 (/opt/ros/humble/share/rclpy/cmake)
[7.832s] -- Found geometry_msgs: 4.2.4 (/opt/ros/humble/share/geometry_msgs/cmake)
[8.785s] -- Configuring done
[8.865s] -- Generating done
[8.886s] -- Build files have been written to: /home/dev/ros2_ws/Self-Driving/Section8_TF2_Library/bumperbot_ws/build/bumperbot_controller
[8.957s] Invoked command in '/home/dev/ros2_ws/Self-Driving/Section8_TF2_Library/bumperbot_ws/build/bumperbot_controller' returned '0': CMAKE_PREFIX_PATH=${CMAKE_PREFIX_PATH}:/opt/ros/humble /usr/bin/cmake /home/dev/ros2_ws/Self-Driving/Section8_TF2_Library/bumperbot_ws/src/bumperbot_controller -DCMAKE_INSTALL_PREFIX=/home/dev/ros2_ws/Self-Driving/Section8_TF2_Library/bumperbot_ws/install/bumperbot_controller
[8.968s] Invoking command in '/home/dev/ros2_ws/Self-Driving/Section8_TF2_Library/bumperbot_ws/build/bumperbot_controller': CMAKE_PREFIX_PATH=${CMAKE_PREFIX_PATH}:/opt/ros/humble /usr/bin/cmake --build /home/dev/ros2_ws/Self-Driving/Section8_TF2_Library/bumperbot_ws/build/bumperbot_controller -- -j4 -l4
[9.328s] [ 50%] [32mBuilding CXX object CMakeFiles/simple_controller.dir/src/simple_controller.cpp.o[0m
[9.463s] [ 50%] Built target ament_cmake_python_copy_bumperbot_controller
[11.517s] running egg_info
[11.523s] creating bumperbot_controller.egg-info
[11.523s] writing bumperbot_controller.egg-info/PKG-INFO
[11.525s] writing dependency_links to bumperbot_controller.egg-info/dependency_links.txt
[11.528s] writing top-level names to bumperbot_controller.egg-info/top_level.txt
[11.530s] writing manifest file 'bumperbot_controller.egg-info/SOURCES.txt'
[11.536s] reading manifest file 'bumperbot_controller.egg-info/SOURCES.txt'
[11.545s] writing manifest file 'bumperbot_controller.egg-info/SOURCES.txt'
[11.693s] [ 50%] Built target ament_cmake_python_build_bumperbot_controller_egg
[95.055s] [100%] [32m[1mLinking CXX executable simple_controller[0m
[98.612s] [100%] Built target simple_controller
[98.740s] Invoked command in '/home/dev/ros2_ws/Self-Driving/Section8_TF2_Library/bumperbot_ws/build/bumperbot_controller' returned '0': CMAKE_PREFIX_PATH=${CMAKE_PREFIX_PATH}:/opt/ros/humble /usr/bin/cmake --build /home/dev/ros2_ws/Self-Driving/Section8_TF2_Library/bumperbot_ws/build/bumperbot_controller -- -j4 -l4
[99.024s] Invoking command in '/home/dev/ros2_ws/Self-Driving/Section8_TF2_Library/bumperbot_ws/build/bumperbot_controller': CMAKE_PREFIX_PATH=${CMAKE_PREFIX_PATH}:/opt/ros/humble /usr/bin/cmake --install /home/dev/ros2_ws/Self-Driving/Section8_TF2_Library/bumperbot_ws/build/bumperbot_controller
[99.113s] -- Install configuration: ""
[99.114s] -- Installing: /home/dev/ros2_ws/Self-Driving/Section8_TF2_Library/bumperbot_ws/install/bumperbot_controller/share/bumperbot_controller/environment/pythonpath.sh
[99.117s] -- Installing: /home/dev/ros2_ws/Self-Driving/Section8_TF2_Library/bumperbot_ws/install/bumperbot_controller/share/bumperbot_controller/environment/pythonpath.dsv
[99.120s] -- Installing: /home/dev/ros2_ws/Self-Driving/Section8_TF2_Library/bumperbot_ws/install/bumperbot_controller/local/lib/python3.10/dist-packages/bumperbot_controller-0.0.0-py3.10.egg-info
[99.125s] -- Installing: /home/dev/ros2_ws/Self-Driving/Section8_TF2_Library/bumperbot_ws/install/bumperbot_controller/local/lib/python3.10/dist-packages/bumperbot_controller-0.0.0-py3.10.egg-info/SOURCES.txt
[99.126s] -- Installing: /home/dev/ros2_ws/Self-Driving/Section8_TF2_Library/bumperbot_ws/install/bumperbot_controller/local/lib/python3.10/dist-packages/bumperbot_controller-0.0.0-py3.10.egg-info/dependency_links.txt
[99.126s] -- Installing: /home/dev/ros2_ws/Self-Driving/Section8_TF2_Library/bumperbot_ws/install/bumperbot_controller/local/lib/python3.10/dist-packages/bumperbot_controller-0.0.0-py3.10.egg-info/PKG-INFO
[99.131s] -- Installing: /home/dev/ros2_ws/Self-Driving/Section8_TF2_Library/bumperbot_ws/install/bumperbot_controller/local/lib/python3.10/dist-packages/bumperbot_controller-0.0.0-py3.10.egg-info/top_level.txt
[99.139s] -- Installing: /home/dev/ros2_ws/Self-Driving/Section8_TF2_Library/bumperbot_ws/install/bumperbot_controller/local/lib/python3.10/dist-packages/bumperbot_controller
[99.140s] -- Installing: /home/dev/ros2_ws/Self-Driving/Section8_TF2_Library/bumperbot_ws/install/bumperbot_controller/local/lib/python3.10/dist-packages/bumperbot_controller/simple_controller.py
[99.141s] -- Installing: /home/dev/ros2_ws/Self-Driving/Section8_TF2_Library/bumperbot_ws/install/bumperbot_controller/local/lib/python3.10/dist-packages/bumperbot_controller/__init__.py
[99.547s] Listing '/home/dev/ros2_ws/Self-Driving/Section8_TF2_Library/bumperbot_ws/install/bumperbot_controller/local/lib/python3.10/dist-packages/bumperbot_controller'...
[99.549s] Compiling '/home/dev/ros2_ws/Self-Driving/Section8_TF2_Library/bumperbot_ws/install/bumperbot_controller/local/lib/python3.10/dist-packages/bumperbot_controller/__init__.py'...
[99.550s] Compiling '/home/dev/ros2_ws/Self-Driving/Section8_TF2_Library/bumperbot_ws/install/bumperbot_controller/local/lib/python3.10/dist-packages/bumperbot_controller/simple_controller.py'...
[99.632s] -- Installing: /home/dev/ros2_ws/Self-Driving/Section8_TF2_Library/bumperbot_ws/install/bumperbot_controller/include/include
[99.642s] -- Installing: /home/dev/ros2_ws/Self-Driving/Section8_TF2_Library/bumperbot_ws/install/bumperbot_controller/include/include/bumperbot_controller
[99.643s] -- Installing: /home/dev/ros2_ws/Self-Driving/Section8_TF2_Library/bumperbot_ws/install/bumperbot_controller/include/include/bumperbot_controller/simple_controller.hpp
[99.648s] -- Installing: /home/dev/ros2_ws/Self-Driving/Section8_TF2_Library/bumperbot_ws/install/bumperbot_controller/lib/bumperbot_controller/simple_controller
[99.706s] -- Set runtime path of "/home/dev/ros2_ws/Self-Driving/Section8_TF2_Library/bumperbot_ws/install/bumperbot_controller/lib/bumperbot_controller/simple_controller" to ""
[99.706s] -- Installing: /home/dev/ros2_ws/Self-Driving/Section8_TF2_Library/bumperbot_ws/install/bumperbot_controller/share/bumperbot_controller/launch
[99.707s] -- Installing: /home/dev/ros2_ws/Self-Driving/Section8_TF2_Library/bumperbot_ws/install/bumperbot_controller/share/bumperbot_controller/launch/joystick_teleop.launch.py
[99.720s] -- Installing: /home/dev/ros2_ws/Self-Driving/Section8_TF2_Library/bumperbot_ws/install/bumperbot_controller/share/bumperbot_controller/launch/controller.launch.py
[99.720s] -- Installing: /home/dev/ros2_ws/Self-Driving/Section8_TF2_Library/bumperbot_ws/install/bumperbot_controller/share/bumperbot_controller/config
[99.721s] -- Installing: /home/dev/ros2_ws/Self-Driving/Section8_TF2_Library/bumperbot_ws/install/bumperbot_controller/share/bumperbot_controller/config/joy_config.yaml
[99.721s] -- Installing: /home/dev/ros2_ws/Self-Driving/Section8_TF2_Library/bumperbot_ws/install/bumperbot_controller/share/bumperbot_controller/config/bumperbot_controllers.yaml
[99.731s] -- Installing: /home/dev/ros2_ws/Self-Driving/Section8_TF2_Library/bumperbot_ws/install/bumperbot_controller/share/bumperbot_controller/config/joy_teleop.yaml
[99.732s] -- Installing: /home/dev/ros2_ws/Self-Driving/Section8_TF2_Library/bumperbot_ws/install/bumperbot_controller/lib/bumperbot_controller/simple_controller.py
[99.732s] -- Installing: /home/dev/ros2_ws/Self-Driving/Section8_TF2_Library/bumperbot_ws/install/bumperbot_controller/share/ament_index/resource_index/package_run_dependencies/bumperbot_controller
[99.733s] -- Installing: /home/dev/ros2_ws/Self-Driving/Section8_TF2_Library/bumperbot_ws/install/bumperbot_controller/share/ament_index/resource_index/parent_prefix_path/bumperbot_controller
[99.745s] -- Installing: /home/dev/ros2_ws/Self-Driving/Section8_TF2_Library/bumperbot_ws/install/bumperbot_controller/share/bumperbot_controller/environment/ament_prefix_path.sh
[99.745s] -- Installing: /home/dev/ros2_ws/Self-Driving/Section8_TF2_Library/bumperbot_ws/install/bumperbot_controller/share/bumperbot_controller/environment/ament_prefix_path.dsv
[99.752s] -- Installing: /home/dev/ros2_ws/Self-Driving/Section8_TF2_Library/bumperbot_ws/install/bumperbot_controller/share/bumperbot_controller/environment/path.sh
[99.753s] -- Installing: /home/dev/ros2_ws/Self-Driving/Section8_TF2_Library/bumperbot_ws/install/bumperbot_controller/share/bumperbot_controller/environment/path.dsv
[99.757s] -- Installing: /home/dev/ros2_ws/Self-Driving/Section8_TF2_Library/bumperbot_ws/install/bumperbot_controller/share/bumperbot_controller/local_setup.bash
[99.757s] -- Installing: /home/dev/ros2_ws/Self-Driving/Section8_TF2_Library/bumperbot_ws/install/bumperbot_controller/share/bumperbot_controller/local_setup.sh
[99.758s] -- Installing: /home/dev/ros2_ws/Self-Driving/Section8_TF2_Library/bumperbot_ws/install/bumperbot_controller/share/bumperbot_controller/local_setup.zsh
[99.765s] -- Installing: /home/dev/ros2_ws/Self-Driving/Section8_TF2_Library/bumperbot_ws/install/bumperbot_controller/share/bumperbot_controller/local_setup.dsv
[99.768s] -- Installing: /home/dev/ros2_ws/Self-Driving/Section8_TF2_Library/bumperbot_ws/install/bumperbot_controller/share/bumperbot_controller/package.dsv
[99.769s] -- Installing: /home/dev/ros2_ws/Self-Driving/Section8_TF2_Library/bumperbot_ws/install/bumperbot_controller/share/ament_index/resource_index/packages/bumperbot_controller
[99.769s] -- Installing: /home/dev/ros2_ws/Self-Driving/Section8_TF2_Library/bumperbot_ws/install/bumperbot_controller/share/bumperbot_controller/cmake/bumperbot_controllerConfig.cmake
[99.770s] -- Installing: /home/dev/ros2_ws/Self-Driving/Section8_TF2_Library/bumperbot_ws/install/bumperbot_controller/share/bumperbot_controller/cmake/bumperbot_controllerConfig-version.cmake
[99.770s] -- Installing: /home/dev/ros2_ws/Self-Driving/Section8_TF2_Library/bumperbot_ws/install/bumperbot_controller/share/bumperbot_controller/package.xml
[99.801s] Invoked command in '/home/dev/ros2_ws/Self-Driving/Section8_TF2_Library/bumperbot_ws/build/bumperbot_controller' returned '0': CMAKE_PREFIX_PATH=${CMAKE_PREFIX_PATH}:/opt/ros/humble /usr/bin/cmake --install /home/dev/ros2_ws/Self-Driving/Section8_TF2_Library/bumperbot_ws/build/bumperbot_controller
