[0.634s] DEBUG:colcon:Command line arguments: ['/usr/bin/colcon', 'build']
[0.635s] DEBUG:colcon:Parsed command line arguments: Namespace(log_base=None, log_level=None, verb_name='build', build_base='build', install_base='install', merge_install=False, symlink_install=False, test_result_base=None, continue_on_error=False, executor='parallel', parallel_workers=4, event_handlers=None, ignore_user_meta=False, metas=['./colcon.meta'], base_paths=['.'], packages_ignore=None, packages_ignore_regex=None, paths=None, packages_up_to=None, packages_up_to_regex=None, packages_above=None, packages_above_and_dependencies=None, packages_above_depth=None, packages_select_by_dep=None, packages_skip_by_dep=None, packages_skip_up_to=None, packages_select_build_failed=False, packages_skip_build_finished=False, packages_select_test_failures=False, packages_skip_test_passed=False, packages_select=None, packages_skip=None, packages_select_regex=None, packages_skip_regex=None, packages_start=None, packages_end=None, allow_overriding=[], cmake_args=None, cmake_target=None, cmake_target_skip_unavailable=False, cmake_clean_cache=False, cmake_clean_first=False, cmake_force_configure=False, ament_cmake_args=None, catkin_cmake_args=None, catkin_skip_building_tests=False, mixin_files=None, mixin=None, verb_parser=<colcon_mixin.mixin.mixin_argument.MixinArgumentDecorator object at 0x7e6e0728cee0>, verb_extension=<colcon_core.verb.build.BuildVerb object at 0x7e6e0728f070>, main=<bound method BuildVerb.main of <colcon_core.verb.build.BuildVerb object at 0x7e6e0728f070>>, mixin_verb=('build',))
[1.530s] Level 1:colcon.colcon_core.package_discovery:discover_packages(colcon_meta) check parameters
[1.531s] Level 1:colcon.colcon_core.package_discovery:discover_packages(recursive) check parameters
[1.531s] Level 1:colcon.colcon_core.package_discovery:discover_packages(ignore) check parameters
[1.531s] Level 1:colcon.colcon_core.package_discovery:discover_packages(path) check parameters
[1.531s] Level 1:colcon.colcon_core.package_discovery:discover_packages(colcon_meta) discover
[1.531s] Level 1:colcon.colcon_core.package_discovery:discover_packages(recursive) discover
[1.532s] INFO:colcon.colcon_core.package_discovery:Crawling recursively for packages in '/home/dev/ros2_ws/ATech_ws'
[1.532s] Level 1:colcon.colcon_core.package_identification:_identify(.) by extensions ['ignore', 'ignore_ament_install']
[1.532s] Level 1:colcon.colcon_core.package_identification:_identify(.) by extension 'ignore'
[1.533s] Level 1:colcon.colcon_core.package_identification:_identify(.) by extension 'ignore_ament_install'
[1.533s] Level 1:colcon.colcon_core.package_identification:_identify(.) by extensions ['colcon_pkg']
[1.533s] Level 1:colcon.colcon_core.package_identification:_identify(.) by extension 'colcon_pkg'
[1.533s] Level 1:colcon.colcon_core.package_identification:_identify(.) by extensions ['colcon_meta']
[1.533s] Level 1:colcon.colcon_core.package_identification:_identify(.) by extension 'colcon_meta'
[1.533s] Level 1:colcon.colcon_core.package_identification:_identify(.) by extensions ['ros']
[1.534s] Level 1:colcon.colcon_core.package_identification:_identify(.) by extension 'ros'
[1.606s] Level 1:colcon.colcon_core.package_identification:_identify(.) by extensions ['cmake', 'python']
[1.606s] Level 1:colcon.colcon_core.package_identification:_identify(.) by extension 'cmake'
[1.607s] Level 1:colcon.colcon_core.package_identification:_identify(.) by extension 'python'
[1.607s] Level 1:colcon.colcon_core.package_identification:_identify(.) by extensions ['python_setup_py']
[1.607s] Level 1:colcon.colcon_core.package_identification:_identify(.) by extension 'python_setup_py'
[1.607s] Level 1:colcon.colcon_core.package_identification:_identify(build) by extensions ['ignore', 'ignore_ament_install']
[1.608s] Level 1:colcon.colcon_core.package_identification:_identify(build) by extension 'ignore'
[1.608s] Level 1:colcon.colcon_core.package_identification:_identify(build) ignored
[1.608s] Level 1:colcon.colcon_core.package_identification:_identify(install) by extensions ['ignore', 'ignore_ament_install']
[1.609s] Level 1:colcon.colcon_core.package_identification:_identify(install) by extension 'ignore'
[1.609s] Level 1:colcon.colcon_core.package_identification:_identify(install) ignored
[1.609s] Level 1:colcon.colcon_core.package_identification:_identify(log) by extensions ['ignore', 'ignore_ament_install']
[1.610s] Level 1:colcon.colcon_core.package_identification:_identify(log) by extension 'ignore'
[1.610s] Level 1:colcon.colcon_core.package_identification:_identify(log) ignored
[1.610s] Level 1:colcon.colcon_core.package_identification:_identify(src) by extensions ['ignore', 'ignore_ament_install']
[1.610s] Level 1:colcon.colcon_core.package_identification:_identify(src) by extension 'ignore'
[1.611s] Level 1:colcon.colcon_core.package_identification:_identify(src) by extension 'ignore_ament_install'
[1.611s] Level 1:colcon.colcon_core.package_identification:_identify(src) by extensions ['colcon_pkg']
[1.611s] Level 1:colcon.colcon_core.package_identification:_identify(src) by extension 'colcon_pkg'
[1.611s] Level 1:colcon.colcon_core.package_identification:_identify(src) by extensions ['colcon_meta']
[1.611s] Level 1:colcon.colcon_core.package_identification:_identify(src) by extension 'colcon_meta'
[1.611s] Level 1:colcon.colcon_core.package_identification:_identify(src) by extensions ['ros']
[1.612s] Level 1:colcon.colcon_core.package_identification:_identify(src) by extension 'ros'
[1.612s] Level 1:colcon.colcon_core.package_identification:_identify(src) by extensions ['cmake', 'python']
[1.612s] Level 1:colcon.colcon_core.package_identification:_identify(src) by extension 'cmake'
[1.612s] Level 1:colcon.colcon_core.package_identification:_identify(src) by extension 'python'
[1.612s] Level 1:colcon.colcon_core.package_identification:_identify(src) by extensions ['python_setup_py']
[1.613s] Level 1:colcon.colcon_core.package_identification:_identify(src) by extension 'python_setup_py'
[1.613s] Level 1:colcon.colcon_core.package_identification:_identify(src/my_cpp_pkg) by extensions ['ignore', 'ignore_ament_install']
[1.613s] Level 1:colcon.colcon_core.package_identification:_identify(src/my_cpp_pkg) by extension 'ignore'
[1.614s] Level 1:colcon.colcon_core.package_identification:_identify(src/my_cpp_pkg) by extension 'ignore_ament_install'
[1.614s] Level 1:colcon.colcon_core.package_identification:_identify(src/my_cpp_pkg) by extensions ['colcon_pkg']
[1.614s] Level 1:colcon.colcon_core.package_identification:_identify(src/my_cpp_pkg) by extension 'colcon_pkg'
[1.614s] Level 1:colcon.colcon_core.package_identification:_identify(src/my_cpp_pkg) by extensions ['colcon_meta']
[1.614s] Level 1:colcon.colcon_core.package_identification:_identify(src/my_cpp_pkg) by extension 'colcon_meta'
[1.614s] Level 1:colcon.colcon_core.package_identification:_identify(src/my_cpp_pkg) by extensions ['ros']
[1.615s] Level 1:colcon.colcon_core.package_identification:_identify(src/my_cpp_pkg) by extension 'ros'
[1.626s] DEBUG:colcon.colcon_core.package_identification:Package 'src/my_cpp_pkg' with type 'ros.ament_cmake' and name 'my_cpp_pkg'
[1.626s] Level 1:colcon.colcon_core.package_discovery:discover_packages(recursive) using defaults
[1.627s] Level 1:colcon.colcon_core.package_discovery:discover_packages(ignore) discover
[1.627s] Level 1:colcon.colcon_core.package_discovery:discover_packages(ignore) using defaults
[1.627s] Level 1:colcon.colcon_core.package_discovery:discover_packages(path) discover
[1.627s] Level 1:colcon.colcon_core.package_discovery:discover_packages(path) using defaults
[1.744s] Level 1:colcon.colcon_core.package_discovery:discover_packages(prefix_path) check parameters
[1.744s] Level 1:colcon.colcon_core.package_discovery:discover_packages(prefix_path) discover
[1.762s] DEBUG:colcon.colcon_installed_package_information.package_discovery:Found 320 installed packages in /opt/ros/humble
[1.772s] Level 1:colcon.colcon_core.package_discovery:discover_packages(prefix_path) using defaults
[1.997s] Level 5:colcon.colcon_core.verb:set package 'my_cpp_pkg' build argument 'cmake_args' from command line to 'None'
[1.997s] Level 5:colcon.colcon_core.verb:set package 'my_cpp_pkg' build argument 'cmake_target' from command line to 'None'
[1.997s] Level 5:colcon.colcon_core.verb:set package 'my_cpp_pkg' build argument 'cmake_target_skip_unavailable' from command line to 'False'
[1.997s] Level 5:colcon.colcon_core.verb:set package 'my_cpp_pkg' build argument 'cmake_clean_cache' from command line to 'False'
[1.997s] Level 5:colcon.colcon_core.verb:set package 'my_cpp_pkg' build argument 'cmake_clean_first' from command line to 'False'
[1.997s] Level 5:colcon.colcon_core.verb:set package 'my_cpp_pkg' build argument 'cmake_force_configure' from command line to 'False'
[1.998s] Level 5:colcon.colcon_core.verb:set package 'my_cpp_pkg' build argument 'ament_cmake_args' from command line to 'None'
[1.998s] Level 5:colcon.colcon_core.verb:set package 'my_cpp_pkg' build argument 'catkin_cmake_args' from command line to 'None'
[1.998s] Level 5:colcon.colcon_core.verb:set package 'my_cpp_pkg' build argument 'catkin_skip_building_tests' from command line to 'False'
[1.998s] DEBUG:colcon.colcon_core.verb:Building package 'my_cpp_pkg' with the following arguments: {'ament_cmake_args': None, 'build_base': '/home/dev/ros2_ws/ATech_ws/build/my_cpp_pkg', 'catkin_cmake_args': None, 'catkin_skip_building_tests': False, 'cmake_args': None, 'cmake_clean_cache': False, 'cmake_clean_first': False, 'cmake_force_configure': False, 'cmake_target': None, 'cmake_target_skip_unavailable': False, 'install_base': '/home/dev/ros2_ws/ATech_ws/install/my_cpp_pkg', 'merge_install': False, 'path': '/home/dev/ros2_ws/ATech_ws/src/my_cpp_pkg', 'symlink_install': False, 'test_result_base': None}
[1.999s] INFO:colcon.colcon_core.executor:Executing jobs using 'parallel' executor
[2.002s] DEBUG:colcon.colcon_parallel_executor.executor.parallel:run_until_complete
[2.003s] INFO:colcon.colcon_ros.task.ament_cmake.build:Building ROS package in '/home/dev/ros2_ws/ATech_ws/src/my_cpp_pkg' with build type 'ament_cmake'
[2.004s] INFO:colcon.colcon_cmake.task.cmake.build:Building CMake package in '/home/dev/ros2_ws/ATech_ws/src/my_cpp_pkg'
[2.017s] INFO:colcon.colcon_core.plugin_system:Skipping extension 'colcon_core.shell.bat': Not used on non-Windows systems
[2.018s] INFO:colcon.colcon_core.shell:Skip shell extension 'powershell' for command environment: Not usable outside of PowerShell
[2.018s] DEBUG:colcon.colcon_core.shell:Skip shell extension 'dsv' for command environment
[2.051s] DEBUG:colcon.colcon_core.event_handler.log_command:Invoking command in '/home/dev/ros2_ws/ATech_ws/build/my_cpp_pkg': CMAKE_PREFIX_PATH=/opt/ros/humble /usr/bin/cmake /home/dev/ros2_ws/ATech_ws/src/my_cpp_pkg -DCMAKE_INSTALL_PREFIX=/home/dev/ros2_ws/ATech_ws/install/my_cpp_pkg
[7.333s] DEBUG:colcon.colcon_core.event_handler.log_command:Invoked command in '/home/dev/ros2_ws/ATech_ws/build/my_cpp_pkg' returned '0': CMAKE_PREFIX_PATH=/opt/ros/humble /usr/bin/cmake /home/dev/ros2_ws/ATech_ws/src/my_cpp_pkg -DCMAKE_INSTALL_PREFIX=/home/dev/ros2_ws/ATech_ws/install/my_cpp_pkg
[7.338s] DEBUG:colcon.colcon_core.event_handler.log_command:Invoking command in '/home/dev/ros2_ws/ATech_ws/build/my_cpp_pkg': CMAKE_PREFIX_PATH=/opt/ros/humble /usr/bin/cmake --build /home/dev/ros2_ws/ATech_ws/build/my_cpp_pkg -- -j4 -l4
[48.547s] DEBUG:colcon.colcon_core.event_handler.log_command:Invoked command in '/home/dev/ros2_ws/ATech_ws/build/my_cpp_pkg' returned '0': CMAKE_PREFIX_PATH=/opt/ros/humble /usr/bin/cmake --build /home/dev/ros2_ws/ATech_ws/build/my_cpp_pkg -- -j4 -l4
[48.697s] DEBUG:colcon.colcon_core.event_handler.log_command:Invoking command in '/home/dev/ros2_ws/ATech_ws/build/my_cpp_pkg': CMAKE_PREFIX_PATH=/opt/ros/humble /usr/bin/cmake --install /home/dev/ros2_ws/ATech_ws/build/my_cpp_pkg
[48.766s] Level 1:colcon.colcon_core.environment:create_environment_scripts_only(my_cpp_pkg)
[48.769s] DEBUG:colcon.colcon_core.event_handler.log_command:Invoked command in '/home/dev/ros2_ws/ATech_ws/build/my_cpp_pkg' returned '0': CMAKE_PREFIX_PATH=/opt/ros/humble /usr/bin/cmake --install /home/dev/ros2_ws/ATech_ws/build/my_cpp_pkg
[48.789s] Level 1:colcon.colcon_core.environment:checking '/home/dev/ros2_ws/ATech_ws/install/my_cpp_pkg' for CMake module files
[48.794s] Level 1:colcon.colcon_core.environment:checking '/home/dev/ros2_ws/ATech_ws/install/my_cpp_pkg' for CMake config files
[48.795s] Level 1:colcon.colcon_core.shell:create_environment_hook('my_cpp_pkg', 'cmake_prefix_path')
[48.796s] INFO:colcon.colcon_core.shell:Creating environment hook '/home/dev/ros2_ws/ATech_ws/install/my_cpp_pkg/share/my_cpp_pkg/hook/cmake_prefix_path.ps1'
[48.799s] INFO:colcon.colcon_core.shell:Creating environment descriptor '/home/dev/ros2_ws/ATech_ws/install/my_cpp_pkg/share/my_cpp_pkg/hook/cmake_prefix_path.dsv'
[48.801s] INFO:colcon.colcon_core.shell:Creating environment hook '/home/dev/ros2_ws/ATech_ws/install/my_cpp_pkg/share/my_cpp_pkg/hook/cmake_prefix_path.sh'
[48.806s] Level 1:colcon.colcon_core.environment:checking '/home/dev/ros2_ws/ATech_ws/install/my_cpp_pkg/lib'
[48.807s] Level 1:colcon.colcon_core.environment:checking '/home/dev/ros2_ws/ATech_ws/install/my_cpp_pkg/bin'
[48.807s] Level 1:colcon.colcon_core.environment:checking '/home/dev/ros2_ws/ATech_ws/install/my_cpp_pkg/lib/pkgconfig/my_cpp_pkg.pc'
[48.808s] Level 1:colcon.colcon_core.environment:checking '/home/dev/ros2_ws/ATech_ws/install/my_cpp_pkg/lib/python3.10/site-packages'
[48.809s] Level 1:colcon.colcon_core.environment:checking '/home/dev/ros2_ws/ATech_ws/install/my_cpp_pkg/bin'
[48.811s] INFO:colcon.colcon_core.shell:Creating package script '/home/dev/ros2_ws/ATech_ws/install/my_cpp_pkg/share/my_cpp_pkg/package.ps1'
[48.815s] INFO:colcon.colcon_core.shell:Creating package descriptor '/home/dev/ros2_ws/ATech_ws/install/my_cpp_pkg/share/my_cpp_pkg/package.dsv'
[48.818s] INFO:colcon.colcon_core.shell:Creating package script '/home/dev/ros2_ws/ATech_ws/install/my_cpp_pkg/share/my_cpp_pkg/package.sh'
[48.822s] INFO:colcon.colcon_core.shell:Creating package script '/home/dev/ros2_ws/ATech_ws/install/my_cpp_pkg/share/my_cpp_pkg/package.bash'
[48.826s] INFO:colcon.colcon_core.shell:Creating package script '/home/dev/ros2_ws/ATech_ws/install/my_cpp_pkg/share/my_cpp_pkg/package.zsh'
[48.830s] Level 1:colcon.colcon_core.environment:create_file_with_runtime_dependencies(/home/dev/ros2_ws/ATech_ws/install/my_cpp_pkg/share/colcon-core/packages/my_cpp_pkg)
[48.951s] Level 1:colcon.colcon_core.environment:create_environment_scripts_only(my_cpp_pkg)
[48.952s] Level 1:colcon.colcon_core.environment:checking '/home/dev/ros2_ws/ATech_ws/install/my_cpp_pkg' for CMake module files
[48.955s] Level 1:colcon.colcon_core.environment:checking '/home/dev/ros2_ws/ATech_ws/install/my_cpp_pkg' for CMake config files
[48.956s] Level 1:colcon.colcon_core.shell:create_environment_hook('my_cpp_pkg', 'cmake_prefix_path')
[48.957s] INFO:colcon.colcon_core.shell:Creating environment hook '/home/dev/ros2_ws/ATech_ws/install/my_cpp_pkg/share/my_cpp_pkg/hook/cmake_prefix_path.ps1'
[48.959s] INFO:colcon.colcon_core.shell:Creating environment descriptor '/home/dev/ros2_ws/ATech_ws/install/my_cpp_pkg/share/my_cpp_pkg/hook/cmake_prefix_path.dsv'
[48.961s] INFO:colcon.colcon_core.shell:Creating environment hook '/home/dev/ros2_ws/ATech_ws/install/my_cpp_pkg/share/my_cpp_pkg/hook/cmake_prefix_path.sh'
[48.964s] Level 1:colcon.colcon_core.environment:checking '/home/dev/ros2_ws/ATech_ws/install/my_cpp_pkg/lib'
[48.965s] Level 1:colcon.colcon_core.environment:checking '/home/dev/ros2_ws/ATech_ws/install/my_cpp_pkg/bin'
[48.965s] Level 1:colcon.colcon_core.environment:checking '/home/dev/ros2_ws/ATech_ws/install/my_cpp_pkg/lib/pkgconfig/my_cpp_pkg.pc'
[48.966s] Level 1:colcon.colcon_core.environment:checking '/home/dev/ros2_ws/ATech_ws/install/my_cpp_pkg/lib/python3.10/site-packages'
[48.967s] Level 1:colcon.colcon_core.environment:checking '/home/dev/ros2_ws/ATech_ws/install/my_cpp_pkg/bin'
[48.969s] INFO:colcon.colcon_core.shell:Creating package script '/home/dev/ros2_ws/ATech_ws/install/my_cpp_pkg/share/my_cpp_pkg/package.ps1'
[48.973s] INFO:colcon.colcon_core.shell:Creating package descriptor '/home/dev/ros2_ws/ATech_ws/install/my_cpp_pkg/share/my_cpp_pkg/package.dsv'
[48.976s] INFO:colcon.colcon_core.shell:Creating package script '/home/dev/ros2_ws/ATech_ws/install/my_cpp_pkg/share/my_cpp_pkg/package.sh'
[48.978s] INFO:colcon.colcon_core.shell:Creating package script '/home/dev/ros2_ws/ATech_ws/install/my_cpp_pkg/share/my_cpp_pkg/package.bash'
[48.981s] INFO:colcon.colcon_core.shell:Creating package script '/home/dev/ros2_ws/ATech_ws/install/my_cpp_pkg/share/my_cpp_pkg/package.zsh'
[48.983s] Level 1:colcon.colcon_core.environment:create_file_with_runtime_dependencies(/home/dev/ros2_ws/ATech_ws/install/my_cpp_pkg/share/colcon-core/packages/my_cpp_pkg)
[48.984s] DEBUG:colcon.colcon_parallel_executor.executor.parallel:closing loop
[48.986s] DEBUG:colcon.colcon_parallel_executor.executor.parallel:loop closed
[48.986s] DEBUG:colcon.colcon_parallel_executor.executor.parallel:run_until_complete finished with '0'
[48.986s] DEBUG:colcon.colcon_core.event_reactor:joining thread
[49.019s] INFO:colcon.colcon_core.plugin_system:Skipping extension 'colcon_notification.desktop_notification.terminal_notifier': Not used on non-Darwin systems
[49.019s] INFO:colcon.colcon_core.plugin_system:Skipping extension 'colcon_notification.desktop_notification.win32': Not used on non-Windows systems
[49.019s] INFO:colcon.colcon_notification.desktop_notification:Sending desktop notification using 'notify2'
[49.060s] DEBUG:colcon.colcon_core.event_reactor:joined thread
[49.061s] INFO:colcon.colcon_core.shell:Creating prefix script '/home/dev/ros2_ws/ATech_ws/install/local_setup.ps1'
[49.066s] INFO:colcon.colcon_core.shell:Creating prefix util module '/home/dev/ros2_ws/ATech_ws/install/_local_setup_util_ps1.py'
[49.074s] INFO:colcon.colcon_core.shell:Creating prefix chain script '/home/dev/ros2_ws/ATech_ws/install/setup.ps1'
[49.078s] INFO:colcon.colcon_core.shell:Creating prefix script '/home/dev/ros2_ws/ATech_ws/install/local_setup.sh'
[49.081s] INFO:colcon.colcon_core.shell:Creating prefix util module '/home/dev/ros2_ws/ATech_ws/install/_local_setup_util_sh.py'
[49.084s] INFO:colcon.colcon_core.shell:Creating prefix chain script '/home/dev/ros2_ws/ATech_ws/install/setup.sh'
[49.089s] INFO:colcon.colcon_core.shell:Creating prefix script '/home/dev/ros2_ws/ATech_ws/install/local_setup.bash'
[49.094s] INFO:colcon.colcon_core.shell:Creating prefix chain script '/home/dev/ros2_ws/ATech_ws/install/setup.bash'
[49.099s] INFO:colcon.colcon_core.shell:Creating prefix script '/home/dev/ros2_ws/ATech_ws/install/local_setup.zsh'
[49.103s] INFO:colcon.colcon_core.shell:Creating prefix chain script '/home/dev/ros2_ws/ATech_ws/install/setup.zsh'
